<?xml version='1.0' ?>
<?xml-stylesheet href="TestResults.xsl" type="text/xsl" ?>
<MPITESTRESULTS>
<DATE>2020-01-21-18-04</DATE>
<MPISOURCE></MPISOURCE>
<MPITEST>
<NAME>mprobe</NAME>
<NP>2</NP>
<WORKDIR>./parastation</WORKDIR>
<STATUS>pass</STATUS>
<TIME>0.124138116836548</TIME>
</MPITEST>
<MPITEST>
<NAME>locknull</NAME>
<NP>2</NP>
<WORKDIR>./parastation</WORKDIR>
<STATUS>pass</STATUS>
<TIME>0.126044988632202</TIME>
</MPITEST>
<MPITEST>
<NAME>get_acc_loc</NAME>
<NP>4</NP>
<WORKDIR>./parastation</WORKDIR>
<STATUS>pass</STATUS>
<TIME>0.127508878707886</TIME>
</MPITEST>
<MPITEST>
<NAME>win_sync_err_flush</NAME>
<NP>2</NP>
<WORKDIR>./parastation</WORKDIR>
<STATUS>pass</STATUS>
<TIME>0.128113031387329</TIME>
</MPITEST>
<MPITEST>
<NAME>win_sync_err_flushall</NAME>
<NP>2</NP>
<WORKDIR>./parastation</WORKDIR>
<STATUS>pass</STATUS>
<TIME>0.127575874328613</TIME>
</MPITEST>
<MPITEST>
<NAME>win_sync_err_lockall_pt</NAME>
<NP>2</NP>
<WORKDIR>./parastation</WORKDIR>
<STATUS>pass</STATUS>
<TIME>0.12714695930481</TIME>
</MPITEST>
<MPITEST>
<NAME>win_sync_err_lockall_at</NAME>
<NP>2</NP>
<WORKDIR>./parastation</WORKDIR>
<STATUS>pass</STATUS>
<TIME>0.127794981002808</TIME>
</MPITEST>
<MPITEST>
<NAME>win_sync_err_unlockall</NAME>
<NP>2</NP>
<WORKDIR>./parastation</WORKDIR>
<STATUS>pass</STATUS>
<TIME>0.126428127288818</TIME>
</MPITEST>
<MPITEST>
<NAME>win_sync_err_reqops</NAME>
<NP>2</NP>
<WORKDIR>./parastation</WORKDIR>
<STATUS>pass</STATUS>
<TIME>0.127335071563721</TIME>
</MPITEST>
<MPITEST>
<NAME>win_flavor_err_shm</NAME>
<NP>2</NP>
<WORKDIR>./parastation</WORKDIR>
<STATUS>pass</STATUS>
<TIME>0.126662015914917</TIME>
</MPITEST>
<MPITEST>
<NAME>win_flavor_err_dyn</NAME>
<NP>2</NP>
<WORKDIR>./parastation</WORKDIR>
<STATUS>pass</STATUS>
<TIME>0.129319906234741</TIME>
</MPITEST>
<MPITEST>
<NAME>win_shm_multiple</NAME>
<NP>4</NP>
<WORKDIR>./parastation</WORKDIR>
<STATUS>pass</STATUS>
<TIME>0.132817983627319</TIME>
</MPITEST>
<MPITEST>
<NAME>win_shm_large</NAME>
<NP>2</NP>
<WORKDIR>./parastation</WORKDIR>
<STATUS>pass</STATUS>
<TIME>3.04703307151794</TIME>
</MPITEST>
<MPITEST>
<NAME>split_type_integrity</NAME>
<NP>8</NP>
<WORKDIR>./parastation</WORKDIR>
<STATUS>pass</STATUS>
<TIME>0.141463041305542</TIME>
</MPITEST>
<MPITEST>
<NAME>spawn_isend</NAME>
<NP>2</NP>
<WORKDIR>./parastation</WORKDIR>
<STATUS>pass</STATUS>
<TIME>0.247276782989502</TIME>
</MPITEST>
<MPITEST>
<NAME>spawn_ssend</NAME>
<NP>2</NP>
<WORKDIR>./parastation</WORKDIR>
<STATUS>pass</STATUS>
<TIME>0.250126838684082</TIME>
</MPITEST>
<MPITEST>
<NAME>spawn_anysrc</NAME>
<NP>2</NP>
<WORKDIR>./parastation</WORKDIR>
<STATUS>pass</STATUS>
<TIME>0.264307022094727</TIME>
</MPITEST>
<MPITEST>
<NAME>spawn_rma</NAME>
<NP>2</NP>
<WORKDIR>./parastation</WORKDIR>
<STATUS>pass</STATUS>
<TIME>0.245518922805786</TIME>
</MPITEST>
<MPITEST>
<NAME>spawn_universe</NAME>
<NP>2</NP>
<WORKDIR>./parastation</WORKDIR>
<STATUS>pass</STATUS>
<TIME>1.26086711883545</TIME>
</MPITEST>
<MPITEST>
<NAME>spawn_univ_comm</NAME>
<NP>2</NP>
<WORKDIR>./parastation</WORKDIR>
<STATUS>pass</STATUS>
<TIME>0.259299993515015</TIME>
</MPITEST>
<MPITEST>
<NAME>spawn_univ_anysrc</NAME>
<NP>2</NP>
<WORKDIR>./parastation</WORKDIR>
<STATUS>pass</STATUS>
<TIME>8.26387691497803</TIME>
</MPITEST>
<MPITEST>
<NAME>intercomm_anysrc</NAME>
<NP>4</NP>
<WORKDIR>./parastation</WORKDIR>
<STATUS>pass</STATUS>
<TIME>0.127628087997437</TIME>
</MPITEST>
<MPITEST>
<NAME>intercomm_stress</NAME>
<NP>4</NP>
<WORKDIR>./parastation</WORKDIR>
<STATUS>pass</STATUS>
<TIME>10.2723870277405</TIME>
</MPITEST>
<MPITEST>
<NAME>large_msg_typed</NAME>
<NP>2</NP>
<WORKDIR>./parastation</WORKDIR>
<STATUS>pass</STATUS>
<TIME>8.79897594451904</TIME>
</MPITEST>
<MPITEST>
<NAME>num_contexts_2k</NAME>
<NP>1</NP>
<WORKDIR>./parastation</WORKDIR>
<STATUS>pass</STATUS>
<TIME>0.237004041671753</TIME>
</MPITEST>
<MPITEST>
<NAME>num_contexts_4k</NAME>
<NP>1</NP>
<WORKDIR>./parastation</WORKDIR>
<STATUS>pass</STATUS>
<TIME>0.138531923294067</TIME>
</MPITEST>
<MPITEST>
<NAME>num_contexts_8k</NAME>
<NP>1</NP>
<WORKDIR>./parastation</WORKDIR>
<STATUS>pass</STATUS>
<TIME>0.15012001991272</TIME>
</MPITEST>
<MPITEST>
<NAME>num_contexts_16k</NAME>
<NP>1</NP>
<WORKDIR>./parastation</WORKDIR>
<STATUS>pass</STATUS>
<TIME>0.176624059677124</TIME>
</MPITEST>
<MPITEST>
<NAME>msa_info_env</NAME>
<NP>1</NP>
<WORKDIR>./parastation</WORKDIR>
<STATUS>pass</STATUS>
<TIME>0.121237993240356</TIME>
</MPITEST>
<MPITEST>
<NAME>msa_info_env</NAME>
<NP>1</NP>
<WORKDIR>./parastation</WORKDIR>
<STATUS>pass</STATUS>
<TIME>0.123792886734009</TIME>
</MPITEST>
<MPITEST>
<NAME>msa_info_env</NAME>
<NP>4</NP>
<WORKDIR>./parastation</WORKDIR>
<STATUS>pass</STATUS>
<TIME>0.129841804504395</TIME>
</MPITEST>
<MPITEST>
<NAME>msa_info_env</NAME>
<NP>4</NP>
<WORKDIR>./parastation</WORKDIR>
<STATUS>pass</STATUS>
<TIME>0.127273082733154</TIME>
</MPITEST>
<MPITEST>
<NAME>msa_split_type</NAME>
<NP>8</NP>
<WORKDIR>./parastation</WORKDIR>
<STATUS>pass</STATUS>
<TIME>0.145767211914062</TIME>
</MPITEST>
<MPITEST>
<NAME>msa_split_type</NAME>
<NP>8</NP>
<WORKDIR>./parastation</WORKDIR>
<STATUS>pass</STATUS>
<TIME>0.143656969070435</TIME>
</MPITEST>
<MPITEST>
<NAME>acc_pairtype</NAME>
<NP>2</NP>
<WORKDIR>./parastation</WORKDIR>
<STATUS>pass</STATUS>
<TIME>0.127285957336426</TIME>
</MPITEST>
<MPITEST>
<NAME>acc_vecsum</NAME>
<NP>2</NP>
<WORKDIR>./parastation</WORKDIR>
<STATUS>pass</STATUS>
<TIME>0.12641716003418</TIME>
</MPITEST>
<MPITEST>
<NAME>get_acc_pairtype</NAME>
<NP>2</NP>
<WORKDIR>./parastation</WORKDIR>
<STATUS>pass</STATUS>
<TIME>0.12718391418457</TIME>
</MPITEST>
<MPITEST>
<NAME>get_acc_shm_pairtype</NAME>
<NP>2</NP>
<WORKDIR>./parastation</WORKDIR>
<STATUS>pass</STATUS>
<TIME>0.12770414352417</TIME>
</MPITEST>
<MPITEST>
<NAME>large_acc_flush_local</NAME>
<NP>3</NP>
<WORKDIR>./parastation</WORKDIR>
<STATUS>pass</STATUS>
<TIME>10.1621170043945</TIME>
</MPITEST>
<MPITEST>
<NAME>attrt</NAME>
<NP>2</NP>
<WORKDIR>./attr</WORKDIR>
<STATUS>pass</STATUS>
<TIME>0.127860069274902</TIME>
</MPITEST>
<MPITEST>
<NAME>attric</NAME>
<NP>4</NP>
<WORKDIR>./attr</WORKDIR>
<STATUS>pass</STATUS>
<TIME>0.127135038375854</TIME>
</MPITEST>
<MPITEST>
<NAME>attrerr</NAME>
<NP>1</NP>
<WORKDIR>./attr</WORKDIR>
<STATUS>pass</STATUS>
<TIME>0.122483968734741</TIME>
</MPITEST>
<MPITEST>
<NAME>attrend</NAME>
<NP>1</NP>
<WORKDIR>./attr</WORKDIR>
<STATUS>pass</STATUS>
<TIME>0.123782873153687</TIME>
</MPITEST>
<MPITEST>
<NAME>attrend</NAME>
<NP>4</NP>
<WORKDIR>./attr</WORKDIR>
<STATUS>pass</STATUS>
<TIME>0.128799200057983</TIME>
</MPITEST>
<MPITEST>
<NAME>attrend2</NAME>
<NP>1</NP>
<WORKDIR>./attr</WORKDIR>
<STATUS>pass</STATUS>
<TIME>0.124376058578491</TIME>
</MPITEST>
<MPITEST>
<NAME>attrend2</NAME>
<NP>5</NP>
<WORKDIR>./attr</WORKDIR>
<STATUS>pass</STATUS>
<TIME>0.134444952011108</TIME>
</MPITEST>
<MPITEST>
<NAME>attrerrcomm</NAME>
<NP>1</NP>
<WORKDIR>./attr</WORKDIR>
<STATUS>pass</STATUS>
<TIME>0.123384952545166</TIME>
</MPITEST>
<MPITEST>
<NAME>attrerrtype</NAME>
<NP>1</NP>
<WORKDIR>./attr</WORKDIR>
<STATUS>pass</STATUS>
<TIME>0.12474799156189</TIME>
</MPITEST>
<MPITEST>
<NAME>attrdeleteget</NAME>
<NP>1</NP>
<WORKDIR>./attr</WORKDIR>
<STATUS>pass</STATUS>
<TIME>0.122167110443115</TIME>
</MPITEST>
<MPITEST>
<NAME>attr2type</NAME>
<NP>1</NP>
<WORKDIR>./attr</WORKDIR>
<STATUS>pass</STATUS>
<TIME>0.122057914733887</TIME>
</MPITEST>
<MPITEST>
<NAME>attrorder</NAME>
<NP>1</NP>
<WORKDIR>./attr</WORKDIR>
<STATUS>pass</STATUS>
<TIME>0.125097990036011</TIME>
</MPITEST>
<MPITEST>
<NAME>attrordercomm</NAME>
<NP>1</NP>
<WORKDIR>./attr</WORKDIR>
<STATUS>pass</STATUS>
<TIME>0.119288921356201</TIME>
</MPITEST>
<MPITEST>
<NAME>attrordertype</NAME>
<NP>1</NP>
<WORKDIR>./attr</WORKDIR>
<STATUS>pass</STATUS>
<TIME>0.120738983154297</TIME>
</MPITEST>
<MPITEST>
<NAME>baseattr2</NAME>
<NP>1</NP>
<WORKDIR>./attr</WORKDIR>
<STATUS>pass</STATUS>
<TIME>0.121855974197388</TIME>
</MPITEST>
<MPITEST>
<NAME>baseattrcomm</NAME>
<NP>1</NP>
<WORKDIR>./attr</WORKDIR>
<STATUS>pass</STATUS>
<TIME>0.124896049499512</TIME>
</MPITEST>
<MPITEST>
<NAME>fkeyval</NAME>
<NP>1</NP>
<WORKDIR>./attr</WORKDIR>
<STATUS>pass</STATUS>
<TIME>0.124283075332642</TIME>
</MPITEST>
<MPITEST>
<NAME>fkeyvalcomm</NAME>
<NP>1</NP>
<WORKDIR>./attr</WORKDIR>
<STATUS>pass</STATUS>
<TIME>0.120215892791748</TIME>
</MPITEST>
<MPITEST>
<NAME>keyval_double_free</NAME>
<NP>1</NP>
<WORKDIR>./attr</WORKDIR>
<STATUS>pass</STATUS>
<TIME>0.12348198890686</TIME>
</MPITEST>
<MPITEST>
<NAME>keyval_double_free_comm</NAME>
<NP>1</NP>
<WORKDIR>./attr</WORKDIR>
<STATUS>pass</STATUS>
<TIME>0.121206998825073</TIME>
</MPITEST>
<MPITEST>
<NAME>keyval_double_free_type</NAME>
<NP>1</NP>
<WORKDIR>./attr</WORKDIR>
<STATUS>pass</STATUS>
<TIME>0.120621919631958</TIME>
</MPITEST>
<MPITEST>
<NAME>keyval_double_free_win</NAME>
<NP>1</NP>
<WORKDIR>./attr</WORKDIR>
<STATUS>pass</STATUS>
<TIME>0.122565031051636</TIME>
</MPITEST>
<MPITEST>
<NAME>fkeyvaltype__BASIC__L23</NAME>
<NP>1</NP>
<WORKDIR>./attr</WORKDIR>
<STATUS>pass</STATUS>
<TIME>0.121263980865479</TIME>
</MPITEST>
<MPITEST>
<NAME>fkeyvaltype__BASIC__L23</NAME>
<NP>1</NP>
<WORKDIR>./attr</WORKDIR>
<STATUS>pass</STATUS>
<TIME>0.122622966766357</TIME>
</MPITEST>
<MPITEST>
<NAME>fkeyvaltype__STRUCT__L34</NAME>
<NP>1</NP>
<WORKDIR>./attr</WORKDIR>
<STATUS>pass</STATUS>
<TIME>0.124320030212402</TIME>
</MPITEST>
<MPITEST>
<NAME>allred</NAME>
<NP>4</NP>
<WORKDIR>./coll</WORKDIR>
<STATUS>pass</STATUS>
<TIME>0.127290010452271</TIME>
</MPITEST>
<MPITEST>
<NAME>allred</NAME>
<NP>7</NP>
<WORKDIR>./coll</WORKDIR>
<STATUS>pass</STATUS>
<TIME>0.142228126525879</TIME>
</MPITEST>
<MPITEST>
<NAME>allred</NAME>
<NP>4</NP>
<WORKDIR>./coll</WORKDIR>
<STATUS>pass</STATUS>
<TIME>0.133065938949585</TIME>
</MPITEST>
<MPITEST>
<NAME>allredmany</NAME>
<NP>4</NP>
<WORKDIR>./coll</WORKDIR>
<STATUS>pass</STATUS>
<TIME>0.156107902526855</TIME>
</MPITEST>
<MPITEST>
<NAME>allred2</NAME>
<NP>4</NP>
<WORKDIR>./coll</WORKDIR>
<STATUS>pass</STATUS>
<TIME>0.139893054962158</TIME>
</MPITEST>
<MPITEST>
<NAME>allred3</NAME>
<NP>10</NP>
<WORKDIR>./coll</WORKDIR>
<STATUS>pass</STATUS>
<TIME>0.155298948287964</TIME>
</MPITEST>
<MPITEST>
<NAME>allred4</NAME>
<NP>4</NP>
<WORKDIR>./coll</WORKDIR>
<STATUS>pass</STATUS>
<TIME>0.126551866531372</TIME>
</MPITEST>
<MPITEST>
<NAME>allred5</NAME>
<NP>5</NP>
<WORKDIR>./coll</WORKDIR>
<STATUS>pass</STATUS>
<TIME>0.132109880447388</TIME>
</MPITEST>
<MPITEST>
<NAME>allred5</NAME>
<NP>10</NP>
<WORKDIR>./coll</WORKDIR>
<STATUS>pass</STATUS>
<TIME>0.151506900787354</TIME>
</MPITEST>
<MPITEST>
<NAME>allred6</NAME>
<NP>4</NP>
<WORKDIR>./coll</WORKDIR>
<STATUS>pass</STATUS>
<TIME>0.142047882080078</TIME>
</MPITEST>
<MPITEST>
<NAME>allred6</NAME>
<NP>7</NP>
<WORKDIR>./coll</WORKDIR>
<STATUS>pass</STATUS>
<TIME>0.172389984130859</TIME>
</MPITEST>
<MPITEST>
<NAME>reduce</NAME>
<NP>5</NP>
<WORKDIR>./coll</WORKDIR>
<STATUS>pass</STATUS>
<TIME>0.226779937744141</TIME>
</MPITEST>
<MPITEST>
<NAME>reduce</NAME>
<NP>10</NP>
<WORKDIR>./coll</WORKDIR>
<STATUS>pass</STATUS>
<TIME>0.60014796257019</TIME>
</MPITEST>
<MPITEST>
<NAME>reduce_local</NAME>
<NP>2</NP>
<WORKDIR>./coll</WORKDIR>
<STATUS>pass</STATUS>
<TIME>0.132867097854614</TIME>
</MPITEST>
<MPITEST>
<NAME>op_commutative</NAME>
<NP>2</NP>
<WORKDIR>./coll</WORKDIR>
<STATUS>pass</STATUS>
<TIME>0.124590158462524</TIME>
</MPITEST>
<MPITEST>
<NAME>red3</NAME>
<NP>10</NP>
<WORKDIR>./coll</WORKDIR>
<STATUS>pass</STATUS>
<TIME>0.159689903259277</TIME>
</MPITEST>
<MPITEST>
<NAME>red4</NAME>
<NP>10</NP>
<WORKDIR>./coll</WORKDIR>
<STATUS>pass</STATUS>
<TIME>0.161458015441895</TIME>
</MPITEST>
<MPITEST>
<NAME>alltoall1</NAME>
<NP>8</NP>
<WORKDIR>./coll</WORKDIR>
<STATUS>pass</STATUS>
<TIME>0.32420015335083</TIME>
</MPITEST>
<MPITEST>
<NAME>alltoallv</NAME>
<NP>10</NP>
<WORKDIR>./coll</WORKDIR>
<STATUS>pass</STATUS>
<TIME>0.15390682220459</TIME>
</MPITEST>
<MPITEST>
<NAME>alltoallv0</NAME>
<NP>10</NP>
<WORKDIR>./coll</WORKDIR>
<STATUS>pass</STATUS>
<TIME>0.250051975250244</TIME>
</MPITEST>
<MPITEST>
<NAME>alltoallw1</NAME>
<NP>10</NP>
<WORKDIR>./coll</WORKDIR>
<STATUS>pass</STATUS>
<TIME>0.147953033447266</TIME>
</MPITEST>
<MPITEST>
<NAME>alltoallw2</NAME>
<NP>10</NP>
<WORKDIR>./coll</WORKDIR>
<STATUS>pass</STATUS>
<TIME>0.150696992874146</TIME>
</MPITEST>
<MPITEST>
<NAME>alltoallw_zeros</NAME>
<NP>1</NP>
<WORKDIR>./coll</WORKDIR>
<STATUS>pass</STATUS>
<TIME>0.119006156921387</TIME>
</MPITEST>
<MPITEST>
<NAME>alltoallw_zeros</NAME>
<NP>2</NP>
<WORKDIR>./coll</WORKDIR>
<STATUS>pass</STATUS>
<TIME>0.126046895980835</TIME>
</MPITEST>
<MPITEST>
<NAME>alltoallw_zeros</NAME>
<NP>5</NP>
<WORKDIR>./coll</WORKDIR>
<STATUS>pass</STATUS>
<TIME>0.132084131240845</TIME>
</MPITEST>
<MPITEST>
<NAME>alltoallw_zeros</NAME>
<NP>8</NP>
<WORKDIR>./coll</WORKDIR>
<STATUS>pass</STATUS>
<TIME>0.140814065933228</TIME>
</MPITEST>
<MPITEST>
<NAME>allgather2</NAME>
<NP>10</NP>
<WORKDIR>./coll</WORKDIR>
<STATUS>pass</STATUS>
<TIME>0.184468030929565</TIME>
</MPITEST>
<MPITEST>
<NAME>allgather3</NAME>
<NP>10</NP>
<WORKDIR>./coll</WORKDIR>
<STATUS>pass</STATUS>
<TIME>0.187484979629517</TIME>
</MPITEST>
<MPITEST>
<NAME>allgatherv2</NAME>
<NP>10</NP>
<WORKDIR>./coll</WORKDIR>
<STATUS>pass</STATUS>
<TIME>0.183192014694214</TIME>
</MPITEST>
<MPITEST>
<NAME>allgatherv3</NAME>
<NP>10</NP>
<WORKDIR>./coll</WORKDIR>
<STATUS>pass</STATUS>
<TIME>0.182255983352661</TIME>
</MPITEST>
<MPITEST>
<NAME>allgatherv4</NAME>
<NP>4</NP>
<WORKDIR>./coll</WORKDIR>
<STATUS>pass</STATUS>
<TIME>0.253813982009888</TIME>
</MPITEST>
<MPITEST>
<NAME>allgather_struct</NAME>
<NP>10</NP>
<WORKDIR>./coll</WORKDIR>
<STATUS>pass</STATUS>
<TIME>0.148660898208618</TIME>
</MPITEST>
<MPITEST>
<NAME>bcasttest</NAME>
<NP>4</NP>
<WORKDIR>./coll</WORKDIR>
<STATUS>pass</STATUS>
<TIME>0.217785835266113</TIME>
</MPITEST>
<MPITEST>
<NAME>bcasttest</NAME>
<NP>8</NP>
<WORKDIR>./coll</WORKDIR>
<STATUS>pass</STATUS>
<TIME>0.277956008911133</TIME>
</MPITEST>
<MPITEST>
<NAME>bcasttest</NAME>
<NP>10</NP>
<WORKDIR>./coll</WORKDIR>
<STATUS>pass</STATUS>
<TIME>0.38618803024292</TIME>
</MPITEST>
<MPITEST>
<NAME>bcastzerotype</NAME>
<NP>1</NP>
<WORKDIR>./coll</WORKDIR>
<STATUS>pass</STATUS>
<TIME>0.124728202819824</TIME>
</MPITEST>
<MPITEST>
<NAME>bcastzerotype</NAME>
<NP>4</NP>
<WORKDIR>./coll</WORKDIR>
<STATUS>pass</STATUS>
<TIME>0.129011154174805</TIME>
</MPITEST>
<MPITEST>
<NAME>bcastzerotype</NAME>
<NP>5</NP>
<WORKDIR>./coll</WORKDIR>
<STATUS>pass</STATUS>
<TIME>0.134504079818726</TIME>
</MPITEST>
<MPITEST>
<NAME>bcastzerotype</NAME>
<NP>10</NP>
<WORKDIR>./coll</WORKDIR>
<STATUS>pass</STATUS>
<TIME>0.152376890182495</TIME>
</MPITEST>
<MPITEST>
<NAME>coll2</NAME>
<NP>5</NP>
<WORKDIR>./coll</WORKDIR>
<STATUS>pass</STATUS>
<TIME>0.13251805305481</TIME>
</MPITEST>
<MPITEST>
<NAME>coll3</NAME>
<NP>5</NP>
<WORKDIR>./coll</WORKDIR>
<STATUS>pass</STATUS>
<TIME>0.132185935974121</TIME>
</MPITEST>
<MPITEST>
<NAME>coll4</NAME>
<NP>4</NP>
<WORKDIR>./coll</WORKDIR>
<STATUS>pass</STATUS>
<TIME>0.129003047943115</TIME>
</MPITEST>
<MPITEST>
<NAME>coll5</NAME>
<NP>4</NP>
<WORKDIR>./coll</WORKDIR>
<STATUS>pass</STATUS>
<TIME>0.127485990524292</TIME>
</MPITEST>
<MPITEST>
<NAME>coll6</NAME>
<NP>5</NP>
<WORKDIR>./coll</WORKDIR>
<STATUS>pass</STATUS>
<TIME>0.133238077163696</TIME>
</MPITEST>
<MPITEST>
<NAME>coll7</NAME>
<NP>1</NP>
<WORKDIR>./coll</WORKDIR>
<STATUS>pass</STATUS>
<TIME>0.123353958129883</TIME>
</MPITEST>
<MPITEST>
<NAME>coll7</NAME>
<NP>2</NP>
<WORKDIR>./coll</WORKDIR>
<STATUS>pass</STATUS>
<TIME>0.130157947540283</TIME>
</MPITEST>
<MPITEST>
<NAME>coll7</NAME>
<NP>5</NP>
<WORKDIR>./coll</WORKDIR>
<STATUS>pass</STATUS>
<TIME>0.133926153182983</TIME>
</MPITEST>
<MPITEST>
<NAME>coll8</NAME>
<NP>4</NP>
<WORKDIR>./coll</WORKDIR>
<STATUS>pass</STATUS>
<TIME>0.13276195526123</TIME>
</MPITEST>
<MPITEST>
<NAME>coll9</NAME>
<NP>4</NP>
<WORKDIR>./coll</WORKDIR>
<STATUS>pass</STATUS>
<TIME>0.129845857620239</TIME>
</MPITEST>
<MPITEST>
<NAME>coll10</NAME>
<NP>4</NP>
<WORKDIR>./coll</WORKDIR>
<STATUS>pass</STATUS>
<TIME>0.129194021224976</TIME>
</MPITEST>
<MPITEST>
<NAME>coll11</NAME>
<NP>4</NP>
<WORKDIR>./coll</WORKDIR>
<STATUS>pass</STATUS>
<TIME>0.132133960723877</TIME>
</MPITEST>
<MPITEST>
<NAME>coll12</NAME>
<NP>4</NP>
<WORKDIR>./coll</WORKDIR>
<STATUS>pass</STATUS>
<TIME>0.12645411491394</TIME>
</MPITEST>
<MPITEST>
<NAME>coll13</NAME>
<NP>4</NP>
<WORKDIR>./coll</WORKDIR>
<STATUS>pass</STATUS>
<TIME>0.129794836044312</TIME>
</MPITEST>
<MPITEST>
<NAME>longuser</NAME>
<NP>4</NP>
<WORKDIR>./coll</WORKDIR>
<STATUS>pass</STATUS>
<TIME>0.134660959243774</TIME>
</MPITEST>
<MPITEST>
<NAME>redscat</NAME>
<NP>4</NP>
<WORKDIR>./coll</WORKDIR>
<STATUS>pass</STATUS>
<TIME>0.130651950836182</TIME>
</MPITEST>
<MPITEST>
<NAME>redscat</NAME>
<NP>6</NP>
<WORKDIR>./coll</WORKDIR>
<STATUS>pass</STATUS>
<TIME>0.135632038116455</TIME>
</MPITEST>
<MPITEST>
<NAME>redscat2</NAME>
<NP>4</NP>
<WORKDIR>./coll</WORKDIR>
<STATUS>pass</STATUS>
<TIME>0.12675404548645</TIME>
</MPITEST>
<MPITEST>
<NAME>redscat2</NAME>
<NP>5</NP>
<WORKDIR>./coll</WORKDIR>
<STATUS>pass</STATUS>
<TIME>0.136892080307007</TIME>
</MPITEST>
<MPITEST>
<NAME>redscat2</NAME>
<NP>10</NP>
<WORKDIR>./coll</WORKDIR>
<STATUS>pass</STATUS>
<TIME>0.14854907989502</TIME>
</MPITEST>
<MPITEST>
<NAME>redscat3</NAME>
<NP>8</NP>
<WORKDIR>./coll</WORKDIR>
<STATUS>pass</STATUS>
<TIME>0.176017045974731</TIME>
</MPITEST>
<MPITEST>
<NAME>redscatinter</NAME>
<NP>8</NP>
<WORKDIR>./coll</WORKDIR>
<STATUS>pass</STATUS>
<TIME>0.144922018051147</TIME>
</MPITEST>
<MPITEST>
<NAME>red_scat_block</NAME>
<NP>4</NP>
<WORKDIR>./coll</WORKDIR>
<STATUS>pass</STATUS>
<TIME>0.128825902938843</TIME>
</MPITEST>
<MPITEST>
<NAME>red_scat_block</NAME>
<NP>5</NP>
<WORKDIR>./coll</WORKDIR>
<STATUS>pass</STATUS>
<TIME>0.13166618347168</TIME>
</MPITEST>
<MPITEST>
<NAME>red_scat_block</NAME>
<NP>8</NP>
<WORKDIR>./coll</WORKDIR>
<STATUS>pass</STATUS>
<TIME>0.14435601234436</TIME>
</MPITEST>
<MPITEST>
<NAME>red_scat_block2</NAME>
<NP>4</NP>
<WORKDIR>./coll</WORKDIR>
<STATUS>pass</STATUS>
<TIME>0.128201007843018</TIME>
</MPITEST>
<MPITEST>
<NAME>red_scat_block2</NAME>
<NP>5</NP>
<WORKDIR>./coll</WORKDIR>
<STATUS>pass</STATUS>
<TIME>0.134269952774048</TIME>
</MPITEST>
<MPITEST>
<NAME>red_scat_block2</NAME>
<NP>10</NP>
<WORKDIR>./coll</WORKDIR>
<STATUS>pass</STATUS>
<TIME>0.152640104293823</TIME>
</MPITEST>
<MPITEST>
<NAME>redscatblk3</NAME>
<NP>8</NP>
<WORKDIR>./coll</WORKDIR>
<STATUS>pass</STATUS>
<TIME>0.171091794967651</TIME>
</MPITEST>
<MPITEST>
<NAME>redscatblk3</NAME>
<NP>10</NP>
<WORKDIR>./coll</WORKDIR>
<STATUS>pass</STATUS>
<TIME>0.196471929550171</TIME>
</MPITEST>
<MPITEST>
<NAME>redscatbkinter</NAME>
<NP>8</NP>
<WORKDIR>./coll</WORKDIR>
<STATUS>pass</STATUS>
<TIME>0.146562099456787</TIME>
</MPITEST>
<MPITEST>
<NAME>redscatbkinter</NAME>
<NP>10</NP>
<WORKDIR>./coll</WORKDIR>
<STATUS>pass</STATUS>
<TIME>0.175781011581421</TIME>
</MPITEST>
<MPITEST>
<NAME>scantst</NAME>
<NP>4</NP>
<WORKDIR>./coll</WORKDIR>
<STATUS>pass</STATUS>
<TIME>0.132737159729004</TIME>
</MPITEST>
<MPITEST>
<NAME>exscan</NAME>
<NP>10</NP>
<WORKDIR>./coll</WORKDIR>
<STATUS>pass</STATUS>
<TIME>0.242098093032837</TIME>
</MPITEST>
<MPITEST>
<NAME>exscan2</NAME>
<NP>5</NP>
<WORKDIR>./coll</WORKDIR>
<STATUS>pass</STATUS>
<TIME>0.133472919464111</TIME>
</MPITEST>
<MPITEST>
<NAME>gather</NAME>
<NP>4</NP>
<WORKDIR>./coll</WORKDIR>
<STATUS>pass</STATUS>
<TIME>0.128879070281982</TIME>
</MPITEST>
<MPITEST>
<NAME>gather2</NAME>
<NP>4</NP>
<WORKDIR>./coll</WORKDIR>
<STATUS>pass</STATUS>
<TIME>0.132364988327026</TIME>
</MPITEST>
<MPITEST>
<NAME>scattern</NAME>
<NP>4</NP>
<WORKDIR>./coll</WORKDIR>
<STATUS>pass</STATUS>
<TIME>0.129292964935303</TIME>
</MPITEST>
<MPITEST>
<NAME>scatter2</NAME>
<NP>4</NP>
<WORKDIR>./coll</WORKDIR>
<STATUS>pass</STATUS>
<TIME>0.126817941665649</TIME>
</MPITEST>
<MPITEST>
<NAME>scatter3</NAME>
<NP>4</NP>
<WORKDIR>./coll</WORKDIR>
<STATUS>pass</STATUS>
<TIME>0.128952980041504</TIME>
</MPITEST>
<MPITEST>
<NAME>scatterv</NAME>
<NP>4</NP>
<WORKDIR>./coll</WORKDIR>
<STATUS>pass</STATUS>
<TIME>0.130867004394531</TIME>
</MPITEST>
<MPITEST>
<NAME>icbcast</NAME>
<NP>4</NP>
<WORKDIR>./coll</WORKDIR>
<STATUS>pass</STATUS>
<TIME>0.136202096939087</TIME>
</MPITEST>
<MPITEST>
<NAME>icbcast</NAME>
<NP>10</NP>
<WORKDIR>./coll</WORKDIR>
<STATUS>pass</STATUS>
<TIME>0.174113988876343</TIME>
</MPITEST>
<MPITEST>
<NAME>icallreduce</NAME>
<NP>5</NP>
<WORKDIR>./coll</WORKDIR>
<STATUS>pass</STATUS>
<TIME>0.143131971359253</TIME>
</MPITEST>
<MPITEST>
<NAME>icallreduce</NAME>
<NP>7</NP>
<WORKDIR>./coll</WORKDIR>
<STATUS>pass</STATUS>
<TIME>0.15202808380127</TIME>
</MPITEST>
<MPITEST>
<NAME>icreduce</NAME>
<NP>5</NP>
<WORKDIR>./coll</WORKDIR>
<STATUS>pass</STATUS>
<TIME>0.139530181884766</TIME>
</MPITEST>
<MPITEST>
<NAME>icreduce</NAME>
<NP>7</NP>
<WORKDIR>./coll</WORKDIR>
<STATUS>pass</STATUS>
<TIME>0.15216588973999</TIME>
</MPITEST>
<MPITEST>
<NAME>icscatter</NAME>
<NP>5</NP>
<WORKDIR>./coll</WORKDIR>
<STATUS>pass</STATUS>
<TIME>0.145215034484863</TIME>
</MPITEST>
<MPITEST>
<NAME>icscatter</NAME>
<NP>7</NP>
<WORKDIR>./coll</WORKDIR>
<STATUS>pass</STATUS>
<TIME>0.157887935638428</TIME>
</MPITEST>
<MPITEST>
<NAME>icgather</NAME>
<NP>5</NP>
<WORKDIR>./coll</WORKDIR>
<STATUS>pass</STATUS>
<TIME>0.146728038787842</TIME>
</MPITEST>
<MPITEST>
<NAME>icgather</NAME>
<NP>7</NP>
<WORKDIR>./coll</WORKDIR>
<STATUS>pass</STATUS>
<TIME>0.16034197807312</TIME>
</MPITEST>
<MPITEST>
<NAME>icallgather</NAME>
<NP>5</NP>
<WORKDIR>./coll</WORKDIR>
<STATUS>pass</STATUS>
<TIME>0.165457963943481</TIME>
</MPITEST>
<MPITEST>
<NAME>icallgather</NAME>
<NP>7</NP>
<WORKDIR>./coll</WORKDIR>
<STATUS>pass</STATUS>
<TIME>0.198878049850464</TIME>
</MPITEST>
<MPITEST>
<NAME>icbarrier</NAME>
<NP>5</NP>
<WORKDIR>./coll</WORKDIR>
<STATUS>pass</STATUS>
<TIME>0.133965015411377</TIME>
</MPITEST>
<MPITEST>
<NAME>icbarrier</NAME>
<NP>7</NP>
<WORKDIR>./coll</WORKDIR>
<STATUS>pass</STATUS>
<TIME>0.140711784362793</TIME>
</MPITEST>
<MPITEST>
<NAME>icallgatherv</NAME>
<NP>5</NP>
<WORKDIR>./coll</WORKDIR>
<STATUS>pass</STATUS>
<TIME>0.160060882568359</TIME>
</MPITEST>
<MPITEST>
<NAME>icallgatherv</NAME>
<NP>7</NP>
<WORKDIR>./coll</WORKDIR>
<STATUS>pass</STATUS>
<TIME>0.194025993347168</TIME>
</MPITEST>
<MPITEST>
<NAME>icgatherv</NAME>
<NP>5</NP>
<WORKDIR>./coll</WORKDIR>
<STATUS>pass</STATUS>
<TIME>0.14787483215332</TIME>
</MPITEST>
<MPITEST>
<NAME>icgatherv</NAME>
<NP>7</NP>
<WORKDIR>./coll</WORKDIR>
<STATUS>pass</STATUS>
<TIME>0.161534070968628</TIME>
</MPITEST>
<MPITEST>
<NAME>icscatterv</NAME>
<NP>5</NP>
<WORKDIR>./coll</WORKDIR>
<STATUS>pass</STATUS>
<TIME>0.140635013580322</TIME>
</MPITEST>
<MPITEST>
<NAME>icscatterv</NAME>
<NP>7</NP>
<WORKDIR>./coll</WORKDIR>
<STATUS>pass</STATUS>
<TIME>0.157780170440674</TIME>
</MPITEST>
<MPITEST>
<NAME>icalltoall</NAME>
<NP>5</NP>
<WORKDIR>./coll</WORKDIR>
<STATUS>pass</STATUS>
<TIME>0.163511991500854</TIME>
</MPITEST>
<MPITEST>
<NAME>icalltoall</NAME>
<NP>7</NP>
<WORKDIR>./coll</WORKDIR>
<STATUS>pass</STATUS>
<TIME>0.19823694229126</TIME>
</MPITEST>
<MPITEST>
<NAME>icalltoallv</NAME>
<NP>5</NP>
<WORKDIR>./coll</WORKDIR>
<STATUS>pass</STATUS>
<TIME>0.135635852813721</TIME>
</MPITEST>
<MPITEST>
<NAME>icalltoallv</NAME>
<NP>7</NP>
<WORKDIR>./coll</WORKDIR>
<STATUS>pass</STATUS>
<TIME>0.136168003082275</TIME>
</MPITEST>
<MPITEST>
<NAME>icalltoallw</NAME>
<NP>5</NP>
<WORKDIR>./coll</WORKDIR>
<STATUS>pass</STATUS>
<TIME>0.133879899978638</TIME>
</MPITEST>
<MPITEST>
<NAME>icalltoallw</NAME>
<NP>7</NP>
<WORKDIR>./coll</WORKDIR>
<STATUS>pass</STATUS>
<TIME>0.137654781341553</TIME>
</MPITEST>
<MPITEST>
<NAME>opland</NAME>
<NP>4</NP>
<WORKDIR>./coll</WORKDIR>
<STATUS>pass</STATUS>
<TIME>0.126508235931396</TIME>
</MPITEST>
<MPITEST>
<NAME>oplor</NAME>
<NP>4</NP>
<WORKDIR>./coll</WORKDIR>
<STATUS>pass</STATUS>
<TIME>0.129644155502319</TIME>
</MPITEST>
<MPITEST>
<NAME>oplxor</NAME>
<NP>4</NP>
<WORKDIR>./coll</WORKDIR>
<STATUS>pass</STATUS>
<TIME>0.127094984054565</TIME>
</MPITEST>
<MPITEST>
<NAME>oplxor</NAME>
<NP>5</NP>
<WORKDIR>./coll</WORKDIR>
<STATUS>pass</STATUS>
<TIME>0.13214898109436</TIME>
</MPITEST>
<MPITEST>
<NAME>opband</NAME>
<NP>4</NP>
<WORKDIR>./coll</WORKDIR>
<STATUS>pass</STATUS>
<TIME>0.126163005828857</TIME>
</MPITEST>
<MPITEST>
<NAME>opbor</NAME>
<NP>4</NP>
<WORKDIR>./coll</WORKDIR>
<STATUS>pass</STATUS>
<TIME>0.129205942153931</TIME>
</MPITEST>
<MPITEST>
<NAME>opbxor</NAME>
<NP>4</NP>
<WORKDIR>./coll</WORKDIR>
<STATUS>pass</STATUS>
<TIME>0.132564067840576</TIME>
</MPITEST>
<MPITEST>
<NAME>opbxor</NAME>
<NP>5</NP>
<WORKDIR>./coll</WORKDIR>
<STATUS>pass</STATUS>
<TIME>0.132939100265503</TIME>
</MPITEST>
<MPITEST>
<NAME>opprod</NAME>
<NP>5</NP>
<WORKDIR>./coll</WORKDIR>
<STATUS>pass</STATUS>
<TIME>0.130696058273315</TIME>
</MPITEST>
<MPITEST>
<NAME>opprod</NAME>
<NP>6</NP>
<WORKDIR>./coll</WORKDIR>
<STATUS>pass</STATUS>
<TIME>0.135758876800537</TIME>
</MPITEST>
<MPITEST>
<NAME>opsum</NAME>
<NP>4</NP>
<WORKDIR>./coll</WORKDIR>
<STATUS>pass</STATUS>
<TIME>0.129822015762329</TIME>
</MPITEST>
<MPITEST>
<NAME>opmin</NAME>
<NP>4</NP>
<WORKDIR>./coll</WORKDIR>
<STATUS>pass</STATUS>
<TIME>0.129582166671753</TIME>
</MPITEST>
<MPITEST>
<NAME>opminloc</NAME>
<NP>4</NP>
<WORKDIR>./coll</WORKDIR>
<STATUS>pass</STATUS>
<TIME>0.127634048461914</TIME>
</MPITEST>
<MPITEST>
<NAME>opmax</NAME>
<NP>5</NP>
<WORKDIR>./coll</WORKDIR>
<STATUS>pass</STATUS>
<TIME>0.133804798126221</TIME>
</MPITEST>
<MPITEST>
<NAME>opmaxloc</NAME>
<NP>5</NP>
<WORKDIR>./coll</WORKDIR>
<STATUS>pass</STATUS>
<TIME>0.13509202003479</TIME>
</MPITEST>
<MPITEST>
<NAME>uoplong</NAME>
<NP>4</NP>
<WORKDIR>./coll</WORKDIR>
<STATUS>pass</STATUS>
<TIME>0.399768114089966</TIME>
</MPITEST>
<MPITEST>
<NAME>uoplong</NAME>
<NP>11</NP>
<WORKDIR>./coll</WORKDIR>
<STATUS>pass</STATUS>
<TIME>0.895402908325195</TIME>
</MPITEST>
<MPITEST>
<NAME>uoplong</NAME>
<NP>16</NP>
<WORKDIR>./coll</WORKDIR>
<STATUS>pass</STATUS>
<TIME>1.36143112182617</TIME>
</MPITEST>
<MPITEST>
<NAME>nonblocking</NAME>
<NP>4</NP>
<WORKDIR>./coll</WORKDIR>
<STATUS>pass</STATUS>
<TIME>0.130105972290039</TIME>
</MPITEST>
<MPITEST>
<NAME>nonblocking</NAME>
<NP>5</NP>
<WORKDIR>./coll</WORKDIR>
<STATUS>pass</STATUS>
<TIME>0.133642911911011</TIME>
</MPITEST>
<MPITEST>
<NAME>nonblocking</NAME>
<NP>10</NP>
<WORKDIR>./coll</WORKDIR>
<STATUS>pass</STATUS>
<TIME>0.157892942428589</TIME>
</MPITEST>
<MPITEST>
<NAME>nonblocking2</NAME>
<NP>1</NP>
<WORKDIR>./coll</WORKDIR>
<STATUS>pass</STATUS>
<TIME>0.11955714225769</TIME>
</MPITEST>
<MPITEST>
<NAME>nonblocking2</NAME>
<NP>4</NP>
<WORKDIR>./coll</WORKDIR>
<STATUS>pass</STATUS>
<TIME>0.130597829818726</TIME>
</MPITEST>
<MPITEST>
<NAME>nonblocking2</NAME>
<NP>5</NP>
<WORKDIR>./coll</WORKDIR>
<STATUS>pass</STATUS>
<TIME>0.135419845581055</TIME>
</MPITEST>
<MPITEST>
<NAME>nonblocking2</NAME>
<NP>10</NP>
<WORKDIR>./coll</WORKDIR>
<STATUS>pass</STATUS>
<TIME>0.148952960968018</TIME>
</MPITEST>
<MPITEST>
<NAME>nonblocking3</NAME>
<NP>1</NP>
<WORKDIR>./coll</WORKDIR>
<STATUS>pass</STATUS>
<TIME>0.973538160324097</TIME>
</MPITEST>
<MPITEST>
<NAME>nonblocking3</NAME>
<NP>4</NP>
<WORKDIR>./coll</WORKDIR>
<STATUS>pass</STATUS>
<TIME>5.73950505256653</TIME>
</MPITEST>
<MPITEST>
<NAME>nonblocking3</NAME>
<NP>5</NP>
<WORKDIR>./coll</WORKDIR>
<STATUS>pass</STATUS>
<TIME>7.32725501060486</TIME>
</MPITEST>
<MPITEST>
<NAME>nonblocking3</NAME>
<NP>10</NP>
<WORKDIR>./coll</WORKDIR>
<STATUS>pass</STATUS>
<TIME>16.6205129623413</TIME>
</MPITEST>
<MPITEST>
<NAME>iallred</NAME>
<NP>2</NP>
<WORKDIR>./coll</WORKDIR>
<STATUS>pass</STATUS>
<TIME>0.126803874969482</TIME>
</MPITEST>
<MPITEST>
<NAME>ibarrier</NAME>
<NP>2</NP>
<WORKDIR>./coll</WORKDIR>
<STATUS>pass</STATUS>
<TIME>0.127768993377686</TIME>
</MPITEST>
<MPITEST>
<NAME>nballtoall1</NAME>
<NP>8</NP>
<WORKDIR>./coll</WORKDIR>
<STATUS>pass</STATUS>
<TIME>0.341063976287842</TIME>
</MPITEST>
<MPITEST>
<NAME>nbcoll2</NAME>
<NP>5</NP>
<WORKDIR>./coll</WORKDIR>
<STATUS>pass</STATUS>
<TIME>0.134650945663452</TIME>
</MPITEST>
<MPITEST>
<NAME>nbredscat</NAME>
<NP>4</NP>
<WORKDIR>./coll</WORKDIR>
<STATUS>pass</STATUS>
<TIME>0.131849050521851</TIME>
</MPITEST>
<MPITEST>
<NAME>nbredscat</NAME>
<NP>8</NP>
<WORKDIR>./coll</WORKDIR>
<STATUS>pass</STATUS>
<TIME>0.138404130935669</TIME>
</MPITEST>
<MPITEST>
<NAME>nbredscat3</NAME>
<NP>8</NP>
<WORKDIR>./coll</WORKDIR>
<STATUS>pass</STATUS>
<TIME>0.175682067871094</TIME>
</MPITEST>
<MPITEST>
<NAME>nbredscatinter</NAME>
<NP>8</NP>
<WORKDIR>./coll</WORKDIR>
<STATUS>pass</STATUS>
<TIME>0.150198936462402</TIME>
</MPITEST>
<MPITEST>
<NAME>nbicbcast</NAME>
<NP>8</NP>
<WORKDIR>./coll</WORKDIR>
<STATUS>pass</STATUS>
<TIME>0.149474859237671</TIME>
</MPITEST>
<MPITEST>
<NAME>nbicallreduce</NAME>
<NP>8</NP>
<WORKDIR>./coll</WORKDIR>
<STATUS>pass</STATUS>
<TIME>0.158653974533081</TIME>
</MPITEST>
<MPITEST>
<NAME>nbicreduce</NAME>
<NP>8</NP>
<WORKDIR>./coll</WORKDIR>
<STATUS>pass</STATUS>
<TIME>0.156132936477661</TIME>
</MPITEST>
<MPITEST>
<NAME>nbicscatter</NAME>
<NP>8</NP>
<WORKDIR>./coll</WORKDIR>
<STATUS>pass</STATUS>
<TIME>0.165420055389404</TIME>
</MPITEST>
<MPITEST>
<NAME>nbicgather</NAME>
<NP>8</NP>
<WORKDIR>./coll</WORKDIR>
<STATUS>pass</STATUS>
<TIME>0.171245098114014</TIME>
</MPITEST>
<MPITEST>
<NAME>nbicallgather</NAME>
<NP>8</NP>
<WORKDIR>./coll</WORKDIR>
<STATUS>pass</STATUS>
<TIME>0.207082033157349</TIME>
</MPITEST>
<MPITEST>
<NAME>nbicbarrier</NAME>
<NP>8</NP>
<WORKDIR>./coll</WORKDIR>
<STATUS>pass</STATUS>
<TIME>0.140287160873413</TIME>
</MPITEST>
<MPITEST>
<NAME>nbicallgatherv</NAME>
<NP>8</NP>
<WORKDIR>./coll</WORKDIR>
<STATUS>pass</STATUS>
<TIME>0.204744100570679</TIME>
</MPITEST>
<MPITEST>
<NAME>nbicgatherv</NAME>
<NP>8</NP>
<WORKDIR>./coll</WORKDIR>
<STATUS>pass</STATUS>
<TIME>0.173095941543579</TIME>
</MPITEST>
<MPITEST>
<NAME>nbicscatterv</NAME>
<NP>8</NP>
<WORKDIR>./coll</WORKDIR>
<STATUS>pass</STATUS>
<TIME>0.165564060211182</TIME>
</MPITEST>
<MPITEST>
<NAME>nbicalltoall</NAME>
<NP>8</NP>
<WORKDIR>./coll</WORKDIR>
<STATUS>pass</STATUS>
<TIME>0.207370042800903</TIME>
</MPITEST>
<MPITEST>
<NAME>nbicalltoallv</NAME>
<NP>8</NP>
<WORKDIR>./coll</WORKDIR>
<STATUS>pass</STATUS>
<TIME>0.141440153121948</TIME>
</MPITEST>
<MPITEST>
<NAME>nbicalltoallw</NAME>
<NP>8</NP>
<WORKDIR>./coll</WORKDIR>
<STATUS>pass</STATUS>
<TIME>0.143769979476929</TIME>
</MPITEST>
<MPITEST>
<NAME>neighb_coll</NAME>
<NP>4</NP>
<WORKDIR>./coll</WORKDIR>
<STATUS>pass</STATUS>
<TIME>0.128702878952026</TIME>
</MPITEST>
<MPITEST>
<NAME>bcast__BASIC__L24</NAME>
<NP>4</NP>
<WORKDIR>./coll</WORKDIR>
<STATUS>pass</STATUS>
<TIME>0.130343914031982</TIME>
</MPITEST>
<MPITEST>
<NAME>bcast__BASIC__L24</NAME>
<NP>4</NP>
<WORKDIR>./coll</WORKDIR>
<STATUS>pass</STATUS>
<TIME>0.134973049163818</TIME>
</MPITEST>
<MPITEST>
<NAME>bcast__BASIC__L24</NAME>
<NP>4</NP>
<WORKDIR>./coll</WORKDIR>
<STATUS>pass</STATUS>
<TIME>0.131341934204102</TIME>
</MPITEST>
<MPITEST>
<NAME>bcast__BASIC__L24</NAME>
<NP>4</NP>
<WORKDIR>./coll</WORKDIR>
<STATUS>pass</STATUS>
<TIME>0.133028984069824</TIME>
</MPITEST>
<MPITEST>
<NAME>bcast__BASIC__L24</NAME>
<NP>4</NP>
<WORKDIR>./coll</WORKDIR>
<STATUS>pass</STATUS>
<TIME>0.376919031143188</TIME>
</MPITEST>
<MPITEST>
<NAME>bcast__BASIC__L24</NAME>
<NP>4</NP>
<WORKDIR>./coll</WORKDIR>
<STATUS>pass</STATUS>
<TIME>3.34487414360046</TIME>
</MPITEST>
<MPITEST>
<NAME>bcast__BASIC__L24</NAME>
<NP>4</NP>
<WORKDIR>./coll</WORKDIR>
<STATUS>pass</STATUS>
<TIME>0.130974054336548</TIME>
</MPITEST>
<MPITEST>
<NAME>bcast__BASIC__L24</NAME>
<NP>4</NP>
<WORKDIR>./coll</WORKDIR>
<STATUS>pass</STATUS>
<TIME>0.132230043411255</TIME>
</MPITEST>
<MPITEST>
<NAME>bcast__BASIC__L24</NAME>
<NP>4</NP>
<WORKDIR>./coll</WORKDIR>
<STATUS>pass</STATUS>
<TIME>0.129693984985352</TIME>
</MPITEST>
<MPITEST>
<NAME>bcast__BASIC__L24</NAME>
<NP>4</NP>
<WORKDIR>./coll</WORKDIR>
<STATUS>pass</STATUS>
<TIME>0.132442951202393</TIME>
</MPITEST>
<MPITEST>
<NAME>bcast__BASIC__L24</NAME>
<NP>4</NP>
<WORKDIR>./coll</WORKDIR>
<STATUS>pass</STATUS>
<TIME>0.447594881057739</TIME>
</MPITEST>
<MPITEST>
<NAME>bcast__BASIC__L24</NAME>
<NP>4</NP>
<WORKDIR>./coll</WORKDIR>
<STATUS>pass</STATUS>
<TIME>4.95172786712646</TIME>
</MPITEST>
<MPITEST>
<NAME>bcast__BASIC__L25</NAME>
<NP>10</NP>
<WORKDIR>./coll</WORKDIR>
<STATUS>pass</STATUS>
<TIME>0.15834903717041</TIME>
</MPITEST>
<MPITEST>
<NAME>bcast__BASIC__L25</NAME>
<NP>10</NP>
<WORKDIR>./coll</WORKDIR>
<STATUS>pass</STATUS>
<TIME>0.156991004943848</TIME>
</MPITEST>
<MPITEST>
<NAME>bcast__BASIC__L25</NAME>
<NP>10</NP>
<WORKDIR>./coll</WORKDIR>
<STATUS>pass</STATUS>
<TIME>0.156612873077393</TIME>
</MPITEST>
<MPITEST>
<NAME>bcast__BASIC__L25</NAME>
<NP>10</NP>
<WORKDIR>./coll</WORKDIR>
<STATUS>pass</STATUS>
<TIME>0.153718233108521</TIME>
</MPITEST>
<MPITEST>
<NAME>bcast__BASIC__L25</NAME>
<NP>10</NP>
<WORKDIR>./coll</WORKDIR>
<STATUS>pass</STATUS>
<TIME>0.498185157775879</TIME>
</MPITEST>
<MPITEST>
<NAME>bcast__BASIC__L25</NAME>
<NP>10</NP>
<WORKDIR>./coll</WORKDIR>
<STATUS>pass</STATUS>
<TIME>4.65049600601196</TIME>
</MPITEST>
<MPITEST>
<NAME>bcast__BASIC__L25</NAME>
<NP>10</NP>
<WORKDIR>./coll</WORKDIR>
<STATUS>pass</STATUS>
<TIME>0.149023056030273</TIME>
</MPITEST>
<MPITEST>
<NAME>bcast__BASIC__L25</NAME>
<NP>10</NP>
<WORKDIR>./coll</WORKDIR>
<STATUS>pass</STATUS>
<TIME>0.151653051376343</TIME>
</MPITEST>
<MPITEST>
<NAME>bcast__BASIC__L25</NAME>
<NP>10</NP>
<WORKDIR>./coll</WORKDIR>
<STATUS>pass</STATUS>
<TIME>0.165092945098877</TIME>
</MPITEST>
<MPITEST>
<NAME>bcast__BASIC__L25</NAME>
<NP>10</NP>
<WORKDIR>./coll</WORKDIR>
<STATUS>pass</STATUS>
<TIME>0.159479856491089</TIME>
</MPITEST>
<MPITEST>
<NAME>bcast__BASIC__L25</NAME>
<NP>10</NP>
<WORKDIR>./coll</WORKDIR>
<STATUS>pass</STATUS>
<TIME>0.703166007995605</TIME>
</MPITEST>
<MPITEST>
<NAME>bcast__BASIC__L25</NAME>
<NP>10</NP>
<WORKDIR>./coll</WORKDIR>
<STATUS>pass</STATUS>
<TIME>6.68288612365723</TIME>
</MPITEST>
<MPITEST>
<NAME>bcast__STRUCT__L35</NAME>
<NP>4</NP>
<WORKDIR>./coll</WORKDIR>
<STATUS>pass</STATUS>
<TIME>0.130558967590332</TIME>
</MPITEST>
<MPITEST>
<NAME>dup</NAME>
<NP>2</NP>
<WORKDIR>./comm</WORKDIR>
<STATUS>pass</STATUS>
<TIME>0.126116991043091</TIME>
</MPITEST>
<MPITEST>
<NAME>dupic</NAME>
<NP>4</NP>
<WORKDIR>./comm</WORKDIR>
<STATUS>pass</STATUS>
<TIME>0.130046844482422</TIME>
</MPITEST>
<MPITEST>
<NAME>commcreate1</NAME>
<NP>8</NP>
<WORKDIR>./comm</WORKDIR>
<STATUS>pass</STATUS>
<TIME>0.142794847488403</TIME>
</MPITEST>
<MPITEST>
<NAME>commname</NAME>
<NP>4</NP>
<WORKDIR>./comm</WORKDIR>
<STATUS>pass</STATUS>
<TIME>0.133095026016235</TIME>
</MPITEST>
<MPITEST>
<NAME>ic1</NAME>
<NP>4</NP>
<WORKDIR>./comm</WORKDIR>
<STATUS>pass</STATUS>
<TIME>0.130389928817749</TIME>
</MPITEST>
<MPITEST>
<NAME>ic2</NAME>
<NP>33</NP>
<WORKDIR>./comm</WORKDIR>
<STATUS>pass</STATUS>
<TIME>0.412631034851074</TIME>
</MPITEST>
<MPITEST>
<NAME>icgroup</NAME>
<NP>8</NP>
<WORKDIR>./comm</WORKDIR>
<STATUS>pass</STATUS>
<TIME>0.135923862457275</TIME>
</MPITEST>
<MPITEST>
<NAME>icm</NAME>
<NP>8</NP>
<WORKDIR>./comm</WORKDIR>
<STATUS>pass</STATUS>
<TIME>0.141000032424927</TIME>
</MPITEST>
<MPITEST>
<NAME>icsplit</NAME>
<NP>8</NP>
<WORKDIR>./comm</WORKDIR>
<STATUS>pass</STATUS>
<TIME>0.142679929733276</TIME>
</MPITEST>
<MPITEST>
<NAME>iccreate</NAME>
<NP>8</NP>
<WORKDIR>./comm</WORKDIR>
<STATUS>pass</STATUS>
<TIME>0.144727945327759</TIME>
</MPITEST>
<MPITEST>
<NAME>ctxalloc</NAME>
<NP>2</NP>
<WORKDIR>./comm</WORKDIR>
<STATUS>pass</STATUS>
<TIME>1.46941804885864</TIME>
</MPITEST>
<MPITEST>
<NAME>ctxsplit</NAME>
<NP>4</NP>
<WORKDIR>./comm</WORKDIR>
<STATUS>pass</STATUS>
<TIME>1.06463885307312</TIME>
</MPITEST>
<MPITEST>
<NAME>cmfree</NAME>
<NP>4</NP>
<WORKDIR>./comm</WORKDIR>
<STATUS>pass</STATUS>
<TIME>0.146203994750977</TIME>
</MPITEST>
<MPITEST>
<NAME>cmsplit</NAME>
<NP>4</NP>
<WORKDIR>./comm</WORKDIR>
<STATUS>pass</STATUS>
<TIME>0.133443832397461</TIME>
</MPITEST>
<MPITEST>
<NAME>cmsplit2</NAME>
<NP>12</NP>
<WORKDIR>./comm</WORKDIR>
<STATUS>pass</STATUS>
<TIME>0.1683030128479</TIME>
</MPITEST>
<MPITEST>
<NAME>probe_intercomm</NAME>
<NP>2</NP>
<WORKDIR>./comm</WORKDIR>
<STATUS>pass</STATUS>
<TIME>0.128879070281982</TIME>
</MPITEST>
<MPITEST>
<NAME>cmsplit_type</NAME>
<NP>4</NP>
<WORKDIR>./comm</WORKDIR>
<STATUS>pass</STATUS>
<TIME>0.129431962966919</TIME>
</MPITEST>
<MPITEST>
<NAME>comm_create_group</NAME>
<NP>4</NP>
<WORKDIR>./comm</WORKDIR>
<STATUS>pass</STATUS>
<TIME>0.132131099700928</TIME>
</MPITEST>
<MPITEST>
<NAME>comm_create_group</NAME>
<NP>8</NP>
<WORKDIR>./comm</WORKDIR>
<STATUS>pass</STATUS>
<TIME>0.143206834793091</TIME>
</MPITEST>
<MPITEST>
<NAME>comm_group_half</NAME>
<NP>2</NP>
<WORKDIR>./comm</WORKDIR>
<STATUS>pass</STATUS>
<TIME>0.127996921539307</TIME>
</MPITEST>
<MPITEST>
<NAME>comm_group_half</NAME>
<NP>4</NP>
<WORKDIR>./comm</WORKDIR>
<STATUS>pass</STATUS>
<TIME>0.133606910705566</TIME>
</MPITEST>
<MPITEST>
<NAME>comm_group_half</NAME>
<NP>8</NP>
<WORKDIR>./comm</WORKDIR>
<STATUS>pass</STATUS>
<TIME>0.143194913864136</TIME>
</MPITEST>
<MPITEST>
<NAME>comm_group_rand</NAME>
<NP>2</NP>
<WORKDIR>./comm</WORKDIR>
<STATUS>pass</STATUS>
<TIME>0.124660015106201</TIME>
</MPITEST>
<MPITEST>
<NAME>comm_group_rand</NAME>
<NP>4</NP>
<WORKDIR>./comm</WORKDIR>
<STATUS>pass</STATUS>
<TIME>0.127794981002808</TIME>
</MPITEST>
<MPITEST>
<NAME>comm_group_rand</NAME>
<NP>8</NP>
<WORKDIR>./comm</WORKDIR>
<STATUS>pass</STATUS>
<TIME>0.14618992805481</TIME>
</MPITEST>
<MPITEST>
<NAME>comm_idup</NAME>
<NP>2</NP>
<WORKDIR>./comm</WORKDIR>
<STATUS>pass</STATUS>
<TIME>0.128496885299683</TIME>
</MPITEST>
<MPITEST>
<NAME>comm_idup</NAME>
<NP>4</NP>
<WORKDIR>./comm</WORKDIR>
<STATUS>pass</STATUS>
<TIME>0.133104085922241</TIME>
</MPITEST>
<MPITEST>
<NAME>comm_idup</NAME>
<NP>9</NP>
<WORKDIR>./comm</WORKDIR>
<STATUS>pass</STATUS>
<TIME>0.141287088394165</TIME>
</MPITEST>
<MPITEST>
<NAME>comm_idup_mul</NAME>
<NP>2</NP>
<WORKDIR>./comm</WORKDIR>
<STATUS>pass</STATUS>
<TIME>0.129028081893921</TIME>
</MPITEST>
<MPITEST>
<NAME>comm_idup_overlap</NAME>
<NP>2</NP>
<WORKDIR>./comm</WORKDIR>
<STATUS>pass</STATUS>
<TIME>0.128642082214355</TIME>
</MPITEST>
<MPITEST>
<NAME>comm_idup_iallreduce</NAME>
<NP>6</NP>
<WORKDIR>./comm</WORKDIR>
<STATUS>pass</STATUS>
<TIME>0.139504194259644</TIME>
</MPITEST>
<MPITEST>
<NAME>comm_idup_nb</NAME>
<NP>6</NP>
<WORKDIR>./comm</WORKDIR>
<STATUS>pass</STATUS>
<TIME>0.146186828613281</TIME>
</MPITEST>
<MPITEST>
<NAME>comm_idup_isend</NAME>
<NP>6</NP>
<WORKDIR>./comm</WORKDIR>
<STATUS>pass</STATUS>
<TIME>0.138577938079834</TIME>
</MPITEST>
<MPITEST>
<NAME>comm_idup_comm</NAME>
<NP>6</NP>
<WORKDIR>./comm</WORKDIR>
<STATUS>pass</STATUS>
<TIME>0.136049032211304</TIME>
</MPITEST>
<MPITEST>
<NAME>comm_idup_comm2</NAME>
<NP>6</NP>
<WORKDIR>./comm</WORKDIR>
<STATUS>pass</STATUS>
<TIME>0.136192083358765</TIME>
</MPITEST>
<MPITEST>
<NAME>dup_with_info</NAME>
<NP>2</NP>
<WORKDIR>./comm</WORKDIR>
<STATUS>pass</STATUS>
<TIME>0.124592065811157</TIME>
</MPITEST>
<MPITEST>
<NAME>dup_with_info</NAME>
<NP>4</NP>
<WORKDIR>./comm</WORKDIR>
<STATUS>pass</STATUS>
<TIME>0.131253957748413</TIME>
</MPITEST>
<MPITEST>
<NAME>dup_with_info</NAME>
<NP>9</NP>
<WORKDIR>./comm</WORKDIR>
<STATUS>pass</STATUS>
<TIME>0.143353939056396</TIME>
</MPITEST>
<MPITEST>
<NAME>comm_info</NAME>
<NP>6</NP>
<WORKDIR>./comm</WORKDIR>
<STATUS>pass</STATUS>
<TIME>0.132841110229492</TIME>
</MPITEST>
<MPITEST>
<NAME>comm_create_group_idup</NAME>
<NP>4</NP>
<WORKDIR>./comm</WORKDIR>
<STATUS>pass</STATUS>
<TIME>0.126181125640869</TIME>
</MPITEST>
<MPITEST>
<NAME>contents</NAME>
<NP>1</NP>
<WORKDIR>./datatype</WORKDIR>
<STATUS>pass</STATUS>
<TIME>0.12207818031311</TIME>
</MPITEST>
<MPITEST>
<NAME>gaddress</NAME>
<NP>1</NP>
<WORKDIR>./datatype</WORKDIR>
<STATUS>pass</STATUS>
<TIME>0.121280908584595</TIME>
</MPITEST>
<MPITEST>
<NAME>lbub</NAME>
<NP>1</NP>
<WORKDIR>./datatype</WORKDIR>
<STATUS>pass</STATUS>
<TIME>0.124444007873535</TIME>
</MPITEST>
<MPITEST>
<NAME>localpack</NAME>
<NP>1</NP>
<WORKDIR>./datatype</WORKDIR>
<STATUS>pass</STATUS>
<TIME>0.124045133590698</TIME>
</MPITEST>
<MPITEST>
<NAME>simple_pack</NAME>
<NP>1</NP>
<WORKDIR>./datatype</WORKDIR>
<STATUS>pass</STATUS>
<TIME>0.123350858688354</TIME>
</MPITEST>
<MPITEST>
<NAME>simple_pack_external</NAME>
<NP>1</NP>
<WORKDIR>./datatype</WORKDIR>
<STATUS>pass</STATUS>
<TIME>0.120138168334961</TIME>
</MPITEST>
<MPITEST>
<NAME>simple_pack_external2</NAME>
<NP>1</NP>
<WORKDIR>./datatype</WORKDIR>
<STATUS>pass</STATUS>
<TIME>0.122833013534546</TIME>
</MPITEST>
<MPITEST>
<NAME>transpose_pack</NAME>
<NP>1</NP>
<WORKDIR>./datatype</WORKDIR>
<STATUS>pass</STATUS>
<TIME>0.125845909118652</TIME>
</MPITEST>
<MPITEST>
<NAME>slice_pack</NAME>
<NP>1</NP>
<WORKDIR>./datatype</WORKDIR>
<STATUS>pass</STATUS>
<TIME>0.129427194595337</TIME>
</MPITEST>
<MPITEST>
<NAME>struct_pack</NAME>
<NP>1</NP>
<WORKDIR>./datatype</WORKDIR>
<STATUS>pass</STATUS>
<TIME>0.121695995330811</TIME>
</MPITEST>
<MPITEST>
<NAME>structpack2</NAME>
<NP>1</NP>
<WORKDIR>./datatype</WORKDIR>
<STATUS>pass</STATUS>
<TIME>0.120291948318481</TIME>
</MPITEST>
<MPITEST>
<NAME>typecommit</NAME>
<NP>1</NP>
<WORKDIR>./datatype</WORKDIR>
<STATUS>pass</STATUS>
<TIME>0.124677896499634</TIME>
</MPITEST>
<MPITEST>
<NAME>typename</NAME>
<NP>1</NP>
<WORKDIR>./datatype</WORKDIR>
<STATUS>pass</STATUS>
<TIME>0.122009992599487</TIME>
</MPITEST>
<MPITEST>
<NAME>typefree</NAME>
<NP>1</NP>
<WORKDIR>./datatype</WORKDIR>
<STATUS>pass</STATUS>
<TIME>0.122902870178223</TIME>
</MPITEST>
<MPITEST>
<NAME>zeroparms</NAME>
<NP>1</NP>
<WORKDIR>./datatype</WORKDIR>
<STATUS>pass</STATUS>
<TIME>0.122727155685425</TIME>
</MPITEST>
<MPITEST>
<NAME>concurrent_irecv</NAME>
<NP>3</NP>
<WORKDIR>./datatype</WORKDIR>
<STATUS>pass</STATUS>
<TIME>0.130398035049438</TIME>
</MPITEST>
<MPITEST>
<NAME>getpartelm</NAME>
<NP>2</NP>
<WORKDIR>./datatype</WORKDIR>
<STATUS>pass</STATUS>
<TIME>0.128338098526001</TIME>
</MPITEST>
<MPITEST>
<NAME>tresized</NAME>
<NP>2</NP>
<WORKDIR>./datatype</WORKDIR>
<STATUS>pass</STATUS>
<TIME>0.129689931869507</TIME>
</MPITEST>
<MPITEST>
<NAME>tresized2</NAME>
<NP>2</NP>
<WORKDIR>./datatype</WORKDIR>
<STATUS>pass</STATUS>
<TIME>0.129746913909912</TIME>
</MPITEST>
<MPITEST>
<NAME>sendrecvt2</NAME>
<NP>2</NP>
<WORKDIR>./datatype</WORKDIR>
<STATUS>pass</STATUS>
<TIME>0.127586841583252</TIME>
</MPITEST>
<MPITEST>
<NAME>sendrecvt4</NAME>
<NP>2</NP>
<WORKDIR>./datatype</WORKDIR>
<STATUS>pass</STATUS>
<TIME>0.127673864364624</TIME>
</MPITEST>
<MPITEST>
<NAME>tmatchsize</NAME>
<NP>1</NP>
<WORKDIR>./datatype</WORKDIR>
<STATUS>pass</STATUS>
<TIME>0.122528076171875</TIME>
</MPITEST>
<MPITEST>
<NAME>tfree</NAME>
<NP>2</NP>
<WORKDIR>./datatype</WORKDIR>
<STATUS>pass</STATUS>
<TIME>0.128070116043091</TIME>
</MPITEST>
<MPITEST>
<NAME>typelb</NAME>
<NP>1</NP>
<WORKDIR>./datatype</WORKDIR>
<STATUS>pass</STATUS>
<TIME>0.119277000427246</TIME>
</MPITEST>
<MPITEST>
<NAME>contigstruct</NAME>
<NP>1</NP>
<WORKDIR>./datatype</WORKDIR>
<STATUS>pass</STATUS>
<TIME>0.121407985687256</TIME>
</MPITEST>
<MPITEST>
<NAME>struct_zero_count</NAME>
<NP>1</NP>
<WORKDIR>./datatype</WORKDIR>
<STATUS>pass</STATUS>
<TIME>0.121345043182373</TIME>
</MPITEST>
<MPITEST>
<NAME>blockindexed_zero_count</NAME>
<NP>1</NP>
<WORKDIR>./datatype</WORKDIR>
<STATUS>pass</STATUS>
<TIME>0.123208045959473</TIME>
</MPITEST>
<MPITEST>
<NAME>blockindexed_misc</NAME>
<NP>1</NP>
<WORKDIR>./datatype</WORKDIR>
<STATUS>pass</STATUS>
<TIME>0.119410037994385</TIME>
</MPITEST>
<MPITEST>
<NAME>indexed_misc</NAME>
<NP>1</NP>
<WORKDIR>./datatype</WORKDIR>
<STATUS>pass</STATUS>
<TIME>0.124093055725098</TIME>
</MPITEST>
<MPITEST>
<NAME>subarray_pack</NAME>
<NP>1</NP>
<WORKDIR>./datatype</WORKDIR>
<STATUS>pass</STATUS>
<TIME>0.120222091674805</TIME>
</MPITEST>
<MPITEST>
<NAME>subarray</NAME>
<NP>2</NP>
<WORKDIR>./datatype</WORKDIR>
<STATUS>pass</STATUS>
<TIME>0.131330013275146</TIME>
</MPITEST>
<MPITEST>
<NAME>darray_pack</NAME>
<NP>1</NP>
<WORKDIR>./datatype</WORKDIR>
<STATUS>pass</STATUS>
<TIME>0.122745990753174</TIME>
</MPITEST>
<MPITEST>
<NAME>darray_pack</NAME>
<NP>9</NP>
<WORKDIR>./datatype</WORKDIR>
<STATUS>pass</STATUS>
<TIME>0.14555811882019</TIME>
</MPITEST>
<MPITEST>
<NAME>darray_cyclic</NAME>
<NP>12</NP>
<WORKDIR>./datatype</WORKDIR>
<STATUS>pass</STATUS>
<TIME>0.17036509513855</TIME>
</MPITEST>
<MPITEST>
<NAME>pairtype_size_extent</NAME>
<NP>1</NP>
<WORKDIR>./datatype</WORKDIR>
<STATUS>pass</STATUS>
<TIME>0.121659994125366</TIME>
</MPITEST>
<MPITEST>
<NAME>simple_commit</NAME>
<NP>1</NP>
<WORKDIR>./datatype</WORKDIR>
<STATUS>pass</STATUS>
<TIME>0.123834133148193</TIME>
</MPITEST>
<MPITEST>
<NAME>simple_size_extent</NAME>
<NP>1</NP>
<WORKDIR>./datatype</WORKDIR>
<STATUS>pass</STATUS>
<TIME>0.121839046478271</TIME>
</MPITEST>
<MPITEST>
<NAME>struct_no_real_types</NAME>
<NP>1</NP>
<WORKDIR>./datatype</WORKDIR>
<STATUS>pass</STATUS>
<TIME>0.120996952056885</TIME>
</MPITEST>
<MPITEST>
<NAME>struct_empty_el</NAME>
<NP>1</NP>
<WORKDIR>./datatype</WORKDIR>
<STATUS>pass</STATUS>
<TIME>0.124485969543457</TIME>
</MPITEST>
<MPITEST>
<NAME>contig_zero_count</NAME>
<NP>1</NP>
<WORKDIR>./datatype</WORKDIR>
<STATUS>pass</STATUS>
<TIME>0.123805046081543</TIME>
</MPITEST>
<MPITEST>
<NAME>simple_resized</NAME>
<NP>1</NP>
<WORKDIR>./datatype</WORKDIR>
<STATUS>pass</STATUS>
<TIME>0.12360692024231</TIME>
</MPITEST>
<MPITEST>
<NAME>unusual_noncontigs</NAME>
<NP>1</NP>
<WORKDIR>./datatype</WORKDIR>
<STATUS>pass</STATUS>
<TIME>0.121815919876099</TIME>
</MPITEST>
<MPITEST>
<NAME>hindexed_zeros</NAME>
<NP>1</NP>
<WORKDIR>./datatype</WORKDIR>
<STATUS>pass</STATUS>
<TIME>0.123687982559204</TIME>
</MPITEST>
<MPITEST>
<NAME>lots_of_types</NAME>
<NP>1</NP>
<WORKDIR>./datatype</WORKDIR>
<STATUS>pass</STATUS>
<TIME>0.150183916091919</TIME>
</MPITEST>
<MPITEST>
<NAME>get_elements_pairtype</NAME>
<NP>1</NP>
<WORKDIR>./datatype</WORKDIR>
<STATUS>pass</STATUS>
<TIME>0.121125936508179</TIME>
</MPITEST>
<MPITEST>
<NAME>unpack</NAME>
<NP>1</NP>
<WORKDIR>./datatype</WORKDIR>
<STATUS>pass</STATUS>
<TIME>0.122693061828613</TIME>
</MPITEST>
<MPITEST>
<NAME>struct_ezhov</NAME>
<NP>1</NP>
<WORKDIR>./datatype</WORKDIR>
<STATUS>pass</STATUS>
<TIME>0.122472047805786</TIME>
</MPITEST>
<MPITEST>
<NAME>zeroblks</NAME>
<NP>1</NP>
<WORKDIR>./datatype</WORKDIR>
<STATUS>pass</STATUS>
<TIME>0.121152877807617</TIME>
</MPITEST>
<MPITEST>
<NAME>struct_derived_zeros</NAME>
<NP>1</NP>
<WORKDIR>./datatype</WORKDIR>
<STATUS>pass</STATUS>
<TIME>0.124386787414551</TIME>
</MPITEST>
<MPITEST>
<NAME>struct_verydeep</NAME>
<NP>1</NP>
<WORKDIR>./datatype</WORKDIR>
<STATUS>pass</STATUS>
<TIME>0.120237112045288</TIME>
</MPITEST>
<MPITEST>
<NAME>get_elements</NAME>
<NP>1</NP>
<WORKDIR>./datatype</WORKDIR>
<STATUS>pass</STATUS>
<TIME>0.124227046966553</TIME>
</MPITEST>
<MPITEST>
<NAME>hindexed_block</NAME>
<NP>1</NP>
<WORKDIR>./datatype</WORKDIR>
<STATUS>pass</STATUS>
<TIME>0.123198986053467</TIME>
</MPITEST>
<MPITEST>
<NAME>hindexed_block_contents</NAME>
<NP>1</NP>
<WORKDIR>./datatype</WORKDIR>
<STATUS>pass</STATUS>
<TIME>0.120022058486938</TIME>
</MPITEST>
<MPITEST>
<NAME>vecblklen</NAME>
<NP>1</NP>
<WORKDIR>./datatype</WORKDIR>
<STATUS>pass</STATUS>
<TIME>0.123150110244751</TIME>
</MPITEST>
<MPITEST>
<NAME>hvecblklen</NAME>
<NP>1</NP>
<WORKDIR>./datatype</WORKDIR>
<STATUS>pass</STATUS>
<TIME>0.118348121643066</TIME>
</MPITEST>
<MPITEST>
<NAME>longdouble</NAME>
<NP>1</NP>
<WORKDIR>./datatype</WORKDIR>
<STATUS>pass</STATUS>
<TIME>0.123080968856812</TIME>
</MPITEST>
<MPITEST>
<NAME>dataalign</NAME>
<NP>2</NP>
<WORKDIR>./datatype</WORKDIR>
<STATUS>pass</STATUS>
<TIME>0.128772020339966</TIME>
</MPITEST>
<MPITEST>
<NAME>cxx_types</NAME>
<NP>1</NP>
<WORKDIR>./datatype</WORKDIR>
<STATUS>pass</STATUS>
<TIME>0.122089147567749</TIME>
</MPITEST>
<MPITEST>
<NAME>adderr</NAME>
<NP>1</NP>
<WORKDIR>./errhan</WORKDIR>
<STATUS>pass</STATUS>
<TIME>0.123990058898926</TIME>
</MPITEST>
<MPITEST>
<NAME>commcall</NAME>
<NP>2</NP>
<WORKDIR>./errhan</WORKDIR>
<STATUS>pass</STATUS>
<TIME>0.14490008354187</TIME>
</MPITEST>
<MPITEST>
<NAME>errfatal</NAME>
<NP>1</NP>
<WORKDIR>./errhan</WORKDIR>
<STATUS>pass</STATUS>
<TIME>0</TIME>
</MPITEST>
<MPITEST>
<NAME>predef_eh</NAME>
<NP>1</NP>
<WORKDIR>./errhan</WORKDIR>
<STATUS>pass</STATUS>
<TIME>0.124788045883179</TIME>
</MPITEST>
<MPITEST>
<NAME>predef_eh</NAME>
<NP>2</NP>
<WORKDIR>./errhan</WORKDIR>
<STATUS>pass</STATUS>
<TIME>0.125140905380249</TIME>
</MPITEST>
<MPITEST>
<NAME>errstring2</NAME>
<NP>1</NP>
<WORKDIR>./errhan</WORKDIR>
<STATUS>pass</STATUS>
<TIME>0.12133002281189</TIME>
</MPITEST>
<MPITEST>
<NAME>dynamic_errcode_predefined_errclass</NAME>
<NP>1</NP>
<WORKDIR>./errhan</WORKDIR>
<STATUS>pass</STATUS>
<TIME>0.120732069015503</TIME>
</MPITEST>
<MPITEST>
<NAME>groupcreate</NAME>
<NP>4</NP>
<WORKDIR>./group</WORKDIR>
<STATUS>pass</STATUS>
<TIME>0.129869222640991</TIME>
</MPITEST>
<MPITEST>
<NAME>grouptest</NAME>
<NP>8</NP>
<WORKDIR>./group</WORKDIR>
<STATUS>pass</STATUS>
<TIME>0.140899181365967</TIME>
</MPITEST>
<MPITEST>
<NAME>grouptest2</NAME>
<NP>4</NP>
<WORKDIR>./group</WORKDIR>
<STATUS>pass</STATUS>
<TIME>0.127197027206421</TIME>
</MPITEST>
<MPITEST>
<NAME>groupnullincl</NAME>
<NP>4</NP>
<WORKDIR>./group</WORKDIR>
<STATUS>pass</STATUS>
<TIME>0.131011962890625</TIME>
</MPITEST>
<MPITEST>
<NAME>gtranks</NAME>
<NP>8</NP>
<WORKDIR>./group</WORKDIR>
<STATUS>pass</STATUS>
<TIME>0.143075942993164</TIME>
</MPITEST>
<MPITEST>
<NAME>gtranksperf</NAME>
<NP>20</NP>
<WORKDIR>./group</WORKDIR>
<STATUS>pass</STATUS>
<TIME>10.257111787796</TIME>
</MPITEST>
<MPITEST>
<NAME>infodup</NAME>
<NP>1</NP>
<WORKDIR>./info</WORKDIR>
<STATUS>pass</STATUS>
<TIME>0.120697975158691</TIME>
</MPITEST>
<MPITEST>
<NAME>infodel</NAME>
<NP>1</NP>
<WORKDIR>./info</WORKDIR>
<STATUS>pass</STATUS>
<TIME>0.121828079223633</TIME>
</MPITEST>
<MPITEST>
<NAME>infovallen</NAME>
<NP>1</NP>
<WORKDIR>./info</WORKDIR>
<STATUS>pass</STATUS>
<TIME>0.121936082839966</TIME>
</MPITEST>
<MPITEST>
<NAME>infoorder</NAME>
<NP>1</NP>
<WORKDIR>./info</WORKDIR>
<STATUS>pass</STATUS>
<TIME>0.119246006011963</TIME>
</MPITEST>
<MPITEST>
<NAME>infomany</NAME>
<NP>1</NP>
<WORKDIR>./info</WORKDIR>
<STATUS>pass</STATUS>
<TIME>0.215751886367798</TIME>
</MPITEST>
<MPITEST>
<NAME>infomany2</NAME>
<NP>1</NP>
<WORKDIR>./info</WORKDIR>
<STATUS>pass</STATUS>
<TIME>0.227864027023315</TIME>
</MPITEST>
<MPITEST>
<NAME>infotest</NAME>
<NP>1</NP>
<WORKDIR>./info</WORKDIR>
<STATUS>pass</STATUS>
<TIME>0.121385097503662</TIME>
</MPITEST>
<MPITEST>
<NAME>infoget</NAME>
<NP>1</NP>
<WORKDIR>./info</WORKDIR>
<STATUS>pass</STATUS>
<TIME>0.124342918395996</TIME>
</MPITEST>
<MPITEST>
<NAME>infoenv</NAME>
<NP>1</NP>
<WORKDIR>./info</WORKDIR>
<STATUS>pass</STATUS>
<TIME>0.118980884552002</TIME>
</MPITEST>
<MPITEST>
<NAME>exitst1</NAME>
<NP>2</NP>
<WORKDIR>./init</WORKDIR>
<STATUS>pass</STATUS>
<TIME>0</TIME>
</MPITEST>
<MPITEST>
<NAME>exitst2</NAME>
<NP>4</NP>
<WORKDIR>./init</WORKDIR>
<STATUS>pass</STATUS>
<TIME>0</TIME>
</MPITEST>
<MPITEST>
<NAME>initstat</NAME>
<NP>1</NP>
<WORKDIR>./init</WORKDIR>
<STATUS>pass</STATUS>
<TIME>0.119831085205078</TIME>
</MPITEST>
<MPITEST>
<NAME>timeout</NAME>
<NP>2</NP>
<WORKDIR>./init</WORKDIR>
<STATUS>pass</STATUS>
<TIME>0</TIME>
</MPITEST>
<MPITEST>
<NAME>version</NAME>
<NP>1</NP>
<WORKDIR>./init</WORKDIR>
<STATUS>pass</STATUS>
<TIME>0.122143030166626</TIME>
</MPITEST>
<MPITEST>
<NAME>finalized</NAME>
<NP>1</NP>
<WORKDIR>./init</WORKDIR>
<STATUS>pass</STATUS>
<TIME>0.120872974395752</TIME>
</MPITEST>
<MPITEST>
<NAME>attrself</NAME>
<NP>1</NP>
<WORKDIR>./init</WORKDIR>
<STATUS>pass</STATUS>
<TIME>0.119534969329834</TIME>
</MPITEST>
<MPITEST>
<NAME>library_version</NAME>
<NP>1</NP>
<WORKDIR>./init</WORKDIR>
<STATUS>pass</STATUS>
<TIME>0.123934984207153</TIME>
</MPITEST>
<MPITEST>
<NAME>mpi_t_str</NAME>
<NP>1</NP>
<WORKDIR>./mpi_t</WORKDIR>
<STATUS>pass</STATUS>
<TIME>0.123341083526611</TIME>
</MPITEST>
<MPITEST>
<NAME>mpit_vars</NAME>
<NP>1</NP>
<WORKDIR>./mpi_t</WORKDIR>
<STATUS>pass</STATUS>
<TIME>0.12322211265564</TIME>
</MPITEST>
<MPITEST>
<NAME>cvarwrite</NAME>
<NP>1</NP>
<WORKDIR>./mpi_t</WORKDIR>
<STATUS>pass</STATUS>
<TIME>0.122987031936646</TIME>
</MPITEST>
<MPITEST>
<NAME>getindex</NAME>
<NP>1</NP>
<WORKDIR>./mpi_t</WORKDIR>
<STATUS>pass</STATUS>
<TIME>0.122945070266724</TIME>
</MPITEST>
<MPITEST>
<NAME>sendrecv2</NAME>
<NP>2</NP>
<WORKDIR>./pt2pt</WORKDIR>
<STATUS>pass</STATUS>
<TIME>0.127570867538452</TIME>
</MPITEST>
<MPITEST>
<NAME>sendrecv3</NAME>
<NP>2</NP>
<WORKDIR>./pt2pt</WORKDIR>
<STATUS>pass</STATUS>
<TIME>4.12855982780457</TIME>
</MPITEST>
<MPITEST>
<NAME>sendflood</NAME>
<NP>8</NP>
<WORKDIR>./pt2pt</WORKDIR>
<STATUS>pass</STATUS>
<TIME>0.717321872711182</TIME>
</MPITEST>
<MPITEST>
<NAME>sendall</NAME>
<NP>4</NP>
<WORKDIR>./pt2pt</WORKDIR>
<STATUS>pass</STATUS>
<TIME>0.131749153137207</TIME>
</MPITEST>
<MPITEST>
<NAME>anyall</NAME>
<NP>2</NP>
<WORKDIR>./pt2pt</WORKDIR>
<STATUS>pass</STATUS>
<TIME>0.125477075576782</TIME>
</MPITEST>
<MPITEST>
<NAME>eagerdt</NAME>
<NP>2</NP>
<WORKDIR>./pt2pt</WORKDIR>
<STATUS>pass</STATUS>
<TIME>2.1262788772583</TIME>
</MPITEST>
<MPITEST>
<NAME>bottom</NAME>
<NP>2</NP>
<WORKDIR>./pt2pt</WORKDIR>
<STATUS>pass</STATUS>
<TIME>0.122781038284302</TIME>
</MPITEST>
<MPITEST>
<NAME>bsend1</NAME>
<NP>1</NP>
<WORKDIR>./pt2pt</WORKDIR>
<STATUS>pass</STATUS>
<TIME>0.123167991638184</TIME>
</MPITEST>
<MPITEST>
<NAME>bsend2</NAME>
<NP>1</NP>
<WORKDIR>./pt2pt</WORKDIR>
<STATUS>pass</STATUS>
<TIME>0.12608003616333</TIME>
</MPITEST>
<MPITEST>
<NAME>bsend3</NAME>
<NP>1</NP>
<WORKDIR>./pt2pt</WORKDIR>
<STATUS>pass</STATUS>
<TIME>0.12177300453186</TIME>
</MPITEST>
<MPITEST>
<NAME>bsend4</NAME>
<NP>1</NP>
<WORKDIR>./pt2pt</WORKDIR>
<STATUS>pass</STATUS>
<TIME>0.120301008224487</TIME>
</MPITEST>
<MPITEST>
<NAME>bsend5</NAME>
<NP>4</NP>
<WORKDIR>./pt2pt</WORKDIR>
<STATUS>pass</STATUS>
<TIME>0.132442951202393</TIME>
</MPITEST>
<MPITEST>
<NAME>bsendalign</NAME>
<NP>2</NP>
<WORKDIR>./pt2pt</WORKDIR>
<STATUS>pass</STATUS>
<TIME>0.129127979278564</TIME>
</MPITEST>
<MPITEST>
<NAME>bsendpending</NAME>
<NP>2</NP>
<WORKDIR>./pt2pt</WORKDIR>
<STATUS>pass</STATUS>
<TIME>8.13932108879089</TIME>
</MPITEST>
<MPITEST>
<NAME>isendself</NAME>
<NP>1</NP>
<WORKDIR>./pt2pt</WORKDIR>
<STATUS>pass</STATUS>
<TIME>0.124548196792603</TIME>
</MPITEST>
<MPITEST>
<NAME>isendirecv</NAME>
<NP>10</NP>
<WORKDIR>./pt2pt</WORKDIR>
<STATUS>pass</STATUS>
<TIME>0.152873992919922</TIME>
</MPITEST>
<MPITEST>
<NAME>bsendfrag</NAME>
<NP>2</NP>
<WORKDIR>./pt2pt</WORKDIR>
<STATUS>pass</STATUS>
<TIME>0.128055095672607</TIME>
</MPITEST>
<MPITEST>
<NAME>icsend</NAME>
<NP>4</NP>
<WORKDIR>./pt2pt</WORKDIR>
<STATUS>pass</STATUS>
<TIME>0.130662202835083</TIME>
</MPITEST>
<MPITEST>
<NAME>rqstatus</NAME>
<NP>2</NP>
<WORKDIR>./pt2pt</WORKDIR>
<STATUS>pass</STATUS>
<TIME>0.125740051269531</TIME>
</MPITEST>
<MPITEST>
<NAME>rqfreeb</NAME>
<NP>4</NP>
<WORKDIR>./pt2pt</WORKDIR>
<STATUS>pass</STATUS>
<TIME>0.132576942443848</TIME>
</MPITEST>
<MPITEST>
<NAME>greq1</NAME>
<NP>1</NP>
<WORKDIR>./pt2pt</WORKDIR>
<STATUS>pass</STATUS>
<TIME>0.122064113616943</TIME>
</MPITEST>
<MPITEST>
<NAME>probe_unexp</NAME>
<NP>4</NP>
<WORKDIR>./pt2pt</WORKDIR>
<STATUS>pass</STATUS>
<TIME>0.163666009902954</TIME>
</MPITEST>
<MPITEST>
<NAME>probenull</NAME>
<NP>1</NP>
<WORKDIR>./pt2pt</WORKDIR>
<STATUS>pass</STATUS>
<TIME>0.120816946029663</TIME>
</MPITEST>
<MPITEST>
<NAME>rcancel</NAME>
<NP>2</NP>
<WORKDIR>./pt2pt</WORKDIR>
<STATUS>pass</STATUS>
<TIME>0.128674030303955</TIME>
</MPITEST>
<MPITEST>
<NAME>cancelanysrc</NAME>
<NP>2</NP>
<WORKDIR>./pt2pt</WORKDIR>
<STATUS>pass</STATUS>
<TIME>0.128037929534912</TIME>
</MPITEST>
<MPITEST>
<NAME>isendselfprobe</NAME>
<NP>1</NP>
<WORKDIR>./pt2pt</WORKDIR>
<STATUS>pass</STATUS>
<TIME>0.123610973358154</TIME>
</MPITEST>
<MPITEST>
<NAME>inactivereq</NAME>
<NP>1</NP>
<WORKDIR>./pt2pt</WORKDIR>
<STATUS>pass</STATUS>
<TIME>0.121618986129761</TIME>
</MPITEST>
<MPITEST>
<NAME>waittestnull</NAME>
<NP>1</NP>
<WORKDIR>./pt2pt</WORKDIR>
<STATUS>pass</STATUS>
<TIME>0.122966051101685</TIME>
</MPITEST>
<MPITEST>
<NAME>waitany_null</NAME>
<NP>1</NP>
<WORKDIR>./pt2pt</WORKDIR>
<STATUS>pass</STATUS>
<TIME>0.124238967895508</TIME>
</MPITEST>
<MPITEST>
<NAME>mprobe</NAME>
<NP>2</NP>
<WORKDIR>./pt2pt</WORKDIR>
<STATUS>pass</STATUS>
<TIME>0.132290124893188</TIME>
</MPITEST>
<MPITEST>
<NAME>big_count_status</NAME>
<NP>1</NP>
<WORKDIR>./pt2pt</WORKDIR>
<STATUS>pass</STATUS>
<TIME>0.12297797203064</TIME>
</MPITEST>
<MPITEST>
<NAME>many_isend</NAME>
<NP>3</NP>
<WORKDIR>./pt2pt</WORKDIR>
<STATUS>pass</STATUS>
<TIME>0.13059401512146</TIME>
</MPITEST>
<MPITEST>
<NAME>manylmt</NAME>
<NP>2</NP>
<WORKDIR>./pt2pt</WORKDIR>
<STATUS>pass</STATUS>
<TIME>0.31720495223999</TIME>
</MPITEST>
<MPITEST>
<NAME>huge_underflow</NAME>
<NP>2</NP>
<WORKDIR>./pt2pt</WORKDIR>
<STATUS>pass</STATUS>
<TIME>0.124624967575073</TIME>
</MPITEST>
<MPITEST>
<NAME>huge_anysrc</NAME>
<NP>2</NP>
<WORKDIR>./pt2pt</WORKDIR>
<STATUS>pass</STATUS>
<TIME>0.317389965057373</TIME>
</MPITEST>
<MPITEST>
<NAME>huge_dupcomm</NAME>
<NP>2</NP>
<WORKDIR>./pt2pt</WORKDIR>
<STATUS>pass</STATUS>
<TIME>0.150635957717896</TIME>
</MPITEST>
<MPITEST>
<NAME>dtype_send</NAME>
<NP>2</NP>
<WORKDIR>./pt2pt</WORKDIR>
<STATUS>pass</STATUS>
<TIME>0.124840974807739</TIME>
</MPITEST>
<MPITEST>
<NAME>recv_any</NAME>
<NP>2</NP>
<WORKDIR>./pt2pt</WORKDIR>
<STATUS>pass</STATUS>
<TIME>0.126231908798218</TIME>
</MPITEST>
<MPITEST>
<NAME>irecv_any</NAME>
<NP>2</NP>
<WORKDIR>./pt2pt</WORKDIR>
<STATUS>pass</STATUS>
<TIME>0.126418828964233</TIME>
</MPITEST>
<MPITEST>
<NAME>large_tag</NAME>
<NP>2</NP>
<WORKDIR>./pt2pt</WORKDIR>
<STATUS>pass</STATUS>
<TIME>0.126217126846313</TIME>
</MPITEST>
<MPITEST>
<NAME>pingping__BASIC__L28</NAME>
<NP>2</NP>
<WORKDIR>./pt2pt</WORKDIR>
<STATUS>pass</STATUS>
<TIME>0.236649990081787</TIME>
</MPITEST>
<MPITEST>
<NAME>pingping__BASIC__L28</NAME>
<NP>2</NP>
<WORKDIR>./pt2pt</WORKDIR>
<STATUS>pass</STATUS>
<TIME>0.264845132827759</TIME>
</MPITEST>
<MPITEST>
<NAME>pingping__BASIC__L28</NAME>
<NP>2</NP>
<WORKDIR>./pt2pt</WORKDIR>
<STATUS>pass</STATUS>
<TIME>0.254685163497925</TIME>
</MPITEST>
<MPITEST>
<NAME>pingping__BASIC__L28</NAME>
<NP>2</NP>
<WORKDIR>./pt2pt</WORKDIR>
<STATUS>pass</STATUS>
<TIME>0.26282787322998</TIME>
</MPITEST>
<MPITEST>
<NAME>pingping__BASIC__L28</NAME>
<NP>2</NP>
<WORKDIR>./pt2pt</WORKDIR>
<STATUS>pass</STATUS>
<TIME>0.258519172668457</TIME>
</MPITEST>
<MPITEST>
<NAME>pingping__BASIC__L28</NAME>
<NP>2</NP>
<WORKDIR>./pt2pt</WORKDIR>
<STATUS>pass</STATUS>
<TIME>0.262988090515137</TIME>
</MPITEST>
<MPITEST>
<NAME>pingping__BASIC__L28</NAME>
<NP>2</NP>
<WORKDIR>./pt2pt</WORKDIR>
<STATUS>pass</STATUS>
<TIME>0.262048959732056</TIME>
</MPITEST>
<MPITEST>
<NAME>pingping__BASIC__L28</NAME>
<NP>2</NP>
<WORKDIR>./pt2pt</WORKDIR>
<STATUS>pass</STATUS>
<TIME>0.270961046218872</TIME>
</MPITEST>
<MPITEST>
<NAME>pingping__BASIC__L28</NAME>
<NP>2</NP>
<WORKDIR>./pt2pt</WORKDIR>
<STATUS>pass</STATUS>
<TIME>0.276221036911011</TIME>
</MPITEST>
<MPITEST>
<NAME>pingping__BASIC__L28</NAME>
<NP>2</NP>
<WORKDIR>./pt2pt</WORKDIR>
<STATUS>pass</STATUS>
<TIME>0.287317037582397</TIME>
</MPITEST>
<MPITEST>
<NAME>pingping__BASIC__L28</NAME>
<NP>2</NP>
<WORKDIR>./pt2pt</WORKDIR>
<STATUS>pass</STATUS>
<TIME>0.295958995819092</TIME>
</MPITEST>
<MPITEST>
<NAME>pingping__BASIC__L28</NAME>
<NP>2</NP>
<WORKDIR>./pt2pt</WORKDIR>
<STATUS>pass</STATUS>
<TIME>0.308884859085083</TIME>
</MPITEST>
<MPITEST>
<NAME>pingping__BASIC__L28</NAME>
<NP>2</NP>
<WORKDIR>./pt2pt</WORKDIR>
<STATUS>pass</STATUS>
<TIME>0.33901309967041</TIME>
</MPITEST>
<MPITEST>
<NAME>pingping__BASIC__L28</NAME>
<NP>2</NP>
<WORKDIR>./pt2pt</WORKDIR>
<STATUS>pass</STATUS>
<TIME>0.348468065261841</TIME>
</MPITEST>
<MPITEST>
<NAME>pingping__BASIC__L28</NAME>
<NP>2</NP>
<WORKDIR>./pt2pt</WORKDIR>
<STATUS>pass</STATUS>
<TIME>0.407145023345947</TIME>
</MPITEST>
<MPITEST>
<NAME>pingping__BASIC__L28</NAME>
<NP>2</NP>
<WORKDIR>./pt2pt</WORKDIR>
<STATUS>pass</STATUS>
<TIME>0.412672996520996</TIME>
</MPITEST>
<MPITEST>
<NAME>pingping__BASIC__L28</NAME>
<NP>2</NP>
<WORKDIR>./pt2pt</WORKDIR>
<STATUS>pass</STATUS>
<TIME>0.530388116836548</TIME>
</MPITEST>
<MPITEST>
<NAME>pingping__BASIC__L28</NAME>
<NP>2</NP>
<WORKDIR>./pt2pt</WORKDIR>
<STATUS>pass</STATUS>
<TIME>0.558135032653809</TIME>
</MPITEST>
<MPITEST>
<NAME>pingping__BASIC__L28</NAME>
<NP>2</NP>
<WORKDIR>./pt2pt</WORKDIR>
<STATUS>pass</STATUS>
<TIME>0.768560171127319</TIME>
</MPITEST>
<MPITEST>
<NAME>pingping__BASIC__L28</NAME>
<NP>2</NP>
<WORKDIR>./pt2pt</WORKDIR>
<STATUS>pass</STATUS>
<TIME>0.779911994934082</TIME>
</MPITEST>
<MPITEST>
<NAME>pingping__BASIC__L28</NAME>
<NP>2</NP>
<WORKDIR>./pt2pt</WORKDIR>
<STATUS>pass</STATUS>
<TIME>1.11284613609314</TIME>
</MPITEST>
<MPITEST>
<NAME>pingping__BASIC__L28</NAME>
<NP>2</NP>
<WORKDIR>./pt2pt</WORKDIR>
<STATUS>pass</STATUS>
<TIME>1.1185781955719</TIME>
</MPITEST>
<MPITEST>
<NAME>pingping__BASIC__L28</NAME>
<NP>2</NP>
<WORKDIR>./pt2pt</WORKDIR>
<STATUS>pass</STATUS>
<TIME>1.35379195213318</TIME>
</MPITEST>
<MPITEST>
<NAME>pingping__BASIC__L28</NAME>
<NP>2</NP>
<WORKDIR>./pt2pt</WORKDIR>
<STATUS>pass</STATUS>
<TIME>1.36029195785522</TIME>
</MPITEST>
<MPITEST>
<NAME>pingping__BASIC__L28</NAME>
<NP>2</NP>
<WORKDIR>./pt2pt</WORKDIR>
<STATUS>pass</STATUS>
<TIME>0.127883911132812</TIME>
</MPITEST>
<MPITEST>
<NAME>pingping__BASIC__L28</NAME>
<NP>2</NP>
<WORKDIR>./pt2pt</WORKDIR>
<STATUS>pass</STATUS>
<TIME>0.1286780834198</TIME>
</MPITEST>
<MPITEST>
<NAME>pingping__BASIC__L28</NAME>
<NP>2</NP>
<WORKDIR>./pt2pt</WORKDIR>
<STATUS>pass</STATUS>
<TIME>0.134016036987305</TIME>
</MPITEST>
<MPITEST>
<NAME>pingping__BASIC__L28</NAME>
<NP>2</NP>
<WORKDIR>./pt2pt</WORKDIR>
<STATUS>pass</STATUS>
<TIME>0.13804292678833</TIME>
</MPITEST>
<MPITEST>
<NAME>pingping__BASIC__L28</NAME>
<NP>2</NP>
<WORKDIR>./pt2pt</WORKDIR>
<STATUS>pass</STATUS>
<TIME>0.136702060699463</TIME>
</MPITEST>
<MPITEST>
<NAME>pingping__BASIC__L28</NAME>
<NP>2</NP>
<WORKDIR>./pt2pt</WORKDIR>
<STATUS>pass</STATUS>
<TIME>0.147747993469238</TIME>
</MPITEST>
<MPITEST>
<NAME>pingping__BASIC__L28</NAME>
<NP>2</NP>
<WORKDIR>./pt2pt</WORKDIR>
<STATUS>pass</STATUS>
<TIME>0.150144100189209</TIME>
</MPITEST>
<MPITEST>
<NAME>pingping__BASIC__L28</NAME>
<NP>2</NP>
<WORKDIR>./pt2pt</WORKDIR>
<STATUS>pass</STATUS>
<TIME>0.165284872055054</TIME>
</MPITEST>
<MPITEST>
<NAME>pingping__BASIC__L28</NAME>
<NP>2</NP>
<WORKDIR>./pt2pt</WORKDIR>
<STATUS>pass</STATUS>
<TIME>0.169822931289673</TIME>
</MPITEST>
<MPITEST>
<NAME>pingping__BASIC__L28</NAME>
<NP>2</NP>
<WORKDIR>./pt2pt</WORKDIR>
<STATUS>pass</STATUS>
<TIME>0.20405387878418</TIME>
</MPITEST>
<MPITEST>
<NAME>pingping__BASIC__L28</NAME>
<NP>2</NP>
<WORKDIR>./pt2pt</WORKDIR>
<STATUS>pass</STATUS>
<TIME>0.212882041931152</TIME>
</MPITEST>
<MPITEST>
<NAME>pingping__BASIC__L28</NAME>
<NP>2</NP>
<WORKDIR>./pt2pt</WORKDIR>
<STATUS>pass</STATUS>
<TIME>0.30787992477417</TIME>
</MPITEST>
<MPITEST>
<NAME>pingping__BASIC__L28</NAME>
<NP>2</NP>
<WORKDIR>./pt2pt</WORKDIR>
<STATUS>pass</STATUS>
<TIME>0.335645914077759</TIME>
</MPITEST>
<MPITEST>
<NAME>pingping__BASIC__L28</NAME>
<NP>2</NP>
<WORKDIR>./pt2pt</WORKDIR>
<STATUS>pass</STATUS>
<TIME>0.230752944946289</TIME>
</MPITEST>
<MPITEST>
<NAME>pingping__BASIC__L28</NAME>
<NP>2</NP>
<WORKDIR>./pt2pt</WORKDIR>
<STATUS>pass</STATUS>
<TIME>0.25572395324707</TIME>
</MPITEST>
<MPITEST>
<NAME>pingping__BASIC__L28</NAME>
<NP>2</NP>
<WORKDIR>./pt2pt</WORKDIR>
<STATUS>pass</STATUS>
<TIME>0.255346059799194</TIME>
</MPITEST>
<MPITEST>
<NAME>pingping__BASIC__L28</NAME>
<NP>2</NP>
<WORKDIR>./pt2pt</WORKDIR>
<STATUS>pass</STATUS>
<TIME>0.265748023986816</TIME>
</MPITEST>
<MPITEST>
<NAME>pingping__BASIC__L28</NAME>
<NP>2</NP>
<WORKDIR>./pt2pt</WORKDIR>
<STATUS>pass</STATUS>
<TIME>0.261340856552124</TIME>
</MPITEST>
<MPITEST>
<NAME>pingping__BASIC__L28</NAME>
<NP>2</NP>
<WORKDIR>./pt2pt</WORKDIR>
<STATUS>pass</STATUS>
<TIME>0.264677047729492</TIME>
</MPITEST>
<MPITEST>
<NAME>pingping__BASIC__L28</NAME>
<NP>2</NP>
<WORKDIR>./pt2pt</WORKDIR>
<STATUS>pass</STATUS>
<TIME>0.277784109115601</TIME>
</MPITEST>
<MPITEST>
<NAME>pingping__BASIC__L28</NAME>
<NP>2</NP>
<WORKDIR>./pt2pt</WORKDIR>
<STATUS>pass</STATUS>
<TIME>0.273080110549927</TIME>
</MPITEST>
<MPITEST>
<NAME>pingping__BASIC__L28</NAME>
<NP>2</NP>
<WORKDIR>./pt2pt</WORKDIR>
<STATUS>pass</STATUS>
<TIME>0.279762983322144</TIME>
</MPITEST>
<MPITEST>
<NAME>pingping__BASIC__L28</NAME>
<NP>2</NP>
<WORKDIR>./pt2pt</WORKDIR>
<STATUS>pass</STATUS>
<TIME>0.294174909591675</TIME>
</MPITEST>
<MPITEST>
<NAME>pingping__BASIC__L28</NAME>
<NP>2</NP>
<WORKDIR>./pt2pt</WORKDIR>
<STATUS>pass</STATUS>
<TIME>0.308587074279785</TIME>
</MPITEST>
<MPITEST>
<NAME>pingping__BASIC__L28</NAME>
<NP>2</NP>
<WORKDIR>./pt2pt</WORKDIR>
<STATUS>pass</STATUS>
<TIME>0.309549808502197</TIME>
</MPITEST>
<MPITEST>
<NAME>pingping__BASIC__L28</NAME>
<NP>2</NP>
<WORKDIR>./pt2pt</WORKDIR>
<STATUS>pass</STATUS>
<TIME>0.357119083404541</TIME>
</MPITEST>
<MPITEST>
<NAME>pingping__BASIC__L28</NAME>
<NP>2</NP>
<WORKDIR>./pt2pt</WORKDIR>
<STATUS>pass</STATUS>
<TIME>0.363921165466309</TIME>
</MPITEST>
<MPITEST>
<NAME>pingping__BASIC__L28</NAME>
<NP>2</NP>
<WORKDIR>./pt2pt</WORKDIR>
<STATUS>pass</STATUS>
<TIME>0.435420989990234</TIME>
</MPITEST>
<MPITEST>
<NAME>pingping__BASIC__L28</NAME>
<NP>2</NP>
<WORKDIR>./pt2pt</WORKDIR>
<STATUS>pass</STATUS>
<TIME>0.451035976409912</TIME>
</MPITEST>
<MPITEST>
<NAME>pingping__BASIC__L28</NAME>
<NP>2</NP>
<WORKDIR>./pt2pt</WORKDIR>
<STATUS>pass</STATUS>
<TIME>0.59893798828125</TIME>
</MPITEST>
<MPITEST>
<NAME>pingping__BASIC__L28</NAME>
<NP>2</NP>
<WORKDIR>./pt2pt</WORKDIR>
<STATUS>pass</STATUS>
<TIME>0.605162858963013</TIME>
</MPITEST>
<MPITEST>
<NAME>pingping__BASIC__L28</NAME>
<NP>2</NP>
<WORKDIR>./pt2pt</WORKDIR>
<STATUS>pass</STATUS>
<TIME>0.866652011871338</TIME>
</MPITEST>
<MPITEST>
<NAME>pingping__BASIC__L28</NAME>
<NP>2</NP>
<WORKDIR>./pt2pt</WORKDIR>
<STATUS>pass</STATUS>
<TIME>0.869976043701172</TIME>
</MPITEST>
<MPITEST>
<NAME>pingping__BASIC__L28</NAME>
<NP>2</NP>
<WORKDIR>./pt2pt</WORKDIR>
<STATUS>pass</STATUS>
<TIME>1.30268502235413</TIME>
</MPITEST>
<MPITEST>
<NAME>pingping__BASIC__L28</NAME>
<NP>2</NP>
<WORKDIR>./pt2pt</WORKDIR>
<STATUS>pass</STATUS>
<TIME>1.30289101600647</TIME>
</MPITEST>
<MPITEST>
<NAME>pingping__BASIC__L28</NAME>
<NP>2</NP>
<WORKDIR>./pt2pt</WORKDIR>
<STATUS>pass</STATUS>
<TIME>1.6139919757843</TIME>
</MPITEST>
<MPITEST>
<NAME>pingping__BASIC__L28</NAME>
<NP>2</NP>
<WORKDIR>./pt2pt</WORKDIR>
<STATUS>pass</STATUS>
<TIME>1.58167099952698</TIME>
</MPITEST>
<MPITEST>
<NAME>pingping__BASIC__L28</NAME>
<NP>2</NP>
<WORKDIR>./pt2pt</WORKDIR>
<STATUS>pass</STATUS>
<TIME>0.127991914749146</TIME>
</MPITEST>
<MPITEST>
<NAME>pingping__BASIC__L28</NAME>
<NP>2</NP>
<WORKDIR>./pt2pt</WORKDIR>
<STATUS>pass</STATUS>
<TIME>0.130454778671265</TIME>
</MPITEST>
<MPITEST>
<NAME>pingping__BASIC__L28</NAME>
<NP>2</NP>
<WORKDIR>./pt2pt</WORKDIR>
<STATUS>pass</STATUS>
<TIME>0.132505178451538</TIME>
</MPITEST>
<MPITEST>
<NAME>pingping__BASIC__L28</NAME>
<NP>2</NP>
<WORKDIR>./pt2pt</WORKDIR>
<STATUS>pass</STATUS>
<TIME>0.143834114074707</TIME>
</MPITEST>
<MPITEST>
<NAME>pingping__BASIC__L28</NAME>
<NP>2</NP>
<WORKDIR>./pt2pt</WORKDIR>
<STATUS>pass</STATUS>
<TIME>0.139180898666382</TIME>
</MPITEST>
<MPITEST>
<NAME>pingping__BASIC__L28</NAME>
<NP>2</NP>
<WORKDIR>./pt2pt</WORKDIR>
<STATUS>pass</STATUS>
<TIME>0.150720119476318</TIME>
</MPITEST>
<MPITEST>
<NAME>pingping__BASIC__L28</NAME>
<NP>2</NP>
<WORKDIR>./pt2pt</WORKDIR>
<STATUS>pass</STATUS>
<TIME>0.15158486366272</TIME>
</MPITEST>
<MPITEST>
<NAME>pingping__BASIC__L28</NAME>
<NP>2</NP>
<WORKDIR>./pt2pt</WORKDIR>
<STATUS>pass</STATUS>
<TIME>0.164961099624634</TIME>
</MPITEST>
<MPITEST>
<NAME>pingping__BASIC__L28</NAME>
<NP>2</NP>
<WORKDIR>./pt2pt</WORKDIR>
<STATUS>pass</STATUS>
<TIME>0.174008131027222</TIME>
</MPITEST>
<MPITEST>
<NAME>pingping__BASIC__L28</NAME>
<NP>2</NP>
<WORKDIR>./pt2pt</WORKDIR>
<STATUS>pass</STATUS>
<TIME>0.218085050582886</TIME>
</MPITEST>
<MPITEST>
<NAME>pingping__BASIC__L28</NAME>
<NP>2</NP>
<WORKDIR>./pt2pt</WORKDIR>
<STATUS>pass</STATUS>
<TIME>0.236807107925415</TIME>
</MPITEST>
<MPITEST>
<NAME>pingping__BASIC__L28</NAME>
<NP>2</NP>
<WORKDIR>./pt2pt</WORKDIR>
<STATUS>pass</STATUS>
<TIME>0.351494073867798</TIME>
</MPITEST>
<MPITEST>
<NAME>pingping__BASIC__L28</NAME>
<NP>2</NP>
<WORKDIR>./pt2pt</WORKDIR>
<STATUS>pass</STATUS>
<TIME>0.389200210571289</TIME>
</MPITEST>
<MPITEST>
<NAME>sendrecv1__BASIC__L29</NAME>
<NP>4</NP>
<WORKDIR>./pt2pt</WORKDIR>
<STATUS>pass</STATUS>
<TIME>0.131149053573608</TIME>
</MPITEST>
<MPITEST>
<NAME>sendrecv1__BASIC__L29</NAME>
<NP>4</NP>
<WORKDIR>./pt2pt</WORKDIR>
<STATUS>pass</STATUS>
<TIME>0.132383108139038</TIME>
</MPITEST>
<MPITEST>
<NAME>sendrecv1__BASIC__L29</NAME>
<NP>4</NP>
<WORKDIR>./pt2pt</WORKDIR>
<STATUS>pass</STATUS>
<TIME>0.13230299949646</TIME>
</MPITEST>
<MPITEST>
<NAME>sendrecv1__BASIC__L29</NAME>
<NP>4</NP>
<WORKDIR>./pt2pt</WORKDIR>
<STATUS>pass</STATUS>
<TIME>0.134122133255005</TIME>
</MPITEST>
<MPITEST>
<NAME>sendrecv1__BASIC__L29</NAME>
<NP>4</NP>
<WORKDIR>./pt2pt</WORKDIR>
<STATUS>pass</STATUS>
<TIME>0.130079984664917</TIME>
</MPITEST>
<MPITEST>
<NAME>sendrecv1__BASIC__L29</NAME>
<NP>4</NP>
<WORKDIR>./pt2pt</WORKDIR>
<STATUS>pass</STATUS>
<TIME>0.132318019866943</TIME>
</MPITEST>
<MPITEST>
<NAME>sendrecv1__BASIC__L29</NAME>
<NP>4</NP>
<WORKDIR>./pt2pt</WORKDIR>
<STATUS>pass</STATUS>
<TIME>0.128813982009888</TIME>
</MPITEST>
<MPITEST>
<NAME>sendrecv1__BASIC__L29</NAME>
<NP>4</NP>
<WORKDIR>./pt2pt</WORKDIR>
<STATUS>pass</STATUS>
<TIME>0.169034957885742</TIME>
</MPITEST>
<MPITEST>
<NAME>sendrecv1__BASIC__L29</NAME>
<NP>4</NP>
<WORKDIR>./pt2pt</WORKDIR>
<STATUS>pass</STATUS>
<TIME>0.203294038772583</TIME>
</MPITEST>
<MPITEST>
<NAME>sendrecv1__BASIC__L29</NAME>
<NP>4</NP>
<WORKDIR>./pt2pt</WORKDIR>
<STATUS>pass</STATUS>
<TIME>0.681440114974976</TIME>
</MPITEST>
<MPITEST>
<NAME>sendrecv1__BASIC__L29</NAME>
<NP>4</NP>
<WORKDIR>./pt2pt</WORKDIR>
<STATUS>pass</STATUS>
<TIME>0.977112054824829</TIME>
</MPITEST>
<MPITEST>
<NAME>sendrecv1__BASIC__L29</NAME>
<NP>4</NP>
<WORKDIR>./pt2pt</WORKDIR>
<STATUS>pass</STATUS>
<TIME>0.132580041885376</TIME>
</MPITEST>
<MPITEST>
<NAME>sendrecv1__BASIC__L29</NAME>
<NP>4</NP>
<WORKDIR>./pt2pt</WORKDIR>
<STATUS>pass</STATUS>
<TIME>0.129223108291626</TIME>
</MPITEST>
<MPITEST>
<NAME>sendrecv1__BASIC__L29</NAME>
<NP>4</NP>
<WORKDIR>./pt2pt</WORKDIR>
<STATUS>pass</STATUS>
<TIME>0.129503011703491</TIME>
</MPITEST>
<MPITEST>
<NAME>sendrecv1__BASIC__L29</NAME>
<NP>4</NP>
<WORKDIR>./pt2pt</WORKDIR>
<STATUS>pass</STATUS>
<TIME>0.131716012954712</TIME>
</MPITEST>
<MPITEST>
<NAME>sendrecv1__BASIC__L29</NAME>
<NP>4</NP>
<WORKDIR>./pt2pt</WORKDIR>
<STATUS>pass</STATUS>
<TIME>0.129838943481445</TIME>
</MPITEST>
<MPITEST>
<NAME>sendrecv1__BASIC__L29</NAME>
<NP>4</NP>
<WORKDIR>./pt2pt</WORKDIR>
<STATUS>pass</STATUS>
<TIME>0.130354166030884</TIME>
</MPITEST>
<MPITEST>
<NAME>sendrecv1__BASIC__L29</NAME>
<NP>4</NP>
<WORKDIR>./pt2pt</WORKDIR>
<STATUS>pass</STATUS>
<TIME>0.128846883773804</TIME>
</MPITEST>
<MPITEST>
<NAME>sendrecv1__BASIC__L29</NAME>
<NP>4</NP>
<WORKDIR>./pt2pt</WORKDIR>
<STATUS>pass</STATUS>
<TIME>0.185962915420532</TIME>
</MPITEST>
<MPITEST>
<NAME>sendrecv1__BASIC__L29</NAME>
<NP>4</NP>
<WORKDIR>./pt2pt</WORKDIR>
<STATUS>pass</STATUS>
<TIME>0.222331047058105</TIME>
</MPITEST>
<MPITEST>
<NAME>sendrecv1__BASIC__L29</NAME>
<NP>4</NP>
<WORKDIR>./pt2pt</WORKDIR>
<STATUS>pass</STATUS>
<TIME>0.84293007850647</TIME>
</MPITEST>
<MPITEST>
<NAME>sendrecv1__BASIC__L29</NAME>
<NP>4</NP>
<WORKDIR>./pt2pt</WORKDIR>
<STATUS>pass</STATUS>
<TIME>1.3088710308075</TIME>
</MPITEST>
<MPITEST>
<NAME>sendself__BASIC__L30</NAME>
<NP>1</NP>
<WORKDIR>./pt2pt</WORKDIR>
<STATUS>pass</STATUS>
<TIME>0.121006011962891</TIME>
</MPITEST>
<MPITEST>
<NAME>sendself__BASIC__L30</NAME>
<NP>1</NP>
<WORKDIR>./pt2pt</WORKDIR>
<STATUS>pass</STATUS>
<TIME>0.122288942337036</TIME>
</MPITEST>
<MPITEST>
<NAME>sendself__BASIC__L30</NAME>
<NP>1</NP>
<WORKDIR>./pt2pt</WORKDIR>
<STATUS>pass</STATUS>
<TIME>0.124826192855835</TIME>
</MPITEST>
<MPITEST>
<NAME>sendself__BASIC__L30</NAME>
<NP>1</NP>
<WORKDIR>./pt2pt</WORKDIR>
<STATUS>pass</STATUS>
<TIME>0.125462055206299</TIME>
</MPITEST>
<MPITEST>
<NAME>sendself__BASIC__L30</NAME>
<NP>1</NP>
<WORKDIR>./pt2pt</WORKDIR>
<STATUS>pass</STATUS>
<TIME>0.122180938720703</TIME>
</MPITEST>
<MPITEST>
<NAME>sendself__BASIC__L30</NAME>
<NP>1</NP>
<WORKDIR>./pt2pt</WORKDIR>
<STATUS>pass</STATUS>
<TIME>0.12336802482605</TIME>
</MPITEST>
<MPITEST>
<NAME>sendself__BASIC__L30</NAME>
<NP>1</NP>
<WORKDIR>./pt2pt</WORKDIR>
<STATUS>pass</STATUS>
<TIME>0.126085996627808</TIME>
</MPITEST>
<MPITEST>
<NAME>sendself__BASIC__L30</NAME>
<NP>1</NP>
<WORKDIR>./pt2pt</WORKDIR>
<STATUS>pass</STATUS>
<TIME>0.128914833068848</TIME>
</MPITEST>
<MPITEST>
<NAME>sendself__BASIC__L30</NAME>
<NP>1</NP>
<WORKDIR>./pt2pt</WORKDIR>
<STATUS>pass</STATUS>
<TIME>0.137243986129761</TIME>
</MPITEST>
<MPITEST>
<NAME>sendself__BASIC__L30</NAME>
<NP>1</NP>
<WORKDIR>./pt2pt</WORKDIR>
<STATUS>pass</STATUS>
<TIME>0.164755821228027</TIME>
</MPITEST>
<MPITEST>
<NAME>sendself__BASIC__L30</NAME>
<NP>1</NP>
<WORKDIR>./pt2pt</WORKDIR>
<STATUS>pass</STATUS>
<TIME>0.232656002044678</TIME>
</MPITEST>
<MPITEST>
<NAME>sendself__BASIC__L30</NAME>
<NP>1</NP>
<WORKDIR>./pt2pt</WORKDIR>
<STATUS>pass</STATUS>
<TIME>0.12479305267334</TIME>
</MPITEST>
<MPITEST>
<NAME>sendself__BASIC__L30</NAME>
<NP>1</NP>
<WORKDIR>./pt2pt</WORKDIR>
<STATUS>pass</STATUS>
<TIME>0.124145984649658</TIME>
</MPITEST>
<MPITEST>
<NAME>sendself__BASIC__L30</NAME>
<NP>1</NP>
<WORKDIR>./pt2pt</WORKDIR>
<STATUS>pass</STATUS>
<TIME>0.122096061706543</TIME>
</MPITEST>
<MPITEST>
<NAME>sendself__BASIC__L30</NAME>
<NP>1</NP>
<WORKDIR>./pt2pt</WORKDIR>
<STATUS>pass</STATUS>
<TIME>0.123639822006226</TIME>
</MPITEST>
<MPITEST>
<NAME>sendself__BASIC__L30</NAME>
<NP>1</NP>
<WORKDIR>./pt2pt</WORKDIR>
<STATUS>pass</STATUS>
<TIME>0.12207818031311</TIME>
</MPITEST>
<MPITEST>
<NAME>sendself__BASIC__L30</NAME>
<NP>1</NP>
<WORKDIR>./pt2pt</WORKDIR>
<STATUS>pass</STATUS>
<TIME>0.120430946350098</TIME>
</MPITEST>
<MPITEST>
<NAME>sendself__BASIC__L30</NAME>
<NP>1</NP>
<WORKDIR>./pt2pt</WORKDIR>
<STATUS>pass</STATUS>
<TIME>0.125349998474121</TIME>
</MPITEST>
<MPITEST>
<NAME>sendself__BASIC__L30</NAME>
<NP>1</NP>
<WORKDIR>./pt2pt</WORKDIR>
<STATUS>pass</STATUS>
<TIME>0.12981915473938</TIME>
</MPITEST>
<MPITEST>
<NAME>sendself__BASIC__L30</NAME>
<NP>1</NP>
<WORKDIR>./pt2pt</WORKDIR>
<STATUS>pass</STATUS>
<TIME>0.140746116638184</TIME>
</MPITEST>
<MPITEST>
<NAME>sendself__BASIC__L30</NAME>
<NP>1</NP>
<WORKDIR>./pt2pt</WORKDIR>
<STATUS>pass</STATUS>
<TIME>0.176122903823853</TIME>
</MPITEST>
<MPITEST>
<NAME>sendself__BASIC__L30</NAME>
<NP>1</NP>
<WORKDIR>./pt2pt</WORKDIR>
<STATUS>pass</STATUS>
<TIME>0.287117958068848</TIME>
</MPITEST>
<MPITEST>
<NAME>sendrecv1__STRUCT__L38</NAME>
<NP>4</NP>
<WORKDIR>./pt2pt</WORKDIR>
<STATUS>pass</STATUS>
<TIME>0.126785039901733</TIME>
</MPITEST>
<MPITEST>
<NAME>sendself__STRUCT__L39</NAME>
<NP>1</NP>
<WORKDIR>./pt2pt</WORKDIR>
<STATUS>pass</STATUS>
<TIME>0.120585918426514</TIME>
</MPITEST>
<MPITEST>
<NAME>pingping__STRUCT__L40</NAME>
<NP>2</NP>
<WORKDIR>./pt2pt</WORKDIR>
<STATUS>pass</STATUS>
<TIME>0.136936902999878</TIME>
</MPITEST>
<MPITEST>
<NAME>winname</NAME>
<NP>2</NP>
<WORKDIR>./rma</WORKDIR>
<STATUS>pass</STATUS>
<TIME>0.128083944320679</TIME>
</MPITEST>
<MPITEST>
<NAME>allocmem</NAME>
<NP>2</NP>
<WORKDIR>./rma</WORKDIR>
<STATUS>pass</STATUS>
<TIME>0.12664794921875</TIME>
</MPITEST>
<MPITEST>
<NAME>putfidx</NAME>
<NP>4</NP>
<WORKDIR>./rma</WORKDIR>
<STATUS>pass</STATUS>
<TIME>0.133705854415894</TIME>
</MPITEST>
<MPITEST>
<NAME>adlb_mimic1</NAME>
<NP>3</NP>
<WORKDIR>./rma</WORKDIR>
<STATUS>pass</STATUS>
<TIME>0.278120040893555</TIME>
</MPITEST>
<MPITEST>
<NAME>accfence2</NAME>
<NP>4</NP>
<WORKDIR>./rma</WORKDIR>
<STATUS>pass</STATUS>
<TIME>0.142858028411865</TIME>
</MPITEST>
<MPITEST>
<NAME>getgroup</NAME>
<NP>4</NP>
<WORKDIR>./rma</WORKDIR>
<STATUS>pass</STATUS>
<TIME>0.12788200378418</TIME>
</MPITEST>
<MPITEST>
<NAME>transpose1</NAME>
<NP>2</NP>
<WORKDIR>./rma</WORKDIR>
<STATUS>pass</STATUS>
<TIME>0.150470972061157</TIME>
</MPITEST>
<MPITEST>
<NAME>transpose2</NAME>
<NP>2</NP>
<WORKDIR>./rma</WORKDIR>
<STATUS>pass</STATUS>
<TIME>0.129073143005371</TIME>
</MPITEST>
<MPITEST>
<NAME>transpose3</NAME>
<NP>2</NP>
<WORKDIR>./rma</WORKDIR>
<STATUS>pass</STATUS>
<TIME>0.128568887710571</TIME>
</MPITEST>
<MPITEST>
<NAME>transpose3_shm</NAME>
<NP>2</NP>
<WORKDIR>./rma</WORKDIR>
<STATUS>pass</STATUS>
<TIME>0.126425981521606</TIME>
</MPITEST>
<MPITEST>
<NAME>transpose5</NAME>
<NP>2</NP>
<WORKDIR>./rma</WORKDIR>
<STATUS>pass</STATUS>
<TIME>0.150360107421875</TIME>
</MPITEST>
<MPITEST>
<NAME>transpose6</NAME>
<NP>1</NP>
<WORKDIR>./rma</WORKDIR>
<STATUS>pass</STATUS>
<TIME>0.124397993087769</TIME>
</MPITEST>
<MPITEST>
<NAME>transpose7</NAME>
<NP>2</NP>
<WORKDIR>./rma</WORKDIR>
<STATUS>pass</STATUS>
<TIME>0.139567852020264</TIME>
</MPITEST>
<MPITEST>
<NAME>test1</NAME>
<NP>2</NP>
<WORKDIR>./rma</WORKDIR>
<STATUS>pass</STATUS>
<TIME>0.127410888671875</TIME>
</MPITEST>
<MPITEST>
<NAME>test2</NAME>
<NP>2</NP>
<WORKDIR>./rma</WORKDIR>
<STATUS>pass</STATUS>
<TIME>0.127540111541748</TIME>
</MPITEST>
<MPITEST>
<NAME>test2_shm</NAME>
<NP>2</NP>
<WORKDIR>./rma</WORKDIR>
<STATUS>pass</STATUS>
<TIME>0.127733945846558</TIME>
</MPITEST>
<MPITEST>
<NAME>test3</NAME>
<NP>2</NP>
<WORKDIR>./rma</WORKDIR>
<STATUS>pass</STATUS>
<TIME>0.158285140991211</TIME>
</MPITEST>
<MPITEST>
<NAME>test3_shm</NAME>
<NP>2</NP>
<WORKDIR>./rma</WORKDIR>
<STATUS>pass</STATUS>
<TIME>0.153603076934814</TIME>
</MPITEST>
<MPITEST>
<NAME>test4</NAME>
<NP>2</NP>
<WORKDIR>./rma</WORKDIR>
<STATUS>pass</STATUS>
<TIME>0.127774000167847</TIME>
</MPITEST>
<MPITEST>
<NAME>test5</NAME>
<NP>2</NP>
<WORKDIR>./rma</WORKDIR>
<STATUS>pass</STATUS>
<TIME>0.131165027618408</TIME>
</MPITEST>
<MPITEST>
<NAME>lockcontention</NAME>
<NP>3</NP>
<WORKDIR>./rma</WORKDIR>
<STATUS>pass</STATUS>
<TIME>0.129886150360107</TIME>
</MPITEST>
<MPITEST>
<NAME>lockcontention2</NAME>
<NP>4</NP>
<WORKDIR>./rma</WORKDIR>
<STATUS>pass</STATUS>
<TIME>0.141340017318726</TIME>
</MPITEST>
<MPITEST>
<NAME>lockcontention2</NAME>
<NP>8</NP>
<WORKDIR>./rma</WORKDIR>
<STATUS>pass</STATUS>
<TIME>0.181924104690552</TIME>
</MPITEST>
<MPITEST>
<NAME>lockcontention3</NAME>
<NP>8</NP>
<WORKDIR>./rma</WORKDIR>
<STATUS>pass</STATUS>
<TIME>0.139423847198486</TIME>
</MPITEST>
<MPITEST>
<NAME>lockopts</NAME>
<NP>2</NP>
<WORKDIR>./rma</WORKDIR>
<STATUS>pass</STATUS>
<TIME>0.129738092422485</TIME>
</MPITEST>
<MPITEST>
<NAME>transpose4</NAME>
<NP>2</NP>
<WORKDIR>./rma</WORKDIR>
<STATUS>pass</STATUS>
<TIME>0.123122930526733</TIME>
</MPITEST>
<MPITEST>
<NAME>fetchandadd</NAME>
<NP>7</NP>
<WORKDIR>./rma</WORKDIR>
<STATUS>pass</STATUS>
<TIME>0.14146900177002</TIME>
</MPITEST>
<MPITEST>
<NAME>fetchandadd_tree</NAME>
<NP>7</NP>
<WORKDIR>./rma</WORKDIR>
<STATUS>pass</STATUS>
<TIME>0.139567136764526</TIME>
</MPITEST>
<MPITEST>
<NAME>wintest</NAME>
<NP>2</NP>
<WORKDIR>./rma</WORKDIR>
<STATUS>pass</STATUS>
<TIME>0.128998041152954</TIME>
</MPITEST>
<MPITEST>
<NAME>wintest_shm</NAME>
<NP>2</NP>
<WORKDIR>./rma</WORKDIR>
<STATUS>pass</STATUS>
<TIME>0.128154993057251</TIME>
</MPITEST>
<MPITEST>
<NAME>contig_displ</NAME>
<NP>1</NP>
<WORKDIR>./rma</WORKDIR>
<STATUS>pass</STATUS>
<TIME>0.124419927597046</TIME>
</MPITEST>
<MPITEST>
<NAME>test1_am</NAME>
<NP>2</NP>
<WORKDIR>./rma</WORKDIR>
<STATUS>pass</STATUS>
<TIME>0.12690806388855</TIME>
</MPITEST>
<MPITEST>
<NAME>test2_am</NAME>
<NP>2</NP>
<WORKDIR>./rma</WORKDIR>
<STATUS>pass</STATUS>
<TIME>0.12727689743042</TIME>
</MPITEST>
<MPITEST>
<NAME>test2_am_shm</NAME>
<NP>2</NP>
<WORKDIR>./rma</WORKDIR>
<STATUS>pass</STATUS>
<TIME>0.125897884368896</TIME>
</MPITEST>
<MPITEST>
<NAME>test3_am</NAME>
<NP>2</NP>
<WORKDIR>./rma</WORKDIR>
<STATUS>pass</STATUS>
<TIME>0.157737970352173</TIME>
</MPITEST>
<MPITEST>
<NAME>test3_am_shm</NAME>
<NP>2</NP>
<WORKDIR>./rma</WORKDIR>
<STATUS>pass</STATUS>
<TIME>0.156105995178223</TIME>
</MPITEST>
<MPITEST>
<NAME>test4_am</NAME>
<NP>2</NP>
<WORKDIR>./rma</WORKDIR>
<STATUS>pass</STATUS>
<TIME>0.127559900283813</TIME>
</MPITEST>
<MPITEST>
<NAME>test5_am</NAME>
<NP>2</NP>
<WORKDIR>./rma</WORKDIR>
<STATUS>pass</STATUS>
<TIME>0.127664089202881</TIME>
</MPITEST>
<MPITEST>
<NAME>fetchandadd_am</NAME>
<NP>7</NP>
<WORKDIR>./rma</WORKDIR>
<STATUS>pass</STATUS>
<TIME>0.14037013053894</TIME>
</MPITEST>
<MPITEST>
<NAME>fetchandadd_tree_am</NAME>
<NP>7</NP>
<WORKDIR>./rma</WORKDIR>
<STATUS>pass</STATUS>
<TIME>0.14155912399292</TIME>
</MPITEST>
<MPITEST>
<NAME>accfence2_am</NAME>
<NP>4</NP>
<WORKDIR>./rma</WORKDIR>
<STATUS>pass</STATUS>
<TIME>0.129728078842163</TIME>
</MPITEST>
<MPITEST>
<NAME>test1_dt</NAME>
<NP>2</NP>
<WORKDIR>./rma</WORKDIR>
<STATUS>pass</STATUS>
<TIME>0.128340005874634</TIME>
</MPITEST>
<MPITEST>
<NAME>nullpscw</NAME>
<NP>7</NP>
<WORKDIR>./rma</WORKDIR>
<STATUS>pass</STATUS>
<TIME>0.140042066574097</TIME>
</MPITEST>
<MPITEST>
<NAME>nullpscw_shm</NAME>
<NP>7</NP>
<WORKDIR>./rma</WORKDIR>
<STATUS>pass</STATUS>
<TIME>0.136428833007812</TIME>
</MPITEST>
<MPITEST>
<NAME>attrorderwin</NAME>
<NP>1</NP>
<WORKDIR>./rma</WORKDIR>
<STATUS>pass</STATUS>
<TIME>0.121432065963745</TIME>
</MPITEST>
<MPITEST>
<NAME>wincall</NAME>
<NP>2</NP>
<WORKDIR>./rma</WORKDIR>
<STATUS>pass</STATUS>
<TIME>0.13844108581543</TIME>
</MPITEST>
<MPITEST>
<NAME>baseattrwin</NAME>
<NP>1</NP>
<WORKDIR>./rma</WORKDIR>
<STATUS>pass</STATUS>
<TIME>0.125373125076294</TIME>
</MPITEST>
<MPITEST>
<NAME>fkeyvalwin</NAME>
<NP>1</NP>
<WORKDIR>./rma</WORKDIR>
<STATUS>pass</STATUS>
<TIME>0.122402906417847</TIME>
</MPITEST>
<MPITEST>
<NAME>selfrma</NAME>
<NP>1</NP>
<WORKDIR>./rma</WORKDIR>
<STATUS>pass</STATUS>
<TIME>0.122543096542358</TIME>
</MPITEST>
<MPITEST>
<NAME>mixedsync</NAME>
<NP>4</NP>
<WORKDIR>./rma</WORKDIR>
<STATUS>pass</STATUS>
<TIME>0.130510091781616</TIME>
</MPITEST>
<MPITEST>
<NAME>locknull</NAME>
<NP>2</NP>
<WORKDIR>./rma</WORKDIR>
<STATUS>pass</STATUS>
<TIME>0.122280120849609</TIME>
</MPITEST>
<MPITEST>
<NAME>rmanull</NAME>
<NP>2</NP>
<WORKDIR>./rma</WORKDIR>
<STATUS>pass</STATUS>
<TIME>0.127290010452271</TIME>
</MPITEST>
<MPITEST>
<NAME>rmazero</NAME>
<NP>2</NP>
<WORKDIR>./rma</WORKDIR>
<STATUS>pass</STATUS>
<TIME>0.130269050598145</TIME>
</MPITEST>
<MPITEST>
<NAME>strided_acc_indexed</NAME>
<NP>2</NP>
<WORKDIR>./rma</WORKDIR>
<STATUS>pass</STATUS>
<TIME>0.127676010131836</TIME>
</MPITEST>
<MPITEST>
<NAME>strided_acc_onelock</NAME>
<NP>2</NP>
<WORKDIR>./rma</WORKDIR>
<STATUS>pass</STATUS>
<TIME>0.217228174209595</TIME>
</MPITEST>
<MPITEST>
<NAME>strided_acc_subarray</NAME>
<NP>2</NP>
<WORKDIR>./rma</WORKDIR>
<STATUS>pass</STATUS>
<TIME>0.178382158279419</TIME>
</MPITEST>
<MPITEST>
<NAME>strided_get_indexed</NAME>
<NP>2</NP>
<WORKDIR>./rma</WORKDIR>
<STATUS>pass</STATUS>
<TIME>0.127470016479492</TIME>
</MPITEST>
<MPITEST>
<NAME>strided_putget_indexed</NAME>
<NP>4</NP>
<WORKDIR>./rma</WORKDIR>
<STATUS>pass</STATUS>
<TIME>0.132460832595825</TIME>
</MPITEST>
<MPITEST>
<NAME>strided_putget_indexed_shared</NAME>
<NP>4</NP>
<WORKDIR>./rma</WORKDIR>
<STATUS>pass</STATUS>
<TIME>0.135289907455444</TIME>
</MPITEST>
<MPITEST>
<NAME>strided_getacc_indexed</NAME>
<NP>4</NP>
<WORKDIR>./rma</WORKDIR>
<STATUS>pass</STATUS>
<TIME>0.128030061721802</TIME>
</MPITEST>
<MPITEST>
<NAME>strided_getacc_indexed_shared</NAME>
<NP>4</NP>
<WORKDIR>./rma</WORKDIR>
<STATUS>pass</STATUS>
<TIME>0.130192041397095</TIME>
</MPITEST>
<MPITEST>
<NAME>window_creation</NAME>
<NP>2</NP>
<WORKDIR>./rma</WORKDIR>
<STATUS>pass</STATUS>
<TIME>0.148667812347412</TIME>
</MPITEST>
<MPITEST>
<NAME>contention_put</NAME>
<NP>4</NP>
<WORKDIR>./rma</WORKDIR>
<STATUS>pass</STATUS>
<TIME>0.151374101638794</TIME>
</MPITEST>
<MPITEST>
<NAME>contention_putget</NAME>
<NP>4</NP>
<WORKDIR>./rma</WORKDIR>
<STATUS>pass</STATUS>
<TIME>0.19258189201355</TIME>
</MPITEST>
<MPITEST>
<NAME>put_base</NAME>
<NP>2</NP>
<WORKDIR>./rma</WORKDIR>
<STATUS>pass</STATUS>
<TIME>0.186352968215942</TIME>
</MPITEST>
<MPITEST>
<NAME>put_bottom</NAME>
<NP>2</NP>
<WORKDIR>./rma</WORKDIR>
<STATUS>pass</STATUS>
<TIME>0.189728975296021</TIME>
</MPITEST>
<MPITEST>
<NAME>win_flavors</NAME>
<NP>4</NP>
<WORKDIR>./rma</WORKDIR>
<STATUS>pass</STATUS>
<TIME>0.127863168716431</TIME>
</MPITEST>
<MPITEST>
<NAME>win_flavors</NAME>
<NP>3</NP>
<WORKDIR>./rma</WORKDIR>
<STATUS>pass</STATUS>
<TIME>0.129299879074097</TIME>
</MPITEST>
<MPITEST>
<NAME>manyrma2</NAME>
<NP>2</NP>
<WORKDIR>./rma</WORKDIR>
<STATUS>pass</STATUS>
<TIME>0.39197301864624</TIME>
</MPITEST>
<MPITEST>
<NAME>manyrma2_shm</NAME>
<NP>2</NP>
<WORKDIR>./rma</WORKDIR>
<STATUS>pass</STATUS>
<TIME>0.384649038314819</TIME>
</MPITEST>
<MPITEST>
<NAME>manyrma3</NAME>
<NP>2</NP>
<WORKDIR>./rma</WORKDIR>
<STATUS>pass</STATUS>
<TIME>0.128705978393555</TIME>
</MPITEST>
<MPITEST>
<NAME>win_shared</NAME>
<NP>4</NP>
<WORKDIR>./rma</WORKDIR>
<STATUS>pass</STATUS>
<TIME>0.130722045898438</TIME>
</MPITEST>
<MPITEST>
<NAME>win_shared_create_allocshm</NAME>
<NP>4</NP>
<WORKDIR>./rma</WORKDIR>
<STATUS>pass</STATUS>
<TIME>0.132841825485229</TIME>
</MPITEST>
<MPITEST>
<NAME>win_shared_create_no_allocshm</NAME>
<NP>4</NP>
<WORKDIR>./rma</WORKDIR>
<STATUS>pass</STATUS>
<TIME>0.130749940872192</TIME>
</MPITEST>
<MPITEST>
<NAME>win_shared_noncontig</NAME>
<NP>4</NP>
<WORKDIR>./rma</WORKDIR>
<STATUS>pass</STATUS>
<TIME>0.128357887268066</TIME>
</MPITEST>
<MPITEST>
<NAME>win_shared_noncontig_put</NAME>
<NP>4</NP>
<WORKDIR>./rma</WORKDIR>
<STATUS>pass</STATUS>
<TIME>0.253211975097656</TIME>
</MPITEST>
<MPITEST>
<NAME>win_zero</NAME>
<NP>4</NP>
<WORKDIR>./rma</WORKDIR>
<STATUS>pass</STATUS>
<TIME>0.125349044799805</TIME>
</MPITEST>
<MPITEST>
<NAME>win_dynamic_acc</NAME>
<NP>4</NP>
<WORKDIR>./rma</WORKDIR>
<STATUS>pass</STATUS>
<TIME>0.131260871887207</TIME>
</MPITEST>
<MPITEST>
<NAME>get_acc_local</NAME>
<NP>1</NP>
<WORKDIR>./rma</WORKDIR>
<STATUS>pass</STATUS>
<TIME>0.123584985733032</TIME>
</MPITEST>
<MPITEST>
<NAME>linked_list</NAME>
<NP>4</NP>
<WORKDIR>./rma</WORKDIR>
<STATUS>pass</STATUS>
<TIME>0.131564140319824</TIME>
</MPITEST>
<MPITEST>
<NAME>linked_list_fop</NAME>
<NP>4</NP>
<WORKDIR>./rma</WORKDIR>
<STATUS>pass</STATUS>
<TIME>0.136600971221924</TIME>
</MPITEST>
<MPITEST>
<NAME>compare_and_swap</NAME>
<NP>4</NP>
<WORKDIR>./rma</WORKDIR>
<STATUS>pass</STATUS>
<TIME>0.130641222000122</TIME>
</MPITEST>
<MPITEST>
<NAME>fetch_and_op_char</NAME>
<NP>4</NP>
<WORKDIR>./rma</WORKDIR>
<STATUS>pass</STATUS>
<TIME>0.145401954650879</TIME>
</MPITEST>
<MPITEST>
<NAME>fetch_and_op_short</NAME>
<NP>4</NP>
<WORKDIR>./rma</WORKDIR>
<STATUS>pass</STATUS>
<TIME>0.145364046096802</TIME>
</MPITEST>
<MPITEST>
<NAME>fetch_and_op_int</NAME>
<NP>4</NP>
<WORKDIR>./rma</WORKDIR>
<STATUS>pass</STATUS>
<TIME>0.14637279510498</TIME>
</MPITEST>
<MPITEST>
<NAME>fetch_and_op_long</NAME>
<NP>4</NP>
<WORKDIR>./rma</WORKDIR>
<STATUS>pass</STATUS>
<TIME>0.149885892868042</TIME>
</MPITEST>
<MPITEST>
<NAME>fetch_and_op_double</NAME>
<NP>4</NP>
<WORKDIR>./rma</WORKDIR>
<STATUS>pass</STATUS>
<TIME>0.154407024383545</TIME>
</MPITEST>
<MPITEST>
<NAME>fetch_and_op_long_double</NAME>
<NP>4</NP>
<WORKDIR>./rma</WORKDIR>
<STATUS>pass</STATUS>
<TIME>0.147662878036499</TIME>
</MPITEST>
<MPITEST>
<NAME>get_accumulate_double</NAME>
<NP>4</NP>
<WORKDIR>./rma</WORKDIR>
<STATUS>pass</STATUS>
<TIME>0.192023038864136</TIME>
</MPITEST>
<MPITEST>
<NAME>get_accumulate_double_derived</NAME>
<NP>4</NP>
<WORKDIR>./rma</WORKDIR>
<STATUS>pass</STATUS>
<TIME>0.197106122970581</TIME>
</MPITEST>
<MPITEST>
<NAME>get_accumulate_int</NAME>
<NP>4</NP>
<WORKDIR>./rma</WORKDIR>
<STATUS>pass</STATUS>
<TIME>0.190121173858643</TIME>
</MPITEST>
<MPITEST>
<NAME>get_accumulate_int_derived</NAME>
<NP>4</NP>
<WORKDIR>./rma</WORKDIR>
<STATUS>pass</STATUS>
<TIME>0.185218095779419</TIME>
</MPITEST>
<MPITEST>
<NAME>get_accumulate_long</NAME>
<NP>4</NP>
<WORKDIR>./rma</WORKDIR>
<STATUS>pass</STATUS>
<TIME>0.191963911056519</TIME>
</MPITEST>
<MPITEST>
<NAME>get_accumulate_long_derived</NAME>
<NP>4</NP>
<WORKDIR>./rma</WORKDIR>
<STATUS>pass</STATUS>
<TIME>0.213449954986572</TIME>
</MPITEST>
<MPITEST>
<NAME>get_accumulate_short</NAME>
<NP>4</NP>
<WORKDIR>./rma</WORKDIR>
<STATUS>pass</STATUS>
<TIME>0.181991100311279</TIME>
</MPITEST>
<MPITEST>
<NAME>get_accumulate_short_derived</NAME>
<NP>4</NP>
<WORKDIR>./rma</WORKDIR>
<STATUS>pass</STATUS>
<TIME>0.199450016021729</TIME>
</MPITEST>
<MPITEST>
<NAME>flush</NAME>
<NP>4</NP>
<WORKDIR>./rma</WORKDIR>
<STATUS>pass</STATUS>
<TIME>0.131874084472656</TIME>
</MPITEST>
<MPITEST>
<NAME>reqops</NAME>
<NP>4</NP>
<WORKDIR>./rma</WORKDIR>
<STATUS>pass</STATUS>
<TIME>0.13590407371521</TIME>
</MPITEST>
<MPITEST>
<NAME>req_example</NAME>
<NP>4</NP>
<WORKDIR>./rma</WORKDIR>
<STATUS>pass</STATUS>
<TIME>0.142650127410889</TIME>
</MPITEST>
<MPITEST>
<NAME>req_example_shm</NAME>
<NP>4</NP>
<WORKDIR>./rma</WORKDIR>
<STATUS>pass</STATUS>
<TIME>0.141036987304688</TIME>
</MPITEST>
<MPITEST>
<NAME>rput_local_comp</NAME>
<NP>2</NP>
<WORKDIR>./rma</WORKDIR>
<STATUS>pass</STATUS>
<TIME>0.173093795776367</TIME>
</MPITEST>
<MPITEST>
<NAME>racc_local_comp</NAME>
<NP>2</NP>
<WORKDIR>./rma</WORKDIR>
<STATUS>pass</STATUS>
<TIME>0.168171882629395</TIME>
</MPITEST>
<MPITEST>
<NAME>linked_list_lockall</NAME>
<NP>4</NP>
<WORKDIR>./rma</WORKDIR>
<STATUS>pass</STATUS>
<TIME>0.135186910629272</TIME>
</MPITEST>
<MPITEST>
<NAME>pscw_ordering</NAME>
<NP>4</NP>
<WORKDIR>./rma</WORKDIR>
<STATUS>pass</STATUS>
<TIME>0.128959894180298</TIME>
</MPITEST>
<MPITEST>
<NAME>pscw_ordering_shm</NAME>
<NP>4</NP>
<WORKDIR>./rma</WORKDIR>
<STATUS>pass</STATUS>
<TIME>0.125598192214966</TIME>
</MPITEST>
<MPITEST>
<NAME>linked_list_bench_lock_all</NAME>
<NP>4</NP>
<WORKDIR>./rma</WORKDIR>
<STATUS>pass</STATUS>
<TIME>0.137543916702271</TIME>
</MPITEST>
<MPITEST>
<NAME>linked_list_bench_lock_excl</NAME>
<NP>4</NP>
<WORKDIR>./rma</WORKDIR>
<STATUS>pass</STATUS>
<TIME>0.146497964859009</TIME>
</MPITEST>
<MPITEST>
<NAME>linked_list_bench_lock_shr</NAME>
<NP>4</NP>
<WORKDIR>./rma</WORKDIR>
<STATUS>pass</STATUS>
<TIME>0.146661996841431</TIME>
</MPITEST>
<MPITEST>
<NAME>linked_list_bench_lock_shr_nocheck</NAME>
<NP>4</NP>
<WORKDIR>./rma</WORKDIR>
<STATUS>pass</STATUS>
<TIME>0.140207052230835</TIME>
</MPITEST>
<MPITEST>
<NAME>mutex_bench</NAME>
<NP>4</NP>
<WORKDIR>./rma</WORKDIR>
<STATUS>pass</STATUS>
<TIME>0.183645963668823</TIME>
</MPITEST>
<MPITEST>
<NAME>mutex_bench_shared</NAME>
<NP>4</NP>
<WORKDIR>./rma</WORKDIR>
<STATUS>pass</STATUS>
<TIME>0.161798000335693</TIME>
</MPITEST>
<MPITEST>
<NAME>mutex_bench_shm</NAME>
<NP>4</NP>
<WORKDIR>./rma</WORKDIR>
<STATUS>pass</STATUS>
<TIME>0.195980072021484</TIME>
</MPITEST>
<MPITEST>
<NAME>mutex_bench_shm_ordered</NAME>
<NP>4</NP>
<WORKDIR>./rma</WORKDIR>
<STATUS>pass</STATUS>
<TIME>0.183344841003418</TIME>
</MPITEST>
<MPITEST>
<NAME>rma_contig</NAME>
<NP>2</NP>
<WORKDIR>./rma</WORKDIR>
<STATUS>pass</STATUS>
<TIME>31.0341138839722</TIME>
</MPITEST>
<MPITEST>
<NAME>badrma</NAME>
<NP>2</NP>
<WORKDIR>./rma</WORKDIR>
<STATUS>pass</STATUS>
<TIME>0.129483938217163</TIME>
</MPITEST>
<MPITEST>
<NAME>acc_loc</NAME>
<NP>4</NP>
<WORKDIR>./rma</WORKDIR>
<STATUS>pass</STATUS>
<TIME>0.126808881759644</TIME>
</MPITEST>
<MPITEST>
<NAME>acc_ordering</NAME>
<NP>2</NP>
<WORKDIR>./rma</WORKDIR>
<STATUS>pass</STATUS>
<TIME>0.127753019332886</TIME>
</MPITEST>
<MPITEST>
<NAME>fence_shm</NAME>
<NP>2</NP>
<WORKDIR>./rma</WORKDIR>
<STATUS>pass</STATUS>
<TIME>0.126517057418823</TIME>
</MPITEST>
<MPITEST>
<NAME>win_shared_zerobyte</NAME>
<NP>4</NP>
<WORKDIR>./rma</WORKDIR>
<STATUS>pass</STATUS>
<TIME>0.126954078674316</TIME>
</MPITEST>
<MPITEST>
<NAME>win_shared_put_flush_get</NAME>
<NP>4</NP>
<WORKDIR>./rma</WORKDIR>
<STATUS>pass</STATUS>
<TIME>0.130827903747559</TIME>
</MPITEST>
<MPITEST>
<NAME>get_struct</NAME>
<NP>2</NP>
<WORKDIR>./rma</WORKDIR>
<STATUS>pass</STATUS>
<TIME>0.125710964202881</TIME>
</MPITEST>
<MPITEST>
<NAME>at_complete</NAME>
<NP>2</NP>
<WORKDIR>./rma</WORKDIR>
<STATUS>pass</STATUS>
<TIME>0.370611906051636</TIME>
</MPITEST>
<MPITEST>
<NAME>atomic_rmw_fop</NAME>
<NP>3</NP>
<WORKDIR>./rma</WORKDIR>
<STATUS>pass</STATUS>
<TIME>0.255203008651733</TIME>
</MPITEST>
<MPITEST>
<NAME>atomic_rmw_cas</NAME>
<NP>3</NP>
<WORKDIR>./rma</WORKDIR>
<STATUS>pass</STATUS>
<TIME>0.408763885498047</TIME>
</MPITEST>
<MPITEST>
<NAME>atomic_rmw_gacc</NAME>
<NP>3</NP>
<WORKDIR>./rma</WORKDIR>
<STATUS>pass</STATUS>
<TIME>5.85652995109558</TIME>
</MPITEST>
<MPITEST>
<NAME>atomic_get_short_int</NAME>
<NP>3</NP>
<WORKDIR>./rma</WORKDIR>
<STATUS>pass</STATUS>
<TIME>1.15133690834045</TIME>
</MPITEST>
<MPITEST>
<NAME>atomic_get_2int</NAME>
<NP>3</NP>
<WORKDIR>./rma</WORKDIR>
<STATUS>pass</STATUS>
<TIME>0.705999851226807</TIME>
</MPITEST>
<MPITEST>
<NAME>atomic_get_long_int</NAME>
<NP>3</NP>
<WORKDIR>./rma</WORKDIR>
<STATUS>pass</STATUS>
<TIME>0.988373994827271</TIME>
</MPITEST>
<MPITEST>
<NAME>atomic_get_float_int</NAME>
<NP>3</NP>
<WORKDIR>./rma</WORKDIR>
<STATUS>pass</STATUS>
<TIME>0.733108043670654</TIME>
</MPITEST>
<MPITEST>
<NAME>atomic_get_double_int</NAME>
<NP>3</NP>
<WORKDIR>./rma</WORKDIR>
<STATUS>pass</STATUS>
<TIME>0.987007141113281</TIME>
</MPITEST>
<MPITEST>
<NAME>atomic_get_long_double_int</NAME>
<NP>3</NP>
<WORKDIR>./rma</WORKDIR>
<STATUS>pass</STATUS>
<TIME>0.972132921218872</TIME>
</MPITEST>
<MPITEST>
<NAME>aint</NAME>
<NP>2</NP>
<WORKDIR>./rma</WORKDIR>
<STATUS>pass</STATUS>
<TIME>0.127925872802734</TIME>
</MPITEST>
<MPITEST>
<NAME>acc_pairtype</NAME>
<NP>2</NP>
<WORKDIR>./rma</WORKDIR>
<STATUS>pass</STATUS>
<TIME>0.125928163528442</TIME>
</MPITEST>
<MPITEST>
<NAME>manyget</NAME>
<NP>2</NP>
<WORKDIR>./rma</WORKDIR>
<STATUS>pass</STATUS>
<TIME>2.56715798377991</TIME>
</MPITEST>
<MPITEST>
<NAME>derived_acc_flush_local</NAME>
<NP>3</NP>
<WORKDIR>./rma</WORKDIR>
<STATUS>pass</STATUS>
<TIME>2.90578985214233</TIME>
</MPITEST>
<MPITEST>
<NAME>large_small_acc</NAME>
<NP>2</NP>
<WORKDIR>./rma</WORKDIR>
<STATUS>pass</STATUS>
<TIME>0.129204034805298</TIME>
</MPITEST>
<MPITEST>
<NAME>win_shared_put_flush_load</NAME>
<NP>3</NP>
<WORKDIR>./rma</WORKDIR>
<STATUS>pass</STATUS>
<TIME>0.215097904205322</TIME>
</MPITEST>
<MPITEST>
<NAME>win_shared_acc_flush_load</NAME>
<NP>3</NP>
<WORKDIR>./rma</WORKDIR>
<STATUS>pass</STATUS>
<TIME>0.210153102874756</TIME>
</MPITEST>
<MPITEST>
<NAME>win_shared_gacc_flush_load</NAME>
<NP>3</NP>
<WORKDIR>./rma</WORKDIR>
<STATUS>pass</STATUS>
<TIME>0.282905101776123</TIME>
</MPITEST>
<MPITEST>
<NAME>win_shared_fop_flush_load</NAME>
<NP>3</NP>
<WORKDIR>./rma</WORKDIR>
<STATUS>pass</STATUS>
<TIME>0.273949146270752</TIME>
</MPITEST>
<MPITEST>
<NAME>win_shared_cas_flush_load</NAME>
<NP>3</NP>
<WORKDIR>./rma</WORKDIR>
<STATUS>pass</STATUS>
<TIME>0.268294095993042</TIME>
</MPITEST>
<MPITEST>
<NAME>put_flush_get</NAME>
<NP>3</NP>
<WORKDIR>./rma</WORKDIR>
<STATUS>pass</STATUS>
<TIME>0.251683950424194</TIME>
</MPITEST>
<MPITEST>
<NAME>acc_flush_get</NAME>
<NP>3</NP>
<WORKDIR>./rma</WORKDIR>
<STATUS>pass</STATUS>
<TIME>0.250977039337158</TIME>
</MPITEST>
<MPITEST>
<NAME>gacc_flush_get</NAME>
<NP>3</NP>
<WORKDIR>./rma</WORKDIR>
<STATUS>pass</STATUS>
<TIME>0.311527013778687</TIME>
</MPITEST>
<MPITEST>
<NAME>fop_flush_get</NAME>
<NP>3</NP>
<WORKDIR>./rma</WORKDIR>
<STATUS>pass</STATUS>
<TIME>0.317069053649902</TIME>
</MPITEST>
<MPITEST>
<NAME>cas_flush_get</NAME>
<NP>3</NP>
<WORKDIR>./rma</WORKDIR>
<STATUS>pass</STATUS>
<TIME>0.316224098205566</TIME>
</MPITEST>
<MPITEST>
<NAME>rget_unlock</NAME>
<NP>2</NP>
<WORKDIR>./rma</WORKDIR>
<STATUS>pass</STATUS>
<TIME>0.128779888153076</TIME>
</MPITEST>
<MPITEST>
<NAME>overlap_wins_put</NAME>
<NP>3</NP>
<WORKDIR>./rma</WORKDIR>
<STATUS>pass</STATUS>
<TIME>0.128198146820068</TIME>
</MPITEST>
<MPITEST>
<NAME>overlap_wins_acc</NAME>
<NP>3</NP>
<WORKDIR>./rma</WORKDIR>
<STATUS>pass</STATUS>
<TIME>0.131497859954834</TIME>
</MPITEST>
<MPITEST>
<NAME>overlap_wins_gacc</NAME>
<NP>3</NP>
<WORKDIR>./rma</WORKDIR>
<STATUS>pass</STATUS>
<TIME>0.131646871566772</TIME>
</MPITEST>
<MPITEST>
<NAME>overlap_wins_fop</NAME>
<NP>3</NP>
<WORKDIR>./rma</WORKDIR>
<STATUS>pass</STATUS>
<TIME>0.131804943084717</TIME>
</MPITEST>
<MPITEST>
<NAME>overlap_wins_cas</NAME>
<NP>3</NP>
<WORKDIR>./rma</WORKDIR>
<STATUS>pass</STATUS>
<TIME>0.131270885467529</TIME>
</MPITEST>
<MPITEST>
<NAME>lock_nested</NAME>
<NP>3</NP>
<WORKDIR>./rma</WORKDIR>
<STATUS>pass</STATUS>
<TIME>0.132587909698486</TIME>
</MPITEST>
<MPITEST>
<NAME>rget_testall</NAME>
<NP>2</NP>
<WORKDIR>./rma</WORKDIR>
<STATUS>pass</STATUS>
<TIME>0.127218008041382</TIME>
</MPITEST>
<MPITEST>
<NAME>win_shared_query_null</NAME>
<NP>4</NP>
<WORKDIR>./rma</WORKDIR>
<STATUS>pass</STATUS>
<TIME>0.128714084625244</TIME>
</MPITEST>
<MPITEST>
<NAME>accfence1__BASIC__L31</NAME>
<NP>4</NP>
<WORKDIR>./rma</WORKDIR>
<STATUS>pass</STATUS>
<TIME>0.135478973388672</TIME>
</MPITEST>
<MPITEST>
<NAME>accfence1__BASIC__L31</NAME>
<NP>4</NP>
<WORKDIR>./rma</WORKDIR>
<STATUS>pass</STATUS>
<TIME>0.131287097930908</TIME>
</MPITEST>
<MPITEST>
<NAME>accfence1__BASIC__L31</NAME>
<NP>4</NP>
<WORKDIR>./rma</WORKDIR>
<STATUS>pass</STATUS>
<TIME>0.132668972015381</TIME>
</MPITEST>
<MPITEST>
<NAME>accfence1__BASIC__L31</NAME>
<NP>4</NP>
<WORKDIR>./rma</WORKDIR>
<STATUS>pass</STATUS>
<TIME>0.132826089859009</TIME>
</MPITEST>
<MPITEST>
<NAME>accfence1__BASIC__L31</NAME>
<NP>4</NP>
<WORKDIR>./rma</WORKDIR>
<STATUS>pass</STATUS>
<TIME>0.228559017181396</TIME>
</MPITEST>
<MPITEST>
<NAME>accfence1__BASIC__L31</NAME>
<NP>4</NP>
<WORKDIR>./rma</WORKDIR>
<STATUS>pass</STATUS>
<TIME>1.27317404747009</TIME>
</MPITEST>
<MPITEST>
<NAME>accfence1__BASIC__L31</NAME>
<NP>4</NP>
<WORKDIR>./rma</WORKDIR>
<STATUS>pass</STATUS>
<TIME>0.13646411895752</TIME>
</MPITEST>
<MPITEST>
<NAME>accfence1__BASIC__L31</NAME>
<NP>4</NP>
<WORKDIR>./rma</WORKDIR>
<STATUS>pass</STATUS>
<TIME>0.131057024002075</TIME>
</MPITEST>
<MPITEST>
<NAME>accfence1__BASIC__L31</NAME>
<NP>4</NP>
<WORKDIR>./rma</WORKDIR>
<STATUS>pass</STATUS>
<TIME>0.131087064743042</TIME>
</MPITEST>
<MPITEST>
<NAME>accfence1__BASIC__L31</NAME>
<NP>4</NP>
<WORKDIR>./rma</WORKDIR>
<STATUS>pass</STATUS>
<TIME>0.131607055664062</TIME>
</MPITEST>
<MPITEST>
<NAME>accfence1__BASIC__L31</NAME>
<NP>4</NP>
<WORKDIR>./rma</WORKDIR>
<STATUS>pass</STATUS>
<TIME>0.248569011688232</TIME>
</MPITEST>
<MPITEST>
<NAME>accfence1__BASIC__L31</NAME>
<NP>4</NP>
<WORKDIR>./rma</WORKDIR>
<STATUS>pass</STATUS>
<TIME>1.63005304336548</TIME>
</MPITEST>
<MPITEST>
<NAME>accpscw1__BASIC__L32</NAME>
<NP>4</NP>
<WORKDIR>./rma</WORKDIR>
<STATUS>pass</STATUS>
<TIME>0.130594968795776</TIME>
</MPITEST>
<MPITEST>
<NAME>accpscw1__BASIC__L32</NAME>
<NP>4</NP>
<WORKDIR>./rma</WORKDIR>
<STATUS>pass</STATUS>
<TIME>0.135900020599365</TIME>
</MPITEST>
<MPITEST>
<NAME>accpscw1__BASIC__L32</NAME>
<NP>4</NP>
<WORKDIR>./rma</WORKDIR>
<STATUS>pass</STATUS>
<TIME>0.131907939910889</TIME>
</MPITEST>
<MPITEST>
<NAME>accpscw1__BASIC__L32</NAME>
<NP>4</NP>
<WORKDIR>./rma</WORKDIR>
<STATUS>pass</STATUS>
<TIME>0.132461071014404</TIME>
</MPITEST>
<MPITEST>
<NAME>accpscw1__BASIC__L32</NAME>
<NP>4</NP>
<WORKDIR>./rma</WORKDIR>
<STATUS>pass</STATUS>
<TIME>0.238174915313721</TIME>
</MPITEST>
<MPITEST>
<NAME>accpscw1__BASIC__L32</NAME>
<NP>4</NP>
<WORKDIR>./rma</WORKDIR>
<STATUS>pass</STATUS>
<TIME>1.24353694915771</TIME>
</MPITEST>
<MPITEST>
<NAME>accpscw1__BASIC__L32</NAME>
<NP>4</NP>
<WORKDIR>./rma</WORKDIR>
<STATUS>pass</STATUS>
<TIME>0.135493993759155</TIME>
</MPITEST>
<MPITEST>
<NAME>accpscw1__BASIC__L32</NAME>
<NP>4</NP>
<WORKDIR>./rma</WORKDIR>
<STATUS>pass</STATUS>
<TIME>0.135015964508057</TIME>
</MPITEST>
<MPITEST>
<NAME>accpscw1__BASIC__L32</NAME>
<NP>4</NP>
<WORKDIR>./rma</WORKDIR>
<STATUS>pass</STATUS>
<TIME>0.132484912872314</TIME>
</MPITEST>
<MPITEST>
<NAME>accpscw1__BASIC__L32</NAME>
<NP>4</NP>
<WORKDIR>./rma</WORKDIR>
<STATUS>pass</STATUS>
<TIME>0.133507966995239</TIME>
</MPITEST>
<MPITEST>
<NAME>accpscw1__BASIC__L32</NAME>
<NP>4</NP>
<WORKDIR>./rma</WORKDIR>
<STATUS>pass</STATUS>
<TIME>0.251191139221191</TIME>
</MPITEST>
<MPITEST>
<NAME>accpscw1__BASIC__L32</NAME>
<NP>4</NP>
<WORKDIR>./rma</WORKDIR>
<STATUS>pass</STATUS>
<TIME>1.64264297485352</TIME>
</MPITEST>
<MPITEST>
<NAME>epochtest__BASIC__L33</NAME>
<NP>4</NP>
<WORKDIR>./rma</WORKDIR>
<STATUS>pass</STATUS>
<TIME>0.134023189544678</TIME>
</MPITEST>
<MPITEST>
<NAME>epochtest__BASIC__L33</NAME>
<NP>4</NP>
<WORKDIR>./rma</WORKDIR>
<STATUS>pass</STATUS>
<TIME>0.135776996612549</TIME>
</MPITEST>
<MPITEST>
<NAME>epochtest__BASIC__L33</NAME>
<NP>4</NP>
<WORKDIR>./rma</WORKDIR>
<STATUS>pass</STATUS>
<TIME>0.137156963348389</TIME>
</MPITEST>
<MPITEST>
<NAME>epochtest__BASIC__L33</NAME>
<NP>4</NP>
<WORKDIR>./rma</WORKDIR>
<STATUS>pass</STATUS>
<TIME>0.13410210609436</TIME>
</MPITEST>
<MPITEST>
<NAME>epochtest__BASIC__L33</NAME>
<NP>4</NP>
<WORKDIR>./rma</WORKDIR>
<STATUS>pass</STATUS>
<TIME>0.35222601890564</TIME>
</MPITEST>
<MPITEST>
<NAME>epochtest__BASIC__L33</NAME>
<NP>4</NP>
<WORKDIR>./rma</WORKDIR>
<STATUS>pass</STATUS>
<TIME>2.23390793800354</TIME>
</MPITEST>
<MPITEST>
<NAME>epochtest__BASIC__L33</NAME>
<NP>4</NP>
<WORKDIR>./rma</WORKDIR>
<STATUS>pass</STATUS>
<TIME>0.139156103134155</TIME>
</MPITEST>
<MPITEST>
<NAME>epochtest__BASIC__L33</NAME>
<NP>4</NP>
<WORKDIR>./rma</WORKDIR>
<STATUS>pass</STATUS>
<TIME>0.136635065078735</TIME>
</MPITEST>
<MPITEST>
<NAME>epochtest__BASIC__L33</NAME>
<NP>4</NP>
<WORKDIR>./rma</WORKDIR>
<STATUS>pass</STATUS>
<TIME>0.135871887207031</TIME>
</MPITEST>
<MPITEST>
<NAME>epochtest__BASIC__L33</NAME>
<NP>4</NP>
<WORKDIR>./rma</WORKDIR>
<STATUS>pass</STATUS>
<TIME>0.137896060943604</TIME>
</MPITEST>
<MPITEST>
<NAME>epochtest__BASIC__L33</NAME>
<NP>4</NP>
<WORKDIR>./rma</WORKDIR>
<STATUS>pass</STATUS>
<TIME>0.348745107650757</TIME>
</MPITEST>
<MPITEST>
<NAME>epochtest__BASIC__L33</NAME>
<NP>4</NP>
<WORKDIR>./rma</WORKDIR>
<STATUS>pass</STATUS>
<TIME>2.81667685508728</TIME>
</MPITEST>
<MPITEST>
<NAME>getfence1__BASIC__L34</NAME>
<NP>2</NP>
<WORKDIR>./rma</WORKDIR>
<STATUS>pass</STATUS>
<TIME>0.131170988082886</TIME>
</MPITEST>
<MPITEST>
<NAME>getfence1__BASIC__L34</NAME>
<NP>2</NP>
<WORKDIR>./rma</WORKDIR>
<STATUS>pass</STATUS>
<TIME>0.129299879074097</TIME>
</MPITEST>
<MPITEST>
<NAME>getfence1__BASIC__L34</NAME>
<NP>2</NP>
<WORKDIR>./rma</WORKDIR>
<STATUS>pass</STATUS>
<TIME>0.125791788101196</TIME>
</MPITEST>
<MPITEST>
<NAME>getfence1__BASIC__L34</NAME>
<NP>2</NP>
<WORKDIR>./rma</WORKDIR>
<STATUS>pass</STATUS>
<TIME>0.133644819259644</TIME>
</MPITEST>
<MPITEST>
<NAME>getfence1__BASIC__L34</NAME>
<NP>2</NP>
<WORKDIR>./rma</WORKDIR>
<STATUS>pass</STATUS>
<TIME>0.169338226318359</TIME>
</MPITEST>
<MPITEST>
<NAME>getfence1__BASIC__L34</NAME>
<NP>2</NP>
<WORKDIR>./rma</WORKDIR>
<STATUS>pass</STATUS>
<TIME>0.455132961273193</TIME>
</MPITEST>
<MPITEST>
<NAME>getfence1__BASIC__L34</NAME>
<NP>2</NP>
<WORKDIR>./rma</WORKDIR>
<STATUS>pass</STATUS>
<TIME>0.129519939422607</TIME>
</MPITEST>
<MPITEST>
<NAME>getfence1__BASIC__L34</NAME>
<NP>2</NP>
<WORKDIR>./rma</WORKDIR>
<STATUS>pass</STATUS>
<TIME>0.128012895584106</TIME>
</MPITEST>
<MPITEST>
<NAME>getfence1__BASIC__L34</NAME>
<NP>2</NP>
<WORKDIR>./rma</WORKDIR>
<STATUS>pass</STATUS>
<TIME>0.130981922149658</TIME>
</MPITEST>
<MPITEST>
<NAME>getfence1__BASIC__L34</NAME>
<NP>2</NP>
<WORKDIR>./rma</WORKDIR>
<STATUS>pass</STATUS>
<TIME>0.127228975296021</TIME>
</MPITEST>
<MPITEST>
<NAME>getfence1__BASIC__L34</NAME>
<NP>2</NP>
<WORKDIR>./rma</WORKDIR>
<STATUS>pass</STATUS>
<TIME>0.175425052642822</TIME>
</MPITEST>
<MPITEST>
<NAME>getfence1__BASIC__L34</NAME>
<NP>2</NP>
<WORKDIR>./rma</WORKDIR>
<STATUS>pass</STATUS>
<TIME>0.598383903503418</TIME>
</MPITEST>
<MPITEST>
<NAME>getfence1__BASIC__L35</NAME>
<NP>2</NP>
<WORKDIR>./rma</WORKDIR>
<STATUS>pass</STATUS>
<TIME>24.8084719181061</TIME>
</MPITEST>
<MPITEST>
<NAME>getfence1__BASIC__L35</NAME>
<NP>2</NP>
<WORKDIR>./rma</WORKDIR>
<STATUS>pass</STATUS>
<TIME>32.6021661758423</TIME>
</MPITEST>
<MPITEST>
<NAME>lock_contention_dt__BASIC__L36</NAME>
<NP>4</NP>
<WORKDIR>./rma</WORKDIR>
<STATUS>pass</STATUS>
<TIME>0.137639999389648</TIME>
</MPITEST>
<MPITEST>
<NAME>lock_contention_dt__BASIC__L36</NAME>
<NP>4</NP>
<WORKDIR>./rma</WORKDIR>
<STATUS>pass</STATUS>
<TIME>0.13811993598938</TIME>
</MPITEST>
<MPITEST>
<NAME>lock_contention_dt__BASIC__L36</NAME>
<NP>4</NP>
<WORKDIR>./rma</WORKDIR>
<STATUS>pass</STATUS>
<TIME>0.140139102935791</TIME>
</MPITEST>
<MPITEST>
<NAME>lock_contention_dt__BASIC__L36</NAME>
<NP>4</NP>
<WORKDIR>./rma</WORKDIR>
<STATUS>pass</STATUS>
<TIME>0.148267030715942</TIME>
</MPITEST>
<MPITEST>
<NAME>lock_contention_dt__BASIC__L36</NAME>
<NP>4</NP>
<WORKDIR>./rma</WORKDIR>
<STATUS>pass</STATUS>
<TIME>0.351272821426392</TIME>
</MPITEST>
<MPITEST>
<NAME>lock_contention_dt__BASIC__L36</NAME>
<NP>4</NP>
<WORKDIR>./rma</WORKDIR>
<STATUS>pass</STATUS>
<TIME>2.52112102508545</TIME>
</MPITEST>
<MPITEST>
<NAME>lock_contention_dt__BASIC__L36</NAME>
<NP>4</NP>
<WORKDIR>./rma</WORKDIR>
<STATUS>pass</STATUS>
<TIME>0.142683982849121</TIME>
</MPITEST>
<MPITEST>
<NAME>lock_contention_dt__BASIC__L36</NAME>
<NP>4</NP>
<WORKDIR>./rma</WORKDIR>
<STATUS>pass</STATUS>
<TIME>0.135735988616943</TIME>
</MPITEST>
<MPITEST>
<NAME>lock_contention_dt__BASIC__L36</NAME>
<NP>4</NP>
<WORKDIR>./rma</WORKDIR>
<STATUS>pass</STATUS>
<TIME>0.143016815185547</TIME>
</MPITEST>
<MPITEST>
<NAME>lock_contention_dt__BASIC__L36</NAME>
<NP>4</NP>
<WORKDIR>./rma</WORKDIR>
<STATUS>pass</STATUS>
<TIME>0.143018007278442</TIME>
</MPITEST>
<MPITEST>
<NAME>lock_contention_dt__BASIC__L36</NAME>
<NP>4</NP>
<WORKDIR>./rma</WORKDIR>
<STATUS>pass</STATUS>
<TIME>0.436590909957886</TIME>
</MPITEST>
<MPITEST>
<NAME>lock_contention_dt__BASIC__L36</NAME>
<NP>4</NP>
<WORKDIR>./rma</WORKDIR>
<STATUS>pass</STATUS>
<TIME>3.83025288581848</TIME>
</MPITEST>
<MPITEST>
<NAME>lock_dt__BASIC__L37</NAME>
<NP>2</NP>
<WORKDIR>./rma</WORKDIR>
<STATUS>pass</STATUS>
<TIME>0.129801988601685</TIME>
</MPITEST>
<MPITEST>
<NAME>lock_dt__BASIC__L37</NAME>
<NP>2</NP>
<WORKDIR>./rma</WORKDIR>
<STATUS>pass</STATUS>
<TIME>0.132816076278687</TIME>
</MPITEST>
<MPITEST>
<NAME>lock_dt__BASIC__L37</NAME>
<NP>2</NP>
<WORKDIR>./rma</WORKDIR>
<STATUS>pass</STATUS>
<TIME>0.133396148681641</TIME>
</MPITEST>
<MPITEST>
<NAME>lock_dt__BASIC__L37</NAME>
<NP>2</NP>
<WORKDIR>./rma</WORKDIR>
<STATUS>pass</STATUS>
<TIME>0.132560014724731</TIME>
</MPITEST>
<MPITEST>
<NAME>lock_dt__BASIC__L37</NAME>
<NP>2</NP>
<WORKDIR>./rma</WORKDIR>
<STATUS>pass</STATUS>
<TIME>0.192996025085449</TIME>
</MPITEST>
<MPITEST>
<NAME>lock_dt__BASIC__L37</NAME>
<NP>2</NP>
<WORKDIR>./rma</WORKDIR>
<STATUS>pass</STATUS>
<TIME>0.734862089157104</TIME>
</MPITEST>
<MPITEST>
<NAME>lock_dt__BASIC__L37</NAME>
<NP>2</NP>
<WORKDIR>./rma</WORKDIR>
<STATUS>pass</STATUS>
<TIME>0.130185842514038</TIME>
</MPITEST>
<MPITEST>
<NAME>lock_dt__BASIC__L37</NAME>
<NP>2</NP>
<WORKDIR>./rma</WORKDIR>
<STATUS>pass</STATUS>
<TIME>0.131702184677124</TIME>
</MPITEST>
<MPITEST>
<NAME>lock_dt__BASIC__L37</NAME>
<NP>2</NP>
<WORKDIR>./rma</WORKDIR>
<STATUS>pass</STATUS>
<TIME>0.132256984710693</TIME>
</MPITEST>
<MPITEST>
<NAME>lock_dt__BASIC__L37</NAME>
<NP>2</NP>
<WORKDIR>./rma</WORKDIR>
<STATUS>pass</STATUS>
<TIME>0.128231048583984</TIME>
</MPITEST>
<MPITEST>
<NAME>lock_dt__BASIC__L37</NAME>
<NP>2</NP>
<WORKDIR>./rma</WORKDIR>
<STATUS>pass</STATUS>
<TIME>0.218877792358398</TIME>
</MPITEST>
<MPITEST>
<NAME>lock_dt__BASIC__L37</NAME>
<NP>2</NP>
<WORKDIR>./rma</WORKDIR>
<STATUS>pass</STATUS>
<TIME>1.09381008148193</TIME>
</MPITEST>
<MPITEST>
<NAME>lock_dt_flush__BASIC__L38</NAME>
<NP>2</NP>
<WORKDIR>./rma</WORKDIR>
<STATUS>pass</STATUS>
<TIME>0.128427028656006</TIME>
</MPITEST>
<MPITEST>
<NAME>lock_dt_flush__BASIC__L38</NAME>
<NP>2</NP>
<WORKDIR>./rma</WORKDIR>
<STATUS>pass</STATUS>
<TIME>0.134360790252686</TIME>
</MPITEST>
<MPITEST>
<NAME>lock_dt_flush__BASIC__L38</NAME>
<NP>2</NP>
<WORKDIR>./rma</WORKDIR>
<STATUS>pass</STATUS>
<TIME>0.134803056716919</TIME>
</MPITEST>
<MPITEST>
<NAME>lock_dt_flush__BASIC__L38</NAME>
<NP>2</NP>
<WORKDIR>./rma</WORKDIR>
<STATUS>pass</STATUS>
<TIME>0.135346174240112</TIME>
</MPITEST>
<MPITEST>
<NAME>lock_dt_flush__BASIC__L38</NAME>
<NP>2</NP>
<WORKDIR>./rma</WORKDIR>
<STATUS>pass</STATUS>
<TIME>0.217206954956055</TIME>
</MPITEST>
<MPITEST>
<NAME>lock_dt_flush__BASIC__L38</NAME>
<NP>2</NP>
<WORKDIR>./rma</WORKDIR>
<STATUS>pass</STATUS>
<TIME>0.927248001098633</TIME>
</MPITEST>
<MPITEST>
<NAME>lock_dt_flush__BASIC__L38</NAME>
<NP>2</NP>
<WORKDIR>./rma</WORKDIR>
<STATUS>pass</STATUS>
<TIME>0.132430076599121</TIME>
</MPITEST>
<MPITEST>
<NAME>lock_dt_flush__BASIC__L38</NAME>
<NP>2</NP>
<WORKDIR>./rma</WORKDIR>
<STATUS>pass</STATUS>
<TIME>0.132323026657104</TIME>
</MPITEST>
<MPITEST>
<NAME>lock_dt_flush__BASIC__L38</NAME>
<NP>2</NP>
<WORKDIR>./rma</WORKDIR>
<STATUS>pass</STATUS>
<TIME>0.132518768310547</TIME>
</MPITEST>
<MPITEST>
<NAME>lock_dt_flush__BASIC__L38</NAME>
<NP>2</NP>
<WORKDIR>./rma</WORKDIR>
<STATUS>pass</STATUS>
<TIME>0.133034944534302</TIME>
</MPITEST>
<MPITEST>
<NAME>lock_dt_flush__BASIC__L38</NAME>
<NP>2</NP>
<WORKDIR>./rma</WORKDIR>
<STATUS>pass</STATUS>
<TIME>0.240001916885376</TIME>
</MPITEST>
<MPITEST>
<NAME>lock_dt_flush__BASIC__L38</NAME>
<NP>2</NP>
<WORKDIR>./rma</WORKDIR>
<STATUS>pass</STATUS>
<TIME>1.31895613670349</TIME>
</MPITEST>
<MPITEST>
<NAME>lock_dt_flushlocal__BASIC__L39</NAME>
<NP>2</NP>
<WORKDIR>./rma</WORKDIR>
<STATUS>pass</STATUS>
<TIME>0.129285097122192</TIME>
</MPITEST>
<MPITEST>
<NAME>lock_dt_flushlocal__BASIC__L39</NAME>
<NP>2</NP>
<WORKDIR>./rma</WORKDIR>
<STATUS>pass</STATUS>
<TIME>0.125684976577759</TIME>
</MPITEST>
<MPITEST>
<NAME>lock_dt_flushlocal__BASIC__L39</NAME>
<NP>2</NP>
<WORKDIR>./rma</WORKDIR>
<STATUS>pass</STATUS>
<TIME>0.131817102432251</TIME>
</MPITEST>
<MPITEST>
<NAME>lock_dt_flushlocal__BASIC__L39</NAME>
<NP>2</NP>
<WORKDIR>./rma</WORKDIR>
<STATUS>pass</STATUS>
<TIME>0.130207061767578</TIME>
</MPITEST>
<MPITEST>
<NAME>lock_dt_flushlocal__BASIC__L39</NAME>
<NP>2</NP>
<WORKDIR>./rma</WORKDIR>
<STATUS>pass</STATUS>
<TIME>0.19615912437439</TIME>
</MPITEST>
<MPITEST>
<NAME>lock_dt_flushlocal__BASIC__L39</NAME>
<NP>2</NP>
<WORKDIR>./rma</WORKDIR>
<STATUS>pass</STATUS>
<TIME>0.753342151641846</TIME>
</MPITEST>
<MPITEST>
<NAME>lock_dt_flushlocal__BASIC__L39</NAME>
<NP>2</NP>
<WORKDIR>./rma</WORKDIR>
<STATUS>pass</STATUS>
<TIME>0.131345987319946</TIME>
</MPITEST>
<MPITEST>
<NAME>lock_dt_flushlocal__BASIC__L39</NAME>
<NP>2</NP>
<WORKDIR>./rma</WORKDIR>
<STATUS>pass</STATUS>
<TIME>0.130625009536743</TIME>
</MPITEST>
<MPITEST>
<NAME>lock_dt_flushlocal__BASIC__L39</NAME>
<NP>2</NP>
<WORKDIR>./rma</WORKDIR>
<STATUS>pass</STATUS>
<TIME>0.129181861877441</TIME>
</MPITEST>
<MPITEST>
<NAME>lock_dt_flushlocal__BASIC__L39</NAME>
<NP>2</NP>
<WORKDIR>./rma</WORKDIR>
<STATUS>pass</STATUS>
<TIME>0.134407997131348</TIME>
</MPITEST>
<MPITEST>
<NAME>lock_dt_flushlocal__BASIC__L39</NAME>
<NP>2</NP>
<WORKDIR>./rma</WORKDIR>
<STATUS>pass</STATUS>
<TIME>0.216337919235229</TIME>
</MPITEST>
<MPITEST>
<NAME>lock_dt_flushlocal__BASIC__L39</NAME>
<NP>2</NP>
<WORKDIR>./rma</WORKDIR>
<STATUS>pass</STATUS>
<TIME>1.26236701011658</TIME>
</MPITEST>
<MPITEST>
<NAME>lockall_dt__BASIC__L40</NAME>
<NP>4</NP>
<WORKDIR>./rma</WORKDIR>
<STATUS>pass</STATUS>
<TIME>0.138688087463379</TIME>
</MPITEST>
<MPITEST>
<NAME>lockall_dt__BASIC__L40</NAME>
<NP>4</NP>
<WORKDIR>./rma</WORKDIR>
<STATUS>pass</STATUS>
<TIME>0.138375997543335</TIME>
</MPITEST>
<MPITEST>
<NAME>lockall_dt__BASIC__L40</NAME>
<NP>4</NP>
<WORKDIR>./rma</WORKDIR>
<STATUS>pass</STATUS>
<TIME>0.139353036880493</TIME>
</MPITEST>
<MPITEST>
<NAME>lockall_dt__BASIC__L40</NAME>
<NP>4</NP>
<WORKDIR>./rma</WORKDIR>
<STATUS>pass</STATUS>
<TIME>0.148153781890869</TIME>
</MPITEST>
<MPITEST>
<NAME>lockall_dt__BASIC__L40</NAME>
<NP>4</NP>
<WORKDIR>./rma</WORKDIR>
<STATUS>pass</STATUS>
<TIME>0.345793008804321</TIME>
</MPITEST>
<MPITEST>
<NAME>lockall_dt__BASIC__L40</NAME>
<NP>4</NP>
<WORKDIR>./rma</WORKDIR>
<STATUS>pass</STATUS>
<TIME>2.39310097694397</TIME>
</MPITEST>
<MPITEST>
<NAME>lockall_dt__BASIC__L40</NAME>
<NP>4</NP>
<WORKDIR>./rma</WORKDIR>
<STATUS>pass</STATUS>
<TIME>0.142688989639282</TIME>
</MPITEST>
<MPITEST>
<NAME>lockall_dt__BASIC__L40</NAME>
<NP>4</NP>
<WORKDIR>./rma</WORKDIR>
<STATUS>pass</STATUS>
<TIME>0.139647960662842</TIME>
</MPITEST>
<MPITEST>
<NAME>lockall_dt__BASIC__L40</NAME>
<NP>4</NP>
<WORKDIR>./rma</WORKDIR>
<STATUS>pass</STATUS>
<TIME>0.136734008789062</TIME>
</MPITEST>
<MPITEST>
<NAME>lockall_dt__BASIC__L40</NAME>
<NP>4</NP>
<WORKDIR>./rma</WORKDIR>
<STATUS>pass</STATUS>
<TIME>0.14293909072876</TIME>
</MPITEST>
<MPITEST>
<NAME>lockall_dt__BASIC__L40</NAME>
<NP>4</NP>
<WORKDIR>./rma</WORKDIR>
<STATUS>pass</STATUS>
<TIME>0.506065130233765</TIME>
</MPITEST>
<MPITEST>
<NAME>lockall_dt__BASIC__L40</NAME>
<NP>4</NP>
<WORKDIR>./rma</WORKDIR>
<STATUS>pass</STATUS>
<TIME>4.09503793716431</TIME>
</MPITEST>
<MPITEST>
<NAME>lockall_dt_flush__BASIC__L41</NAME>
<NP>4</NP>
<WORKDIR>./rma</WORKDIR>
<STATUS>pass</STATUS>
<TIME>0.148645162582397</TIME>
</MPITEST>
<MPITEST>
<NAME>lockall_dt_flush__BASIC__L41</NAME>
<NP>4</NP>
<WORKDIR>./rma</WORKDIR>
<STATUS>pass</STATUS>
<TIME>0.143754959106445</TIME>
</MPITEST>
<MPITEST>
<NAME>lockall_dt_flush__BASIC__L41</NAME>
<NP>4</NP>
<WORKDIR>./rma</WORKDIR>
<STATUS>pass</STATUS>
<TIME>0.148813009262085</TIME>
</MPITEST>
<MPITEST>
<NAME>lockall_dt_flush__BASIC__L41</NAME>
<NP>4</NP>
<WORKDIR>./rma</WORKDIR>
<STATUS>pass</STATUS>
<TIME>0.145754814147949</TIME>
</MPITEST>
<MPITEST>
<NAME>lockall_dt_flush__BASIC__L41</NAME>
<NP>4</NP>
<WORKDIR>./rma</WORKDIR>
<STATUS>pass</STATUS>
<TIME>0.413779973983765</TIME>
</MPITEST>
<MPITEST>
<NAME>lockall_dt_flush__BASIC__L41</NAME>
<NP>4</NP>
<WORKDIR>./rma</WORKDIR>
<STATUS>pass</STATUS>
<TIME>2.86443495750427</TIME>
</MPITEST>
<MPITEST>
<NAME>lockall_dt_flush__BASIC__L41</NAME>
<NP>4</NP>
<WORKDIR>./rma</WORKDIR>
<STATUS>pass</STATUS>
<TIME>0.143399000167847</TIME>
</MPITEST>
<MPITEST>
<NAME>lockall_dt_flush__BASIC__L41</NAME>
<NP>4</NP>
<WORKDIR>./rma</WORKDIR>
<STATUS>pass</STATUS>
<TIME>0.143728971481323</TIME>
</MPITEST>
<MPITEST>
<NAME>lockall_dt_flush__BASIC__L41</NAME>
<NP>4</NP>
<WORKDIR>./rma</WORKDIR>
<STATUS>pass</STATUS>
<TIME>0.14197301864624</TIME>
</MPITEST>
<MPITEST>
<NAME>lockall_dt_flush__BASIC__L41</NAME>
<NP>4</NP>
<WORKDIR>./rma</WORKDIR>
<STATUS>pass</STATUS>
<TIME>0.148344993591309</TIME>
</MPITEST>
<MPITEST>
<NAME>lockall_dt_flush__BASIC__L41</NAME>
<NP>4</NP>
<WORKDIR>./rma</WORKDIR>
<STATUS>pass</STATUS>
<TIME>0.508808851242065</TIME>
</MPITEST>
<MPITEST>
<NAME>lockall_dt_flush__BASIC__L41</NAME>
<NP>4</NP>
<WORKDIR>./rma</WORKDIR>
<STATUS>pass</STATUS>
<TIME>4.53673100471497</TIME>
</MPITEST>
<MPITEST>
<NAME>lockall_dt_flushall__BASIC__L42</NAME>
<NP>4</NP>
<WORKDIR>./rma</WORKDIR>
<STATUS>pass</STATUS>
<TIME>0.142234086990356</TIME>
</MPITEST>
<MPITEST>
<NAME>lockall_dt_flushall__BASIC__L42</NAME>
<NP>4</NP>
<WORKDIR>./rma</WORKDIR>
<STATUS>pass</STATUS>
<TIME>0.139517068862915</TIME>
</MPITEST>
<MPITEST>
<NAME>lockall_dt_flushall__BASIC__L42</NAME>
<NP>4</NP>
<WORKDIR>./rma</WORKDIR>
<STATUS>pass</STATUS>
<TIME>0.143270969390869</TIME>
</MPITEST>
<MPITEST>
<NAME>lockall_dt_flushall__BASIC__L42</NAME>
<NP>4</NP>
<WORKDIR>./rma</WORKDIR>
<STATUS>pass</STATUS>
<TIME>0.145205020904541</TIME>
</MPITEST>
<MPITEST>
<NAME>lockall_dt_flushall__BASIC__L42</NAME>
<NP>4</NP>
<WORKDIR>./rma</WORKDIR>
<STATUS>pass</STATUS>
<TIME>0.405870914459229</TIME>
</MPITEST>
<MPITEST>
<NAME>lockall_dt_flushall__BASIC__L42</NAME>
<NP>4</NP>
<WORKDIR>./rma</WORKDIR>
<STATUS>pass</STATUS>
<TIME>3.00305700302124</TIME>
</MPITEST>
<MPITEST>
<NAME>lockall_dt_flushall__BASIC__L42</NAME>
<NP>4</NP>
<WORKDIR>./rma</WORKDIR>
<STATUS>pass</STATUS>
<TIME>0.145925045013428</TIME>
</MPITEST>
<MPITEST>
<NAME>lockall_dt_flushall__BASIC__L42</NAME>
<NP>4</NP>
<WORKDIR>./rma</WORKDIR>
<STATUS>pass</STATUS>
<TIME>0.141130924224854</TIME>
</MPITEST>
<MPITEST>
<NAME>lockall_dt_flushall__BASIC__L42</NAME>
<NP>4</NP>
<WORKDIR>./rma</WORKDIR>
<STATUS>pass</STATUS>
<TIME>0.148432970046997</TIME>
</MPITEST>
<MPITEST>
<NAME>lockall_dt_flushall__BASIC__L42</NAME>
<NP>4</NP>
<WORKDIR>./rma</WORKDIR>
<STATUS>pass</STATUS>
<TIME>0.152262926101685</TIME>
</MPITEST>
<MPITEST>
<NAME>lockall_dt_flushall__BASIC__L42</NAME>
<NP>4</NP>
<WORKDIR>./rma</WORKDIR>
<STATUS>pass</STATUS>
<TIME>0.495652914047241</TIME>
</MPITEST>
<MPITEST>
<NAME>lockall_dt_flushall__BASIC__L42</NAME>
<NP>4</NP>
<WORKDIR>./rma</WORKDIR>
<STATUS>pass</STATUS>
<TIME>4.56530213356018</TIME>
</MPITEST>
<MPITEST>
<NAME>lockall_dt_flushlocal__BASIC__L43</NAME>
<NP>4</NP>
<WORKDIR>./rma</WORKDIR>
<STATUS>pass</STATUS>
<TIME>0.142359018325806</TIME>
</MPITEST>
<MPITEST>
<NAME>lockall_dt_flushlocal__BASIC__L43</NAME>
<NP>4</NP>
<WORKDIR>./rma</WORKDIR>
<STATUS>pass</STATUS>
<TIME>0.138296127319336</TIME>
</MPITEST>
<MPITEST>
<NAME>lockall_dt_flushlocal__BASIC__L43</NAME>
<NP>4</NP>
<WORKDIR>./rma</WORKDIR>
<STATUS>pass</STATUS>
<TIME>0.144620180130005</TIME>
</MPITEST>
<MPITEST>
<NAME>lockall_dt_flushlocal__BASIC__L43</NAME>
<NP>4</NP>
<WORKDIR>./rma</WORKDIR>
<STATUS>pass</STATUS>
<TIME>0.142361879348755</TIME>
</MPITEST>
<MPITEST>
<NAME>lockall_dt_flushlocal__BASIC__L43</NAME>
<NP>4</NP>
<WORKDIR>./rma</WORKDIR>
<STATUS>pass</STATUS>
<TIME>0.415351867675781</TIME>
</MPITEST>
<MPITEST>
<NAME>lockall_dt_flushlocal__BASIC__L43</NAME>
<NP>4</NP>
<WORKDIR>./rma</WORKDIR>
<STATUS>pass</STATUS>
<TIME>2.4830629825592</TIME>
</MPITEST>
<MPITEST>
<NAME>lockall_dt_flushlocal__BASIC__L43</NAME>
<NP>4</NP>
<WORKDIR>./rma</WORKDIR>
<STATUS>pass</STATUS>
<TIME>0.137918949127197</TIME>
</MPITEST>
<MPITEST>
<NAME>lockall_dt_flushlocal__BASIC__L43</NAME>
<NP>4</NP>
<WORKDIR>./rma</WORKDIR>
<STATUS>pass</STATUS>
<TIME>0.145035028457642</TIME>
</MPITEST>
<MPITEST>
<NAME>lockall_dt_flushlocal__BASIC__L43</NAME>
<NP>4</NP>
<WORKDIR>./rma</WORKDIR>
<STATUS>pass</STATUS>
<TIME>0.141083002090454</TIME>
</MPITEST>
<MPITEST>
<NAME>lockall_dt_flushlocal__BASIC__L43</NAME>
<NP>4</NP>
<WORKDIR>./rma</WORKDIR>
<STATUS>pass</STATUS>
<TIME>0.143370151519775</TIME>
</MPITEST>
<MPITEST>
<NAME>lockall_dt_flushlocal__BASIC__L43</NAME>
<NP>4</NP>
<WORKDIR>./rma</WORKDIR>
<STATUS>pass</STATUS>
<TIME>0.451817035675049</TIME>
</MPITEST>
<MPITEST>
<NAME>lockall_dt_flushlocal__BASIC__L43</NAME>
<NP>4</NP>
<WORKDIR>./rma</WORKDIR>
<STATUS>pass</STATUS>
<TIME>4.57605910301208</TIME>
</MPITEST>
<MPITEST>
<NAME>lockall_dt_flushlocalall__BASIC__L44</NAME>
<NP>4</NP>
<WORKDIR>./rma</WORKDIR>
<STATUS>pass</STATUS>
<TIME>0.14140796661377</TIME>
</MPITEST>
<MPITEST>
<NAME>lockall_dt_flushlocalall__BASIC__L44</NAME>
<NP>4</NP>
<WORKDIR>./rma</WORKDIR>
<STATUS>pass</STATUS>
<TIME>0.139426946640015</TIME>
</MPITEST>
<MPITEST>
<NAME>lockall_dt_flushlocalall__BASIC__L44</NAME>
<NP>4</NP>
<WORKDIR>./rma</WORKDIR>
<STATUS>pass</STATUS>
<TIME>0.140570878982544</TIME>
</MPITEST>
<MPITEST>
<NAME>lockall_dt_flushlocalall__BASIC__L44</NAME>
<NP>4</NP>
<WORKDIR>./rma</WORKDIR>
<STATUS>pass</STATUS>
<TIME>0.147284030914307</TIME>
</MPITEST>
<MPITEST>
<NAME>lockall_dt_flushlocalall__BASIC__L44</NAME>
<NP>4</NP>
<WORKDIR>./rma</WORKDIR>
<STATUS>pass</STATUS>
<TIME>0.349483013153076</TIME>
</MPITEST>
<MPITEST>
<NAME>lockall_dt_flushlocalall__BASIC__L44</NAME>
<NP>4</NP>
<WORKDIR>./rma</WORKDIR>
<STATUS>pass</STATUS>
<TIME>2.50736999511719</TIME>
</MPITEST>
<MPITEST>
<NAME>lockall_dt_flushlocalall__BASIC__L44</NAME>
<NP>4</NP>
<WORKDIR>./rma</WORKDIR>
<STATUS>pass</STATUS>
<TIME>0.139936923980713</TIME>
</MPITEST>
<MPITEST>
<NAME>lockall_dt_flushlocalall__BASIC__L44</NAME>
<NP>4</NP>
<WORKDIR>./rma</WORKDIR>
<STATUS>pass</STATUS>
<TIME>0.13941502571106</TIME>
</MPITEST>
<MPITEST>
<NAME>lockall_dt_flushlocalall__BASIC__L44</NAME>
<NP>4</NP>
<WORKDIR>./rma</WORKDIR>
<STATUS>pass</STATUS>
<TIME>0.139446973800659</TIME>
</MPITEST>
<MPITEST>
<NAME>lockall_dt_flushlocalall__BASIC__L44</NAME>
<NP>4</NP>
<WORKDIR>./rma</WORKDIR>
<STATUS>pass</STATUS>
<TIME>0.139358997344971</TIME>
</MPITEST>
<MPITEST>
<NAME>lockall_dt_flushlocalall__BASIC__L44</NAME>
<NP>4</NP>
<WORKDIR>./rma</WORKDIR>
<STATUS>pass</STATUS>
<TIME>0.457833051681519</TIME>
</MPITEST>
<MPITEST>
<NAME>lockall_dt_flushlocalall__BASIC__L44</NAME>
<NP>4</NP>
<WORKDIR>./rma</WORKDIR>
<STATUS>pass</STATUS>
<TIME>4.57679104804993</TIME>
</MPITEST>
<MPITEST>
<NAME>putfence1__BASIC__L45</NAME>
<NP>2</NP>
<WORKDIR>./rma</WORKDIR>
<STATUS>pass</STATUS>
<TIME>0.129924058914185</TIME>
</MPITEST>
<MPITEST>
<NAME>putfence1__BASIC__L45</NAME>
<NP>2</NP>
<WORKDIR>./rma</WORKDIR>
<STATUS>pass</STATUS>
<TIME>0.12944221496582</TIME>
</MPITEST>
<MPITEST>
<NAME>putfence1__BASIC__L45</NAME>
<NP>2</NP>
<WORKDIR>./rma</WORKDIR>
<STATUS>pass</STATUS>
<TIME>0.13297700881958</TIME>
</MPITEST>
<MPITEST>
<NAME>putfence1__BASIC__L45</NAME>
<NP>2</NP>
<WORKDIR>./rma</WORKDIR>
<STATUS>pass</STATUS>
<TIME>0.128319025039673</TIME>
</MPITEST>
<MPITEST>
<NAME>putfence1__BASIC__L45</NAME>
<NP>2</NP>
<WORKDIR>./rma</WORKDIR>
<STATUS>pass</STATUS>
<TIME>0.167840003967285</TIME>
</MPITEST>
<MPITEST>
<NAME>putfence1__BASIC__L45</NAME>
<NP>2</NP>
<WORKDIR>./rma</WORKDIR>
<STATUS>pass</STATUS>
<TIME>0.453926086425781</TIME>
</MPITEST>
<MPITEST>
<NAME>putfence1__BASIC__L45</NAME>
<NP>2</NP>
<WORKDIR>./rma</WORKDIR>
<STATUS>pass</STATUS>
<TIME>0.133095026016235</TIME>
</MPITEST>
<MPITEST>
<NAME>putfence1__BASIC__L45</NAME>
<NP>2</NP>
<WORKDIR>./rma</WORKDIR>
<STATUS>pass</STATUS>
<TIME>0.129762887954712</TIME>
</MPITEST>
<MPITEST>
<NAME>putfence1__BASIC__L45</NAME>
<NP>2</NP>
<WORKDIR>./rma</WORKDIR>
<STATUS>pass</STATUS>
<TIME>0.128132820129395</TIME>
</MPITEST>
<MPITEST>
<NAME>putfence1__BASIC__L45</NAME>
<NP>2</NP>
<WORKDIR>./rma</WORKDIR>
<STATUS>pass</STATUS>
<TIME>0.129759073257446</TIME>
</MPITEST>
<MPITEST>
<NAME>putfence1__BASIC__L45</NAME>
<NP>2</NP>
<WORKDIR>./rma</WORKDIR>
<STATUS>pass</STATUS>
<TIME>0.171671867370605</TIME>
</MPITEST>
<MPITEST>
<NAME>putfence1__BASIC__L45</NAME>
<NP>2</NP>
<WORKDIR>./rma</WORKDIR>
<STATUS>pass</STATUS>
<TIME>0.595431804656982</TIME>
</MPITEST>
<MPITEST>
<NAME>putfence1__BASIC__L46</NAME>
<NP>2</NP>
<WORKDIR>./rma</WORKDIR>
<STATUS>pass</STATUS>
<TIME>24.8033921718597</TIME>
</MPITEST>
<MPITEST>
<NAME>putfence1__BASIC__L46</NAME>
<NP>2</NP>
<WORKDIR>./rma</WORKDIR>
<STATUS>pass</STATUS>
<TIME>32.5544149875641</TIME>
</MPITEST>
<MPITEST>
<NAME>putpscw1__BASIC__L47</NAME>
<NP>4</NP>
<WORKDIR>./rma</WORKDIR>
<STATUS>pass</STATUS>
<TIME>0.133269071578979</TIME>
</MPITEST>
<MPITEST>
<NAME>putpscw1__BASIC__L47</NAME>
<NP>4</NP>
<WORKDIR>./rma</WORKDIR>
<STATUS>pass</STATUS>
<TIME>0.130297899246216</TIME>
</MPITEST>
<MPITEST>
<NAME>putpscw1__BASIC__L47</NAME>
<NP>4</NP>
<WORKDIR>./rma</WORKDIR>
<STATUS>pass</STATUS>
<TIME>0.130957841873169</TIME>
</MPITEST>
<MPITEST>
<NAME>putpscw1__BASIC__L47</NAME>
<NP>4</NP>
<WORKDIR>./rma</WORKDIR>
<STATUS>pass</STATUS>
<TIME>0.129700899124146</TIME>
</MPITEST>
<MPITEST>
<NAME>putpscw1__BASIC__L47</NAME>
<NP>4</NP>
<WORKDIR>./rma</WORKDIR>
<STATUS>pass</STATUS>
<TIME>0.234880924224854</TIME>
</MPITEST>
<MPITEST>
<NAME>putpscw1__BASIC__L47</NAME>
<NP>4</NP>
<WORKDIR>./rma</WORKDIR>
<STATUS>pass</STATUS>
<TIME>1.23965692520142</TIME>
</MPITEST>
<MPITEST>
<NAME>putpscw1__BASIC__L47</NAME>
<NP>4</NP>
<WORKDIR>./rma</WORKDIR>
<STATUS>pass</STATUS>
<TIME>0.13094687461853</TIME>
</MPITEST>
<MPITEST>
<NAME>putpscw1__BASIC__L47</NAME>
<NP>4</NP>
<WORKDIR>./rma</WORKDIR>
<STATUS>pass</STATUS>
<TIME>0.132523059844971</TIME>
</MPITEST>
<MPITEST>
<NAME>putpscw1__BASIC__L47</NAME>
<NP>4</NP>
<WORKDIR>./rma</WORKDIR>
<STATUS>pass</STATUS>
<TIME>0.131637096405029</TIME>
</MPITEST>
<MPITEST>
<NAME>putpscw1__BASIC__L47</NAME>
<NP>4</NP>
<WORKDIR>./rma</WORKDIR>
<STATUS>pass</STATUS>
<TIME>0.134252786636353</TIME>
</MPITEST>
<MPITEST>
<NAME>putpscw1__BASIC__L47</NAME>
<NP>4</NP>
<WORKDIR>./rma</WORKDIR>
<STATUS>pass</STATUS>
<TIME>0.283843040466309</TIME>
</MPITEST>
<MPITEST>
<NAME>putpscw1__BASIC__L47</NAME>
<NP>4</NP>
<WORKDIR>./rma</WORKDIR>
<STATUS>pass</STATUS>
<TIME>1.70575785636902</TIME>
</MPITEST>
<MPITEST>
<NAME>accfence1__STRUCT__L41</NAME>
<NP>4</NP>
<WORKDIR>./rma</WORKDIR>
<STATUS>pass</STATUS>
<TIME>0.131954908370972</TIME>
</MPITEST>
<MPITEST>
<NAME>accpscw1__STRUCT__L42</NAME>
<NP>4</NP>
<WORKDIR>./rma</WORKDIR>
<STATUS>pass</STATUS>
<TIME>0.133396148681641</TIME>
</MPITEST>
<MPITEST>
<NAME>epochtest__STRUCT__L43</NAME>
<NP>4</NP>
<WORKDIR>./rma</WORKDIR>
<STATUS>pass</STATUS>
<TIME>0.12883996963501</TIME>
</MPITEST>
<MPITEST>
<NAME>getfence1__STRUCT__L44</NAME>
<NP>2</NP>
<WORKDIR>./rma</WORKDIR>
<STATUS>pass</STATUS>
<TIME>0.129601001739502</TIME>
</MPITEST>
<MPITEST>
<NAME>lock_contention_dt__STRUCT__L45</NAME>
<NP>4</NP>
<WORKDIR>./rma</WORKDIR>
<STATUS>pass</STATUS>
<TIME>0.131011962890625</TIME>
</MPITEST>
<MPITEST>
<NAME>lock_dt__STRUCT__L46</NAME>
<NP>2</NP>
<WORKDIR>./rma</WORKDIR>
<STATUS>pass</STATUS>
<TIME>0.128353118896484</TIME>
</MPITEST>
<MPITEST>
<NAME>lock_dt_flush__STRUCT__L47</NAME>
<NP>2</NP>
<WORKDIR>./rma</WORKDIR>
<STATUS>pass</STATUS>
<TIME>0.125813007354736</TIME>
</MPITEST>
<MPITEST>
<NAME>lock_dt_flushlocal__STRUCT__L48</NAME>
<NP>2</NP>
<WORKDIR>./rma</WORKDIR>
<STATUS>pass</STATUS>
<TIME>0.128197908401489</TIME>
</MPITEST>
<MPITEST>
<NAME>lockall_dt__STRUCT__L49</NAME>
<NP>4</NP>
<WORKDIR>./rma</WORKDIR>
<STATUS>pass</STATUS>
<TIME>0.13239598274231</TIME>
</MPITEST>
<MPITEST>
<NAME>lockall_dt_flush__STRUCT__L50</NAME>
<NP>4</NP>
<WORKDIR>./rma</WORKDIR>
<STATUS>pass</STATUS>
<TIME>0.127262830734253</TIME>
</MPITEST>
<MPITEST>
<NAME>lockall_dt_flushall__STRUCT__L51</NAME>
<NP>4</NP>
<WORKDIR>./rma</WORKDIR>
<STATUS>pass</STATUS>
<TIME>0.130405902862549</TIME>
</MPITEST>
<MPITEST>
<NAME>lockall_dt_flushlocal__STRUCT__L52</NAME>
<NP>4</NP>
<WORKDIR>./rma</WORKDIR>
<STATUS>pass</STATUS>
<TIME>0.128781795501709</TIME>
</MPITEST>
<MPITEST>
<NAME>lockall_dt_flushlocalall__STRUCT__L53</NAME>
<NP>4</NP>
<WORKDIR>./rma</WORKDIR>
<STATUS>pass</STATUS>
<TIME>0.127568960189819</TIME>
</MPITEST>
<MPITEST>
<NAME>putfence1__STRUCT__L54</NAME>
<NP>2</NP>
<WORKDIR>./rma</WORKDIR>
<STATUS>pass</STATUS>
<TIME>0.124778985977173</TIME>
</MPITEST>
<MPITEST>
<NAME>putpscw1__STRUCT__L55</NAME>
<NP>4</NP>
<WORKDIR>./rma</WORKDIR>
<STATUS>pass</STATUS>
<TIME>0.13201904296875</TIME>
</MPITEST>
<MPITEST>
<NAME>namepub</NAME>
<NP>2</NP>
<WORKDIR>./spawn</WORKDIR>
<STATUS>pass</STATUS>
<TIME>0.128371000289917</TIME>
</MPITEST>
<MPITEST>
<NAME>spawn1</NAME>
<NP>1</NP>
<WORKDIR>./spawn</WORKDIR>
<STATUS>pass</STATUS>
<TIME>0.280297040939331</TIME>
</MPITEST>
<MPITEST>
<NAME>spawn2</NAME>
<NP>1</NP>
<WORKDIR>./spawn</WORKDIR>
<STATUS>pass</STATUS>
<TIME>0.378613948822021</TIME>
</MPITEST>
<MPITEST>
<NAME>spawninfo1</NAME>
<NP>1</NP>
<WORKDIR>./spawn</WORKDIR>
<STATUS>pass</STATUS>
<TIME>0.255168914794922</TIME>
</MPITEST>
<MPITEST>
<NAME>spawnminfo1</NAME>
<NP>1</NP>
<WORKDIR>./spawn</WORKDIR>
<STATUS>pass</STATUS>
<TIME>0.256013154983521</TIME>
</MPITEST>
<MPITEST>
<NAME>spawnintra</NAME>
<NP>1</NP>
<WORKDIR>./spawn</WORKDIR>
<STATUS>pass</STATUS>
<TIME>0.255398035049438</TIME>
</MPITEST>
<MPITEST>
<NAME>spawnintra</NAME>
<NP>2</NP>
<WORKDIR>./spawn</WORKDIR>
<STATUS>pass</STATUS>
<TIME>0.24377703666687</TIME>
</MPITEST>
<MPITEST>
<NAME>spawnargv</NAME>
<NP>1</NP>
<WORKDIR>./spawn</WORKDIR>
<STATUS>pass</STATUS>
<TIME>0.259068965911865</TIME>
</MPITEST>
<MPITEST>
<NAME>spawnmanyarg</NAME>
<NP>1</NP>
<WORKDIR>./spawn</WORKDIR>
<STATUS>pass</STATUS>
<TIME>0.795310974121094</TIME>
</MPITEST>
<MPITEST>
<NAME>spawnmult2</NAME>
<NP>2</NP>
<WORKDIR>./spawn</WORKDIR>
<STATUS>pass</STATUS>
<TIME>0.251485109329224</TIME>
</MPITEST>
<MPITEST>
<NAME>spaconacc</NAME>
<NP>1</NP>
<WORKDIR>./spawn</WORKDIR>
<STATUS>pass</STATUS>
<TIME>0.367908000946045</TIME>
</MPITEST>
<MPITEST>
<NAME>spaconacc2</NAME>
<NP>1</NP>
<WORKDIR>./spawn</WORKDIR>
<STATUS>pass</STATUS>
<TIME>0.373403787612915</TIME>
</MPITEST>
<MPITEST>
<NAME>selfconacc</NAME>
<NP>2</NP>
<WORKDIR>./spawn</WORKDIR>
<STATUS>pass</STATUS>
<TIME>0.128156900405884</TIME>
</MPITEST>
<MPITEST>
<NAME>spaiccreate</NAME>
<NP>2</NP>
<WORKDIR>./spawn</WORKDIR>
<STATUS>pass</STATUS>
<TIME>0.24530291557312</TIME>
</MPITEST>
<MPITEST>
<NAME>spaiccreate2</NAME>
<NP>2</NP>
<WORKDIR>./spawn</WORKDIR>
<STATUS>pass</STATUS>
<TIME>0.25084400177002</TIME>
</MPITEST>
<MPITEST>
<NAME>taskmaster</NAME>
<NP>1</NP>
<WORKDIR>./spawn</WORKDIR>
<STATUS>pass</STATUS>
<TIME>15.6153330802917</TIME>
</MPITEST>
<MPITEST>
<NAME>taskmaster</NAME>
<NP>2</NP>
<WORKDIR>./spawn</WORKDIR>
<STATUS>pass</STATUS>
<TIME>15.1817810535431</TIME>
</MPITEST>
<MPITEST>
<NAME>join</NAME>
<NP>2</NP>
<WORKDIR>./spawn</WORKDIR>
<STATUS>pass</STATUS>
<TIME>0.12622594833374</TIME>
</MPITEST>
<MPITEST>
<NAME>disconnect_reconnect</NAME>
<NP>3</NP>
<WORKDIR>./spawn</WORKDIR>
<STATUS>pass</STATUS>
<TIME>0.46877908706665</TIME>
</MPITEST>
<MPITEST>
<NAME>disconnect_reconnect2</NAME>
<NP>3</NP>
<WORKDIR>./spawn</WORKDIR>
<STATUS>pass</STATUS>
<TIME>0.692486047744751</TIME>
</MPITEST>
<MPITEST>
<NAME>disconnect_reconnect3</NAME>
<NP>3</NP>
<WORKDIR>./spawn</WORKDIR>
<STATUS>pass</STATUS>
<TIME>0.330830812454224</TIME>
</MPITEST>
<MPITEST>
<NAME>multiple_ports</NAME>
<NP>3</NP>
<WORKDIR>./spawn</WORKDIR>
<STATUS>pass</STATUS>
<TIME>3.13304686546326</TIME>
</MPITEST>
<MPITEST>
<NAME>multiple_ports2</NAME>
<NP>4</NP>
<WORKDIR>./spawn</WORKDIR>
<STATUS>pass</STATUS>
<TIME>4.13449192047119</TIME>
</MPITEST>
<MPITEST>
<NAME>disconnect</NAME>
<NP>3</NP>
<WORKDIR>./spawn</WORKDIR>
<STATUS>pass</STATUS>
<TIME>0.255878210067749</TIME>
</MPITEST>
<MPITEST>
<NAME>disconnect2</NAME>
<NP>3</NP>
<WORKDIR>./spawn</WORKDIR>
<STATUS>pass</STATUS>
<TIME>0.255531072616577</TIME>
</MPITEST>
<MPITEST>
<NAME>disconnect3</NAME>
<NP>3</NP>
<WORKDIR>./spawn</WORKDIR>
<STATUS>pass</STATUS>
<TIME>0.255779981613159</TIME>
</MPITEST>
<MPITEST>
<NAME>concurrent_spawns</NAME>
<NP>1</NP>
<WORKDIR>./spawn</WORKDIR>
<STATUS>pass</STATUS>
<TIME>1.39403414726257</TIME>
</MPITEST>
<MPITEST>
<NAME>pgroup_connect_test</NAME>
<NP>4</NP>
<WORKDIR>./spawn</WORKDIR>
<STATUS>pass</STATUS>
<TIME>0.127418994903564</TIME>
</MPITEST>
<MPITEST>
<NAME>pgroup_intercomm_test</NAME>
<NP>4</NP>
<WORKDIR>./spawn</WORKDIR>
<STATUS>pass</STATUS>
<TIME>0.128129005432129</TIME>
</MPITEST>
<MPITEST>
<NAME>spawn_rootargs</NAME>
<NP>10</NP>
<WORKDIR>./spawn</WORKDIR>
<TIME>180.524881124496</TIME>
<STATUS>fail</STATUS>
<TESTDIFF>
 No Errors
[mpiexec@zam871] APPLICATION TIMED OUT, TIMEOUT = 180s
</TESTDIFF>
</MPITEST>
<MPITEST>
<NAME>cartmap1</NAME>
<NP>4</NP>
<WORKDIR>./topo</WORKDIR>
<STATUS>pass</STATUS>
<TIME>0.125981092453003</TIME>
</MPITEST>
<MPITEST>
<NAME>cartzero</NAME>
<NP>4</NP>
<WORKDIR>./topo</WORKDIR>
<STATUS>pass</STATUS>
<TIME>0.129961013793945</TIME>
</MPITEST>
<MPITEST>
<NAME>cartshift1</NAME>
<NP>4</NP>
<WORKDIR>./topo</WORKDIR>
<STATUS>pass</STATUS>
<TIME>0.132389068603516</TIME>
</MPITEST>
<MPITEST>
<NAME>cartsuball</NAME>
<NP>4</NP>
<WORKDIR>./topo</WORKDIR>
<STATUS>pass</STATUS>
<TIME>0.129404067993164</TIME>
</MPITEST>
<MPITEST>
<NAME>cartcreates</NAME>
<NP>4</NP>
<WORKDIR>./topo</WORKDIR>
<STATUS>pass</STATUS>
<TIME>0.127974987030029</TIME>
</MPITEST>
<MPITEST>
<NAME>dims1</NAME>
<NP>4</NP>
<WORKDIR>./topo</WORKDIR>
<STATUS>pass</STATUS>
<TIME>0.128257989883423</TIME>
</MPITEST>
<MPITEST>
<NAME>dims2</NAME>
<NP>1</NP>
<WORKDIR>./topo</WORKDIR>
<STATUS>pass</STATUS>
<TIME>0.121702909469604</TIME>
</MPITEST>
<MPITEST>
<NAME>dims3</NAME>
<NP>1</NP>
<WORKDIR>./topo</WORKDIR>
<STATUS>pass</STATUS>
<TIME>0.121937036514282</TIME>
</MPITEST>
<MPITEST>
<NAME>dims4</NAME>
<NP>1</NP>
<WORKDIR>./topo</WORKDIR>
<STATUS>pass</STATUS>
<TIME>0.122659921646118</TIME>
</MPITEST>
<MPITEST>
<NAME>dims5</NAME>
<NP>1</NP>
<WORKDIR>./topo</WORKDIR>
<STATUS>pass</STATUS>
<TIME>0.552677154541016</TIME>
</MPITEST>
<MPITEST>
<NAME>graphmap1</NAME>
<NP>4</NP>
<WORKDIR>./topo</WORKDIR>
<STATUS>pass</STATUS>
<TIME>0.129793882369995</TIME>
</MPITEST>
<MPITEST>
<NAME>topotest</NAME>
<NP>4</NP>
<WORKDIR>./topo</WORKDIR>
<STATUS>pass</STATUS>
<TIME>0.127326011657715</TIME>
</MPITEST>
<MPITEST>
<NAME>topodup</NAME>
<NP>4</NP>
<WORKDIR>./topo</WORKDIR>
<STATUS>pass</STATUS>
<TIME>0.124217987060547</TIME>
</MPITEST>
<MPITEST>
<NAME>graphcr</NAME>
<NP>4</NP>
<WORKDIR>./topo</WORKDIR>
<STATUS>pass</STATUS>
<TIME>0.127436876296997</TIME>
</MPITEST>
<MPITEST>
<NAME>graphcr2</NAME>
<NP>4</NP>
<WORKDIR>./topo</WORKDIR>
<STATUS>pass</STATUS>
<TIME>0.128975868225098</TIME>
</MPITEST>
<MPITEST>
<NAME>distgraph1</NAME>
<NP>4</NP>
<WORKDIR>./topo</WORKDIR>
<STATUS>pass</STATUS>
<TIME>0.134199857711792</TIME>
</MPITEST>
<MPITEST>
<NAME>dgraph_unwgt</NAME>
<NP>4</NP>
<WORKDIR>./topo</WORKDIR>
<STATUS>pass</STATUS>
<TIME>0.127707958221436</TIME>
</MPITEST>
<MPITEST>
<NAME>rdwrord</NAME>
<NP>4</NP>
<WORKDIR>./io</WORKDIR>
<STATUS>pass</STATUS>
<TIME>0.126435041427612</TIME>
</MPITEST>
<MPITEST>
<NAME>rdwrzero</NAME>
<NP>4</NP>
<WORKDIR>./io</WORKDIR>
<STATUS>pass</STATUS>
<TIME>0.131706953048706</TIME>
</MPITEST>
<MPITEST>
<NAME>getextent</NAME>
<NP>2</NP>
<WORKDIR>./io</WORKDIR>
<STATUS>pass</STATUS>
<TIME>0.122137069702148</TIME>
</MPITEST>
<MPITEST>
<NAME>setinfo</NAME>
<NP>4</NP>
<WORKDIR>./io</WORKDIR>
<STATUS>pass</STATUS>
<TIME>0.129817962646484</TIME>
</MPITEST>
<MPITEST>
<NAME>setviewcur</NAME>
<NP>4</NP>
<WORKDIR>./io</WORKDIR>
<STATUS>pass</STATUS>
<TIME>0.131869077682495</TIME>
</MPITEST>
<MPITEST>
<NAME>i_noncontig</NAME>
<NP>2</NP>
<WORKDIR>./io</WORKDIR>
<STATUS>pass</STATUS>
<TIME>0.129588842391968</TIME>
</MPITEST>
<MPITEST>
<NAME>async</NAME>
<NP>4</NP>
<WORKDIR>./io</WORKDIR>
<STATUS>pass</STATUS>
<TIME>0.134461879730225</TIME>
</MPITEST>
<MPITEST>
<NAME>async_any</NAME>
<NP>4</NP>
<WORKDIR>./io</WORKDIR>
<STATUS>pass</STATUS>
<TIME>0.131537914276123</TIME>
</MPITEST>
<MPITEST>
<NAME>userioerr</NAME>
<NP>1</NP>
<WORKDIR>./io</WORKDIR>
<STATUS>pass</STATUS>
<TIME>0.12319016456604</TIME>
</MPITEST>
<MPITEST>
<NAME>resized</NAME>
<NP>1</NP>
<WORKDIR>./io</WORKDIR>
<STATUS>pass</STATUS>
<TIME>0.122098922729492</TIME>
</MPITEST>
<MPITEST>
<NAME>resized2</NAME>
<NP>1</NP>
<WORKDIR>./io</WORKDIR>
<STATUS>pass</STATUS>
<TIME>0.123112916946411</TIME>
</MPITEST>
<MPITEST>
<NAME>bigtype</NAME>
<NP>1</NP>
<WORKDIR>./io</WORKDIR>
<STATUS>pass</STATUS>
<TIME>19.6030941009521</TIME>
</MPITEST>
<MPITEST>
<NAME>hindexed_io</NAME>
<NP>1</NP>
<WORKDIR>./io</WORKDIR>
<STATUS>pass</STATUS>
<TIME>0.122559070587158</TIME>
</MPITEST>
<MPITEST>
<NAME>tst_fileview</NAME>
<NP>1</NP>
<WORKDIR>./io</WORKDIR>
<STATUS>pass</STATUS>
<TIME>0.333214044570923</TIME>
</MPITEST>
<MPITEST>
<NAME>simple_collective</NAME>
<NP>1</NP>
<WORKDIR>./io</WORKDIR>
<STATUS>pass</STATUS>
<TIME>0.122683048248291</TIME>
</MPITEST>
<MPITEST>
<NAME>external32_derived_dtype</NAME>
<NP>1</NP>
<WORKDIR>./io</WORKDIR>
<STATUS>pass</STATUS>
<TIME>0.120448112487793</TIME>
</MPITEST>
<MPITEST>
<NAME>i_bigtype</NAME>
<NP>1</NP>
<WORKDIR>./io</WORKDIR>
<STATUS>pass</STATUS>
<TIME>19.8743829727173</TIME>
</MPITEST>
<MPITEST>
<NAME>i_hindexed_io</NAME>
<NP>1</NP>
<WORKDIR>./io</WORKDIR>
<STATUS>pass</STATUS>
<TIME>0.123532056808472</TIME>
</MPITEST>
<MPITEST>
<NAME>i_rdwrord</NAME>
<NP>4</NP>
<WORKDIR>./io</WORKDIR>
<STATUS>pass</STATUS>
<TIME>0.129336833953857</TIME>
</MPITEST>
<MPITEST>
<NAME>i_setviewcur</NAME>
<NP>4</NP>
<WORKDIR>./io</WORKDIR>
<STATUS>pass</STATUS>
<TIME>0.130571126937866</TIME>
</MPITEST>
<MPITEST>
<NAME>i_aggregation1</NAME>
<NP>4</NP>
<WORKDIR>./io</WORKDIR>
<STATUS>pass</STATUS>
<TIME>0.174047946929932</TIME>
</MPITEST>
<MPITEST>
<NAME>i_aggregation2</NAME>
<NP>4</NP>
<WORKDIR>./io</WORKDIR>
<STATUS>pass</STATUS>
<TIME>0.130486011505127</TIME>
</MPITEST>
<MPITEST>
<NAME>i_coll_test</NAME>
<NP>4</NP>
<WORKDIR>./io</WORKDIR>
<STATUS>pass</STATUS>
<TIME>0.134910106658936</TIME>
</MPITEST>
<MPITEST>
<NAME>i_darray_read</NAME>
<NP>4</NP>
<WORKDIR>./io</WORKDIR>
<STATUS>pass</STATUS>
<TIME>0.128032922744751</TIME>
</MPITEST>
<MPITEST>
<NAME>i_hindexed</NAME>
<NP>4</NP>
<WORKDIR>./io</WORKDIR>
<STATUS>pass</STATUS>
<TIME>0.130292177200317</TIME>
</MPITEST>
<MPITEST>
<NAME>i_noncontig_coll</NAME>
<NP>2</NP>
<WORKDIR>./io</WORKDIR>
<STATUS>pass</STATUS>
<TIME>0.356117010116577</TIME>
</MPITEST>
<MPITEST>
<NAME>i_noncontig_coll2</NAME>
<NP>4</NP>
<WORKDIR>./io</WORKDIR>
<STATUS>pass</STATUS>
<TIME>0.153631925582886</TIME>
</MPITEST>
<MPITEST>
<NAME>i_types_with_zeros</NAME>
<NP>2</NP>
<WORKDIR>./io</WORKDIR>
<STATUS>pass</STATUS>
<TIME>0.130380868911743</TIME>
</MPITEST>
<MPITEST>
<NAME>attrmpi1f</NAME>
<NP>1</NP>
<WORKDIR>./f77/attr</WORKDIR>
<STATUS>pass</STATUS>
<TIME>0.122952938079834</TIME>
</MPITEST>
<MPITEST>
<NAME>baseattrf</NAME>
<NP>1</NP>
<WORKDIR>./f77/attr</WORKDIR>
<STATUS>pass</STATUS>
<TIME>0.121862173080444</TIME>
</MPITEST>
<MPITEST>
<NAME>baseattr2f</NAME>
<NP>1</NP>
<WORKDIR>./f77/attr</WORKDIR>
<STATUS>pass</STATUS>
<TIME>0.120588779449463</TIME>
</MPITEST>
<MPITEST>
<NAME>commattrf</NAME>
<NP>1</NP>
<WORKDIR>./f77/attr</WORKDIR>
<STATUS>pass</STATUS>
<TIME>0.124996900558472</TIME>
</MPITEST>
<MPITEST>
<NAME>commattr2f</NAME>
<NP>1</NP>
<WORKDIR>./f77/attr</WORKDIR>
<STATUS>pass</STATUS>
<TIME>0.12061595916748</TIME>
</MPITEST>
<MPITEST>
<NAME>commattr3f</NAME>
<NP>1</NP>
<WORKDIR>./f77/attr</WORKDIR>
<STATUS>pass</STATUS>
<TIME>0.122513055801392</TIME>
</MPITEST>
<MPITEST>
<NAME>commattr4f</NAME>
<NP>1</NP>
<WORKDIR>./f77/attr</WORKDIR>
<STATUS>pass</STATUS>
<TIME>0.12253999710083</TIME>
</MPITEST>
<MPITEST>
<NAME>typeattrf</NAME>
<NP>1</NP>
<WORKDIR>./f77/attr</WORKDIR>
<STATUS>pass</STATUS>
<TIME>0.120244026184082</TIME>
</MPITEST>
<MPITEST>
<NAME>typeattr2f</NAME>
<NP>1</NP>
<WORKDIR>./f77/attr</WORKDIR>
<STATUS>pass</STATUS>
<TIME>0.123054027557373</TIME>
</MPITEST>
<MPITEST>
<NAME>typeattr3f</NAME>
<NP>1</NP>
<WORKDIR>./f77/attr</WORKDIR>
<STATUS>pass</STATUS>
<TIME>0.1232008934021</TIME>
</MPITEST>
<MPITEST>
<NAME>uallreducef</NAME>
<NP>4</NP>
<WORKDIR>./f77/coll</WORKDIR>
<STATUS>pass</STATUS>
<TIME>0.131267070770264</TIME>
</MPITEST>
<MPITEST>
<NAME>exscanf</NAME>
<NP>5</NP>
<WORKDIR>./f77/coll</WORKDIR>
<STATUS>pass</STATUS>
<TIME>0.132925987243652</TIME>
</MPITEST>
<MPITEST>
<NAME>alltoallwf</NAME>
<NP>7</NP>
<WORKDIR>./f77/coll</WORKDIR>
<STATUS>pass</STATUS>
<TIME>0.135777950286865</TIME>
</MPITEST>
<MPITEST>
<NAME>alltoallvf</NAME>
<NP>7</NP>
<WORKDIR>./f77/coll</WORKDIR>
<STATUS>pass</STATUS>
<TIME>0.143110036849976</TIME>
</MPITEST>
<MPITEST>
<NAME>inplacef</NAME>
<NP>4</NP>
<WORKDIR>./f77/coll</WORKDIR>
<STATUS>pass</STATUS>
<TIME>0.127861976623535</TIME>
</MPITEST>
<MPITEST>
<NAME>reducelocalf</NAME>
<NP>2</NP>
<WORKDIR>./f77/coll</WORKDIR>
<STATUS>pass</STATUS>
<TIME>0.130100965499878</TIME>
</MPITEST>
<MPITEST>
<NAME>redscatf</NAME>
<NP>4</NP>
<WORKDIR>./f77/coll</WORKDIR>
<STATUS>pass</STATUS>
<TIME>0.130309104919434</TIME>
</MPITEST>
<MPITEST>
<NAME>split_typef</NAME>
<NP>4</NP>
<WORKDIR>./f77/coll</WORKDIR>
<STATUS>pass</STATUS>
<TIME>0.128115177154541</TIME>
</MPITEST>
<MPITEST>
<NAME>nonblockingf</NAME>
<NP>4</NP>
<WORKDIR>./f77/coll</WORKDIR>
<STATUS>pass</STATUS>
<TIME>0.12704610824585</TIME>
</MPITEST>
<MPITEST>
<NAME>vw_inplacef</NAME>
<NP>4</NP>
<WORKDIR>./f77/coll</WORKDIR>
<STATUS>pass</STATUS>
<TIME>0.129004955291748</TIME>
</MPITEST>
<MPITEST>
<NAME>red_scat_blockf</NAME>
<NP>4</NP>
<WORKDIR>./f77/coll</WORKDIR>
<STATUS>pass</STATUS>
<TIME>0.131799936294556</TIME>
</MPITEST>
<MPITEST>
<NAME>nonblocking_inpf</NAME>
<NP>4</NP>
<WORKDIR>./f77/coll</WORKDIR>
<STATUS>pass</STATUS>
<TIME>0.130183935165405</TIME>
</MPITEST>
<MPITEST>
<NAME>typenamef</NAME>
<NP>1</NP>
<WORKDIR>./f77/datatype</WORKDIR>
<STATUS>pass</STATUS>
<TIME>0.122054100036621</TIME>
</MPITEST>
<MPITEST>
<NAME>typename3f</NAME>
<NP>1</NP>
<WORKDIR>./f77/datatype</WORKDIR>
<STATUS>pass</STATUS>
<TIME>0.122050046920776</TIME>
</MPITEST>
<MPITEST>
<NAME>typesnamef</NAME>
<NP>1</NP>
<WORKDIR>./f77/datatype</WORKDIR>
<STATUS>pass</STATUS>
<TIME>0.123096942901611</TIME>
</MPITEST>
<MPITEST>
<NAME>typecntsf</NAME>
<NP>1</NP>
<WORKDIR>./f77/datatype</WORKDIR>
<STATUS>pass</STATUS>
<TIME>0.118356943130493</TIME>
</MPITEST>
<MPITEST>
<NAME>typem2f</NAME>
<NP>1</NP>
<WORKDIR>./f77/datatype</WORKDIR>
<STATUS>pass</STATUS>
<TIME>0.124413013458252</TIME>
</MPITEST>
<MPITEST>
<NAME>typesubf</NAME>
<NP>1</NP>
<WORKDIR>./f77/datatype</WORKDIR>
<STATUS>pass</STATUS>
<TIME>0.123317003250122</TIME>
</MPITEST>
<MPITEST>
<NAME>packef</NAME>
<NP>1</NP>
<WORKDIR>./f77/datatype</WORKDIR>
<STATUS>pass</STATUS>
<TIME>0.123353004455566</TIME>
</MPITEST>
<MPITEST>
<NAME>gaddressf</NAME>
<NP>1</NP>
<WORKDIR>./f77/datatype</WORKDIR>
<STATUS>pass</STATUS>
<TIME>0.123056888580322</TIME>
</MPITEST>
<MPITEST>
<NAME>allctypesf</NAME>
<NP>1</NP>
<WORKDIR>./f77/datatype</WORKDIR>
<STATUS>pass</STATUS>
<TIME>0.124233961105347</TIME>
</MPITEST>
<MPITEST>
<NAME>hindex1f</NAME>
<NP>1</NP>
<WORKDIR>./f77/datatype</WORKDIR>
<STATUS>pass</STATUS>
<TIME>0.120781898498535</TIME>
</MPITEST>
<MPITEST>
<NAME>hindexed_blockf</NAME>
<NP>1</NP>
<WORKDIR>./f77/datatype</WORKDIR>
<STATUS>pass</STATUS>
<TIME>0.126003980636597</TIME>
</MPITEST>
<MPITEST>
<NAME>bottom</NAME>
<NP>2</NP>
<WORKDIR>./f77/datatype</WORKDIR>
<STATUS>pass</STATUS>
<TIME>0.128490924835205</TIME>
</MPITEST>
<MPITEST>
<NAME>statusesf</NAME>
<NP>1</NP>
<WORKDIR>./f77/pt2pt</WORKDIR>
<STATUS>pass</STATUS>
<TIME>0.121510982513428</TIME>
</MPITEST>
<MPITEST>
<NAME>greqf</NAME>
<NP>1</NP>
<WORKDIR>./f77/pt2pt</WORKDIR>
<STATUS>pass</STATUS>
<TIME>0.12252402305603</TIME>
</MPITEST>
<MPITEST>
<NAME>sendf</NAME>
<NP>2</NP>
<WORKDIR>./f77/pt2pt</WORKDIR>
<STATUS>pass</STATUS>
<TIME>0.126293897628784</TIME>
</MPITEST>
<MPITEST>
<NAME>rsendf</NAME>
<NP>2</NP>
<WORKDIR>./f77/pt2pt</WORKDIR>
<STATUS>pass</STATUS>
<TIME>0.128767013549805</TIME>
</MPITEST>
<MPITEST>
<NAME>ssendf</NAME>
<NP>2</NP>
<WORKDIR>./f77/pt2pt</WORKDIR>
<STATUS>pass</STATUS>
<TIME>0.128601789474487</TIME>
</MPITEST>
<MPITEST>
<NAME>isendf</NAME>
<NP>2</NP>
<WORKDIR>./f77/pt2pt</WORKDIR>
<STATUS>pass</STATUS>
<TIME>0.128408908843994</TIME>
</MPITEST>
<MPITEST>
<NAME>irsendf</NAME>
<NP>2</NP>
<WORKDIR>./f77/pt2pt</WORKDIR>
<STATUS>pass</STATUS>
<TIME>0.128133058547974</TIME>
</MPITEST>
<MPITEST>
<NAME>issendf</NAME>
<NP>2</NP>
<WORKDIR>./f77/pt2pt</WORKDIR>
<STATUS>pass</STATUS>
<TIME>0.128453016281128</TIME>
</MPITEST>
<MPITEST>
<NAME>psendf</NAME>
<NP>2</NP>
<WORKDIR>./f77/pt2pt</WORKDIR>
<STATUS>pass</STATUS>
<TIME>0.127151012420654</TIME>
</MPITEST>
<MPITEST>
<NAME>prsendf</NAME>
<NP>2</NP>
<WORKDIR>./f77/pt2pt</WORKDIR>
<STATUS>pass</STATUS>
<TIME>0.127112865447998</TIME>
</MPITEST>
<MPITEST>
<NAME>pssendf</NAME>
<NP>2</NP>
<WORKDIR>./f77/pt2pt</WORKDIR>
<STATUS>pass</STATUS>
<TIME>0.130753040313721</TIME>
</MPITEST>
<MPITEST>
<NAME>sendrecvf</NAME>
<NP>2</NP>
<WORKDIR>./f77/pt2pt</WORKDIR>
<STATUS>pass</STATUS>
<TIME>0.127285003662109</TIME>
</MPITEST>
<MPITEST>
<NAME>sendrecvreplf</NAME>
<NP>2</NP>
<WORKDIR>./f77/pt2pt</WORKDIR>
<STATUS>pass</STATUS>
<TIME>0.12719202041626</TIME>
</MPITEST>
<MPITEST>
<NAME>mprobef</NAME>
<NP>2</NP>
<WORKDIR>./f77/pt2pt</WORKDIR>
<STATUS>pass</STATUS>
<TIME>0.125973224639893</TIME>
</MPITEST>
<MPITEST>
<NAME>infotestf</NAME>
<NP>1</NP>
<WORKDIR>./f77/info</WORKDIR>
<STATUS>pass</STATUS>
<TIME>0.120590925216675</TIME>
</MPITEST>
<MPITEST>
<NAME>infotest2f</NAME>
<NP>1</NP>
<WORKDIR>./f77/info</WORKDIR>
<STATUS>pass</STATUS>
<TIME>0.122911930084229</TIME>
</MPITEST>
<MPITEST>
<NAME>namepubf</NAME>
<NP>2</NP>
<WORKDIR>./f77/spawn</WORKDIR>
<STATUS>pass</STATUS>
<TIME>0.130648851394653</TIME>
</MPITEST>
<MPITEST>
<NAME>spawnf</NAME>
<NP>1</NP>
<WORKDIR>./f77/spawn</WORKDIR>
<STATUS>pass</STATUS>
<TIME>0.254523992538452</TIME>
</MPITEST>
<MPITEST>
<NAME>spawnargvf</NAME>
<NP>1</NP>
<WORKDIR>./f77/spawn</WORKDIR>
<STATUS>pass</STATUS>
<TIME>0.249243974685669</TIME>
</MPITEST>
<MPITEST>
<NAME>connaccf</NAME>
<NP>2</NP>
<WORKDIR>./f77/spawn</WORKDIR>
<STATUS>pass</STATUS>
<TIME>0.133003950119019</TIME>
</MPITEST>
<MPITEST>
<NAME>spawnmultf</NAME>
<NP>1</NP>
<WORKDIR>./f77/spawn</WORKDIR>
<STATUS>pass</STATUS>
<TIME>0.253653049468994</TIME>
</MPITEST>
<MPITEST>
<NAME>spawnmult2f</NAME>
<NP>2</NP>
<WORKDIR>./f77/spawn</WORKDIR>
<STATUS>pass</STATUS>
<TIME>0.249047040939331</TIME>
</MPITEST>
<MPITEST>
<NAME>iwriteatf</NAME>
<NP>4</NP>
<WORKDIR>./f77/io</WORKDIR>
<STATUS>pass</STATUS>
<TIME>0.495473146438599</TIME>
</MPITEST>
<MPITEST>
<NAME>iwritef</NAME>
<NP>4</NP>
<WORKDIR>./f77/io</WORKDIR>
<STATUS>pass</STATUS>
<TIME>0.490447998046875</TIME>
</MPITEST>
<MPITEST>
<NAME>iwriteshf</NAME>
<NP>4</NP>
<WORKDIR>./f77/io</WORKDIR>
<STATUS>pass</STATUS>
<TIME>2.58094811439514</TIME>
</MPITEST>
<MPITEST>
<NAME>writef</NAME>
<NP>4</NP>
<WORKDIR>./f77/io</WORKDIR>
<STATUS>pass</STATUS>
<TIME>0.270452976226807</TIME>
</MPITEST>
<MPITEST>
<NAME>writeatf</NAME>
<NP>4</NP>
<WORKDIR>./f77/io</WORKDIR>
<STATUS>pass</STATUS>
<TIME>0.267760992050171</TIME>
</MPITEST>
<MPITEST>
<NAME>writeallf</NAME>
<NP>4</NP>
<WORKDIR>./f77/io</WORKDIR>
<STATUS>pass</STATUS>
<TIME>0.834084033966064</TIME>
</MPITEST>
<MPITEST>
<NAME>writeshf</NAME>
<NP>4</NP>
<WORKDIR>./f77/io</WORKDIR>
<STATUS>pass</STATUS>
<TIME>1.21520185470581</TIME>
</MPITEST>
<MPITEST>
<NAME>writeordf</NAME>
<NP>4</NP>
<WORKDIR>./f77/io</WORKDIR>
<STATUS>pass</STATUS>
<TIME>1.04164791107178</TIME>
</MPITEST>
<MPITEST>
<NAME>writeatallf</NAME>
<NP>4</NP>
<WORKDIR>./f77/io</WORKDIR>
<STATUS>pass</STATUS>
<TIME>0.461046934127808</TIME>
</MPITEST>
<MPITEST>
<NAME>writeatallbef</NAME>
<NP>4</NP>
<WORKDIR>./f77/io</WORKDIR>
<STATUS>pass</STATUS>
<TIME>0.467691898345947</TIME>
</MPITEST>
<MPITEST>
<NAME>writeallbef</NAME>
<NP>4</NP>
<WORKDIR>./f77/io</WORKDIR>
<STATUS>pass</STATUS>
<TIME>0.706697940826416</TIME>
</MPITEST>
<MPITEST>
<NAME>writeordbef</NAME>
<NP>4</NP>
<WORKDIR>./f77/io</WORKDIR>
<STATUS>pass</STATUS>
<TIME>1.03476691246033</TIME>
</MPITEST>
<MPITEST>
<NAME>fileerrf</NAME>
<NP>1</NP>
<WORKDIR>./f77/io</WORKDIR>
<STATUS>pass</STATUS>
<TIME>0.122225046157837</TIME>
</MPITEST>
<MPITEST>
<NAME>fileinfof</NAME>
<NP>3</NP>
<WORKDIR>./f77/io</WORKDIR>
<STATUS>pass</STATUS>
<TIME>0.124773025512695</TIME>
</MPITEST>
<MPITEST>
<NAME>shpositionf</NAME>
<NP>4</NP>
<WORKDIR>./f77/io</WORKDIR>
<STATUS>pass</STATUS>
<TIME>0.128034114837646</TIME>
</MPITEST>
<MPITEST>
<NAME>atomicityf</NAME>
<NP>8</NP>
<WORKDIR>./f77/io</WORKDIR>
<STATUS>pass</STATUS>
<TIME>0.148964166641235</TIME>
</MPITEST>
<MPITEST>
<NAME>miscfilef</NAME>
<NP>4</NP>
<WORKDIR>./f77/io</WORKDIR>
<STATUS>pass</STATUS>
<TIME>0.230645895004272</TIME>
</MPITEST>
<MPITEST>
<NAME>setviewcurf</NAME>
<NP>4</NP>
<WORKDIR>./f77/io</WORKDIR>
<STATUS>pass</STATUS>
<TIME>0.12931489944458</TIME>
</MPITEST>
<MPITEST>
<NAME>c2f2ciof</NAME>
<NP>1</NP>
<WORKDIR>./f77/io</WORKDIR>
<STATUS>pass</STATUS>
<TIME>0.120913028717041</TIME>
</MPITEST>
<MPITEST>
<NAME>c2fmultio</NAME>
<NP>1</NP>
<WORKDIR>./f77/io</WORKDIR>
<STATUS>pass</STATUS>
<TIME>0.123186111450195</TIME>
</MPITEST>
<MPITEST>
<NAME>i_setviewcurf</NAME>
<NP>4</NP>
<WORKDIR>./f77/io</WORKDIR>
<STATUS>pass</STATUS>
<TIME>0.126676797866821</TIME>
</MPITEST>
<MPITEST>
<NAME>iwriteatallf</NAME>
<NP>4</NP>
<WORKDIR>./f77/io</WORKDIR>
<STATUS>pass</STATUS>
<TIME>0.496752023696899</TIME>
</MPITEST>
<MPITEST>
<NAME>winscale1f</NAME>
<NP>4</NP>
<WORKDIR>./f77/rma</WORKDIR>
<STATUS>pass</STATUS>
<TIME>0.12781810760498</TIME>
</MPITEST>
<MPITEST>
<NAME>winfencef</NAME>
<NP>4</NP>
<WORKDIR>./f77/rma</WORKDIR>
<STATUS>pass</STATUS>
<TIME>0.131214141845703</TIME>
</MPITEST>
<MPITEST>
<NAME>wingetf</NAME>
<NP>5</NP>
<WORKDIR>./f77/rma</WORKDIR>
<STATUS>pass</STATUS>
<TIME>0.132076978683472</TIME>
</MPITEST>
<MPITEST>
<NAME>winscale2f</NAME>
<NP>4</NP>
<WORKDIR>./f77/rma</WORKDIR>
<STATUS>pass</STATUS>
<TIME>0.126796960830688</TIME>
</MPITEST>
<MPITEST>
<NAME>winerrf</NAME>
<NP>1</NP>
<WORKDIR>./f77/rma</WORKDIR>
<STATUS>pass</STATUS>
<TIME>0.123332023620605</TIME>
</MPITEST>
<MPITEST>
<NAME>winnamef</NAME>
<NP>1</NP>
<WORKDIR>./f77/rma</WORKDIR>
<STATUS>pass</STATUS>
<TIME>0.123688220977783</TIME>
</MPITEST>
<MPITEST>
<NAME>wingroupf</NAME>
<NP>4</NP>
<WORKDIR>./f77/rma</WORKDIR>
<STATUS>pass</STATUS>
<TIME>0.1286461353302</TIME>
</MPITEST>
<MPITEST>
<NAME>winaccf</NAME>
<NP>4</NP>
<WORKDIR>./f77/rma</WORKDIR>
<STATUS>pass</STATUS>
<TIME>0.131432056427002</TIME>
</MPITEST>
<MPITEST>
<NAME>c2f2cwinf</NAME>
<NP>1</NP>
<WORKDIR>./f77/rma</WORKDIR>
<STATUS>pass</STATUS>
<TIME>0.12073016166687</TIME>
</MPITEST>
<MPITEST>
<NAME>baseattrwinf</NAME>
<NP>1</NP>
<WORKDIR>./f77/rma</WORKDIR>
<STATUS>pass</STATUS>
<TIME>0.123364925384521</TIME>
</MPITEST>
<MPITEST>
<NAME>winattrf</NAME>
<NP>1</NP>
<WORKDIR>./f77/rma</WORKDIR>
<STATUS>pass</STATUS>
<TIME>0.122351884841919</TIME>
</MPITEST>
<MPITEST>
<NAME>winattr2f</NAME>
<NP>1</NP>
<WORKDIR>./f77/rma</WORKDIR>
<STATUS>pass</STATUS>
<TIME>0.123942136764526</TIME>
</MPITEST>
<MPITEST>
<NAME>aintf</NAME>
<NP>2</NP>
<WORKDIR>./f77/rma</WORKDIR>
<STATUS>pass</STATUS>
<TIME>0.127543926239014</TIME>
</MPITEST>
<MPITEST>
<NAME>baseenvf</NAME>
<NP>1</NP>
<WORKDIR>./f77/init</WORKDIR>
<STATUS>pass</STATUS>
<TIME>0.121701002120972</TIME>
</MPITEST>
<MPITEST>
<NAME>commnamef</NAME>
<NP>2</NP>
<WORKDIR>./f77/comm</WORKDIR>
<STATUS>pass</STATUS>
<TIME>0.125910997390747</TIME>
</MPITEST>
<MPITEST>
<NAME>commerrf</NAME>
<NP>2</NP>
<WORKDIR>./f77/comm</WORKDIR>
<STATUS>pass</STATUS>
<TIME>0.127761125564575</TIME>
</MPITEST>
<MPITEST>
<NAME>c2f2cf</NAME>
<NP>1</NP>
<WORKDIR>./f77/ext</WORKDIR>
<STATUS>pass</STATUS>
<TIME>0.121634006500244</TIME>
</MPITEST>
<MPITEST>
<NAME>c2fmult</NAME>
<NP>1</NP>
<WORKDIR>./f77/ext</WORKDIR>
<STATUS>pass</STATUS>
<TIME>0.120629072189331</TIME>
</MPITEST>
<MPITEST>
<NAME>ctypesinf</NAME>
<NP>1</NP>
<WORKDIR>./f77/ext</WORKDIR>
<STATUS>pass</STATUS>
<TIME>0.121251821517944</TIME>
</MPITEST>
<MPITEST>
<NAME>allocmemf</NAME>
<NP>1</NP>
<WORKDIR>./f77/ext</WORKDIR>
<STATUS>pass</STATUS>
<TIME>0.122973918914795</TIME>
</MPITEST>
<MPITEST>
<NAME>cartcrf</NAME>
<NP>4</NP>
<WORKDIR>./f77/topo</WORKDIR>
<STATUS>pass</STATUS>
<TIME>0.135881185531616</TIME>
</MPITEST>
<MPITEST>
<NAME>dgraph_wgtf</NAME>
<NP>4</NP>
<WORKDIR>./f77/topo</WORKDIR>
<STATUS>pass</STATUS>
<TIME>0.131696939468384</TIME>
</MPITEST>
<MPITEST>
<NAME>dgraph_unwgtf</NAME>
<NP>4</NP>
<WORKDIR>./f77/topo</WORKDIR>
<STATUS>pass</STATUS>
<TIME>0.12847900390625</TIME>
</MPITEST>
<MPITEST>
<NAME>profile1f</NAME>
<NP>2</NP>
<WORKDIR>./f77/profile</WORKDIR>
<STATUS>pass</STATUS>
<TIME>0.124652147293091</TIME>
</MPITEST>
<MPITEST>
<NAME>attrtx</NAME>
<NP>2</NP>
<WORKDIR>./cxx/attr</WORKDIR>
<STATUS>pass</STATUS>
<TIME>0.132437944412231</TIME>
</MPITEST>
<MPITEST>
<NAME>attricx</NAME>
<NP>4</NP>
<WORKDIR>./cxx/attr</WORKDIR>
<STATUS>pass</STATUS>
<TIME>0.130383014678955</TIME>
</MPITEST>
<MPITEST>
<NAME>baseattrcommx</NAME>
<NP>1</NP>
<WORKDIR>./cxx/attr</WORKDIR>
<STATUS>pass</STATUS>
<TIME>0.125155925750732</TIME>
</MPITEST>
<MPITEST>
<NAME>fkeyvalcommx</NAME>
<NP>1</NP>
<WORKDIR>./cxx/attr</WORKDIR>
<STATUS>pass</STATUS>
<TIME>0.126251935958862</TIME>
</MPITEST>
<MPITEST>
<NAME>fkeyvaltypex__BASIC__L26</NAME>
<NP>1</NP>
<WORKDIR>./cxx/attr</WORKDIR>
<STATUS>pass</STATUS>
<TIME>0.123080015182495</TIME>
</MPITEST>
<MPITEST>
<NAME>fkeyvaltypex__BASIC__L26</NAME>
<NP>1</NP>
<WORKDIR>./cxx/attr</WORKDIR>
<STATUS>pass</STATUS>
<TIME>0.124660015106201</TIME>
</MPITEST>
<MPITEST>
<NAME>bsend1cxx</NAME>
<NP>2</NP>
<WORKDIR>./cxx/pt2pt</WORKDIR>
<STATUS>pass</STATUS>
<TIME>0.126514911651611</TIME>
</MPITEST>
<MPITEST>
<NAME>sendrecvx</NAME>
<NP>2</NP>
<WORKDIR>./cxx/pt2pt</WORKDIR>
<STATUS>pass</STATUS>
<TIME>0.131824970245361</TIME>
</MPITEST>
<MPITEST>
<NAME>commname2</NAME>
<NP>4</NP>
<WORKDIR>./cxx/comm</WORKDIR>
<STATUS>pass</STATUS>
<TIME>0.128376960754395</TIME>
</MPITEST>
<MPITEST>
<NAME>arcomplex</NAME>
<NP>4</NP>
<WORKDIR>./cxx/coll</WORKDIR>
<STATUS>pass</STATUS>
<TIME>0.127811908721924</TIME>
</MPITEST>
<MPITEST>
<NAME>uallredx</NAME>
<NP>5</NP>
<WORKDIR>./cxx/coll</WORKDIR>
<STATUS>pass</STATUS>
<TIME>0.131175994873047</TIME>
</MPITEST>
<MPITEST>
<NAME>uallreduce</NAME>
<NP>5</NP>
<WORKDIR>./cxx/coll</WORKDIR>
<STATUS>pass</STATUS>
<TIME>0.142045021057129</TIME>
</MPITEST>
<MPITEST>
<NAME>ureduce</NAME>
<NP>5</NP>
<WORKDIR>./cxx/coll</WORKDIR>
<STATUS>pass</STATUS>
<TIME>0.155066013336182</TIME>
</MPITEST>
<MPITEST>
<NAME>ureducelocal</NAME>
<NP>5</NP>
<WORKDIR>./cxx/coll</WORKDIR>
<STATUS>pass</STATUS>
<TIME>0.210582971572876</TIME>
</MPITEST>
<MPITEST>
<NAME>uscan</NAME>
<NP>5</NP>
<WORKDIR>./cxx/coll</WORKDIR>
<STATUS>pass</STATUS>
<TIME>0.141266822814941</TIME>
</MPITEST>
<MPITEST>
<NAME>uexscan</NAME>
<NP>5</NP>
<WORKDIR>./cxx/coll</WORKDIR>
<STATUS>pass</STATUS>
<TIME>0.138846158981323</TIME>
</MPITEST>
<MPITEST>
<NAME>alltoallw2x</NAME>
<NP>10</NP>
<WORKDIR>./cxx/coll</WORKDIR>
<STATUS>pass</STATUS>
<TIME>0.155698776245117</TIME>
</MPITEST>
<MPITEST>
<NAME>icbcastx</NAME>
<NP>4</NP>
<WORKDIR>./cxx/coll</WORKDIR>
<STATUS>pass</STATUS>
<TIME>0.132519006729126</TIME>
</MPITEST>
<MPITEST>
<NAME>icbcastx</NAME>
<NP>10</NP>
<WORKDIR>./cxx/coll</WORKDIR>
<STATUS>pass</STATUS>
<TIME>0.162935018539429</TIME>
</MPITEST>
<MPITEST>
<NAME>icallreducex</NAME>
<NP>5</NP>
<WORKDIR>./cxx/coll</WORKDIR>
<STATUS>pass</STATUS>
<TIME>0.138065099716187</TIME>
</MPITEST>
<MPITEST>
<NAME>icreducex</NAME>
<NP>5</NP>
<WORKDIR>./cxx/coll</WORKDIR>
<STATUS>pass</STATUS>
<TIME>0.139526128768921</TIME>
</MPITEST>
<MPITEST>
<NAME>icscatterx</NAME>
<NP>5</NP>
<WORKDIR>./cxx/coll</WORKDIR>
<STATUS>pass</STATUS>
<TIME>0.140029907226562</TIME>
</MPITEST>
<MPITEST>
<NAME>icgatherx</NAME>
<NP>5</NP>
<WORKDIR>./cxx/coll</WORKDIR>
<STATUS>pass</STATUS>
<TIME>0.141788959503174</TIME>
</MPITEST>
<MPITEST>
<NAME>icallgatherx</NAME>
<NP>5</NP>
<WORKDIR>./cxx/coll</WORKDIR>
<STATUS>pass</STATUS>
<TIME>0.150098085403442</TIME>
</MPITEST>
<MPITEST>
<NAME>icbarrierx</NAME>
<NP>5</NP>
<WORKDIR>./cxx/coll</WORKDIR>
<STATUS>pass</STATUS>
<TIME>0.134459972381592</TIME>
</MPITEST>
<MPITEST>
<NAME>icallgathervx</NAME>
<NP>5</NP>
<WORKDIR>./cxx/coll</WORKDIR>
<STATUS>pass</STATUS>
<TIME>0.147112846374512</TIME>
</MPITEST>
<MPITEST>
<NAME>icgathervx</NAME>
<NP>5</NP>
<WORKDIR>./cxx/coll</WORKDIR>
<STATUS>pass</STATUS>
<TIME>0.138921976089478</TIME>
</MPITEST>
<MPITEST>
<NAME>icscattervx</NAME>
<NP>5</NP>
<WORKDIR>./cxx/coll</WORKDIR>
<STATUS>pass</STATUS>
<TIME>0.13943886756897</TIME>
</MPITEST>
<MPITEST>
<NAME>icalltoallx</NAME>
<NP>5</NP>
<WORKDIR>./cxx/coll</WORKDIR>
<STATUS>pass</STATUS>
<TIME>0.150998115539551</TIME>
</MPITEST>
<MPITEST>
<NAME>reduceboolx</NAME>
<NP>5</NP>
<WORKDIR>./cxx/coll</WORKDIR>
<STATUS>pass</STATUS>
<TIME>0.144307136535645</TIME>
</MPITEST>
<MPITEST>
<NAME>redscatblk</NAME>
<NP>4</NP>
<WORKDIR>./cxx/coll</WORKDIR>
<STATUS>pass</STATUS>
<TIME>0.145369052886963</TIME>
</MPITEST>
<MPITEST>
<NAME>commcallx</NAME>
<NP>2</NP>
<WORKDIR>./cxx/errhan</WORKDIR>
<STATUS>pass</STATUS>
<TIME>0.150109052658081</TIME>
</MPITEST>
<MPITEST>
<NAME>baseenv</NAME>
<NP>1</NP>
<WORKDIR>./cxx/init</WORKDIR>
<STATUS>pass</STATUS>
<TIME>0.125564098358154</TIME>
</MPITEST>
<MPITEST>
<NAME>initstatx</NAME>
<NP>1</NP>
<WORKDIR>./cxx/init</WORKDIR>
<STATUS>pass</STATUS>
<TIME>0.122360944747925</TIME>
</MPITEST>
<MPITEST>
<NAME>initstat2x</NAME>
<NP>1</NP>
<WORKDIR>./cxx/init</WORKDIR>
<STATUS>pass</STATUS>
<TIME>0.127517938613892</TIME>
</MPITEST>
<MPITEST>
<NAME>infodupx</NAME>
<NP>1</NP>
<WORKDIR>./cxx/info</WORKDIR>
<STATUS>pass</STATUS>
<TIME>0.122519016265869</TIME>
</MPITEST>
<MPITEST>
<NAME>infodelx</NAME>
<NP>1</NP>
<WORKDIR>./cxx/info</WORKDIR>
<STATUS>pass</STATUS>
<TIME>0.124118804931641</TIME>
</MPITEST>
<MPITEST>
<NAME>infovallenx</NAME>
<NP>1</NP>
<WORKDIR>./cxx/info</WORKDIR>
<STATUS>pass</STATUS>
<TIME>0.126836061477661</TIME>
</MPITEST>
<MPITEST>
<NAME>infoorderx</NAME>
<NP>1</NP>
<WORKDIR>./cxx/info</WORKDIR>
<STATUS>pass</STATUS>
<TIME>0.121929883956909</TIME>
</MPITEST>
<MPITEST>
<NAME>typecntsx</NAME>
<NP>1</NP>
<WORKDIR>./cxx/datatype</WORKDIR>
<STATUS>pass</STATUS>
<TIME>0.122400999069214</TIME>
</MPITEST>
<MPITEST>
<NAME>typenamex</NAME>
<NP>1</NP>
<WORKDIR>./cxx/datatype</WORKDIR>
<STATUS>pass</STATUS>
<TIME>0.123452186584473</TIME>
</MPITEST>
<MPITEST>
<NAME>typemiscx</NAME>
<NP>1</NP>
<WORKDIR>./cxx/datatype</WORKDIR>
<STATUS>pass</STATUS>
<TIME>0.125744104385376</TIME>
</MPITEST>
<MPITEST>
<NAME>packsizex__BASIC__L27</NAME>
<NP>1</NP>
<WORKDIR>./cxx/datatype</WORKDIR>
<STATUS>pass</STATUS>
<TIME>0.126313924789429</TIME>
</MPITEST>
<MPITEST>
<NAME>packsizex__BASIC__L27</NAME>
<NP>1</NP>
<WORKDIR>./cxx/datatype</WORKDIR>
<STATUS>pass</STATUS>
<TIME>0.125084161758423</TIME>
</MPITEST>
<MPITEST>
<NAME>iwriteatx</NAME>
<NP>4</NP>
<WORKDIR>./cxx/io</WORKDIR>
<STATUS>pass</STATUS>
<TIME>0.487439155578613</TIME>
</MPITEST>
<MPITEST>
<NAME>iwritex</NAME>
<NP>4</NP>
<WORKDIR>./cxx/io</WORKDIR>
<STATUS>pass</STATUS>
<TIME>0.47632908821106</TIME>
</MPITEST>
<MPITEST>
<NAME>iwriteshx</NAME>
<NP>4</NP>
<WORKDIR>./cxx/io</WORKDIR>
<STATUS>pass</STATUS>
<TIME>2.51526188850403</TIME>
</MPITEST>
<MPITEST>
<NAME>writex</NAME>
<NP>4</NP>
<WORKDIR>./cxx/io</WORKDIR>
<STATUS>pass</STATUS>
<TIME>0.268666982650757</TIME>
</MPITEST>
<MPITEST>
<NAME>writeatx</NAME>
<NP>4</NP>
<WORKDIR>./cxx/io</WORKDIR>
<STATUS>pass</STATUS>
<TIME>0.280941963195801</TIME>
</MPITEST>
<MPITEST>
<NAME>writeallx</NAME>
<NP>4</NP>
<WORKDIR>./cxx/io</WORKDIR>
<STATUS>pass</STATUS>
<TIME>0.827723026275635</TIME>
</MPITEST>
<MPITEST>
<NAME>writeshx</NAME>
<NP>4</NP>
<WORKDIR>./cxx/io</WORKDIR>
<STATUS>pass</STATUS>
<TIME>1.19747090339661</TIME>
</MPITEST>
<MPITEST>
<NAME>writeordx</NAME>
<NP>4</NP>
<WORKDIR>./cxx/io</WORKDIR>
<STATUS>pass</STATUS>
<TIME>1.03776597976685</TIME>
</MPITEST>
<MPITEST>
<NAME>writeatallx</NAME>
<NP>4</NP>
<WORKDIR>./cxx/io</WORKDIR>
<STATUS>pass</STATUS>
<TIME>0.454370021820068</TIME>
</MPITEST>
<MPITEST>
<NAME>writeatallbex</NAME>
<NP>4</NP>
<WORKDIR>./cxx/io</WORKDIR>
<STATUS>pass</STATUS>
<TIME>0.450038909912109</TIME>
</MPITEST>
<MPITEST>
<NAME>writeallbex</NAME>
<NP>4</NP>
<WORKDIR>./cxx/io</WORKDIR>
<STATUS>pass</STATUS>
<TIME>0.61696195602417</TIME>
</MPITEST>
<MPITEST>
<NAME>writeordbex</NAME>
<NP>4</NP>
<WORKDIR>./cxx/io</WORKDIR>
<STATUS>pass</STATUS>
<TIME>1.15027809143066</TIME>
</MPITEST>
<MPITEST>
<NAME>iwriteatnosx</NAME>
<NP>4</NP>
<WORKDIR>./cxx/io</WORKDIR>
<STATUS>pass</STATUS>
<TIME>0.463828086853027</TIME>
</MPITEST>
<MPITEST>
<NAME>iwritenosx</NAME>
<NP>4</NP>
<WORKDIR>./cxx/io</WORKDIR>
<STATUS>pass</STATUS>
<TIME>0.460803985595703</TIME>
</MPITEST>
<MPITEST>
<NAME>iwriteshnosx</NAME>
<NP>4</NP>
<WORKDIR>./cxx/io</WORKDIR>
<STATUS>pass</STATUS>
<TIME>2.60231900215149</TIME>
</MPITEST>
<MPITEST>
<NAME>writenosx</NAME>
<NP>4</NP>
<WORKDIR>./cxx/io</WORKDIR>
<STATUS>pass</STATUS>
<TIME>0.279243946075439</TIME>
</MPITEST>
<MPITEST>
<NAME>writeatnosx</NAME>
<NP>4</NP>
<WORKDIR>./cxx/io</WORKDIR>
<STATUS>pass</STATUS>
<TIME>0.280415058135986</TIME>
</MPITEST>
<MPITEST>
<NAME>writeallnosx</NAME>
<NP>4</NP>
<WORKDIR>./cxx/io</WORKDIR>
<STATUS>pass</STATUS>
<TIME>0.756002902984619</TIME>
</MPITEST>
<MPITEST>
<NAME>writeshnosx</NAME>
<NP>4</NP>
<WORKDIR>./cxx/io</WORKDIR>
<STATUS>pass</STATUS>
<TIME>1.17569184303284</TIME>
</MPITEST>
<MPITEST>
<NAME>writeordnosx</NAME>
<NP>4</NP>
<WORKDIR>./cxx/io</WORKDIR>
<STATUS>pass</STATUS>
<TIME>1.01505494117737</TIME>
</MPITEST>
<MPITEST>
<NAME>writeatallnosx</NAME>
<NP>4</NP>
<WORKDIR>./cxx/io</WORKDIR>
<STATUS>pass</STATUS>
<TIME>0.49708104133606</TIME>
</MPITEST>
<MPITEST>
<NAME>writeatallbenosx</NAME>
<NP>4</NP>
<WORKDIR>./cxx/io</WORKDIR>
<STATUS>pass</STATUS>
<TIME>0.566189050674438</TIME>
</MPITEST>
<MPITEST>
<NAME>writeallbenosx</NAME>
<NP>4</NP>
<WORKDIR>./cxx/io</WORKDIR>
<STATUS>pass</STATUS>
<TIME>0.644492864608765</TIME>
</MPITEST>
<MPITEST>
<NAME>writeordbenosx</NAME>
<NP>4</NP>
<WORKDIR>./cxx/io</WORKDIR>
<STATUS>pass</STATUS>
<TIME>1.02060389518738</TIME>
</MPITEST>
<MPITEST>
<NAME>fileerrx</NAME>
<NP>1</NP>
<WORKDIR>./cxx/io</WORKDIR>
<STATUS>pass</STATUS>
<TIME>0.126574993133545</TIME>
</MPITEST>
<MPITEST>
<NAME>fileinfox</NAME>
<NP>3</NP>
<WORKDIR>./cxx/io</WORKDIR>
<STATUS>pass</STATUS>
<TIME>0.12976598739624</TIME>
</MPITEST>
<MPITEST>
<NAME>filemiscx</NAME>
<NP>4</NP>
<WORKDIR>./cxx/io</WORKDIR>
<STATUS>pass</STATUS>
<TIME>0.239798069000244</TIME>
</MPITEST>
<MPITEST>
<NAME>shpositionx</NAME>
<NP>4</NP>
<WORKDIR>./cxx/io</WORKDIR>
<STATUS>pass</STATUS>
<TIME>0.132719039916992</TIME>
</MPITEST>
<MPITEST>
<NAME>seekavail</NAME>
<NP>1</NP>
<WORKDIR>./cxx/io</WORKDIR>
<STATUS>pass</STATUS>
<TIME>0.122250080108643</TIME>
</MPITEST>
<MPITEST>
<NAME>namepubx</NAME>
<NP>2</NP>
<WORKDIR>./cxx/spawn</WORKDIR>
<STATUS>pass</STATUS>
<TIME>0.134428977966309</TIME>
</MPITEST>
<MPITEST>
<NAME>spawnintrax</NAME>
<NP>1</NP>
<WORKDIR>./cxx/spawn</WORKDIR>
<STATUS>pass</STATUS>
<TIME>0.257999897003174</TIME>
</MPITEST>
<MPITEST>
<NAME>spawnintrax</NAME>
<NP>2</NP>
<WORKDIR>./cxx/spawn</WORKDIR>
<STATUS>pass</STATUS>
<TIME>0.249453783035278</TIME>
</MPITEST>
<MPITEST>
<NAME>spawnargvx</NAME>
<NP>1</NP>
<WORKDIR>./cxx/spawn</WORKDIR>
<STATUS>pass</STATUS>
<TIME>0.257889032363892</TIME>
</MPITEST>
<MPITEST>
<NAME>selfconaccx</NAME>
<NP>2</NP>
<WORKDIR>./cxx/spawn</WORKDIR>
<STATUS>pass</STATUS>
<TIME>0.132992029190063</TIME>
</MPITEST>
<MPITEST>
<NAME>winnamex</NAME>
<NP>1</NP>
<WORKDIR>./cxx/rma</WORKDIR>
<STATUS>pass</STATUS>
<TIME>0.126688003540039</TIME>
</MPITEST>
<MPITEST>
<NAME>wincallx</NAME>
<NP>1</NP>
<WORKDIR>./cxx/rma</WORKDIR>
<STATUS>pass</STATUS>
<TIME>0.121844053268433</TIME>
</MPITEST>
<MPITEST>
<NAME>getgroupx</NAME>
<NP>4</NP>
<WORKDIR>./cxx/rma</WORKDIR>
<STATUS>pass</STATUS>
<TIME>0.12625789642334</TIME>
</MPITEST>
<MPITEST>
<NAME>winfencex</NAME>
<NP>4</NP>
<WORKDIR>./cxx/rma</WORKDIR>
<STATUS>pass</STATUS>
<TIME>0.132551908493042</TIME>
</MPITEST>
<MPITEST>
<NAME>winscale1x</NAME>
<NP>4</NP>
<WORKDIR>./cxx/rma</WORKDIR>
<STATUS>pass</STATUS>
<TIME>0.12990403175354</TIME>
</MPITEST>
<MPITEST>
<NAME>winscale2x</NAME>
<NP>4</NP>
<WORKDIR>./cxx/rma</WORKDIR>
<STATUS>pass</STATUS>
<TIME>0.130998134613037</TIME>
</MPITEST>
<MPITEST>
<NAME>fkeyvalwinx</NAME>
<NP>1</NP>
<WORKDIR>./cxx/rma</WORKDIR>
<STATUS>pass</STATUS>
<TIME>0.127745866775513</TIME>
</MPITEST>
<MPITEST>
<NAME>attrmpi1f90</NAME>
<NP>1</NP>
<WORKDIR>./f90/attr</WORKDIR>
<STATUS>pass</STATUS>
<TIME>0.120989084243774</TIME>
</MPITEST>
<MPITEST>
<NAME>baseattrf90</NAME>
<NP>1</NP>
<WORKDIR>./f90/attr</WORKDIR>
<STATUS>pass</STATUS>
<TIME>0.12300705909729</TIME>
</MPITEST>
<MPITEST>
<NAME>baseattr2f90</NAME>
<NP>1</NP>
<WORKDIR>./f90/attr</WORKDIR>
<STATUS>pass</STATUS>
<TIME>0.123776912689209</TIME>
</MPITEST>
<MPITEST>
<NAME>commattrf90</NAME>
<NP>1</NP>
<WORKDIR>./f90/attr</WORKDIR>
<STATUS>pass</STATUS>
<TIME>0.122771024703979</TIME>
</MPITEST>
<MPITEST>
<NAME>commattr2f90</NAME>
<NP>1</NP>
<WORKDIR>./f90/attr</WORKDIR>
<STATUS>pass</STATUS>
<TIME>0.125024080276489</TIME>
</MPITEST>
<MPITEST>
<NAME>commattr3f90</NAME>
<NP>1</NP>
<WORKDIR>./f90/attr</WORKDIR>
<STATUS>pass</STATUS>
<TIME>0.123855829238892</TIME>
</MPITEST>
<MPITEST>
<NAME>commattr4f90</NAME>
<NP>1</NP>
<WORKDIR>./f90/attr</WORKDIR>
<STATUS>pass</STATUS>
<TIME>0.119253873825073</TIME>
</MPITEST>
<MPITEST>
<NAME>typeattrf90</NAME>
<NP>1</NP>
<WORKDIR>./f90/attr</WORKDIR>
<STATUS>pass</STATUS>
<TIME>0.122380971908569</TIME>
</MPITEST>
<MPITEST>
<NAME>typeattr2f90</NAME>
<NP>1</NP>
<WORKDIR>./f90/attr</WORKDIR>
<STATUS>pass</STATUS>
<TIME>0.121273040771484</TIME>
</MPITEST>
<MPITEST>
<NAME>typeattr3f90</NAME>
<NP>1</NP>
<WORKDIR>./f90/attr</WORKDIR>
<STATUS>pass</STATUS>
<TIME>0.126168966293335</TIME>
</MPITEST>
<MPITEST>
<NAME>fandcattrf90</NAME>
<NP>1</NP>
<WORKDIR>./f90/attr</WORKDIR>
<STATUS>pass</STATUS>
<TIME>0.123450040817261</TIME>
</MPITEST>
<MPITEST>
<NAME>baseattr3f90</NAME>
<NP>1</NP>
<WORKDIR>./f90/attr</WORKDIR>
<STATUS>pass</STATUS>
<TIME>0.119050979614258</TIME>
</MPITEST>
<MPITEST>
<NAME>attrlangf90</NAME>
<NP>1</NP>
<WORKDIR>./f90/attr</WORKDIR>
<STATUS>pass</STATUS>
<TIME>0.12213397026062</TIME>
</MPITEST>
<MPITEST>
<NAME>uallreducef90</NAME>
<NP>4</NP>
<WORKDIR>./f90/coll</WORKDIR>
<STATUS>pass</STATUS>
<TIME>0.13503098487854</TIME>
</MPITEST>
<MPITEST>
<NAME>exscanf90</NAME>
<NP>5</NP>
<WORKDIR>./f90/coll</WORKDIR>
<STATUS>pass</STATUS>
<TIME>0.131746053695679</TIME>
</MPITEST>
<MPITEST>
<NAME>alltoallwf90</NAME>
<NP>7</NP>
<WORKDIR>./f90/coll</WORKDIR>
<STATUS>pass</STATUS>
<TIME>0.139288902282715</TIME>
</MPITEST>
<MPITEST>
<NAME>alltoallvf90</NAME>
<NP>7</NP>
<WORKDIR>./f90/coll</WORKDIR>
<STATUS>pass</STATUS>
<TIME>0.140439033508301</TIME>
</MPITEST>
<MPITEST>
<NAME>inplacef90</NAME>
<NP>4</NP>
<WORKDIR>./f90/coll</WORKDIR>
<STATUS>pass</STATUS>
<TIME>0.129692077636719</TIME>
</MPITEST>
<MPITEST>
<NAME>reducelocalf90</NAME>
<NP>2</NP>
<WORKDIR>./f90/coll</WORKDIR>
<STATUS>pass</STATUS>
<TIME>0.130354881286621</TIME>
</MPITEST>
<MPITEST>
<NAME>redscatf90</NAME>
<NP>4</NP>
<WORKDIR>./f90/coll</WORKDIR>
<STATUS>pass</STATUS>
<TIME>0.126543045043945</TIME>
</MPITEST>
<MPITEST>
<NAME>split_typef90</NAME>
<NP>4</NP>
<WORKDIR>./f90/coll</WORKDIR>
<STATUS>pass</STATUS>
<TIME>0.131503105163574</TIME>
</MPITEST>
<MPITEST>
<NAME>nonblockingf90</NAME>
<NP>4</NP>
<WORKDIR>./f90/coll</WORKDIR>
<STATUS>pass</STATUS>
<TIME>0.128193140029907</TIME>
</MPITEST>
<MPITEST>
<NAME>vw_inplacef90</NAME>
<NP>4</NP>
<WORKDIR>./f90/coll</WORKDIR>
<STATUS>pass</STATUS>
<TIME>0.132172107696533</TIME>
</MPITEST>
<MPITEST>
<NAME>red_scat_blockf90</NAME>
<NP>4</NP>
<WORKDIR>./f90/coll</WORKDIR>
<STATUS>pass</STATUS>
<TIME>0.126959085464478</TIME>
</MPITEST>
<MPITEST>
<NAME>nonblocking_inpf90</NAME>
<NP>4</NP>
<WORKDIR>./f90/coll</WORKDIR>
<STATUS>pass</STATUS>
<TIME>0.129003047943115</TIME>
</MPITEST>
<MPITEST>
<NAME>commnamef90</NAME>
<NP>2</NP>
<WORKDIR>./f90/comm</WORKDIR>
<STATUS>pass</STATUS>
<TIME>0.129083156585693</TIME>
</MPITEST>
<MPITEST>
<NAME>commerrf90</NAME>
<NP>2</NP>
<WORKDIR>./f90/comm</WORKDIR>
<STATUS>pass</STATUS>
<TIME>0.124508857727051</TIME>
</MPITEST>
<MPITEST>
<NAME>c2f2cf90</NAME>
<NP>1</NP>
<WORKDIR>./f90/ext</WORKDIR>
<STATUS>pass</STATUS>
<TIME>0.118981122970581</TIME>
</MPITEST>
<MPITEST>
<NAME>c2f90mult</NAME>
<NP>1</NP>
<WORKDIR>./f90/ext</WORKDIR>
<STATUS>pass</STATUS>
<TIME>0.121009111404419</TIME>
</MPITEST>
<MPITEST>
<NAME>ctypesinf90</NAME>
<NP>1</NP>
<WORKDIR>./f90/ext</WORKDIR>
<STATUS>pass</STATUS>
<TIME>0.122525930404663</TIME>
</MPITEST>
<MPITEST>
<NAME>allocmemf90</NAME>
<NP>1</NP>
<WORKDIR>./f90/ext</WORKDIR>
<STATUS>pass</STATUS>
<TIME>0.120661973953247</TIME>
</MPITEST>
<MPITEST>
<NAME>infotestf90</NAME>
<NP>1</NP>
<WORKDIR>./f90/info</WORKDIR>
<STATUS>pass</STATUS>
<TIME>0.12351393699646</TIME>
</MPITEST>
<MPITEST>
<NAME>infotest2f90</NAME>
<NP>1</NP>
<WORKDIR>./f90/info</WORKDIR>
<STATUS>pass</STATUS>
<TIME>0.122627973556519</TIME>
</MPITEST>
<MPITEST>
<NAME>baseenvf90</NAME>
<NP>1</NP>
<WORKDIR>./f90/init</WORKDIR>
<STATUS>pass</STATUS>
<TIME>0.117555856704712</TIME>
</MPITEST>
<MPITEST>
<NAME>iwriteatf90</NAME>
<NP>4</NP>
<WORKDIR>./f90/io</WORKDIR>
<STATUS>pass</STATUS>
<TIME>0.461658000946045</TIME>
</MPITEST>
<MPITEST>
<NAME>iwritef90</NAME>
<NP>4</NP>
<WORKDIR>./f90/io</WORKDIR>
<STATUS>pass</STATUS>
<TIME>0.494233846664429</TIME>
</MPITEST>
<MPITEST>
<NAME>iwriteshf90</NAME>
<NP>4</NP>
<WORKDIR>./f90/io</WORKDIR>
<STATUS>pass</STATUS>
<TIME>2.64568591117859</TIME>
</MPITEST>
<MPITEST>
<NAME>writef90</NAME>
<NP>4</NP>
<WORKDIR>./f90/io</WORKDIR>
<STATUS>pass</STATUS>
<TIME>0.300144910812378</TIME>
</MPITEST>
<MPITEST>
<NAME>writeatf90</NAME>
<NP>4</NP>
<WORKDIR>./f90/io</WORKDIR>
<STATUS>pass</STATUS>
<TIME>0.271284103393555</TIME>
</MPITEST>
<MPITEST>
<NAME>writeallf90</NAME>
<NP>4</NP>
<WORKDIR>./f90/io</WORKDIR>
<STATUS>pass</STATUS>
<TIME>0.622098922729492</TIME>
</MPITEST>
<MPITEST>
<NAME>writeshf90</NAME>
<NP>4</NP>
<WORKDIR>./f90/io</WORKDIR>
<STATUS>pass</STATUS>
<TIME>1.41945099830627</TIME>
</MPITEST>
<MPITEST>
<NAME>writeordf90</NAME>
<NP>4</NP>
<WORKDIR>./f90/io</WORKDIR>
<STATUS>pass</STATUS>
<TIME>1.03007888793945</TIME>
</MPITEST>
<MPITEST>
<NAME>writeatallf90</NAME>
<NP>4</NP>
<WORKDIR>./f90/io</WORKDIR>
<STATUS>pass</STATUS>
<TIME>0.456292867660522</TIME>
</MPITEST>
<MPITEST>
<NAME>writeatallbef90</NAME>
<NP>4</NP>
<WORKDIR>./f90/io</WORKDIR>
<STATUS>pass</STATUS>
<TIME>0.457121133804321</TIME>
</MPITEST>
<MPITEST>
<NAME>writeallbef90</NAME>
<NP>4</NP>
<WORKDIR>./f90/io</WORKDIR>
<STATUS>pass</STATUS>
<TIME>0.697500944137573</TIME>
</MPITEST>
<MPITEST>
<NAME>writeordbef90</NAME>
<NP>4</NP>
<WORKDIR>./f90/io</WORKDIR>
<STATUS>pass</STATUS>
<TIME>1.03440618515015</TIME>
</MPITEST>
<MPITEST>
<NAME>fileerrf90</NAME>
<NP>1</NP>
<WORKDIR>./f90/io</WORKDIR>
<STATUS>pass</STATUS>
<TIME>0.122274875640869</TIME>
</MPITEST>
<MPITEST>
<NAME>fileinfof90</NAME>
<NP>3</NP>
<WORKDIR>./f90/io</WORKDIR>
<STATUS>pass</STATUS>
<TIME>0.128373861312866</TIME>
</MPITEST>
<MPITEST>
<NAME>shpositionf90</NAME>
<NP>4</NP>
<WORKDIR>./f90/io</WORKDIR>
<STATUS>pass</STATUS>
<TIME>0.128700017929077</TIME>
</MPITEST>
<MPITEST>
<NAME>atomicityf90</NAME>
<NP>8</NP>
<WORKDIR>./f90/io</WORKDIR>
<STATUS>pass</STATUS>
<TIME>0.150344133377075</TIME>
</MPITEST>
<MPITEST>
<NAME>miscfilef90</NAME>
<NP>4</NP>
<WORKDIR>./f90/io</WORKDIR>
<STATUS>pass</STATUS>
<TIME>0.243277788162231</TIME>
</MPITEST>
<MPITEST>
<NAME>setviewcurf90</NAME>
<NP>4</NP>
<WORKDIR>./f90/io</WORKDIR>
<STATUS>pass</STATUS>
<TIME>0.131095886230469</TIME>
</MPITEST>
<MPITEST>
<NAME>c2f2ciof90</NAME>
<NP>1</NP>
<WORKDIR>./f90/io</WORKDIR>
<STATUS>pass</STATUS>
<TIME>0.120512962341309</TIME>
</MPITEST>
<MPITEST>
<NAME>c2f90multio</NAME>
<NP>1</NP>
<WORKDIR>./f90/io</WORKDIR>
<STATUS>pass</STATUS>
<TIME>0.122987985610962</TIME>
</MPITEST>
<MPITEST>
<NAME>i_setviewcurf90</NAME>
<NP>4</NP>
<WORKDIR>./f90/io</WORKDIR>
<STATUS>pass</STATUS>
<TIME>0.129910230636597</TIME>
</MPITEST>
<MPITEST>
<NAME>iwriteatallf90</NAME>
<NP>4</NP>
<WORKDIR>./f90/io</WORKDIR>
<STATUS>pass</STATUS>
<TIME>0.497308969497681</TIME>
</MPITEST>
<MPITEST>
<NAME>sizeof2</NAME>
<NP>1</NP>
<WORKDIR>./f90/misc</WORKDIR>
<STATUS>pass</STATUS>
<TIME>0.122859001159668</TIME>
</MPITEST>
<MPITEST>
<NAME>statusesf90</NAME>
<NP>1</NP>
<WORKDIR>./f90/pt2pt</WORKDIR>
<STATUS>pass</STATUS>
<TIME>0.122710943222046</TIME>
</MPITEST>
<MPITEST>
<NAME>greqf90</NAME>
<NP>1</NP>
<WORKDIR>./f90/pt2pt</WORKDIR>
<STATUS>pass</STATUS>
<TIME>0.120452880859375</TIME>
</MPITEST>
<MPITEST>
<NAME>sendf90</NAME>
<NP>2</NP>
<WORKDIR>./f90/pt2pt</WORKDIR>
<STATUS>pass</STATUS>
<TIME>0.129684209823608</TIME>
</MPITEST>
<MPITEST>
<NAME>rsendf90</NAME>
<NP>2</NP>
<WORKDIR>./f90/pt2pt</WORKDIR>
<STATUS>pass</STATUS>
<TIME>0.126059055328369</TIME>
</MPITEST>
<MPITEST>
<NAME>ssendf90</NAME>
<NP>2</NP>
<WORKDIR>./f90/pt2pt</WORKDIR>
<STATUS>pass</STATUS>
<TIME>0.129384994506836</TIME>
</MPITEST>
<MPITEST>
<NAME>isendf90</NAME>
<NP>2</NP>
<WORKDIR>./f90/pt2pt</WORKDIR>
<STATUS>pass</STATUS>
<TIME>0.129868030548096</TIME>
</MPITEST>
<MPITEST>
<NAME>irsendf90</NAME>
<NP>2</NP>
<WORKDIR>./f90/pt2pt</WORKDIR>
<STATUS>pass</STATUS>
<TIME>0.129662990570068</TIME>
</MPITEST>
<MPITEST>
<NAME>issendf90</NAME>
<NP>2</NP>
<WORKDIR>./f90/pt2pt</WORKDIR>
<STATUS>pass</STATUS>
<TIME>0.126302003860474</TIME>
</MPITEST>
<MPITEST>
<NAME>psendf90</NAME>
<NP>2</NP>
<WORKDIR>./f90/pt2pt</WORKDIR>
<STATUS>pass</STATUS>
<TIME>0.126137971878052</TIME>
</MPITEST>
<MPITEST>
<NAME>prsendf90</NAME>
<NP>2</NP>
<WORKDIR>./f90/pt2pt</WORKDIR>
<STATUS>pass</STATUS>
<TIME>0.129126071929932</TIME>
</MPITEST>
<MPITEST>
<NAME>pssendf90</NAME>
<NP>2</NP>
<WORKDIR>./f90/pt2pt</WORKDIR>
<STATUS>pass</STATUS>
<TIME>0.128896951675415</TIME>
</MPITEST>
<MPITEST>
<NAME>sendrecvf90</NAME>
<NP>2</NP>
<WORKDIR>./f90/pt2pt</WORKDIR>
<STATUS>pass</STATUS>
<TIME>0.12703800201416</TIME>
</MPITEST>
<MPITEST>
<NAME>sendrecvreplf90</NAME>
<NP>2</NP>
<WORKDIR>./f90/pt2pt</WORKDIR>
<STATUS>pass</STATUS>
<TIME>0.129580020904541</TIME>
</MPITEST>
<MPITEST>
<NAME>mprobef90</NAME>
<NP>2</NP>
<WORKDIR>./f90/pt2pt</WORKDIR>
<STATUS>pass</STATUS>
<TIME>0.124833822250366</TIME>
</MPITEST>
<MPITEST>
<NAME>typenamef90</NAME>
<NP>1</NP>
<WORKDIR>./f90/datatype</WORKDIR>
<STATUS>pass</STATUS>
<TIME>0.119065046310425</TIME>
</MPITEST>
<MPITEST>
<NAME>typename3f90</NAME>
<NP>1</NP>
<WORKDIR>./f90/datatype</WORKDIR>
<STATUS>pass</STATUS>
<TIME>0.120753049850464</TIME>
</MPITEST>
<MPITEST>
<NAME>typesnamef90</NAME>
<NP>1</NP>
<WORKDIR>./f90/datatype</WORKDIR>
<STATUS>pass</STATUS>
<TIME>0.122081995010376</TIME>
</MPITEST>
<MPITEST>
<NAME>typecntsf90</NAME>
<NP>1</NP>
<WORKDIR>./f90/datatype</WORKDIR>
<STATUS>pass</STATUS>
<TIME>0.121860027313232</TIME>
</MPITEST>
<MPITEST>
<NAME>typem2f90</NAME>
<NP>1</NP>
<WORKDIR>./f90/datatype</WORKDIR>
<STATUS>pass</STATUS>
<TIME>0.11931586265564</TIME>
</MPITEST>
<MPITEST>
<NAME>typesubf90</NAME>
<NP>1</NP>
<WORKDIR>./f90/datatype</WORKDIR>
<STATUS>pass</STATUS>
<TIME>0.120256185531616</TIME>
</MPITEST>
<MPITEST>
<NAME>packef90</NAME>
<NP>1</NP>
<WORKDIR>./f90/datatype</WORKDIR>
<STATUS>pass</STATUS>
<TIME>0.121546983718872</TIME>
</MPITEST>
<MPITEST>
<NAME>gaddressf90</NAME>
<NP>1</NP>
<WORKDIR>./f90/datatype</WORKDIR>
<STATUS>pass</STATUS>
<TIME>0.121862888336182</TIME>
</MPITEST>
<MPITEST>
<NAME>allctypesf90</NAME>
<NP>1</NP>
<WORKDIR>./f90/datatype</WORKDIR>
<STATUS>pass</STATUS>
<TIME>0.125266075134277</TIME>
</MPITEST>
<MPITEST>
<NAME>hindex1f90</NAME>
<NP>1</NP>
<WORKDIR>./f90/datatype</WORKDIR>
<STATUS>pass</STATUS>
<TIME>0.122557163238525</TIME>
</MPITEST>
<MPITEST>
<NAME>hindexed_blockf90</NAME>
<NP>1</NP>
<WORKDIR>./f90/datatype</WORKDIR>
<STATUS>pass</STATUS>
<TIME>0.121263980865479</TIME>
</MPITEST>
<MPITEST>
<NAME>bottom</NAME>
<NP>2</NP>
<WORKDIR>./f90/datatype</WORKDIR>
<STATUS>pass</STATUS>
<TIME>0.126806974411011</TIME>
</MPITEST>
<MPITEST>
<NAME>structf</NAME>
<NP>2</NP>
<WORKDIR>./f90/datatype</WORKDIR>
<STATUS>pass</STATUS>
<TIME>0.124975919723511</TIME>
</MPITEST>
<MPITEST>
<NAME>indtype</NAME>
<NP>2</NP>
<WORKDIR>./f90/datatype</WORKDIR>
<STATUS>pass</STATUS>
<TIME>0.149906873703003</TIME>
</MPITEST>
<MPITEST>
<NAME>createf90</NAME>
<NP>1</NP>
<WORKDIR>./f90/datatype</WORKDIR>
<STATUS>pass</STATUS>
<TIME>0.125241994857788</TIME>
</MPITEST>
<MPITEST>
<NAME>sizeof</NAME>
<NP>1</NP>
<WORKDIR>./f90/datatype</WORKDIR>
<STATUS>pass</STATUS>
<TIME>0.123541116714478</TIME>
</MPITEST>
<MPITEST>
<NAME>kinds</NAME>
<NP>2</NP>
<WORKDIR>./f90/datatype</WORKDIR>
<STATUS>pass</STATUS>
<TIME>0.127693891525269</TIME>
</MPITEST>
<MPITEST>
<NAME>trf90</NAME>
<NP>1</NP>
<WORKDIR>./f90/datatype</WORKDIR>
<STATUS>pass</STATUS>
<TIME>0.123303174972534</TIME>
</MPITEST>
<MPITEST>
<NAME>get_elem_d</NAME>
<NP>2</NP>
<WORKDIR>./f90/datatype</WORKDIR>
<STATUS>pass</STATUS>
<TIME>0.125277996063232</TIME>
</MPITEST>
<MPITEST>
<NAME>get_elem_u</NAME>
<NP>2</NP>
<WORKDIR>./f90/datatype</WORKDIR>
<STATUS>pass</STATUS>
<TIME>0.122931003570557</TIME>
</MPITEST>
<MPITEST>
<NAME>createf90types</NAME>
<NP>1</NP>
<WORKDIR>./f90/f90types</WORKDIR>
<STATUS>pass</STATUS>
<TIME>0.12425708770752</TIME>
</MPITEST>
<MPITEST>
<NAME>createf90types</NAME>
<NP>1</NP>
<WORKDIR>./f90/f90types</WORKDIR>
<STATUS>pass</STATUS>
<TIME>0.194394826889038</TIME>
</MPITEST>
<MPITEST>
<NAME>winscale1f90</NAME>
<NP>4</NP>
<WORKDIR>./f90/rma</WORKDIR>
<STATUS>pass</STATUS>
<TIME>0.130959987640381</TIME>
</MPITEST>
<MPITEST>
<NAME>winfencef90</NAME>
<NP>4</NP>
<WORKDIR>./f90/rma</WORKDIR>
<STATUS>pass</STATUS>
<TIME>0.128843069076538</TIME>
</MPITEST>
<MPITEST>
<NAME>wingetf90</NAME>
<NP>5</NP>
<WORKDIR>./f90/rma</WORKDIR>
<STATUS>pass</STATUS>
<TIME>0.13476300239563</TIME>
</MPITEST>
<MPITEST>
<NAME>winscale2f90</NAME>
<NP>4</NP>
<WORKDIR>./f90/rma</WORKDIR>
<STATUS>pass</STATUS>
<TIME>0.126691818237305</TIME>
</MPITEST>
<MPITEST>
<NAME>winerrf90</NAME>
<NP>1</NP>
<WORKDIR>./f90/rma</WORKDIR>
<STATUS>pass</STATUS>
<TIME>0.122919082641602</TIME>
</MPITEST>
<MPITEST>
<NAME>winnamef90</NAME>
<NP>1</NP>
<WORKDIR>./f90/rma</WORKDIR>
<STATUS>pass</STATUS>
<TIME>0.122270107269287</TIME>
</MPITEST>
<MPITEST>
<NAME>wingroupf90</NAME>
<NP>4</NP>
<WORKDIR>./f90/rma</WORKDIR>
<STATUS>pass</STATUS>
<TIME>0.130131959915161</TIME>
</MPITEST>
<MPITEST>
<NAME>winaccf90</NAME>
<NP>4</NP>
<WORKDIR>./f90/rma</WORKDIR>
<STATUS>pass</STATUS>
<TIME>0.129365921020508</TIME>
</MPITEST>
<MPITEST>
<NAME>c2f2cwinf90</NAME>
<NP>1</NP>
<WORKDIR>./f90/rma</WORKDIR>
<STATUS>pass</STATUS>
<TIME>0.120568037033081</TIME>
</MPITEST>
<MPITEST>
<NAME>baseattrwinf90</NAME>
<NP>1</NP>
<WORKDIR>./f90/rma</WORKDIR>
<STATUS>pass</STATUS>
<TIME>0.122359991073608</TIME>
</MPITEST>
<MPITEST>
<NAME>winattrf90</NAME>
<NP>1</NP>
<WORKDIR>./f90/rma</WORKDIR>
<STATUS>pass</STATUS>
<TIME>0.126477003097534</TIME>
</MPITEST>
<MPITEST>
<NAME>winattr2f90</NAME>
<NP>1</NP>
<WORKDIR>./f90/rma</WORKDIR>
<STATUS>pass</STATUS>
<TIME>0.125452041625977</TIME>
</MPITEST>
<MPITEST>
<NAME>aintf90</NAME>
<NP>2</NP>
<WORKDIR>./f90/rma</WORKDIR>
<STATUS>pass</STATUS>
<TIME>0.126000881195068</TIME>
</MPITEST>
<MPITEST>
<NAME>namepubf90</NAME>
<NP>2</NP>
<WORKDIR>./f90/spawn</WORKDIR>
<STATUS>pass</STATUS>
<TIME>0.129045963287354</TIME>
</MPITEST>
<MPITEST>
<NAME>spawnf90</NAME>
<NP>1</NP>
<WORKDIR>./f90/spawn</WORKDIR>
<STATUS>pass</STATUS>
<TIME>0.255728960037231</TIME>
</MPITEST>
<MPITEST>
<NAME>spawnargvf90</NAME>
<NP>1</NP>
<WORKDIR>./f90/spawn</WORKDIR>
<STATUS>pass</STATUS>
<TIME>0.252790927886963</TIME>
</MPITEST>
<MPITEST>
<NAME>connaccf90</NAME>
<NP>2</NP>
<WORKDIR>./f90/spawn</WORKDIR>
<STATUS>pass</STATUS>
<TIME>0.134130001068115</TIME>
</MPITEST>
<MPITEST>
<NAME>spawnmultf90</NAME>
<NP>1</NP>
<WORKDIR>./f90/spawn</WORKDIR>
<STATUS>pass</STATUS>
<TIME>0.257214069366455</TIME>
</MPITEST>
<MPITEST>
<NAME>spawnmult2f90</NAME>
<NP>2</NP>
<WORKDIR>./f90/spawn</WORKDIR>
<STATUS>pass</STATUS>
<TIME>0.249019861221313</TIME>
</MPITEST>
<MPITEST>
<NAME>spawnargvf03</NAME>
<NP>1</NP>
<WORKDIR>./f90/spawn</WORKDIR>
<STATUS>pass</STATUS>
<TIME>0.254993915557861</TIME>
</MPITEST>
<MPITEST>
<NAME>spawnmultf03</NAME>
<NP>1</NP>
<WORKDIR>./f90/spawn</WORKDIR>
<STATUS>pass</STATUS>
<TIME>0.25907301902771</TIME>
</MPITEST>
<MPITEST>
<NAME>wtimef90</NAME>
<NP>1</NP>
<WORKDIR>./f90/timer</WORKDIR>
<STATUS>pass</STATUS>
<TIME>0.120800018310547</TIME>
</MPITEST>
<MPITEST>
<NAME>cartcrf90</NAME>
<NP>4</NP>
<WORKDIR>./f90/topo</WORKDIR>
<STATUS>pass</STATUS>
<TIME>0.125085115432739</TIME>
</MPITEST>
<MPITEST>
<NAME>dgraph_wgtf90</NAME>
<NP>4</NP>
<WORKDIR>./f90/topo</WORKDIR>
<STATUS>pass</STATUS>
<TIME>0.129611015319824</TIME>
</MPITEST>
<MPITEST>
<NAME>dgraph_unwgtf90</NAME>
<NP>4</NP>
<WORKDIR>./f90/topo</WORKDIR>
<STATUS>pass</STATUS>
<TIME>0.126046180725098</TIME>
</MPITEST>
<MPITEST>
<NAME>profile1f90</NAME>
<NP>2</NP>
<WORKDIR>./f90/profile</WORKDIR>
<STATUS>pass</STATUS>
<TIME>0.127783060073853</TIME>
</MPITEST>
<MPITEST>
<NAME>keyvalmis</NAME>
<NP>1</NP>
<WORKDIR>./errors/attr</WORKDIR>
<STATUS>pass</STATUS>
<TIME>0.124315023422241</TIME>
</MPITEST>
<MPITEST>
<NAME>noalias</NAME>
<NP>2</NP>
<WORKDIR>./errors/coll</WORKDIR>
<STATUS>pass</STATUS>
<TIME>0.126056909561157</TIME>
</MPITEST>
<MPITEST>
<NAME>nb_noalias</NAME>
<NP>2</NP>
<WORKDIR>./errors/coll</WORKDIR>
<STATUS>pass</STATUS>
<TIME>0.126901149749756</TIME>
</MPITEST>
<MPITEST>
<NAME>noalias2</NAME>
<NP>4</NP>
<WORKDIR>./errors/coll</WORKDIR>
<STATUS>pass</STATUS>
<TIME>0.129312992095947</TIME>
</MPITEST>
<MPITEST>
<NAME>noalias3</NAME>
<NP>4</NP>
<WORKDIR>./errors/coll</WORKDIR>
<STATUS>pass</STATUS>
<TIME>0.132341861724854</TIME>
</MPITEST>
<MPITEST>
<NAME>rerr</NAME>
<NP>2</NP>
<WORKDIR>./errors/coll</WORKDIR>
<STATUS>pass</STATUS>
<TIME>0.130573987960815</TIME>
</MPITEST>
<MPITEST>
<NAME>nb_rerr</NAME>
<NP>2</NP>
<WORKDIR>./errors/coll</WORKDIR>
<STATUS>pass</STATUS>
<TIME>0.127203941345215</TIME>
</MPITEST>
<MPITEST>
<NAME>reduce_local</NAME>
<NP>1</NP>
<WORKDIR>./errors/coll</WORKDIR>
<STATUS>pass</STATUS>
<TIME>0.121016979217529</TIME>
</MPITEST>
<MPITEST>
<NAME>cfree</NAME>
<NP>4</NP>
<WORKDIR>./errors/comm</WORKDIR>
<STATUS>pass</STATUS>
<TIME>0.127032995223999</TIME>
</MPITEST>
<MPITEST>
<NAME>ccreate1</NAME>
<NP>8</NP>
<WORKDIR>./errors/comm</WORKDIR>
<STATUS>pass</STATUS>
<TIME>0.143933057785034</TIME>
</MPITEST>
<MPITEST>
<NAME>userdup</NAME>
<NP>4</NP>
<WORKDIR>./errors/comm</WORKDIR>
<STATUS>pass</STATUS>
<TIME>0.129926204681396</TIME>
</MPITEST>
<MPITEST>
<NAME>manysplit</NAME>
<NP>4</NP>
<WORKDIR>./errors/comm</WORKDIR>
<STATUS>pass</STATUS>
<TIME>0.160492181777954</TIME>
</MPITEST>
<MPITEST>
<NAME>too_many_comms</NAME>
<NP>4</NP>
<WORKDIR>./errors/comm</WORKDIR>
<STATUS>pass</STATUS>
<TIME>0.336494922637939</TIME>
</MPITEST>
<MPITEST>
<NAME>too_many_icomms</NAME>
<NP>4</NP>
<WORKDIR>./errors/comm</WORKDIR>
<STATUS>pass</STATUS>
<TIME>0.440793991088867</TIME>
</MPITEST>
<MPITEST>
<NAME>too_many_comms2</NAME>
<NP>4</NP>
<WORKDIR>./errors/comm</WORKDIR>
<STATUS>pass</STATUS>
<TIME>0.58346700668335</TIME>
</MPITEST>
<MPITEST>
<NAME>too_many_comms3</NAME>
<NP>4</NP>
<WORKDIR>./errors/comm</WORKDIR>
<STATUS>pass</STATUS>
<TIME>1.14310121536255</TIME>
</MPITEST>
<MPITEST>
<NAME>too_many_icomms2</NAME>
<NP>4</NP>
<WORKDIR>./errors/comm</WORKDIR>
<STATUS>pass</STATUS>
<TIME>0.538228034973145</TIME>
</MPITEST>
<MPITEST>
<NAME>comm_create_nullarg</NAME>
<NP>1</NP>
<WORKDIR>./errors/comm</WORKDIR>
<STATUS>pass</STATUS>
<TIME>0.118911027908325</TIME>
</MPITEST>
<MPITEST>
<NAME>comm_create_group_nullarg</NAME>
<NP>1</NP>
<WORKDIR>./errors/comm</WORKDIR>
<STATUS>pass</STATUS>
<TIME>0.120074987411499</TIME>
</MPITEST>
<MPITEST>
<NAME>comm_get_info_nullarg</NAME>
<NP>1</NP>
<WORKDIR>./errors/comm</WORKDIR>
<STATUS>pass</STATUS>
<TIME>0.123712062835693</TIME>
</MPITEST>
<MPITEST>
<NAME>comm_group_nullarg</NAME>
<NP>1</NP>
<WORKDIR>./errors/comm</WORKDIR>
<STATUS>pass</STATUS>
<TIME>0.123430967330933</TIME>
</MPITEST>
<MPITEST>
<NAME>comm_size_nullarg</NAME>
<NP>1</NP>
<WORKDIR>./errors/comm</WORKDIR>
<STATUS>pass</STATUS>
<TIME>0.121686935424805</TIME>
</MPITEST>
<MPITEST>
<NAME>comm_split_nullarg</NAME>
<NP>1</NP>
<WORKDIR>./errors/comm</WORKDIR>
<STATUS>pass</STATUS>
<TIME>0.124145030975342</TIME>
</MPITEST>
<MPITEST>
<NAME>comm_split_type_nullarg</NAME>
<NP>1</NP>
<WORKDIR>./errors/comm</WORKDIR>
<STATUS>pass</STATUS>
<TIME>0.122905969619751</TIME>
</MPITEST>
<MPITEST>
<NAME>intercomm_create_nullarg</NAME>
<NP>1</NP>
<WORKDIR>./errors/comm</WORKDIR>
<STATUS>pass</STATUS>
<TIME>0.121510982513428</TIME>
</MPITEST>
<MPITEST>
<NAME>subcomm_abort</NAME>
<NP>4</NP>
<WORKDIR>./errors/comm</WORKDIR>
<TIME>0</TIME>
<STATUS>fail</STATUS>
<TESTDIFF>
No Errors
/home/clauss/Work/psmpi/build/install/bin/mpiexec.hydra returned a zero status but the program returned a nonzero status
</TESTDIFF>
</MPITEST>
<MPITEST>
<NAME>subcomm_abort2</NAME>
<NP>6</NP>
<WORKDIR>./errors/comm</WORKDIR>
<STATUS>pass</STATUS>
<TIME>0</TIME>
</MPITEST>
<MPITEST>
<NAME>intercomm_abort</NAME>
<NP>6</NP>
<WORKDIR>./errors/comm</WORKDIR>
<TIME>0</TIME>
<STATUS>fail</STATUS>
<TESTDIFF>
application called MPI_Abort(comm=0x84000001, 8) - process 0Fatal error in PMPI_Recv: Other MPI error, error stack:
/home/clauss/Work/psmpi/build/install/bin/mpiexec.hydra returned a zero status but the program returned a nonzero status
</TESTDIFF>
</MPITEST>
<MPITEST>
<NAME>type_contiguous_nullarg</NAME>
<NP>1</NP>
<WORKDIR>./errors/datatype</WORKDIR>
<STATUS>pass</STATUS>
<TIME>0.122775077819824</TIME>
</MPITEST>
<MPITEST>
<NAME>type_extent_nullarg</NAME>
<NP>1</NP>
<WORKDIR>./errors/datatype</WORKDIR>
<STATUS>pass</STATUS>
<TIME>0.120871067047119</TIME>
</MPITEST>
<MPITEST>
<NAME>type_get_extent_nullarg</NAME>
<NP>1</NP>
<WORKDIR>./errors/datatype</WORKDIR>
<STATUS>pass</STATUS>
<TIME>0.124536037445068</TIME>
</MPITEST>
<MPITEST>
<NAME>type_get_true_extent_nullarg</NAME>
<NP>1</NP>
<WORKDIR>./errors/datatype</WORKDIR>
<STATUS>pass</STATUS>
<TIME>0.122119188308716</TIME>
</MPITEST>
<MPITEST>
<NAME>type_get_true_extent_x_nullarg</NAME>
<NP>1</NP>
<WORKDIR>./errors/datatype</WORKDIR>
<STATUS>pass</STATUS>
<TIME>0.124367952346802</TIME>
</MPITEST>
<MPITEST>
<NAME>type_lb_nullarg</NAME>
<NP>1</NP>
<WORKDIR>./errors/datatype</WORKDIR>
<STATUS>pass</STATUS>
<TIME>0.120657920837402</TIME>
</MPITEST>
<MPITEST>
<NAME>type_ub_nullarg</NAME>
<NP>1</NP>
<WORKDIR>./errors/datatype</WORKDIR>
<STATUS>pass</STATUS>
<TIME>0.123754024505615</TIME>
</MPITEST>
<MPITEST>
<NAME>type_size_x_nullarg</NAME>
<NP>1</NP>
<WORKDIR>./errors/datatype</WORKDIR>
<STATUS>pass</STATUS>
<TIME>0.124412059783936</TIME>
</MPITEST>
<MPITEST>
<NAME>type_vector_nullarg</NAME>
<NP>1</NP>
<WORKDIR>./errors/datatype</WORKDIR>
<STATUS>pass</STATUS>
<TIME>0.123844861984253</TIME>
</MPITEST>
<MPITEST>
<NAME>gerr</NAME>
<NP>1</NP>
<WORKDIR>./errors/group</WORKDIR>
<STATUS>pass</STATUS>
<TIME>0.120501041412354</TIME>
</MPITEST>
<MPITEST>
<NAME>group_difference_nullarg</NAME>
<NP>1</NP>
<WORKDIR>./errors/group</WORKDIR>
<STATUS>pass</STATUS>
<TIME>0.123018026351929</TIME>
</MPITEST>
<MPITEST>
<NAME>group_intersection_nullarg</NAME>
<NP>1</NP>
<WORKDIR>./errors/group</WORKDIR>
<STATUS>pass</STATUS>
<TIME>0.123065948486328</TIME>
</MPITEST>
<MPITEST>
<NAME>group_range_excl_nullarg</NAME>
<NP>1</NP>
<WORKDIR>./errors/group</WORKDIR>
<STATUS>pass</STATUS>
<TIME>0.123821020126343</TIME>
</MPITEST>
<MPITEST>
<NAME>group_range_incl_nullarg</NAME>
<NP>1</NP>
<WORKDIR>./errors/group</WORKDIR>
<STATUS>pass</STATUS>
<TIME>0.12153697013855</TIME>
</MPITEST>
<MPITEST>
<NAME>group_rank_nullarg</NAME>
<NP>1</NP>
<WORKDIR>./errors/group</WORKDIR>
<STATUS>pass</STATUS>
<TIME>0.120983123779297</TIME>
</MPITEST>
<MPITEST>
<NAME>group_size_nullarg</NAME>
<NP>1</NP>
<WORKDIR>./errors/group</WORKDIR>
<STATUS>pass</STATUS>
<TIME>0.122155904769897</TIME>
</MPITEST>
<MPITEST>
<NAME>group_translate_ranks_nullarg</NAME>
<NP>1</NP>
<WORKDIR>./errors/group</WORKDIR>
<STATUS>pass</STATUS>
<TIME>0.122830867767334</TIME>
</MPITEST>
<MPITEST>
<NAME>group_union_nullarg</NAME>
<NP>1</NP>
<WORKDIR>./errors/group</WORKDIR>
<STATUS>pass</STATUS>
<TIME>0.120812892913818</TIME>
</MPITEST>
<MPITEST>
<NAME>proberank</NAME>
<NP>1</NP>
<WORKDIR>./errors/pt2pt</WORKDIR>
<STATUS>pass</STATUS>
<TIME>0.122420072555542</TIME>
</MPITEST>
<MPITEST>
<NAME>truncmsg1</NAME>
<NP>2</NP>
<WORKDIR>./errors/pt2pt</WORKDIR>
<STATUS>pass</STATUS>
<TIME>0.122229814529419</TIME>
</MPITEST>
<MPITEST>
<NAME>truncmsg2</NAME>
<NP>2</NP>
<WORKDIR>./errors/pt2pt</WORKDIR>
<STATUS>pass</STATUS>
<TIME>0.124730110168457</TIME>
</MPITEST>
<MPITEST>
<NAME>errinstatts</NAME>
<NP>2</NP>
<WORKDIR>./errors/pt2pt</WORKDIR>
<STATUS>pass</STATUS>
<TIME>0.127271890640259</TIME>
</MPITEST>
<MPITEST>
<NAME>errinstatta</NAME>
<NP>2</NP>
<WORKDIR>./errors/pt2pt</WORKDIR>
<STATUS>pass</STATUS>
<TIME>0.127540826797485</TIME>
</MPITEST>
<MPITEST>
<NAME>errinstatws</NAME>
<NP>2</NP>
<WORKDIR>./errors/pt2pt</WORKDIR>
<STATUS>pass</STATUS>
<TIME>0.123975992202759</TIME>
</MPITEST>
<MPITEST>
<NAME>errinstatwa</NAME>
<NP>2</NP>
<WORKDIR>./errors/pt2pt</WORKDIR>
<STATUS>pass</STATUS>
<TIME>0.127171039581299</TIME>
</MPITEST>
<MPITEST>
<NAME>cartsmall</NAME>
<NP>4</NP>
<WORKDIR>./errors/topo</WORKDIR>
<STATUS>pass</STATUS>
<TIME>0.127189159393311</TIME>
</MPITEST>
<MPITEST>
<NAME>winerr</NAME>
<NP>2</NP>
<WORKDIR>./errors/rma</WORKDIR>
<STATUS>pass</STATUS>
<TIME>0.125878095626831</TIME>
</MPITEST>
<MPITEST>
<NAME>winerr2</NAME>
<NP>2</NP>
<WORKDIR>./errors/rma</WORKDIR>
<STATUS>pass</STATUS>
<TIME>0.125468969345093</TIME>
</MPITEST>
<MPITEST>
<NAME>cas_type_check</NAME>
<NP>2</NP>
<WORKDIR>./errors/rma</WORKDIR>
<STATUS>pass</STATUS>
<TIME>1.6512770652771</TIME>
</MPITEST>
<MPITEST>
<NAME>win_sync_unlock</NAME>
<NP>2</NP>
<WORKDIR>./errors/rma</WORKDIR>
<STATUS>pass</STATUS>
<TIME>0.124941110610962</TIME>
</MPITEST>
<MPITEST>
<NAME>win_sync_free_pt</NAME>
<NP>2</NP>
<WORKDIR>./errors/rma</WORKDIR>
<STATUS>pass</STATUS>
<TIME>0.126754999160767</TIME>
</MPITEST>
<MPITEST>
<NAME>win_sync_free_at</NAME>
<NP>2</NP>
<WORKDIR>./errors/rma</WORKDIR>
<STATUS>pass</STATUS>
<TIME>0.126783847808838</TIME>
</MPITEST>
<MPITEST>
<NAME>win_sync_complete</NAME>
<NP>2</NP>
<WORKDIR>./errors/rma</WORKDIR>
<STATUS>pass</STATUS>
<TIME>0.129127979278564</TIME>
</MPITEST>
<MPITEST>
<NAME>win_sync_lock_at</NAME>
<NP>2</NP>
<WORKDIR>./errors/rma</WORKDIR>
<STATUS>pass</STATUS>
<TIME>0.12916898727417</TIME>
</MPITEST>
<MPITEST>
<NAME>win_sync_lock_pt</NAME>
<NP>2</NP>
<WORKDIR>./errors/rma</WORKDIR>
<STATUS>pass</STATUS>
<TIME>0.12627100944519</TIME>
</MPITEST>
<MPITEST>
<NAME>win_sync_lock_fence</NAME>
<NP>2</NP>
<WORKDIR>./errors/rma</WORKDIR>
<STATUS>pass</STATUS>
<TIME>0.124376058578491</TIME>
</MPITEST>
<MPITEST>
<NAME>win_sync_nested</NAME>
<NP>2</NP>
<WORKDIR>./errors/rma</WORKDIR>
<STATUS>pass</STATUS>
<TIME>0.128562211990356</TIME>
</MPITEST>
<MPITEST>
<NAME>win_sync_op</NAME>
<NP>2</NP>
<WORKDIR>./errors/rma</WORKDIR>
<STATUS>pass</STATUS>
<TIME>0.127768039703369</TIME>
</MPITEST>
<MPITEST>
<NAME>badport</NAME>
<NP>2</NP>
<WORKDIR>./errors/spawn</WORKDIR>
<STATUS>pass</STATUS>
<TIME>0.133795022964478</TIME>
</MPITEST>
<MPITEST>
<NAME>unpub</NAME>
<NP>1</NP>
<WORKDIR>./errors/spawn</WORKDIR>
<STATUS>pass</STATUS>
<TIME>0.12167501449585</TIME>
</MPITEST>
<MPITEST>
<NAME>lookup_name</NAME>
<NP>1</NP>
<WORKDIR>./errors/spawn</WORKDIR>
<STATUS>pass</STATUS>
<TIME>0.126178979873657</TIME>
</MPITEST>
<MPITEST>
<NAME>fileerrret</NAME>
<NP>1</NP>
<WORKDIR>./errors/io</WORKDIR>
<STATUS>pass</STATUS>
<TIME>0.12236499786377</TIME>
</MPITEST>
<MPITEST>
<NAME>openerr</NAME>
<NP>1</NP>
<WORKDIR>./errors/io</WORKDIR>
<STATUS>pass</STATUS>
<TIME>0.120887994766235</TIME>
</MPITEST>
<MPITEST>
<NAME>file_errhdl</NAME>
<NP>1</NP>
<WORKDIR>./errors/io</WORKDIR>
<STATUS>pass</STATUS>
<TIME>0.121842861175537</TIME>
</MPITEST>
<MPITEST>
<NAME>uerrhandf</NAME>
<NP>1</NP>
<WORKDIR>./errors/f77/io</WORKDIR>
<STATUS>pass</STATUS>
<TIME>0.124134063720703</TIME>
</MPITEST>
<MPITEST>
<NAME>errgetx</NAME>
<NP>1</NP>
<WORKDIR>./errors/cxx/errhan</WORKDIR>
<STATUS>pass</STATUS>
<TIME>0.124603033065796</TIME>
</MPITEST>
<MPITEST>
<NAME>errsetx</NAME>
<NP>1</NP>
<WORKDIR>./errors/cxx/errhan</WORKDIR>
<STATUS>pass</STATUS>
<TIME>0.12516713142395</TIME>
</MPITEST>
<MPITEST>
<NAME>throwtest</NAME>
<NP>1</NP>
<WORKDIR>./errors/cxx/errhan</WORKDIR>
<STATUS>pass</STATUS>
<TIME>0.123122930526733</TIME>
</MPITEST>
<MPITEST>
<NAME>commerrx</NAME>
<NP>2</NP>
<WORKDIR>./errors/cxx/errhan</WORKDIR>
<STATUS>pass</STATUS>
<TIME>0.126355886459351</TIME>
</MPITEST>
<MPITEST>
<NAME>fileerrretx</NAME>
<NP>1</NP>
<WORKDIR>./errors/cxx/io</WORKDIR>
<STATUS>pass</STATUS>
<TIME>0.123836040496826</TIME>
</MPITEST>
<MPITEST>
<NAME>errgetfilex</NAME>
<NP>1</NP>
<WORKDIR>./errors/cxx/io</WORKDIR>
<STATUS>pass</STATUS>
<TIME>0.127070903778076</TIME>
</MPITEST>
<MPITEST>
<NAME>throwtestfilex</NAME>
<NP>1</NP>
<WORKDIR>./errors/cxx/io</WORKDIR>
<STATUS>pass</STATUS>
<TIME>0.126326084136963</TIME>
</MPITEST>
<MPITEST>
<NAME>uerrhandf90</NAME>
<NP>1</NP>
<WORKDIR>./errors/f90/io</WORKDIR>
<STATUS>pass</STATUS>
<TIME>0.124770879745483</TIME>
</MPITEST>
