<?xml version='1.0' ?>
<?xml-stylesheet href="TestResults.xsl" type="text/xsl" ?>
<MPITESTRESULTS>
<DATE>2018-09-04-06-44</DATE>
<MPISOURCE></MPISOURCE>
<MPITEST>
<NAME>mprobe</NAME>
<NP>2</NP>
<WORKDIR>./parastation</WORKDIR>
<STATUS>pass</STATUS>
</MPITEST>
<MPITEST>
<NAME>locknull</NAME>
<NP>2</NP>
<WORKDIR>./parastation</WORKDIR>
<STATUS>pass</STATUS>
</MPITEST>
<MPITEST>
<NAME>get-acc-loc</NAME>
<NP>4</NP>
<WORKDIR>./parastation</WORKDIR>
<STATUS>pass</STATUS>
</MPITEST>
<MPITEST>
<NAME>win_sync_err_flush</NAME>
<NP>2</NP>
<WORKDIR>./parastation</WORKDIR>
<STATUS>pass</STATUS>
</MPITEST>
<MPITEST>
<NAME>win_sync_err_flushall</NAME>
<NP>2</NP>
<WORKDIR>./parastation</WORKDIR>
<STATUS>pass</STATUS>
</MPITEST>
<MPITEST>
<NAME>win_sync_err_lockall_pt</NAME>
<NP>2</NP>
<WORKDIR>./parastation</WORKDIR>
<STATUS>pass</STATUS>
</MPITEST>
<MPITEST>
<NAME>win_sync_err_lockall_at</NAME>
<NP>2</NP>
<WORKDIR>./parastation</WORKDIR>
<STATUS>pass</STATUS>
</MPITEST>
<MPITEST>
<NAME>win_sync_err_unlockall</NAME>
<NP>2</NP>
<WORKDIR>./parastation</WORKDIR>
<STATUS>pass</STATUS>
</MPITEST>
<MPITEST>
<NAME>win_sync_err_reqops</NAME>
<NP>2</NP>
<WORKDIR>./parastation</WORKDIR>
<STATUS>pass</STATUS>
</MPITEST>
<MPITEST>
<NAME>win_flavor_err_shm</NAME>
<NP>2</NP>
<WORKDIR>./parastation</WORKDIR>
<STATUS>pass</STATUS>
</MPITEST>
<MPITEST>
<NAME>win_flavor_err_dyn</NAME>
<NP>2</NP>
<WORKDIR>./parastation</WORKDIR>
<STATUS>pass</STATUS>
</MPITEST>
<MPITEST>
<NAME>win_shm_multiple</NAME>
<NP>4</NP>
<WORKDIR>./parastation</WORKDIR>
<STATUS>pass</STATUS>
</MPITEST>
<MPITEST>
<NAME>win_shm_large</NAME>
<NP>2</NP>
<WORKDIR>./parastation</WORKDIR>
<STATUS>pass</STATUS>
</MPITEST>
<MPITEST>
<NAME>split_type_integrity</NAME>
<NP>8</NP>
<WORKDIR>./parastation</WORKDIR>
<STATUS>pass</STATUS>
</MPITEST>
<MPITEST>
<NAME>spawn_isend</NAME>
<NP>2</NP>
<WORKDIR>./parastation</WORKDIR>
<STATUS>pass</STATUS>
</MPITEST>
<MPITEST>
<NAME>spawn_ssend</NAME>
<NP>2</NP>
<WORKDIR>./parastation</WORKDIR>
<STATUS>pass</STATUS>
</MPITEST>
<MPITEST>
<NAME>spawn_anysrc</NAME>
<NP>2</NP>
<WORKDIR>./parastation</WORKDIR>
<STATUS>pass</STATUS>
</MPITEST>
<MPITEST>
<NAME>spawn_rma</NAME>
<NP>2</NP>
<WORKDIR>./parastation</WORKDIR>
<STATUS>pass</STATUS>
</MPITEST>
<MPITEST>
<NAME>spawn_universe</NAME>
<NP>2</NP>
<WORKDIR>./parastation</WORKDIR>
<STATUS>pass</STATUS>
</MPITEST>
<MPITEST>
<NAME>spawn_univ_comm</NAME>
<NP>2</NP>
<WORKDIR>./parastation</WORKDIR>
<STATUS>pass</STATUS>
</MPITEST>
<MPITEST>
<NAME>spawn_univ_anysrc</NAME>
<NP>2</NP>
<WORKDIR>./parastation</WORKDIR>
<STATUS>pass</STATUS>
</MPITEST>
<MPITEST>
<NAME>intercomm_anysrc</NAME>
<NP>4</NP>
<WORKDIR>./parastation</WORKDIR>
<STATUS>pass</STATUS>
</MPITEST>
<MPITEST>
<NAME>intercomm_stress</NAME>
<NP>4</NP>
<WORKDIR>./parastation</WORKDIR>
<STATUS>pass</STATUS>
</MPITEST>
<MPITEST>
<NAME>large_msg_typed</NAME>
<NP>2</NP>
<WORKDIR>./parastation</WORKDIR>
<STATUS>pass</STATUS>
</MPITEST>
<MPITEST>
<NAME>num_contexts_2k</NAME>
<NP>1</NP>
<WORKDIR>./parastation</WORKDIR>
<STATUS>pass</STATUS>
</MPITEST>
<MPITEST>
<NAME>num_contexts_4k</NAME>
<NP>1</NP>
<WORKDIR>./parastation</WORKDIR>
<STATUS>pass</STATUS>
</MPITEST>
<MPITEST>
<NAME>num_contexts_8k</NAME>
<NP>1</NP>
<WORKDIR>./parastation</WORKDIR>
<STATUS>pass</STATUS>
</MPITEST>
<MPITEST>
<NAME>num_contexts_16k</NAME>
<NP>1</NP>
<WORKDIR>./parastation</WORKDIR>
<STATUS>pass</STATUS>
</MPITEST>
<MPITEST>
<NAME>acc-pairtype</NAME>
<NP>2</NP>
<WORKDIR>./parastation</WORKDIR>
<STATUS>pass</STATUS>
</MPITEST>
<MPITEST>
<NAME>acc-vecsum</NAME>
<NP>2</NP>
<WORKDIR>./parastation</WORKDIR>
<STATUS>pass</STATUS>
</MPITEST>
<MPITEST>
<NAME>get-acc-pairtype</NAME>
<NP>2</NP>
<WORKDIR>./parastation</WORKDIR>
<STATUS>pass</STATUS>
</MPITEST>
<MPITEST>
<NAME>get-acc-shm-pairtype</NAME>
<NP>2</NP>
<WORKDIR>./parastation</WORKDIR>
<STATUS>pass</STATUS>
</MPITEST>
<MPITEST>
<NAME>putfence1</NAME>
<NP>2</NP>
<WORKDIR>./parastation</WORKDIR>
<STATUS>pass</STATUS>
</MPITEST>
<MPITEST>
<NAME>getfence1</NAME>
<NP>2</NP>
<WORKDIR>./parastation</WORKDIR>
<STATUS>pass</STATUS>
</MPITEST>
<MPITEST>
<NAME>large-acc-flush_local</NAME>
<NP>3</NP>
<WORKDIR>./parastation</WORKDIR>
<STATUS>pass</STATUS>
</MPITEST>
<MPITEST>
<NAME>attrt</NAME>
<NP>2</NP>
<WORKDIR>./attr</WORKDIR>
<STATUS>pass</STATUS>
</MPITEST>
<MPITEST>
<NAME>attric</NAME>
<NP>4</NP>
<WORKDIR>./attr</WORKDIR>
<STATUS>pass</STATUS>
</MPITEST>
<MPITEST>
<NAME>attrerr</NAME>
<NP>1</NP>
<WORKDIR>./attr</WORKDIR>
<STATUS>pass</STATUS>
</MPITEST>
<MPITEST>
<NAME>attrend</NAME>
<NP>1</NP>
<WORKDIR>./attr</WORKDIR>
<STATUS>pass</STATUS>
</MPITEST>
<MPITEST>
<NAME>attrend</NAME>
<NP>4</NP>
<WORKDIR>./attr</WORKDIR>
<STATUS>pass</STATUS>
</MPITEST>
<MPITEST>
<NAME>attrend2</NAME>
<NP>1</NP>
<WORKDIR>./attr</WORKDIR>
<STATUS>pass</STATUS>
</MPITEST>
<MPITEST>
<NAME>attrend2</NAME>
<NP>5</NP>
<WORKDIR>./attr</WORKDIR>
<STATUS>pass</STATUS>
</MPITEST>
<MPITEST>
<NAME>attrerrcomm</NAME>
<NP>1</NP>
<WORKDIR>./attr</WORKDIR>
<STATUS>pass</STATUS>
</MPITEST>
<MPITEST>
<NAME>attrerrtype</NAME>
<NP>1</NP>
<WORKDIR>./attr</WORKDIR>
<STATUS>pass</STATUS>
</MPITEST>
<MPITEST>
<NAME>attrdeleteget</NAME>
<NP>1</NP>
<WORKDIR>./attr</WORKDIR>
<STATUS>pass</STATUS>
</MPITEST>
<MPITEST>
<NAME>attr2type</NAME>
<NP>1</NP>
<WORKDIR>./attr</WORKDIR>
<STATUS>pass</STATUS>
</MPITEST>
<MPITEST>
<NAME>attrorder</NAME>
<NP>1</NP>
<WORKDIR>./attr</WORKDIR>
<STATUS>pass</STATUS>
</MPITEST>
<MPITEST>
<NAME>attrordercomm</NAME>
<NP>1</NP>
<WORKDIR>./attr</WORKDIR>
<STATUS>pass</STATUS>
</MPITEST>
<MPITEST>
<NAME>attrordertype</NAME>
<NP>1</NP>
<WORKDIR>./attr</WORKDIR>
<STATUS>pass</STATUS>
</MPITEST>
<MPITEST>
<NAME>baseattr2</NAME>
<NP>1</NP>
<WORKDIR>./attr</WORKDIR>
<STATUS>pass</STATUS>
</MPITEST>
<MPITEST>
<NAME>baseattrcomm</NAME>
<NP>1</NP>
<WORKDIR>./attr</WORKDIR>
<STATUS>pass</STATUS>
</MPITEST>
<MPITEST>
<NAME>fkeyval</NAME>
<NP>1</NP>
<WORKDIR>./attr</WORKDIR>
<STATUS>pass</STATUS>
</MPITEST>
<MPITEST>
<NAME>fkeyvalcomm</NAME>
<NP>1</NP>
<WORKDIR>./attr</WORKDIR>
<STATUS>pass</STATUS>
</MPITEST>
<MPITEST>
<NAME>fkeyvaltype</NAME>
<NP>1</NP>
<WORKDIR>./attr</WORKDIR>
<STATUS>pass</STATUS>
</MPITEST>
<MPITEST>
<NAME>keyval_double_free</NAME>
<NP>1</NP>
<WORKDIR>./attr</WORKDIR>
<STATUS>pass</STATUS>
</MPITEST>
<MPITEST>
<NAME>keyval_double_free_comm</NAME>
<NP>1</NP>
<WORKDIR>./attr</WORKDIR>
<STATUS>pass</STATUS>
</MPITEST>
<MPITEST>
<NAME>keyval_double_free_type</NAME>
<NP>1</NP>
<WORKDIR>./attr</WORKDIR>
<STATUS>pass</STATUS>
</MPITEST>
<MPITEST>
<NAME>keyval_double_free_win</NAME>
<NP>1</NP>
<WORKDIR>./attr</WORKDIR>
<STATUS>pass</STATUS>
</MPITEST>
<MPITEST>
<NAME>allred</NAME>
<NP>4</NP>
<WORKDIR>./coll</WORKDIR>
<STATUS>pass</STATUS>
</MPITEST>
<MPITEST>
<NAME>allred</NAME>
<NP>7</NP>
<WORKDIR>./coll</WORKDIR>
<STATUS>pass</STATUS>
</MPITEST>
<MPITEST>
<NAME>allred</NAME>
<NP>4</NP>
<WORKDIR>./coll</WORKDIR>
<STATUS>pass</STATUS>
</MPITEST>
<MPITEST>
<NAME>allredmany</NAME>
<NP>4</NP>
<WORKDIR>./coll</WORKDIR>
<STATUS>pass</STATUS>
</MPITEST>
<MPITEST>
<NAME>allred2</NAME>
<NP>4</NP>
<WORKDIR>./coll</WORKDIR>
<STATUS>pass</STATUS>
</MPITEST>
<MPITEST>
<NAME>allred3</NAME>
<NP>10</NP>
<WORKDIR>./coll</WORKDIR>
<STATUS>pass</STATUS>
</MPITEST>
<MPITEST>
<NAME>allred4</NAME>
<NP>4</NP>
<WORKDIR>./coll</WORKDIR>
<STATUS>pass</STATUS>
</MPITEST>
<MPITEST>
<NAME>allred5</NAME>
<NP>5</NP>
<WORKDIR>./coll</WORKDIR>
<STATUS>pass</STATUS>
</MPITEST>
<MPITEST>
<NAME>allred5</NAME>
<NP>10</NP>
<WORKDIR>./coll</WORKDIR>
<STATUS>pass</STATUS>
</MPITEST>
<MPITEST>
<NAME>allred6</NAME>
<NP>4</NP>
<WORKDIR>./coll</WORKDIR>
<STATUS>pass</STATUS>
</MPITEST>
<MPITEST>
<NAME>allred6</NAME>
<NP>7</NP>
<WORKDIR>./coll</WORKDIR>
<STATUS>pass</STATUS>
</MPITEST>
<MPITEST>
<NAME>reduce</NAME>
<NP>5</NP>
<WORKDIR>./coll</WORKDIR>
<STATUS>pass</STATUS>
</MPITEST>
<MPITEST>
<NAME>reduce</NAME>
<NP>10</NP>
<WORKDIR>./coll</WORKDIR>
<STATUS>pass</STATUS>
</MPITEST>
<MPITEST>
<NAME>reduce_local</NAME>
<NP>2</NP>
<WORKDIR>./coll</WORKDIR>
<STATUS>pass</STATUS>
</MPITEST>
<MPITEST>
<NAME>op_commutative</NAME>
<NP>2</NP>
<WORKDIR>./coll</WORKDIR>
<STATUS>pass</STATUS>
</MPITEST>
<MPITEST>
<NAME>red3</NAME>
<NP>10</NP>
<WORKDIR>./coll</WORKDIR>
<STATUS>pass</STATUS>
</MPITEST>
<MPITEST>
<NAME>red4</NAME>
<NP>10</NP>
<WORKDIR>./coll</WORKDIR>
<STATUS>pass</STATUS>
</MPITEST>
<MPITEST>
<NAME>alltoall1</NAME>
<NP>8</NP>
<WORKDIR>./coll</WORKDIR>
<STATUS>pass</STATUS>
</MPITEST>
<MPITEST>
<NAME>alltoallv</NAME>
<NP>10</NP>
<WORKDIR>./coll</WORKDIR>
<STATUS>pass</STATUS>
</MPITEST>
<MPITEST>
<NAME>alltoallv0</NAME>
<NP>10</NP>
<WORKDIR>./coll</WORKDIR>
<STATUS>pass</STATUS>
</MPITEST>
<MPITEST>
<NAME>alltoallw1</NAME>
<NP>10</NP>
<WORKDIR>./coll</WORKDIR>
<STATUS>pass</STATUS>
</MPITEST>
<MPITEST>
<NAME>alltoallw2</NAME>
<NP>10</NP>
<WORKDIR>./coll</WORKDIR>
<STATUS>pass</STATUS>
</MPITEST>
<MPITEST>
<NAME>alltoallw_zeros</NAME>
<NP>1</NP>
<WORKDIR>./coll</WORKDIR>
<STATUS>pass</STATUS>
</MPITEST>
<MPITEST>
<NAME>alltoallw_zeros</NAME>
<NP>2</NP>
<WORKDIR>./coll</WORKDIR>
<STATUS>pass</STATUS>
</MPITEST>
<MPITEST>
<NAME>alltoallw_zeros</NAME>
<NP>5</NP>
<WORKDIR>./coll</WORKDIR>
<STATUS>pass</STATUS>
</MPITEST>
<MPITEST>
<NAME>alltoallw_zeros</NAME>
<NP>8</NP>
<WORKDIR>./coll</WORKDIR>
<STATUS>pass</STATUS>
</MPITEST>
<MPITEST>
<NAME>allgather2</NAME>
<NP>10</NP>
<WORKDIR>./coll</WORKDIR>
<STATUS>pass</STATUS>
</MPITEST>
<MPITEST>
<NAME>allgather3</NAME>
<NP>10</NP>
<WORKDIR>./coll</WORKDIR>
<STATUS>pass</STATUS>
</MPITEST>
<MPITEST>
<NAME>allgatherv2</NAME>
<NP>10</NP>
<WORKDIR>./coll</WORKDIR>
<STATUS>pass</STATUS>
</MPITEST>
<MPITEST>
<NAME>allgatherv3</NAME>
<NP>10</NP>
<WORKDIR>./coll</WORKDIR>
<STATUS>pass</STATUS>
</MPITEST>
<MPITEST>
<NAME>allgatherv4</NAME>
<NP>4</NP>
<WORKDIR>./coll</WORKDIR>
<STATUS>pass</STATUS>
</MPITEST>
<MPITEST>
<NAME>allgather_struct</NAME>
<NP>10</NP>
<WORKDIR>./coll</WORKDIR>
<STATUS>pass</STATUS>
</MPITEST>
<MPITEST>
<NAME>bcasttest</NAME>
<NP>4</NP>
<WORKDIR>./coll</WORKDIR>
<STATUS>pass</STATUS>
</MPITEST>
<MPITEST>
<NAME>bcasttest</NAME>
<NP>8</NP>
<WORKDIR>./coll</WORKDIR>
<STATUS>pass</STATUS>
</MPITEST>
<MPITEST>
<NAME>bcasttest</NAME>
<NP>10</NP>
<WORKDIR>./coll</WORKDIR>
<STATUS>pass</STATUS>
</MPITEST>
<MPITEST>
<NAME>bcast_full</NAME>
<NP>4</NP>
<WORKDIR>./coll</WORKDIR>
<STATUS>pass</STATUS>
</MPITEST>
<MPITEST>
<NAME>bcast_min_datatypes</NAME>
<NP>10</NP>
<WORKDIR>./coll</WORKDIR>
<STATUS>pass</STATUS>
</MPITEST>
<MPITEST>
<NAME>bcast_comm_world</NAME>
<NP>10</NP>
<WORKDIR>./coll</WORKDIR>
<STATUS>pass</STATUS>
</MPITEST>
<MPITEST>
<NAME>bcastzerotype</NAME>
<NP>1</NP>
<WORKDIR>./coll</WORKDIR>
<STATUS>pass</STATUS>
</MPITEST>
<MPITEST>
<NAME>bcastzerotype</NAME>
<NP>4</NP>
<WORKDIR>./coll</WORKDIR>
<STATUS>pass</STATUS>
</MPITEST>
<MPITEST>
<NAME>bcastzerotype</NAME>
<NP>5</NP>
<WORKDIR>./coll</WORKDIR>
<STATUS>pass</STATUS>
</MPITEST>
<MPITEST>
<NAME>bcastzerotype</NAME>
<NP>10</NP>
<WORKDIR>./coll</WORKDIR>
<STATUS>pass</STATUS>
</MPITEST>
<MPITEST>
<NAME>coll2</NAME>
<NP>5</NP>
<WORKDIR>./coll</WORKDIR>
<STATUS>pass</STATUS>
</MPITEST>
<MPITEST>
<NAME>coll3</NAME>
<NP>5</NP>
<WORKDIR>./coll</WORKDIR>
<STATUS>pass</STATUS>
</MPITEST>
<MPITEST>
<NAME>coll4</NAME>
<NP>4</NP>
<WORKDIR>./coll</WORKDIR>
<STATUS>pass</STATUS>
</MPITEST>
<MPITEST>
<NAME>coll5</NAME>
<NP>4</NP>
<WORKDIR>./coll</WORKDIR>
<STATUS>pass</STATUS>
</MPITEST>
<MPITEST>
<NAME>coll6</NAME>
<NP>5</NP>
<WORKDIR>./coll</WORKDIR>
<STATUS>pass</STATUS>
</MPITEST>
<MPITEST>
<NAME>coll7</NAME>
<NP>1</NP>
<WORKDIR>./coll</WORKDIR>
<STATUS>pass</STATUS>
</MPITEST>
<MPITEST>
<NAME>coll7</NAME>
<NP>2</NP>
<WORKDIR>./coll</WORKDIR>
<STATUS>pass</STATUS>
</MPITEST>
<MPITEST>
<NAME>coll7</NAME>
<NP>5</NP>
<WORKDIR>./coll</WORKDIR>
<STATUS>pass</STATUS>
</MPITEST>
<MPITEST>
<NAME>coll8</NAME>
<NP>4</NP>
<WORKDIR>./coll</WORKDIR>
<STATUS>pass</STATUS>
</MPITEST>
<MPITEST>
<NAME>coll9</NAME>
<NP>4</NP>
<WORKDIR>./coll</WORKDIR>
<STATUS>pass</STATUS>
</MPITEST>
<MPITEST>
<NAME>coll10</NAME>
<NP>4</NP>
<WORKDIR>./coll</WORKDIR>
<STATUS>pass</STATUS>
</MPITEST>
<MPITEST>
<NAME>coll11</NAME>
<NP>4</NP>
<WORKDIR>./coll</WORKDIR>
<STATUS>pass</STATUS>
</MPITEST>
<MPITEST>
<NAME>coll12</NAME>
<NP>4</NP>
<WORKDIR>./coll</WORKDIR>
<STATUS>pass</STATUS>
</MPITEST>
<MPITEST>
<NAME>coll13</NAME>
<NP>4</NP>
<WORKDIR>./coll</WORKDIR>
<STATUS>pass</STATUS>
</MPITEST>
<MPITEST>
<NAME>longuser</NAME>
<NP>4</NP>
<WORKDIR>./coll</WORKDIR>
<STATUS>pass</STATUS>
</MPITEST>
<MPITEST>
<NAME>redscat</NAME>
<NP>4</NP>
<WORKDIR>./coll</WORKDIR>
<STATUS>pass</STATUS>
</MPITEST>
<MPITEST>
<NAME>redscat</NAME>
<NP>6</NP>
<WORKDIR>./coll</WORKDIR>
<STATUS>pass</STATUS>
</MPITEST>
<MPITEST>
<NAME>redscat2</NAME>
<NP>4</NP>
<WORKDIR>./coll</WORKDIR>
<STATUS>pass</STATUS>
</MPITEST>
<MPITEST>
<NAME>redscat2</NAME>
<NP>5</NP>
<WORKDIR>./coll</WORKDIR>
<STATUS>pass</STATUS>
</MPITEST>
<MPITEST>
<NAME>redscat2</NAME>
<NP>10</NP>
<WORKDIR>./coll</WORKDIR>
<STATUS>pass</STATUS>
</MPITEST>
<MPITEST>
<NAME>redscat3</NAME>
<NP>8</NP>
<WORKDIR>./coll</WORKDIR>
<STATUS>pass</STATUS>
</MPITEST>
<MPITEST>
<NAME>redscatinter</NAME>
<NP>8</NP>
<WORKDIR>./coll</WORKDIR>
<STATUS>pass</STATUS>
</MPITEST>
<MPITEST>
<NAME>red_scat_block</NAME>
<NP>4</NP>
<WORKDIR>./coll</WORKDIR>
<STATUS>pass</STATUS>
</MPITEST>
<MPITEST>
<NAME>red_scat_block</NAME>
<NP>5</NP>
<WORKDIR>./coll</WORKDIR>
<STATUS>pass</STATUS>
</MPITEST>
<MPITEST>
<NAME>red_scat_block</NAME>
<NP>8</NP>
<WORKDIR>./coll</WORKDIR>
<STATUS>pass</STATUS>
</MPITEST>
<MPITEST>
<NAME>red_scat_block2</NAME>
<NP>4</NP>
<WORKDIR>./coll</WORKDIR>
<STATUS>pass</STATUS>
</MPITEST>
<MPITEST>
<NAME>red_scat_block2</NAME>
<NP>5</NP>
<WORKDIR>./coll</WORKDIR>
<STATUS>pass</STATUS>
</MPITEST>
<MPITEST>
<NAME>red_scat_block2</NAME>
<NP>10</NP>
<WORKDIR>./coll</WORKDIR>
<STATUS>pass</STATUS>
</MPITEST>
<MPITEST>
<NAME>redscatblk3</NAME>
<NP>8</NP>
<WORKDIR>./coll</WORKDIR>
<STATUS>pass</STATUS>
</MPITEST>
<MPITEST>
<NAME>redscatblk3</NAME>
<NP>10</NP>
<WORKDIR>./coll</WORKDIR>
<STATUS>pass</STATUS>
</MPITEST>
<MPITEST>
<NAME>redscatbkinter</NAME>
<NP>8</NP>
<WORKDIR>./coll</WORKDIR>
<STATUS>pass</STATUS>
</MPITEST>
<MPITEST>
<NAME>redscatbkinter</NAME>
<NP>10</NP>
<WORKDIR>./coll</WORKDIR>
<STATUS>pass</STATUS>
</MPITEST>
<MPITEST>
<NAME>scantst</NAME>
<NP>4</NP>
<WORKDIR>./coll</WORKDIR>
<STATUS>pass</STATUS>
</MPITEST>
<MPITEST>
<NAME>exscan</NAME>
<NP>10</NP>
<WORKDIR>./coll</WORKDIR>
<STATUS>pass</STATUS>
</MPITEST>
<MPITEST>
<NAME>exscan2</NAME>
<NP>5</NP>
<WORKDIR>./coll</WORKDIR>
<STATUS>pass</STATUS>
</MPITEST>
<MPITEST>
<NAME>gather</NAME>
<NP>4</NP>
<WORKDIR>./coll</WORKDIR>
<STATUS>pass</STATUS>
</MPITEST>
<MPITEST>
<NAME>gather2</NAME>
<NP>4</NP>
<WORKDIR>./coll</WORKDIR>
<STATUS>pass</STATUS>
</MPITEST>
<MPITEST>
<NAME>scattern</NAME>
<NP>4</NP>
<WORKDIR>./coll</WORKDIR>
<STATUS>pass</STATUS>
</MPITEST>
<MPITEST>
<NAME>scatter2</NAME>
<NP>4</NP>
<WORKDIR>./coll</WORKDIR>
<STATUS>pass</STATUS>
</MPITEST>
<MPITEST>
<NAME>scatter3</NAME>
<NP>4</NP>
<WORKDIR>./coll</WORKDIR>
<STATUS>pass</STATUS>
</MPITEST>
<MPITEST>
<NAME>scatterv</NAME>
<NP>4</NP>
<WORKDIR>./coll</WORKDIR>
<STATUS>pass</STATUS>
</MPITEST>
<MPITEST>
<NAME>icbcast</NAME>
<NP>4</NP>
<WORKDIR>./coll</WORKDIR>
<STATUS>pass</STATUS>
</MPITEST>
<MPITEST>
<NAME>icbcast</NAME>
<NP>10</NP>
<WORKDIR>./coll</WORKDIR>
<STATUS>pass</STATUS>
</MPITEST>
<MPITEST>
<NAME>icallreduce</NAME>
<NP>5</NP>
<WORKDIR>./coll</WORKDIR>
<STATUS>pass</STATUS>
</MPITEST>
<MPITEST>
<NAME>icallreduce</NAME>
<NP>7</NP>
<WORKDIR>./coll</WORKDIR>
<STATUS>pass</STATUS>
</MPITEST>
<MPITEST>
<NAME>icreduce</NAME>
<NP>5</NP>
<WORKDIR>./coll</WORKDIR>
<STATUS>pass</STATUS>
</MPITEST>
<MPITEST>
<NAME>icreduce</NAME>
<NP>7</NP>
<WORKDIR>./coll</WORKDIR>
<STATUS>pass</STATUS>
</MPITEST>
<MPITEST>
<NAME>icscatter</NAME>
<NP>5</NP>
<WORKDIR>./coll</WORKDIR>
<STATUS>pass</STATUS>
</MPITEST>
<MPITEST>
<NAME>icscatter</NAME>
<NP>7</NP>
<WORKDIR>./coll</WORKDIR>
<STATUS>pass</STATUS>
</MPITEST>
<MPITEST>
<NAME>icgather</NAME>
<NP>5</NP>
<WORKDIR>./coll</WORKDIR>
<STATUS>pass</STATUS>
</MPITEST>
<MPITEST>
<NAME>icgather</NAME>
<NP>7</NP>
<WORKDIR>./coll</WORKDIR>
<STATUS>pass</STATUS>
</MPITEST>
<MPITEST>
<NAME>icallgather</NAME>
<NP>5</NP>
<WORKDIR>./coll</WORKDIR>
<STATUS>pass</STATUS>
</MPITEST>
<MPITEST>
<NAME>icallgather</NAME>
<NP>7</NP>
<WORKDIR>./coll</WORKDIR>
<STATUS>pass</STATUS>
</MPITEST>
<MPITEST>
<NAME>icbarrier</NAME>
<NP>5</NP>
<WORKDIR>./coll</WORKDIR>
<STATUS>pass</STATUS>
</MPITEST>
<MPITEST>
<NAME>icbarrier</NAME>
<NP>7</NP>
<WORKDIR>./coll</WORKDIR>
<STATUS>pass</STATUS>
</MPITEST>
<MPITEST>
<NAME>icallgatherv</NAME>
<NP>5</NP>
<WORKDIR>./coll</WORKDIR>
<STATUS>pass</STATUS>
</MPITEST>
<MPITEST>
<NAME>icallgatherv</NAME>
<NP>7</NP>
<WORKDIR>./coll</WORKDIR>
<STATUS>pass</STATUS>
</MPITEST>
<MPITEST>
<NAME>icgatherv</NAME>
<NP>5</NP>
<WORKDIR>./coll</WORKDIR>
<STATUS>pass</STATUS>
</MPITEST>
<MPITEST>
<NAME>icgatherv</NAME>
<NP>7</NP>
<WORKDIR>./coll</WORKDIR>
<STATUS>pass</STATUS>
</MPITEST>
<MPITEST>
<NAME>icscatterv</NAME>
<NP>5</NP>
<WORKDIR>./coll</WORKDIR>
<STATUS>pass</STATUS>
</MPITEST>
<MPITEST>
<NAME>icscatterv</NAME>
<NP>7</NP>
<WORKDIR>./coll</WORKDIR>
<STATUS>pass</STATUS>
</MPITEST>
<MPITEST>
<NAME>icalltoall</NAME>
<NP>5</NP>
<WORKDIR>./coll</WORKDIR>
<STATUS>pass</STATUS>
</MPITEST>
<MPITEST>
<NAME>icalltoall</NAME>
<NP>7</NP>
<WORKDIR>./coll</WORKDIR>
<STATUS>pass</STATUS>
</MPITEST>
<MPITEST>
<NAME>icalltoallv</NAME>
<NP>5</NP>
<WORKDIR>./coll</WORKDIR>
<STATUS>pass</STATUS>
</MPITEST>
<MPITEST>
<NAME>icalltoallv</NAME>
<NP>7</NP>
<WORKDIR>./coll</WORKDIR>
<STATUS>pass</STATUS>
</MPITEST>
<MPITEST>
<NAME>icalltoallw</NAME>
<NP>5</NP>
<WORKDIR>./coll</WORKDIR>
<STATUS>pass</STATUS>
</MPITEST>
<MPITEST>
<NAME>icalltoallw</NAME>
<NP>7</NP>
<WORKDIR>./coll</WORKDIR>
<STATUS>pass</STATUS>
</MPITEST>
<MPITEST>
<NAME>opland</NAME>
<NP>4</NP>
<WORKDIR>./coll</WORKDIR>
<STATUS>pass</STATUS>
</MPITEST>
<MPITEST>
<NAME>oplor</NAME>
<NP>4</NP>
<WORKDIR>./coll</WORKDIR>
<STATUS>pass</STATUS>
</MPITEST>
<MPITEST>
<NAME>oplxor</NAME>
<NP>4</NP>
<WORKDIR>./coll</WORKDIR>
<STATUS>pass</STATUS>
</MPITEST>
<MPITEST>
<NAME>oplxor</NAME>
<NP>5</NP>
<WORKDIR>./coll</WORKDIR>
<STATUS>pass</STATUS>
</MPITEST>
<MPITEST>
<NAME>opband</NAME>
<NP>4</NP>
<WORKDIR>./coll</WORKDIR>
<STATUS>pass</STATUS>
</MPITEST>
<MPITEST>
<NAME>opbor</NAME>
<NP>4</NP>
<WORKDIR>./coll</WORKDIR>
<STATUS>pass</STATUS>
</MPITEST>
<MPITEST>
<NAME>opbxor</NAME>
<NP>4</NP>
<WORKDIR>./coll</WORKDIR>
<STATUS>pass</STATUS>
</MPITEST>
<MPITEST>
<NAME>opbxor</NAME>
<NP>5</NP>
<WORKDIR>./coll</WORKDIR>
<STATUS>pass</STATUS>
</MPITEST>
<MPITEST>
<NAME>opprod</NAME>
<NP>5</NP>
<WORKDIR>./coll</WORKDIR>
<STATUS>pass</STATUS>
</MPITEST>
<MPITEST>
<NAME>opprod</NAME>
<NP>6</NP>
<WORKDIR>./coll</WORKDIR>
<STATUS>pass</STATUS>
</MPITEST>
<MPITEST>
<NAME>opsum</NAME>
<NP>4</NP>
<WORKDIR>./coll</WORKDIR>
<STATUS>pass</STATUS>
</MPITEST>
<MPITEST>
<NAME>opmin</NAME>
<NP>4</NP>
<WORKDIR>./coll</WORKDIR>
<STATUS>pass</STATUS>
</MPITEST>
<MPITEST>
<NAME>opminloc</NAME>
<NP>4</NP>
<WORKDIR>./coll</WORKDIR>
<STATUS>pass</STATUS>
</MPITEST>
<MPITEST>
<NAME>opmax</NAME>
<NP>5</NP>
<WORKDIR>./coll</WORKDIR>
<STATUS>pass</STATUS>
</MPITEST>
<MPITEST>
<NAME>opmaxloc</NAME>
<NP>5</NP>
<WORKDIR>./coll</WORKDIR>
<STATUS>pass</STATUS>
</MPITEST>
<MPITEST>
<NAME>uoplong</NAME>
<NP>4</NP>
<WORKDIR>./coll</WORKDIR>
<STATUS>pass</STATUS>
</MPITEST>
<MPITEST>
<NAME>uoplong</NAME>
<NP>11</NP>
<WORKDIR>./coll</WORKDIR>
<STATUS>pass</STATUS>
</MPITEST>
<MPITEST>
<NAME>uoplong</NAME>
<NP>16</NP>
<WORKDIR>./coll</WORKDIR>
<STATUS>pass</STATUS>
</MPITEST>
<MPITEST>
<NAME>nonblocking</NAME>
<NP>4</NP>
<WORKDIR>./coll</WORKDIR>
<STATUS>pass</STATUS>
</MPITEST>
<MPITEST>
<NAME>nonblocking</NAME>
<NP>5</NP>
<WORKDIR>./coll</WORKDIR>
<STATUS>pass</STATUS>
</MPITEST>
<MPITEST>
<NAME>nonblocking</NAME>
<NP>10</NP>
<WORKDIR>./coll</WORKDIR>
<STATUS>pass</STATUS>
</MPITEST>
<MPITEST>
<NAME>nonblocking2</NAME>
<NP>1</NP>
<WORKDIR>./coll</WORKDIR>
<STATUS>pass</STATUS>
</MPITEST>
<MPITEST>
<NAME>nonblocking2</NAME>
<NP>4</NP>
<WORKDIR>./coll</WORKDIR>
<STATUS>pass</STATUS>
</MPITEST>
<MPITEST>
<NAME>nonblocking2</NAME>
<NP>5</NP>
<WORKDIR>./coll</WORKDIR>
<STATUS>pass</STATUS>
</MPITEST>
<MPITEST>
<NAME>nonblocking2</NAME>
<NP>10</NP>
<WORKDIR>./coll</WORKDIR>
<STATUS>pass</STATUS>
</MPITEST>
<MPITEST>
<NAME>nonblocking3</NAME>
<NP>1</NP>
<WORKDIR>./coll</WORKDIR>
<STATUS>pass</STATUS>
</MPITEST>
<MPITEST>
<NAME>nonblocking3</NAME>
<NP>4</NP>
<WORKDIR>./coll</WORKDIR>
<STATUS>pass</STATUS>
</MPITEST>
<MPITEST>
<NAME>nonblocking3</NAME>
<NP>5</NP>
<WORKDIR>./coll</WORKDIR>
<STATUS>pass</STATUS>
</MPITEST>
<MPITEST>
<NAME>nonblocking3</NAME>
<NP>10</NP>
<WORKDIR>./coll</WORKDIR>
<STATUS>pass</STATUS>
</MPITEST>
<MPITEST>
<NAME>iallred</NAME>
<NP>2</NP>
<WORKDIR>./coll</WORKDIR>
<STATUS>pass</STATUS>
</MPITEST>
<MPITEST>
<NAME>ibarrier</NAME>
<NP>2</NP>
<WORKDIR>./coll</WORKDIR>
<STATUS>pass</STATUS>
</MPITEST>
<MPITEST>
<NAME>nballtoall1</NAME>
<NP>8</NP>
<WORKDIR>./coll</WORKDIR>
<STATUS>pass</STATUS>
</MPITEST>
<MPITEST>
<NAME>nbcoll2</NAME>
<NP>5</NP>
<WORKDIR>./coll</WORKDIR>
<STATUS>pass</STATUS>
</MPITEST>
<MPITEST>
<NAME>nbredscat</NAME>
<NP>4</NP>
<WORKDIR>./coll</WORKDIR>
<STATUS>pass</STATUS>
</MPITEST>
<MPITEST>
<NAME>nbredscat</NAME>
<NP>8</NP>
<WORKDIR>./coll</WORKDIR>
<STATUS>pass</STATUS>
</MPITEST>
<MPITEST>
<NAME>nbredscat3</NAME>
<NP>8</NP>
<WORKDIR>./coll</WORKDIR>
<STATUS>pass</STATUS>
</MPITEST>
<MPITEST>
<NAME>nbredscatinter</NAME>
<NP>8</NP>
<WORKDIR>./coll</WORKDIR>
<STATUS>pass</STATUS>
</MPITEST>
<MPITEST>
<NAME>nbicbcast</NAME>
<NP>8</NP>
<WORKDIR>./coll</WORKDIR>
<STATUS>pass</STATUS>
</MPITEST>
<MPITEST>
<NAME>nbicallreduce</NAME>
<NP>8</NP>
<WORKDIR>./coll</WORKDIR>
<STATUS>pass</STATUS>
</MPITEST>
<MPITEST>
<NAME>nbicreduce</NAME>
<NP>8</NP>
<WORKDIR>./coll</WORKDIR>
<STATUS>pass</STATUS>
</MPITEST>
<MPITEST>
<NAME>nbicscatter</NAME>
<NP>8</NP>
<WORKDIR>./coll</WORKDIR>
<STATUS>pass</STATUS>
</MPITEST>
<MPITEST>
<NAME>nbicgather</NAME>
<NP>8</NP>
<WORKDIR>./coll</WORKDIR>
<STATUS>pass</STATUS>
</MPITEST>
<MPITEST>
<NAME>nbicallgather</NAME>
<NP>8</NP>
<WORKDIR>./coll</WORKDIR>
<STATUS>pass</STATUS>
</MPITEST>
<MPITEST>
<NAME>nbicbarrier</NAME>
<NP>8</NP>
<WORKDIR>./coll</WORKDIR>
<STATUS>pass</STATUS>
</MPITEST>
<MPITEST>
<NAME>nbicallgatherv</NAME>
<NP>8</NP>
<WORKDIR>./coll</WORKDIR>
<STATUS>pass</STATUS>
</MPITEST>
<MPITEST>
<NAME>nbicgatherv</NAME>
<NP>8</NP>
<WORKDIR>./coll</WORKDIR>
<STATUS>pass</STATUS>
</MPITEST>
<MPITEST>
<NAME>nbicscatterv</NAME>
<NP>8</NP>
<WORKDIR>./coll</WORKDIR>
<STATUS>pass</STATUS>
</MPITEST>
<MPITEST>
<NAME>nbicalltoall</NAME>
<NP>8</NP>
<WORKDIR>./coll</WORKDIR>
<STATUS>pass</STATUS>
</MPITEST>
<MPITEST>
<NAME>nbicalltoallv</NAME>
<NP>8</NP>
<WORKDIR>./coll</WORKDIR>
<STATUS>pass</STATUS>
</MPITEST>
<MPITEST>
<NAME>nbicalltoallw</NAME>
<NP>8</NP>
<WORKDIR>./coll</WORKDIR>
<STATUS>pass</STATUS>
</MPITEST>
<MPITEST>
<NAME>dup</NAME>
<NP>2</NP>
<WORKDIR>./comm</WORKDIR>
<STATUS>pass</STATUS>
</MPITEST>
<MPITEST>
<NAME>dupic</NAME>
<NP>4</NP>
<WORKDIR>./comm</WORKDIR>
<STATUS>pass</STATUS>
</MPITEST>
<MPITEST>
<NAME>commcreate1</NAME>
<NP>8</NP>
<WORKDIR>./comm</WORKDIR>
<STATUS>pass</STATUS>
</MPITEST>
<MPITEST>
<NAME>commname</NAME>
<NP>4</NP>
<WORKDIR>./comm</WORKDIR>
<STATUS>pass</STATUS>
</MPITEST>
<MPITEST>
<NAME>ic1</NAME>
<NP>4</NP>
<WORKDIR>./comm</WORKDIR>
<STATUS>pass</STATUS>
</MPITEST>
<MPITEST>
<NAME>ic2</NAME>
<NP>33</NP>
<WORKDIR>./comm</WORKDIR>
<STATUS>pass</STATUS>
</MPITEST>
<MPITEST>
<NAME>icgroup</NAME>
<NP>8</NP>
<WORKDIR>./comm</WORKDIR>
<STATUS>pass</STATUS>
</MPITEST>
<MPITEST>
<NAME>icm</NAME>
<NP>8</NP>
<WORKDIR>./comm</WORKDIR>
<STATUS>pass</STATUS>
</MPITEST>
<MPITEST>
<NAME>icsplit</NAME>
<NP>8</NP>
<WORKDIR>./comm</WORKDIR>
<STATUS>pass</STATUS>
</MPITEST>
<MPITEST>
<NAME>iccreate</NAME>
<NP>8</NP>
<WORKDIR>./comm</WORKDIR>
<STATUS>pass</STATUS>
</MPITEST>
<MPITEST>
<NAME>ctxalloc</NAME>
<NP>2</NP>
<WORKDIR>./comm</WORKDIR>
<STATUS>pass</STATUS>
</MPITEST>
<MPITEST>
<NAME>ctxsplit</NAME>
<NP>4</NP>
<WORKDIR>./comm</WORKDIR>
<STATUS>pass</STATUS>
</MPITEST>
<MPITEST>
<NAME>cmfree</NAME>
<NP>4</NP>
<WORKDIR>./comm</WORKDIR>
<STATUS>pass</STATUS>
</MPITEST>
<MPITEST>
<NAME>cmsplit</NAME>
<NP>4</NP>
<WORKDIR>./comm</WORKDIR>
<STATUS>pass</STATUS>
</MPITEST>
<MPITEST>
<NAME>cmsplit2</NAME>
<NP>12</NP>
<WORKDIR>./comm</WORKDIR>
<STATUS>pass</STATUS>
</MPITEST>
<MPITEST>
<NAME>probe-intercomm</NAME>
<NP>2</NP>
<WORKDIR>./comm</WORKDIR>
<STATUS>pass</STATUS>
</MPITEST>
<MPITEST>
<NAME>cmsplit_type</NAME>
<NP>4</NP>
<WORKDIR>./comm</WORKDIR>
<STATUS>pass</STATUS>
</MPITEST>
<MPITEST>
<NAME>comm_create_group</NAME>
<NP>4</NP>
<WORKDIR>./comm</WORKDIR>
<STATUS>pass</STATUS>
</MPITEST>
<MPITEST>
<NAME>comm_create_group</NAME>
<NP>8</NP>
<WORKDIR>./comm</WORKDIR>
<STATUS>pass</STATUS>
</MPITEST>
<MPITEST>
<NAME>comm_group_half</NAME>
<NP>2</NP>
<WORKDIR>./comm</WORKDIR>
<STATUS>pass</STATUS>
</MPITEST>
<MPITEST>
<NAME>comm_group_half</NAME>
<NP>4</NP>
<WORKDIR>./comm</WORKDIR>
<STATUS>pass</STATUS>
</MPITEST>
<MPITEST>
<NAME>comm_group_half</NAME>
<NP>8</NP>
<WORKDIR>./comm</WORKDIR>
<STATUS>pass</STATUS>
</MPITEST>
<MPITEST>
<NAME>comm_group_rand</NAME>
<NP>2</NP>
<WORKDIR>./comm</WORKDIR>
<STATUS>pass</STATUS>
</MPITEST>
<MPITEST>
<NAME>comm_group_rand</NAME>
<NP>4</NP>
<WORKDIR>./comm</WORKDIR>
<STATUS>pass</STATUS>
</MPITEST>
<MPITEST>
<NAME>comm_group_rand</NAME>
<NP>8</NP>
<WORKDIR>./comm</WORKDIR>
<STATUS>pass</STATUS>
</MPITEST>
<MPITEST>
<NAME>comm_idup</NAME>
<NP>2</NP>
<WORKDIR>./comm</WORKDIR>
<STATUS>pass</STATUS>
</MPITEST>
<MPITEST>
<NAME>comm_idup</NAME>
<NP>4</NP>
<WORKDIR>./comm</WORKDIR>
<STATUS>pass</STATUS>
</MPITEST>
<MPITEST>
<NAME>comm_idup</NAME>
<NP>9</NP>
<WORKDIR>./comm</WORKDIR>
<STATUS>pass</STATUS>
</MPITEST>
<MPITEST>
<NAME>comm_idup_mul</NAME>
<NP>2</NP>
<WORKDIR>./comm</WORKDIR>
<STATUS>pass</STATUS>
</MPITEST>
<MPITEST>
<NAME>comm_idup_overlap</NAME>
<NP>2</NP>
<WORKDIR>./comm</WORKDIR>
<STATUS>pass</STATUS>
</MPITEST>
<MPITEST>
<NAME>comm_idup_iallreduce</NAME>
<NP>6</NP>
<WORKDIR>./comm</WORKDIR>
<STATUS>pass</STATUS>
</MPITEST>
<MPITEST>
<NAME>comm_idup_nb</NAME>
<NP>6</NP>
<WORKDIR>./comm</WORKDIR>
<STATUS>pass</STATUS>
</MPITEST>
<MPITEST>
<NAME>comm_idup_isend</NAME>
<NP>6</NP>
<WORKDIR>./comm</WORKDIR>
<STATUS>pass</STATUS>
</MPITEST>
<MPITEST>
<NAME>comm_idup_comm</NAME>
<NP>6</NP>
<WORKDIR>./comm</WORKDIR>
<STATUS>pass</STATUS>
</MPITEST>
<MPITEST>
<NAME>comm_idup_comm2</NAME>
<NP>6</NP>
<WORKDIR>./comm</WORKDIR>
<STATUS>pass</STATUS>
</MPITEST>
<MPITEST>
<NAME>dup_with_info</NAME>
<NP>2</NP>
<WORKDIR>./comm</WORKDIR>
<STATUS>pass</STATUS>
</MPITEST>
<MPITEST>
<NAME>dup_with_info</NAME>
<NP>4</NP>
<WORKDIR>./comm</WORKDIR>
<STATUS>pass</STATUS>
</MPITEST>
<MPITEST>
<NAME>dup_with_info</NAME>
<NP>9</NP>
<WORKDIR>./comm</WORKDIR>
<STATUS>pass</STATUS>
</MPITEST>
<MPITEST>
<NAME>comm_info</NAME>
<NP>6</NP>
<WORKDIR>./comm</WORKDIR>
<STATUS>pass</STATUS>
</MPITEST>
<MPITEST>
<NAME>comm_create_group_idup</NAME>
<NP>4</NP>
<WORKDIR>./comm</WORKDIR>
<STATUS>pass</STATUS>
</MPITEST>
<MPITEST>
<NAME>contents</NAME>
<NP>1</NP>
<WORKDIR>./datatype</WORKDIR>
<STATUS>pass</STATUS>
</MPITEST>
<MPITEST>
<NAME>gaddress</NAME>
<NP>1</NP>
<WORKDIR>./datatype</WORKDIR>
<STATUS>pass</STATUS>
</MPITEST>
<MPITEST>
<NAME>lbub</NAME>
<NP>1</NP>
<WORKDIR>./datatype</WORKDIR>
<STATUS>pass</STATUS>
</MPITEST>
<MPITEST>
<NAME>localpack</NAME>
<NP>1</NP>
<WORKDIR>./datatype</WORKDIR>
<STATUS>pass</STATUS>
</MPITEST>
<MPITEST>
<NAME>simple-pack</NAME>
<NP>1</NP>
<WORKDIR>./datatype</WORKDIR>
<STATUS>pass</STATUS>
</MPITEST>
<MPITEST>
<NAME>simple-pack-external</NAME>
<NP>1</NP>
<WORKDIR>./datatype</WORKDIR>
<STATUS>pass</STATUS>
</MPITEST>
<MPITEST>
<NAME>transpose-pack</NAME>
<NP>1</NP>
<WORKDIR>./datatype</WORKDIR>
<STATUS>pass</STATUS>
</MPITEST>
<MPITEST>
<NAME>slice-pack</NAME>
<NP>1</NP>
<WORKDIR>./datatype</WORKDIR>
<STATUS>pass</STATUS>
</MPITEST>
<MPITEST>
<NAME>struct-pack</NAME>
<NP>1</NP>
<WORKDIR>./datatype</WORKDIR>
<STATUS>pass</STATUS>
</MPITEST>
<MPITEST>
<NAME>structpack2</NAME>
<NP>1</NP>
<WORKDIR>./datatype</WORKDIR>
<STATUS>pass</STATUS>
</MPITEST>
<MPITEST>
<NAME>typecommit</NAME>
<NP>1</NP>
<WORKDIR>./datatype</WORKDIR>
<STATUS>pass</STATUS>
</MPITEST>
<MPITEST>
<NAME>typename</NAME>
<NP>1</NP>
<WORKDIR>./datatype</WORKDIR>
<STATUS>pass</STATUS>
</MPITEST>
<MPITEST>
<NAME>typefree</NAME>
<NP>1</NP>
<WORKDIR>./datatype</WORKDIR>
<STATUS>pass</STATUS>
</MPITEST>
<MPITEST>
<NAME>zeroparms</NAME>
<NP>1</NP>
<WORKDIR>./datatype</WORKDIR>
<STATUS>pass</STATUS>
</MPITEST>
<MPITEST>
<NAME>getpartelm</NAME>
<NP>2</NP>
<WORKDIR>./datatype</WORKDIR>
<STATUS>pass</STATUS>
</MPITEST>
<MPITEST>
<NAME>tresized</NAME>
<NP>2</NP>
<WORKDIR>./datatype</WORKDIR>
<STATUS>pass</STATUS>
</MPITEST>
<MPITEST>
<NAME>tresized2</NAME>
<NP>2</NP>
<WORKDIR>./datatype</WORKDIR>
<STATUS>pass</STATUS>
</MPITEST>
<MPITEST>
<NAME>sendrecvt2</NAME>
<NP>2</NP>
<WORKDIR>./datatype</WORKDIR>
<STATUS>pass</STATUS>
</MPITEST>
<MPITEST>
<NAME>sendrecvt4</NAME>
<NP>2</NP>
<WORKDIR>./datatype</WORKDIR>
<STATUS>pass</STATUS>
</MPITEST>
<MPITEST>
<NAME>tmatchsize</NAME>
<NP>1</NP>
<WORKDIR>./datatype</WORKDIR>
<STATUS>pass</STATUS>
</MPITEST>
<MPITEST>
<NAME>tfree</NAME>
<NP>2</NP>
<WORKDIR>./datatype</WORKDIR>
<STATUS>pass</STATUS>
</MPITEST>
<MPITEST>
<NAME>typelb</NAME>
<NP>1</NP>
<WORKDIR>./datatype</WORKDIR>
<STATUS>pass</STATUS>
</MPITEST>
<MPITEST>
<NAME>contigstruct</NAME>
<NP>1</NP>
<WORKDIR>./datatype</WORKDIR>
<STATUS>pass</STATUS>
</MPITEST>
<MPITEST>
<NAME>struct-zero-count</NAME>
<NP>1</NP>
<WORKDIR>./datatype</WORKDIR>
<STATUS>pass</STATUS>
</MPITEST>
<MPITEST>
<NAME>blockindexed-zero-count</NAME>
<NP>1</NP>
<WORKDIR>./datatype</WORKDIR>
<STATUS>pass</STATUS>
</MPITEST>
<MPITEST>
<NAME>blockindexed-misc</NAME>
<NP>1</NP>
<WORKDIR>./datatype</WORKDIR>
<STATUS>pass</STATUS>
</MPITEST>
<MPITEST>
<NAME>indexed-misc</NAME>
<NP>1</NP>
<WORKDIR>./datatype</WORKDIR>
<STATUS>pass</STATUS>
</MPITEST>
<MPITEST>
<NAME>subarray-pack</NAME>
<NP>1</NP>
<WORKDIR>./datatype</WORKDIR>
<STATUS>pass</STATUS>
</MPITEST>
<MPITEST>
<NAME>subarray</NAME>
<NP>2</NP>
<WORKDIR>./datatype</WORKDIR>
<STATUS>pass</STATUS>
</MPITEST>
<MPITEST>
<NAME>darray-pack</NAME>
<NP>1</NP>
<WORKDIR>./datatype</WORKDIR>
<STATUS>pass</STATUS>
</MPITEST>
<MPITEST>
<NAME>darray-pack</NAME>
<NP>9</NP>
<WORKDIR>./datatype</WORKDIR>
<STATUS>pass</STATUS>
</MPITEST>
<MPITEST>
<NAME>darray-cyclic</NAME>
<NP>12</NP>
<WORKDIR>./datatype</WORKDIR>
<STATUS>pass</STATUS>
</MPITEST>
<MPITEST>
<NAME>pairtype-size-extent</NAME>
<NP>1</NP>
<WORKDIR>./datatype</WORKDIR>
<STATUS>pass</STATUS>
</MPITEST>
<MPITEST>
<NAME>simple-commit</NAME>
<NP>1</NP>
<WORKDIR>./datatype</WORKDIR>
<STATUS>pass</STATUS>
</MPITEST>
<MPITEST>
<NAME>simple-size-extent</NAME>
<NP>1</NP>
<WORKDIR>./datatype</WORKDIR>
<STATUS>pass</STATUS>
</MPITEST>
<MPITEST>
<NAME>struct-no-real-types</NAME>
<NP>1</NP>
<WORKDIR>./datatype</WORKDIR>
<STATUS>pass</STATUS>
</MPITEST>
<MPITEST>
<NAME>struct-empty-el</NAME>
<NP>1</NP>
<WORKDIR>./datatype</WORKDIR>
<STATUS>pass</STATUS>
</MPITEST>
<MPITEST>
<NAME>contig-zero-count</NAME>
<NP>1</NP>
<WORKDIR>./datatype</WORKDIR>
<STATUS>pass</STATUS>
</MPITEST>
<MPITEST>
<NAME>simple-resized</NAME>
<NP>1</NP>
<WORKDIR>./datatype</WORKDIR>
<STATUS>pass</STATUS>
</MPITEST>
<MPITEST>
<NAME>unusual-noncontigs</NAME>
<NP>1</NP>
<WORKDIR>./datatype</WORKDIR>
<STATUS>pass</STATUS>
</MPITEST>
<MPITEST>
<NAME>hindexed-zeros</NAME>
<NP>1</NP>
<WORKDIR>./datatype</WORKDIR>
<STATUS>pass</STATUS>
</MPITEST>
<MPITEST>
<NAME>lots-of-types</NAME>
<NP>1</NP>
<WORKDIR>./datatype</WORKDIR>
<STATUS>pass</STATUS>
</MPITEST>
<MPITEST>
<NAME>get-elements-pairtype</NAME>
<NP>1</NP>
<WORKDIR>./datatype</WORKDIR>
<STATUS>pass</STATUS>
</MPITEST>
<MPITEST>
<NAME>unpack</NAME>
<NP>1</NP>
<WORKDIR>./datatype</WORKDIR>
<STATUS>pass</STATUS>
</MPITEST>
<MPITEST>
<NAME>struct-ezhov</NAME>
<NP>1</NP>
<WORKDIR>./datatype</WORKDIR>
<STATUS>pass</STATUS>
</MPITEST>
<MPITEST>
<NAME>zeroblks</NAME>
<NP>1</NP>
<WORKDIR>./datatype</WORKDIR>
<STATUS>pass</STATUS>
</MPITEST>
<MPITEST>
<NAME>struct-derived-zeros</NAME>
<NP>1</NP>
<WORKDIR>./datatype</WORKDIR>
<STATUS>pass</STATUS>
</MPITEST>
<MPITEST>
<NAME>struct-verydeep</NAME>
<NP>1</NP>
<WORKDIR>./datatype</WORKDIR>
<STATUS>pass</STATUS>
</MPITEST>
<MPITEST>
<NAME>get-elements</NAME>
<NP>1</NP>
<WORKDIR>./datatype</WORKDIR>
<STATUS>pass</STATUS>
</MPITEST>
<MPITEST>
<NAME>hindexed_block</NAME>
<NP>1</NP>
<WORKDIR>./datatype</WORKDIR>
<STATUS>pass</STATUS>
</MPITEST>
<MPITEST>
<NAME>hindexed_block_contents</NAME>
<NP>1</NP>
<WORKDIR>./datatype</WORKDIR>
<STATUS>pass</STATUS>
</MPITEST>
<MPITEST>
<NAME>vecblklen</NAME>
<NP>1</NP>
<WORKDIR>./datatype</WORKDIR>
<STATUS>pass</STATUS>
</MPITEST>
<MPITEST>
<NAME>hvecblklen</NAME>
<NP>1</NP>
<WORKDIR>./datatype</WORKDIR>
<STATUS>pass</STATUS>
</MPITEST>
<MPITEST>
<NAME>longdouble</NAME>
<NP>1</NP>
<WORKDIR>./datatype</WORKDIR>
<STATUS>pass</STATUS>
</MPITEST>
<MPITEST>
<NAME>dataalign</NAME>
<NP>2</NP>
<WORKDIR>./datatype</WORKDIR>
<STATUS>pass</STATUS>
</MPITEST>
<MPITEST>
<NAME>cxx-types</NAME>
<NP>1</NP>
<WORKDIR>./datatype</WORKDIR>
<STATUS>pass</STATUS>
</MPITEST>
<MPITEST>
<NAME>adderr</NAME>
<NP>1</NP>
<WORKDIR>./errhan</WORKDIR>
<STATUS>pass</STATUS>
</MPITEST>
<MPITEST>
<NAME>commcall</NAME>
<NP>2</NP>
<WORKDIR>./errhan</WORKDIR>
<STATUS>pass</STATUS>
</MPITEST>
<MPITEST>
<NAME>errfatal</NAME>
<NP>1</NP>
<WORKDIR>./errhan</WORKDIR>
<STATUS>pass</STATUS>
</MPITEST>
<MPITEST>
<NAME>predef_eh</NAME>
<NP>1</NP>
<WORKDIR>./errhan</WORKDIR>
<STATUS>pass</STATUS>
</MPITEST>
<MPITEST>
<NAME>predef_eh</NAME>
<NP>2</NP>
<WORKDIR>./errhan</WORKDIR>
<STATUS>pass</STATUS>
</MPITEST>
<MPITEST>
<NAME>errstring2</NAME>
<NP>1</NP>
<WORKDIR>./errhan</WORKDIR>
<STATUS>pass</STATUS>
</MPITEST>
<MPITEST>
<NAME>dynamic_errcode_predefined_errclass</NAME>
<NP>1</NP>
<WORKDIR>./errhan</WORKDIR>
<STATUS>pass</STATUS>
</MPITEST>
<MPITEST>
<NAME>groupcreate</NAME>
<NP>4</NP>
<WORKDIR>./group</WORKDIR>
<STATUS>pass</STATUS>
</MPITEST>
<MPITEST>
<NAME>grouptest</NAME>
<NP>8</NP>
<WORKDIR>./group</WORKDIR>
<STATUS>pass</STATUS>
</MPITEST>
<MPITEST>
<NAME>grouptest2</NAME>
<NP>4</NP>
<WORKDIR>./group</WORKDIR>
<STATUS>pass</STATUS>
</MPITEST>
<MPITEST>
<NAME>groupnullincl</NAME>
<NP>4</NP>
<WORKDIR>./group</WORKDIR>
<STATUS>pass</STATUS>
</MPITEST>
<MPITEST>
<NAME>gtranks</NAME>
<NP>8</NP>
<WORKDIR>./group</WORKDIR>
<STATUS>pass</STATUS>
</MPITEST>
<MPITEST>
<NAME>gtranksperf</NAME>
<NP>20</NP>
<WORKDIR>./group</WORKDIR>
<STATUS>pass</STATUS>
</MPITEST>
<MPITEST>
<NAME>infodup</NAME>
<NP>1</NP>
<WORKDIR>./info</WORKDIR>
<STATUS>pass</STATUS>
</MPITEST>
<MPITEST>
<NAME>infodel</NAME>
<NP>1</NP>
<WORKDIR>./info</WORKDIR>
<STATUS>pass</STATUS>
</MPITEST>
<MPITEST>
<NAME>infovallen</NAME>
<NP>1</NP>
<WORKDIR>./info</WORKDIR>
<STATUS>pass</STATUS>
</MPITEST>
<MPITEST>
<NAME>infoorder</NAME>
<NP>1</NP>
<WORKDIR>./info</WORKDIR>
<STATUS>pass</STATUS>
</MPITEST>
<MPITEST>
<NAME>infomany</NAME>
<NP>1</NP>
<WORKDIR>./info</WORKDIR>
<STATUS>pass</STATUS>
</MPITEST>
<MPITEST>
<NAME>infomany2</NAME>
<NP>1</NP>
<WORKDIR>./info</WORKDIR>
<STATUS>pass</STATUS>
</MPITEST>
<MPITEST>
<NAME>infotest</NAME>
<NP>1</NP>
<WORKDIR>./info</WORKDIR>
<STATUS>pass</STATUS>
</MPITEST>
<MPITEST>
<NAME>infoget</NAME>
<NP>1</NP>
<WORKDIR>./info</WORKDIR>
<STATUS>pass</STATUS>
</MPITEST>
<MPITEST>
<NAME>infoenv</NAME>
<NP>1</NP>
<WORKDIR>./info</WORKDIR>
<STATUS>pass</STATUS>
</MPITEST>
<MPITEST>
<NAME>exitst1</NAME>
<NP>2</NP>
<WORKDIR>./init</WORKDIR>
<STATUS>pass</STATUS>
</MPITEST>
<MPITEST>
<NAME>exitst2</NAME>
<NP>4</NP>
<WORKDIR>./init</WORKDIR>
<STATUS>pass</STATUS>
</MPITEST>
<MPITEST>
<NAME>initstat</NAME>
<NP>1</NP>
<WORKDIR>./init</WORKDIR>
<STATUS>pass</STATUS>
</MPITEST>
<MPITEST>
<NAME>timeout</NAME>
<NP>2</NP>
<WORKDIR>./init</WORKDIR>
<STATUS>pass</STATUS>
</MPITEST>
<MPITEST>
<NAME>version</NAME>
<NP>1</NP>
<WORKDIR>./init</WORKDIR>
<STATUS>pass</STATUS>
</MPITEST>
<MPITEST>
<NAME>finalized</NAME>
<NP>1</NP>
<WORKDIR>./init</WORKDIR>
<STATUS>pass</STATUS>
</MPITEST>
<MPITEST>
<NAME>attrself</NAME>
<NP>1</NP>
<WORKDIR>./init</WORKDIR>
<STATUS>pass</STATUS>
</MPITEST>
<MPITEST>
<NAME>library_version</NAME>
<NP>1</NP>
<WORKDIR>./init</WORKDIR>
<STATUS>pass</STATUS>
</MPITEST>
<MPITEST>
<NAME>mpi_t_str</NAME>
<NP>1</NP>
<WORKDIR>./mpi_t</WORKDIR>
<STATUS>pass</STATUS>
</MPITEST>
<MPITEST>
<NAME>mpit_vars</NAME>
<NP>1</NP>
<WORKDIR>./mpi_t</WORKDIR>
<STATUS>pass</STATUS>
</MPITEST>
<MPITEST>
<NAME>cvarwrite</NAME>
<NP>1</NP>
<WORKDIR>./mpi_t</WORKDIR>
<STATUS>pass</STATUS>
</MPITEST>
<MPITEST>
<NAME>getindex</NAME>
<NP>1</NP>
<WORKDIR>./mpi_t</WORKDIR>
<STATUS>pass</STATUS>
</MPITEST>
<MPITEST>
<NAME>sendrecv1</NAME>
<NP>4</NP>
<WORKDIR>./pt2pt</WORKDIR>
<STATUS>pass</STATUS>
</MPITEST>
<MPITEST>
<NAME>sendrecv2</NAME>
<NP>2</NP>
<WORKDIR>./pt2pt</WORKDIR>
<STATUS>pass</STATUS>
</MPITEST>
<MPITEST>
<NAME>sendrecv3</NAME>
<NP>2</NP>
<WORKDIR>./pt2pt</WORKDIR>
<STATUS>pass</STATUS>
</MPITEST>
<MPITEST>
<NAME>sendflood</NAME>
<NP>8</NP>
<WORKDIR>./pt2pt</WORKDIR>
<STATUS>pass</STATUS>
</MPITEST>
<MPITEST>
<NAME>sendself</NAME>
<NP>1</NP>
<WORKDIR>./pt2pt</WORKDIR>
<STATUS>pass</STATUS>
</MPITEST>
<MPITEST>
<NAME>sendall</NAME>
<NP>4</NP>
<WORKDIR>./pt2pt</WORKDIR>
<STATUS>pass</STATUS>
</MPITEST>
<MPITEST>
<NAME>anyall</NAME>
<NP>2</NP>
<WORKDIR>./pt2pt</WORKDIR>
<STATUS>pass</STATUS>
</MPITEST>
<MPITEST>
<NAME>eagerdt</NAME>
<NP>2</NP>
<WORKDIR>./pt2pt</WORKDIR>
<STATUS>pass</STATUS>
</MPITEST>
<MPITEST>
<NAME>pingping</NAME>
<NP>2</NP>
<WORKDIR>./pt2pt</WORKDIR>
<STATUS>pass</STATUS>
</MPITEST>
<MPITEST>
<NAME>bottom</NAME>
<NP>2</NP>
<WORKDIR>./pt2pt</WORKDIR>
<STATUS>pass</STATUS>
</MPITEST>
<MPITEST>
<NAME>bsend1</NAME>
<NP>1</NP>
<WORKDIR>./pt2pt</WORKDIR>
<STATUS>pass</STATUS>
</MPITEST>
<MPITEST>
<NAME>bsend2</NAME>
<NP>1</NP>
<WORKDIR>./pt2pt</WORKDIR>
<STATUS>pass</STATUS>
</MPITEST>
<MPITEST>
<NAME>bsend3</NAME>
<NP>1</NP>
<WORKDIR>./pt2pt</WORKDIR>
<STATUS>pass</STATUS>
</MPITEST>
<MPITEST>
<NAME>bsend4</NAME>
<NP>1</NP>
<WORKDIR>./pt2pt</WORKDIR>
<STATUS>pass</STATUS>
</MPITEST>
<MPITEST>
<NAME>bsend5</NAME>
<NP>4</NP>
<WORKDIR>./pt2pt</WORKDIR>
<STATUS>pass</STATUS>
</MPITEST>
<MPITEST>
<NAME>bsendalign</NAME>
<NP>2</NP>
<WORKDIR>./pt2pt</WORKDIR>
<STATUS>pass</STATUS>
</MPITEST>
<MPITEST>
<NAME>bsendpending</NAME>
<NP>2</NP>
<WORKDIR>./pt2pt</WORKDIR>
<STATUS>pass</STATUS>
</MPITEST>
<MPITEST>
<NAME>isendself</NAME>
<NP>1</NP>
<WORKDIR>./pt2pt</WORKDIR>
<STATUS>pass</STATUS>
</MPITEST>
<MPITEST>
<NAME>issendselfcancel</NAME>
<NP>1</NP>
<WORKDIR>./pt2pt</WORKDIR>
<STATUS>pass</STATUS>
</MPITEST>
<MPITEST>
<NAME>isendirecv</NAME>
<NP>10</NP>
<WORKDIR>./pt2pt</WORKDIR>
<STATUS>pass</STATUS>
</MPITEST>
<MPITEST>
<NAME>bsendfrag</NAME>
<NP>2</NP>
<WORKDIR>./pt2pt</WORKDIR>
<STATUS>pass</STATUS>
</MPITEST>
<MPITEST>
<NAME>icsend</NAME>
<NP>4</NP>
<WORKDIR>./pt2pt</WORKDIR>
<STATUS>pass</STATUS>
</MPITEST>
<MPITEST>
<NAME>rqstatus</NAME>
<NP>2</NP>
<WORKDIR>./pt2pt</WORKDIR>
<STATUS>pass</STATUS>
</MPITEST>
<MPITEST>
<NAME>rqfreeb</NAME>
<NP>4</NP>
<WORKDIR>./pt2pt</WORKDIR>
<STATUS>pass</STATUS>
</MPITEST>
<MPITEST>
<NAME>greq1</NAME>
<NP>1</NP>
<WORKDIR>./pt2pt</WORKDIR>
<STATUS>pass</STATUS>
</MPITEST>
<MPITEST>
<NAME>probe-unexp</NAME>
<NP>4</NP>
<WORKDIR>./pt2pt</WORKDIR>
<STATUS>pass</STATUS>
</MPITEST>
<MPITEST>
<NAME>probenull</NAME>
<NP>1</NP>
<WORKDIR>./pt2pt</WORKDIR>
<STATUS>pass</STATUS>
</MPITEST>
<MPITEST>
<NAME>scancel2</NAME>
<NP>2</NP>
<WORKDIR>./pt2pt</WORKDIR>
<STATUS>pass</STATUS>
</MPITEST>
<MPITEST>
<NAME>rcancel</NAME>
<NP>2</NP>
<WORKDIR>./pt2pt</WORKDIR>
<STATUS>pass</STATUS>
</MPITEST>
<MPITEST>
<NAME>cancelanysrc</NAME>
<NP>2</NP>
<WORKDIR>./pt2pt</WORKDIR>
<STATUS>pass</STATUS>
</MPITEST>
<MPITEST>
<NAME>isendselfprobe</NAME>
<NP>1</NP>
<WORKDIR>./pt2pt</WORKDIR>
<STATUS>pass</STATUS>
</MPITEST>
<MPITEST>
<NAME>inactivereq</NAME>
<NP>1</NP>
<WORKDIR>./pt2pt</WORKDIR>
<STATUS>pass</STATUS>
</MPITEST>
<MPITEST>
<NAME>waittestnull</NAME>
<NP>1</NP>
<WORKDIR>./pt2pt</WORKDIR>
<STATUS>pass</STATUS>
</MPITEST>
<MPITEST>
<NAME>waitany-null</NAME>
<NP>1</NP>
<WORKDIR>./pt2pt</WORKDIR>
<STATUS>pass</STATUS>
</MPITEST>
<MPITEST>
<NAME>mprobe</NAME>
<NP>2</NP>
<WORKDIR>./pt2pt</WORKDIR>
<STATUS>pass</STATUS>
</MPITEST>
<MPITEST>
<NAME>big_count_status</NAME>
<NP>1</NP>
<WORKDIR>./pt2pt</WORKDIR>
<STATUS>pass</STATUS>
</MPITEST>
<MPITEST>
<NAME>winname</NAME>
<NP>2</NP>
<WORKDIR>./rma</WORKDIR>
<STATUS>pass</STATUS>
</MPITEST>
<MPITEST>
<NAME>allocmem</NAME>
<NP>2</NP>
<WORKDIR>./rma</WORKDIR>
<STATUS>pass</STATUS>
</MPITEST>
<MPITEST>
<NAME>putfidx</NAME>
<NP>4</NP>
<WORKDIR>./rma</WORKDIR>
<STATUS>pass</STATUS>
</MPITEST>
<MPITEST>
<NAME>accfence1</NAME>
<NP>4</NP>
<WORKDIR>./rma</WORKDIR>
<STATUS>pass</STATUS>
</MPITEST>
<MPITEST>
<NAME>adlb_mimic1</NAME>
<NP>3</NP>
<WORKDIR>./rma</WORKDIR>
<STATUS>pass</STATUS>
</MPITEST>
<MPITEST>
<NAME>accfence2</NAME>
<NP>4</NP>
<WORKDIR>./rma</WORKDIR>
<STATUS>pass</STATUS>
</MPITEST>
<MPITEST>
<NAME>putpscw1</NAME>
<NP>4</NP>
<WORKDIR>./rma</WORKDIR>
<STATUS>pass</STATUS>
</MPITEST>
<MPITEST>
<NAME>accpscw1</NAME>
<NP>4</NP>
<WORKDIR>./rma</WORKDIR>
<STATUS>pass</STATUS>
</MPITEST>
<MPITEST>
<NAME>getgroup</NAME>
<NP>4</NP>
<WORKDIR>./rma</WORKDIR>
<STATUS>pass</STATUS>
</MPITEST>
<MPITEST>
<NAME>transpose1</NAME>
<NP>2</NP>
<WORKDIR>./rma</WORKDIR>
<STATUS>pass</STATUS>
</MPITEST>
<MPITEST>
<NAME>transpose2</NAME>
<NP>2</NP>
<WORKDIR>./rma</WORKDIR>
<STATUS>pass</STATUS>
</MPITEST>
<MPITEST>
<NAME>transpose3</NAME>
<NP>2</NP>
<WORKDIR>./rma</WORKDIR>
<STATUS>pass</STATUS>
</MPITEST>
<MPITEST>
<NAME>transpose3_shm</NAME>
<NP>2</NP>
<WORKDIR>./rma</WORKDIR>
<STATUS>pass</STATUS>
</MPITEST>
<MPITEST>
<NAME>transpose5</NAME>
<NP>2</NP>
<WORKDIR>./rma</WORKDIR>
<STATUS>pass</STATUS>
</MPITEST>
<MPITEST>
<NAME>transpose6</NAME>
<NP>1</NP>
<WORKDIR>./rma</WORKDIR>
<STATUS>pass</STATUS>
</MPITEST>
<MPITEST>
<NAME>transpose7</NAME>
<NP>2</NP>
<WORKDIR>./rma</WORKDIR>
<STATUS>pass</STATUS>
</MPITEST>
<MPITEST>
<NAME>test1</NAME>
<NP>2</NP>
<WORKDIR>./rma</WORKDIR>
<STATUS>pass</STATUS>
</MPITEST>
<MPITEST>
<NAME>test2</NAME>
<NP>2</NP>
<WORKDIR>./rma</WORKDIR>
<STATUS>pass</STATUS>
</MPITEST>
<MPITEST>
<NAME>test2_shm</NAME>
<NP>2</NP>
<WORKDIR>./rma</WORKDIR>
<STATUS>pass</STATUS>
</MPITEST>
<MPITEST>
<NAME>test3</NAME>
<NP>2</NP>
<WORKDIR>./rma</WORKDIR>
<STATUS>pass</STATUS>
</MPITEST>
<MPITEST>
<NAME>test3_shm</NAME>
<NP>2</NP>
<WORKDIR>./rma</WORKDIR>
<STATUS>pass</STATUS>
</MPITEST>
<MPITEST>
<NAME>test4</NAME>
<NP>2</NP>
<WORKDIR>./rma</WORKDIR>
<STATUS>pass</STATUS>
</MPITEST>
<MPITEST>
<NAME>test5</NAME>
<NP>2</NP>
<WORKDIR>./rma</WORKDIR>
<STATUS>pass</STATUS>
</MPITEST>
<MPITEST>
<NAME>lockcontention</NAME>
<NP>3</NP>
<WORKDIR>./rma</WORKDIR>
<STATUS>pass</STATUS>
</MPITEST>
<MPITEST>
<NAME>lockcontention2</NAME>
<NP>4</NP>
<WORKDIR>./rma</WORKDIR>
<STATUS>pass</STATUS>
</MPITEST>
<MPITEST>
<NAME>lockcontention2</NAME>
<NP>8</NP>
<WORKDIR>./rma</WORKDIR>
<STATUS>pass</STATUS>
</MPITEST>
<MPITEST>
<NAME>lockcontention3</NAME>
<NP>8</NP>
<WORKDIR>./rma</WORKDIR>
<STATUS>pass</STATUS>
</MPITEST>
<MPITEST>
<NAME>lockopts</NAME>
<NP>2</NP>
<WORKDIR>./rma</WORKDIR>
<STATUS>pass</STATUS>
</MPITEST>
<MPITEST>
<NAME>lock_dt</NAME>
<NP>2</NP>
<WORKDIR>./rma</WORKDIR>
<STATUS>pass</STATUS>
</MPITEST>
<MPITEST>
<NAME>lock_dt_flush</NAME>
<NP>2</NP>
<WORKDIR>./rma</WORKDIR>
<STATUS>pass</STATUS>
</MPITEST>
<MPITEST>
<NAME>lock_dt_flushlocal</NAME>
<NP>2</NP>
<WORKDIR>./rma</WORKDIR>
<STATUS>pass</STATUS>
</MPITEST>
<MPITEST>
<NAME>lockall_dt</NAME>
<NP>4</NP>
<WORKDIR>./rma</WORKDIR>
<STATUS>pass</STATUS>
</MPITEST>
<MPITEST>
<NAME>lockall_dt_flush</NAME>
<NP>4</NP>
<WORKDIR>./rma</WORKDIR>
<STATUS>pass</STATUS>
</MPITEST>
<MPITEST>
<NAME>lockall_dt_flushall</NAME>
<NP>4</NP>
<WORKDIR>./rma</WORKDIR>
<STATUS>pass</STATUS>
</MPITEST>
<MPITEST>
<NAME>lockall_dt_flushlocal</NAME>
<NP>4</NP>
<WORKDIR>./rma</WORKDIR>
<STATUS>pass</STATUS>
</MPITEST>
<MPITEST>
<NAME>lockall_dt_flushlocalall</NAME>
<NP>4</NP>
<WORKDIR>./rma</WORKDIR>
<STATUS>pass</STATUS>
</MPITEST>
<MPITEST>
<NAME>lock_contention_dt</NAME>
<NP>4</NP>
<WORKDIR>./rma</WORKDIR>
<STATUS>pass</STATUS>
</MPITEST>
<MPITEST>
<NAME>transpose4</NAME>
<NP>2</NP>
<WORKDIR>./rma</WORKDIR>
<STATUS>pass</STATUS>
</MPITEST>
<MPITEST>
<NAME>fetchandadd</NAME>
<NP>7</NP>
<WORKDIR>./rma</WORKDIR>
<STATUS>pass</STATUS>
</MPITEST>
<MPITEST>
<NAME>fetchandadd_tree</NAME>
<NP>7</NP>
<WORKDIR>./rma</WORKDIR>
<STATUS>pass</STATUS>
</MPITEST>
<MPITEST>
<NAME>wintest</NAME>
<NP>2</NP>
<WORKDIR>./rma</WORKDIR>
<STATUS>pass</STATUS>
</MPITEST>
<MPITEST>
<NAME>wintest_shm</NAME>
<NP>2</NP>
<WORKDIR>./rma</WORKDIR>
<STATUS>pass</STATUS>
</MPITEST>
<MPITEST>
<NAME>contig_displ</NAME>
<NP>1</NP>
<WORKDIR>./rma</WORKDIR>
<STATUS>pass</STATUS>
</MPITEST>
<MPITEST>
<NAME>test1_am</NAME>
<NP>2</NP>
<WORKDIR>./rma</WORKDIR>
<STATUS>pass</STATUS>
</MPITEST>
<MPITEST>
<NAME>test2_am</NAME>
<NP>2</NP>
<WORKDIR>./rma</WORKDIR>
<STATUS>pass</STATUS>
</MPITEST>
<MPITEST>
<NAME>test2_am_shm</NAME>
<NP>2</NP>
<WORKDIR>./rma</WORKDIR>
<STATUS>pass</STATUS>
</MPITEST>
<MPITEST>
<NAME>test3_am</NAME>
<NP>2</NP>
<WORKDIR>./rma</WORKDIR>
<STATUS>pass</STATUS>
</MPITEST>
<MPITEST>
<NAME>test3_am_shm</NAME>
<NP>2</NP>
<WORKDIR>./rma</WORKDIR>
<STATUS>pass</STATUS>
</MPITEST>
<MPITEST>
<NAME>test4_am</NAME>
<NP>2</NP>
<WORKDIR>./rma</WORKDIR>
<STATUS>pass</STATUS>
</MPITEST>
<MPITEST>
<NAME>test5_am</NAME>
<NP>2</NP>
<WORKDIR>./rma</WORKDIR>
<STATUS>pass</STATUS>
</MPITEST>
<MPITEST>
<NAME>fetchandadd_am</NAME>
<NP>7</NP>
<WORKDIR>./rma</WORKDIR>
<STATUS>pass</STATUS>
</MPITEST>
<MPITEST>
<NAME>fetchandadd_tree_am</NAME>
<NP>7</NP>
<WORKDIR>./rma</WORKDIR>
<STATUS>pass</STATUS>
</MPITEST>
<MPITEST>
<NAME>accfence2_am</NAME>
<NP>4</NP>
<WORKDIR>./rma</WORKDIR>
<STATUS>pass</STATUS>
</MPITEST>
<MPITEST>
<NAME>test1_dt</NAME>
<NP>2</NP>
<WORKDIR>./rma</WORKDIR>
<STATUS>pass</STATUS>
</MPITEST>
<MPITEST>
<NAME>nullpscw</NAME>
<NP>7</NP>
<WORKDIR>./rma</WORKDIR>
<STATUS>pass</STATUS>
</MPITEST>
<MPITEST>
<NAME>nullpscw_shm</NAME>
<NP>7</NP>
<WORKDIR>./rma</WORKDIR>
<STATUS>pass</STATUS>
</MPITEST>
<MPITEST>
<NAME>attrorderwin</NAME>
<NP>1</NP>
<WORKDIR>./rma</WORKDIR>
<STATUS>pass</STATUS>
</MPITEST>
<MPITEST>
<NAME>wincall</NAME>
<NP>2</NP>
<WORKDIR>./rma</WORKDIR>
<STATUS>pass</STATUS>
</MPITEST>
<MPITEST>
<NAME>baseattrwin</NAME>
<NP>1</NP>
<WORKDIR>./rma</WORKDIR>
<STATUS>pass</STATUS>
</MPITEST>
<MPITEST>
<NAME>fkeyvalwin</NAME>
<NP>1</NP>
<WORKDIR>./rma</WORKDIR>
<STATUS>pass</STATUS>
</MPITEST>
<MPITEST>
<NAME>selfrma</NAME>
<NP>1</NP>
<WORKDIR>./rma</WORKDIR>
<STATUS>pass</STATUS>
</MPITEST>
<MPITEST>
<NAME>mixedsync</NAME>
<NP>4</NP>
<WORKDIR>./rma</WORKDIR>
<STATUS>pass</STATUS>
</MPITEST>
<MPITEST>
<NAME>epochtest</NAME>
<NP>4</NP>
<WORKDIR>./rma</WORKDIR>
<STATUS>pass</STATUS>
</MPITEST>
<MPITEST>
<NAME>locknull</NAME>
<NP>2</NP>
<WORKDIR>./rma</WORKDIR>
<STATUS>pass</STATUS>
</MPITEST>
<MPITEST>
<NAME>rmanull</NAME>
<NP>2</NP>
<WORKDIR>./rma</WORKDIR>
<STATUS>pass</STATUS>
</MPITEST>
<MPITEST>
<NAME>rmazero</NAME>
<NP>2</NP>
<WORKDIR>./rma</WORKDIR>
<STATUS>pass</STATUS>
</MPITEST>
<MPITEST>
<NAME>strided_acc_indexed</NAME>
<NP>2</NP>
<WORKDIR>./rma</WORKDIR>
<STATUS>pass</STATUS>
</MPITEST>
<MPITEST>
<NAME>strided_acc_onelock</NAME>
<NP>2</NP>
<WORKDIR>./rma</WORKDIR>
<STATUS>pass</STATUS>
</MPITEST>
<MPITEST>
<NAME>strided_acc_subarray</NAME>
<NP>2</NP>
<WORKDIR>./rma</WORKDIR>
<STATUS>pass</STATUS>
</MPITEST>
<MPITEST>
<NAME>strided_get_indexed</NAME>
<NP>2</NP>
<WORKDIR>./rma</WORKDIR>
<STATUS>pass</STATUS>
</MPITEST>
<MPITEST>
<NAME>strided_putget_indexed</NAME>
<NP>4</NP>
<WORKDIR>./rma</WORKDIR>
<STATUS>pass</STATUS>
</MPITEST>
<MPITEST>
<NAME>strided_putget_indexed_shared</NAME>
<NP>4</NP>
<WORKDIR>./rma</WORKDIR>
<STATUS>pass</STATUS>
</MPITEST>
<MPITEST>
<NAME>strided_getacc_indexed</NAME>
<NP>4</NP>
<WORKDIR>./rma</WORKDIR>
<STATUS>pass</STATUS>
</MPITEST>
<MPITEST>
<NAME>strided_getacc_indexed_shared</NAME>
<NP>4</NP>
<WORKDIR>./rma</WORKDIR>
<STATUS>pass</STATUS>
</MPITEST>
<MPITEST>
<NAME>window_creation</NAME>
<NP>2</NP>
<WORKDIR>./rma</WORKDIR>
<STATUS>pass</STATUS>
</MPITEST>
<MPITEST>
<NAME>contention_put</NAME>
<NP>4</NP>
<WORKDIR>./rma</WORKDIR>
<STATUS>pass</STATUS>
</MPITEST>
<MPITEST>
<NAME>contention_putget</NAME>
<NP>4</NP>
<WORKDIR>./rma</WORKDIR>
<STATUS>pass</STATUS>
</MPITEST>
<MPITEST>
<NAME>put_base</NAME>
<NP>2</NP>
<WORKDIR>./rma</WORKDIR>
<STATUS>pass</STATUS>
</MPITEST>
<MPITEST>
<NAME>put_bottom</NAME>
<NP>2</NP>
<WORKDIR>./rma</WORKDIR>
<STATUS>pass</STATUS>
</MPITEST>
<MPITEST>
<NAME>win_flavors</NAME>
<NP>4</NP>
<WORKDIR>./rma</WORKDIR>
<STATUS>pass</STATUS>
</MPITEST>
<MPITEST>
<NAME>win_flavors</NAME>
<NP>3</NP>
<WORKDIR>./rma</WORKDIR>
<STATUS>pass</STATUS>
</MPITEST>
<MPITEST>
<NAME>manyrma2</NAME>
<NP>2</NP>
<WORKDIR>./rma</WORKDIR>
<STATUS>pass</STATUS>
</MPITEST>
<MPITEST>
<NAME>manyrma2_shm</NAME>
<NP>2</NP>
<WORKDIR>./rma</WORKDIR>
<STATUS>pass</STATUS>
</MPITEST>
<MPITEST>
<NAME>manyrma3</NAME>
<NP>2</NP>
<WORKDIR>./rma</WORKDIR>
<STATUS>pass</STATUS>
</MPITEST>
<MPITEST>
<NAME>win_shared</NAME>
<NP>4</NP>
<WORKDIR>./rma</WORKDIR>
<STATUS>pass</STATUS>
</MPITEST>
<MPITEST>
<NAME>win_shared_create_allocshm</NAME>
<NP>4</NP>
<WORKDIR>./rma</WORKDIR>
<STATUS>pass</STATUS>
</MPITEST>
<MPITEST>
<NAME>win_shared_create_no_allocshm</NAME>
<NP>4</NP>
<WORKDIR>./rma</WORKDIR>
<STATUS>pass</STATUS>
</MPITEST>
<MPITEST>
<NAME>win_shared_noncontig</NAME>
<NP>4</NP>
<WORKDIR>./rma</WORKDIR>
<STATUS>pass</STATUS>
</MPITEST>
<MPITEST>
<NAME>win_shared_noncontig_put</NAME>
<NP>4</NP>
<WORKDIR>./rma</WORKDIR>
<STATUS>pass</STATUS>
</MPITEST>
<MPITEST>
<NAME>win_zero</NAME>
<NP>4</NP>
<WORKDIR>./rma</WORKDIR>
<STATUS>pass</STATUS>
</MPITEST>
<MPITEST>
<NAME>win_dynamic_acc</NAME>
<NP>4</NP>
<WORKDIR>./rma</WORKDIR>
<STATUS>pass</STATUS>
</MPITEST>
<MPITEST>
<NAME>get_acc_local</NAME>
<NP>1</NP>
<WORKDIR>./rma</WORKDIR>
<STATUS>pass</STATUS>
</MPITEST>
<MPITEST>
<NAME>linked_list</NAME>
<NP>4</NP>
<WORKDIR>./rma</WORKDIR>
<STATUS>pass</STATUS>
</MPITEST>
<MPITEST>
<NAME>linked_list_fop</NAME>
<NP>4</NP>
<WORKDIR>./rma</WORKDIR>
<STATUS>pass</STATUS>
</MPITEST>
<MPITEST>
<NAME>compare_and_swap</NAME>
<NP>4</NP>
<WORKDIR>./rma</WORKDIR>
<STATUS>pass</STATUS>
</MPITEST>
<MPITEST>
<NAME>fetch_and_op_char</NAME>
<NP>4</NP>
<WORKDIR>./rma</WORKDIR>
<STATUS>pass</STATUS>
</MPITEST>
<MPITEST>
<NAME>fetch_and_op_short</NAME>
<NP>4</NP>
<WORKDIR>./rma</WORKDIR>
<STATUS>pass</STATUS>
</MPITEST>
<MPITEST>
<NAME>fetch_and_op_int</NAME>
<NP>4</NP>
<WORKDIR>./rma</WORKDIR>
<STATUS>pass</STATUS>
</MPITEST>
<MPITEST>
<NAME>fetch_and_op_long</NAME>
<NP>4</NP>
<WORKDIR>./rma</WORKDIR>
<STATUS>pass</STATUS>
</MPITEST>
<MPITEST>
<NAME>fetch_and_op_double</NAME>
<NP>4</NP>
<WORKDIR>./rma</WORKDIR>
<STATUS>pass</STATUS>
</MPITEST>
<MPITEST>
<NAME>fetch_and_op_long_double</NAME>
<NP>4</NP>
<WORKDIR>./rma</WORKDIR>
<STATUS>pass</STATUS>
</MPITEST>
<MPITEST>
<NAME>get_accumulate_double</NAME>
<NP>4</NP>
<WORKDIR>./rma</WORKDIR>
<STATUS>pass</STATUS>
</MPITEST>
<MPITEST>
<NAME>get_accumulate_double_derived</NAME>
<NP>4</NP>
<WORKDIR>./rma</WORKDIR>
<STATUS>pass</STATUS>
</MPITEST>
<MPITEST>
<NAME>get_accumulate_int</NAME>
<NP>4</NP>
<WORKDIR>./rma</WORKDIR>
<STATUS>pass</STATUS>
</MPITEST>
<MPITEST>
<NAME>get_accumulate_int_derived</NAME>
<NP>4</NP>
<WORKDIR>./rma</WORKDIR>
<STATUS>pass</STATUS>
</MPITEST>
<MPITEST>
<NAME>get_accumulate_long</NAME>
<NP>4</NP>
<WORKDIR>./rma</WORKDIR>
<STATUS>pass</STATUS>
</MPITEST>
<MPITEST>
<NAME>get_accumulate_long_derived</NAME>
<NP>4</NP>
<WORKDIR>./rma</WORKDIR>
<STATUS>pass</STATUS>
</MPITEST>
<MPITEST>
<NAME>get_accumulate_short</NAME>
<NP>4</NP>
<WORKDIR>./rma</WORKDIR>
<STATUS>pass</STATUS>
</MPITEST>
<MPITEST>
<NAME>get_accumulate_short_derived</NAME>
<NP>4</NP>
<WORKDIR>./rma</WORKDIR>
<STATUS>pass</STATUS>
</MPITEST>
<MPITEST>
<NAME>flush</NAME>
<NP>4</NP>
<WORKDIR>./rma</WORKDIR>
<STATUS>pass</STATUS>
</MPITEST>
<MPITEST>
<NAME>reqops</NAME>
<NP>4</NP>
<WORKDIR>./rma</WORKDIR>
<STATUS>pass</STATUS>
</MPITEST>
<MPITEST>
<NAME>req_example</NAME>
<NP>4</NP>
<WORKDIR>./rma</WORKDIR>
<STATUS>pass</STATUS>
</MPITEST>
<MPITEST>
<NAME>req_example_shm</NAME>
<NP>4</NP>
<WORKDIR>./rma</WORKDIR>
<STATUS>pass</STATUS>
</MPITEST>
<MPITEST>
<NAME>rput_local_comp</NAME>
<NP>2</NP>
<WORKDIR>./rma</WORKDIR>
<STATUS>pass</STATUS>
</MPITEST>
<MPITEST>
<NAME>racc_local_comp</NAME>
<NP>2</NP>
<WORKDIR>./rma</WORKDIR>
<STATUS>pass</STATUS>
</MPITEST>
<MPITEST>
<NAME>linked_list_lockall</NAME>
<NP>4</NP>
<WORKDIR>./rma</WORKDIR>
<STATUS>pass</STATUS>
</MPITEST>
<MPITEST>
<NAME>pscw_ordering</NAME>
<NP>4</NP>
<WORKDIR>./rma</WORKDIR>
<STATUS>pass</STATUS>
</MPITEST>
<MPITEST>
<NAME>pscw_ordering_shm</NAME>
<NP>4</NP>
<WORKDIR>./rma</WORKDIR>
<STATUS>pass</STATUS>
</MPITEST>
<MPITEST>
<NAME>linked_list_bench_lock_all</NAME>
<NP>4</NP>
<WORKDIR>./rma</WORKDIR>
<STATUS>pass</STATUS>
</MPITEST>
<MPITEST>
<NAME>linked_list_bench_lock_excl</NAME>
<NP>4</NP>
<WORKDIR>./rma</WORKDIR>
<STATUS>pass</STATUS>
</MPITEST>
<MPITEST>
<NAME>linked_list_bench_lock_shr</NAME>
<NP>4</NP>
<WORKDIR>./rma</WORKDIR>
<STATUS>pass</STATUS>
</MPITEST>
<MPITEST>
<NAME>linked_list_bench_lock_shr_nocheck</NAME>
<NP>4</NP>
<WORKDIR>./rma</WORKDIR>
<STATUS>pass</STATUS>
</MPITEST>
<MPITEST>
<NAME>mutex_bench</NAME>
<NP>4</NP>
<WORKDIR>./rma</WORKDIR>
<STATUS>pass</STATUS>
</MPITEST>
<MPITEST>
<NAME>mutex_bench_shared</NAME>
<NP>4</NP>
<WORKDIR>./rma</WORKDIR>
<STATUS>pass</STATUS>
</MPITEST>
<MPITEST>
<NAME>mutex_bench_shm</NAME>
<NP>4</NP>
<WORKDIR>./rma</WORKDIR>
<STATUS>pass</STATUS>
</MPITEST>
<MPITEST>
<NAME>mutex_bench_shm_ordered</NAME>
<NP>4</NP>
<WORKDIR>./rma</WORKDIR>
<STATUS>pass</STATUS>
</MPITEST>
<MPITEST>
<NAME>rma-contig</NAME>
<NP>2</NP>
<WORKDIR>./rma</WORKDIR>
<STATUS>pass</STATUS>
</MPITEST>
<MPITEST>
<NAME>badrma</NAME>
<NP>2</NP>
<WORKDIR>./rma</WORKDIR>
<STATUS>pass</STATUS>
</MPITEST>
<MPITEST>
<NAME>acc-loc</NAME>
<NP>4</NP>
<WORKDIR>./rma</WORKDIR>
<STATUS>pass</STATUS>
</MPITEST>
<MPITEST>
<NAME>fence_shm</NAME>
<NP>2</NP>
<WORKDIR>./rma</WORKDIR>
<STATUS>pass</STATUS>
</MPITEST>
<MPITEST>
<NAME>win_shared_zerobyte</NAME>
<NP>4</NP>
<WORKDIR>./rma</WORKDIR>
<STATUS>pass</STATUS>
</MPITEST>
<MPITEST>
<NAME>win_shared_put_flush_get</NAME>
<NP>4</NP>
<WORKDIR>./rma</WORKDIR>
<STATUS>pass</STATUS>
</MPITEST>
<MPITEST>
<NAME>get-struct</NAME>
<NP>2</NP>
<WORKDIR>./rma</WORKDIR>
<STATUS>pass</STATUS>
</MPITEST>
<MPITEST>
<NAME>at_complete</NAME>
<NP>2</NP>
<WORKDIR>./rma</WORKDIR>
<STATUS>pass</STATUS>
</MPITEST>
<MPITEST>
<NAME>atomic_rmw_fop</NAME>
<NP>3</NP>
<WORKDIR>./rma</WORKDIR>
<STATUS>pass</STATUS>
</MPITEST>
<MPITEST>
<NAME>atomic_rmw_cas</NAME>
<NP>3</NP>
<WORKDIR>./rma</WORKDIR>
<STATUS>pass</STATUS>
</MPITEST>
<MPITEST>
<NAME>atomic_rmw_gacc</NAME>
<NP>3</NP>
<WORKDIR>./rma</WORKDIR>
<STATUS>pass</STATUS>
</MPITEST>
<MPITEST>
<NAME>atomic_get</NAME>
<NP>3</NP>
<WORKDIR>./rma</WORKDIR>
<STATUS>pass</STATUS>
</MPITEST>
<MPITEST>
<NAME>aint</NAME>
<NP>2</NP>
<WORKDIR>./rma</WORKDIR>
<STATUS>pass</STATUS>
</MPITEST>
<MPITEST>
<NAME>acc-pairtype</NAME>
<NP>2</NP>
<WORKDIR>./rma</WORKDIR>
<STATUS>pass</STATUS>
</MPITEST>
<MPITEST>
<NAME>manyget</NAME>
<NP>2</NP>
<WORKDIR>./rma</WORKDIR>
<STATUS>pass</STATUS>
</MPITEST>
<MPITEST>
<NAME>derived-acc-flush_local</NAME>
<NP>3</NP>
<WORKDIR>./rma</WORKDIR>
<STATUS>pass</STATUS>
</MPITEST>
<MPITEST>
<NAME>large-small-acc</NAME>
<NP>2</NP>
<WORKDIR>./rma</WORKDIR>
<STATUS>pass</STATUS>
</MPITEST>
<MPITEST>
<NAME>win_shared_put_flush_load</NAME>
<NP>3</NP>
<WORKDIR>./rma</WORKDIR>
<STATUS>pass</STATUS>
</MPITEST>
<MPITEST>
<NAME>win_shared_acc_flush_load</NAME>
<NP>3</NP>
<WORKDIR>./rma</WORKDIR>
<STATUS>pass</STATUS>
</MPITEST>
<MPITEST>
<NAME>win_shared_gacc_flush_load</NAME>
<NP>3</NP>
<WORKDIR>./rma</WORKDIR>
<STATUS>pass</STATUS>
</MPITEST>
<MPITEST>
<NAME>win_shared_fop_flush_load</NAME>
<NP>3</NP>
<WORKDIR>./rma</WORKDIR>
<STATUS>pass</STATUS>
</MPITEST>
<MPITEST>
<NAME>win_shared_cas_flush_load</NAME>
<NP>3</NP>
<WORKDIR>./rma</WORKDIR>
<STATUS>pass</STATUS>
</MPITEST>
<MPITEST>
<NAME>put_flush_get</NAME>
<NP>3</NP>
<WORKDIR>./rma</WORKDIR>
<STATUS>pass</STATUS>
</MPITEST>
<MPITEST>
<NAME>acc_flush_get</NAME>
<NP>3</NP>
<WORKDIR>./rma</WORKDIR>
<STATUS>pass</STATUS>
</MPITEST>
<MPITEST>
<NAME>gacc_flush_get</NAME>
<NP>3</NP>
<WORKDIR>./rma</WORKDIR>
<STATUS>pass</STATUS>
</MPITEST>
<MPITEST>
<NAME>fop_flush_get</NAME>
<NP>3</NP>
<WORKDIR>./rma</WORKDIR>
<STATUS>pass</STATUS>
</MPITEST>
<MPITEST>
<NAME>cas_flush_get</NAME>
<NP>3</NP>
<WORKDIR>./rma</WORKDIR>
<STATUS>pass</STATUS>
</MPITEST>
<MPITEST>
<NAME>namepub</NAME>
<NP>2</NP>
<WORKDIR>./spawn</WORKDIR>
<STATUS>pass</STATUS>
</MPITEST>
<MPITEST>
<NAME>spawn1</NAME>
<NP>1</NP>
<WORKDIR>./spawn</WORKDIR>
<STATUS>pass</STATUS>
</MPITEST>
<MPITEST>
<NAME>spawn2</NAME>
<NP>1</NP>
<WORKDIR>./spawn</WORKDIR>
<STATUS>pass</STATUS>
</MPITEST>
<MPITEST>
<NAME>spawninfo1</NAME>
<NP>1</NP>
<WORKDIR>./spawn</WORKDIR>
<STATUS>pass</STATUS>
</MPITEST>
<MPITEST>
<NAME>spawnminfo1</NAME>
<NP>1</NP>
<WORKDIR>./spawn</WORKDIR>
<STATUS>pass</STATUS>
</MPITEST>
<MPITEST>
<NAME>spawnintra</NAME>
<NP>1</NP>
<WORKDIR>./spawn</WORKDIR>
<STATUS>pass</STATUS>
</MPITEST>
<MPITEST>
<NAME>spawnintra</NAME>
<NP>2</NP>
<WORKDIR>./spawn</WORKDIR>
<STATUS>pass</STATUS>
</MPITEST>
<MPITEST>
<NAME>spawnargv</NAME>
<NP>1</NP>
<WORKDIR>./spawn</WORKDIR>
<STATUS>pass</STATUS>
</MPITEST>
<MPITEST>
<NAME>spawnmanyarg</NAME>
<NP>1</NP>
<WORKDIR>./spawn</WORKDIR>
<STATUS>pass</STATUS>
</MPITEST>
<MPITEST>
<NAME>spawnmult2</NAME>
<NP>2</NP>
<WORKDIR>./spawn</WORKDIR>
<STATUS>pass</STATUS>
</MPITEST>
<MPITEST>
<NAME>spaconacc</NAME>
<NP>1</NP>
<WORKDIR>./spawn</WORKDIR>
<STATUS>pass</STATUS>
</MPITEST>
<MPITEST>
<NAME>spaconacc2</NAME>
<NP>1</NP>
<WORKDIR>./spawn</WORKDIR>
<STATUS>pass</STATUS>
</MPITEST>
<MPITEST>
<NAME>selfconacc</NAME>
<NP>2</NP>
<WORKDIR>./spawn</WORKDIR>
<STATUS>pass</STATUS>
</MPITEST>
<MPITEST>
<NAME>spaiccreate</NAME>
<NP>2</NP>
<WORKDIR>./spawn</WORKDIR>
<STATUS>pass</STATUS>
</MPITEST>
<MPITEST>
<NAME>taskmaster</NAME>
<NP>1</NP>
<WORKDIR>./spawn</WORKDIR>
<STATUS>pass</STATUS>
</MPITEST>
<MPITEST>
<NAME>taskmaster</NAME>
<NP>2</NP>
<WORKDIR>./spawn</WORKDIR>
<STATUS>pass</STATUS>
</MPITEST>
<MPITEST>
<NAME>join</NAME>
<NP>2</NP>
<WORKDIR>./spawn</WORKDIR>
<STATUS>pass</STATUS>
</MPITEST>
<MPITEST>
<NAME>disconnect_reconnect</NAME>
<NP>3</NP>
<WORKDIR>./spawn</WORKDIR>
<STATUS>pass</STATUS>
</MPITEST>
<MPITEST>
<NAME>disconnect_reconnect2</NAME>
<NP>3</NP>
<WORKDIR>./spawn</WORKDIR>
<STATUS>pass</STATUS>
</MPITEST>
<MPITEST>
<NAME>disconnect_reconnect3</NAME>
<NP>3</NP>
<WORKDIR>./spawn</WORKDIR>
<STATUS>pass</STATUS>
</MPITEST>
<MPITEST>
<NAME>multiple_ports</NAME>
<NP>3</NP>
<WORKDIR>./spawn</WORKDIR>
<STATUS>pass</STATUS>
</MPITEST>
<MPITEST>
<NAME>multiple_ports2</NAME>
<NP>4</NP>
<WORKDIR>./spawn</WORKDIR>
<STATUS>pass</STATUS>
</MPITEST>
<MPITEST>
<NAME>disconnect</NAME>
<NP>3</NP>
<WORKDIR>./spawn</WORKDIR>
<STATUS>pass</STATUS>
</MPITEST>
<MPITEST>
<NAME>disconnect2</NAME>
<NP>3</NP>
<WORKDIR>./spawn</WORKDIR>
<STATUS>pass</STATUS>
</MPITEST>
<MPITEST>
<NAME>disconnect3</NAME>
<NP>3</NP>
<WORKDIR>./spawn</WORKDIR>
<STATUS>pass</STATUS>
</MPITEST>
<MPITEST>
<NAME>concurrent_spawns</NAME>
<NP>1</NP>
<WORKDIR>./spawn</WORKDIR>
<STATUS>pass</STATUS>
</MPITEST>
<MPITEST>
<NAME>pgroup_connect_test</NAME>
<NP>4</NP>
<WORKDIR>./spawn</WORKDIR>
<STATUS>pass</STATUS>
</MPITEST>
<MPITEST>
<NAME>pgroup_intercomm_test</NAME>
<NP>4</NP>
<WORKDIR>./spawn</WORKDIR>
<STATUS>pass</STATUS>
</MPITEST>
<MPITEST>
<NAME>cartmap1</NAME>
<NP>4</NP>
<WORKDIR>./topo</WORKDIR>
<STATUS>pass</STATUS>
</MPITEST>
<MPITEST>
<NAME>cartzero</NAME>
<NP>4</NP>
<WORKDIR>./topo</WORKDIR>
<STATUS>pass</STATUS>
</MPITEST>
<MPITEST>
<NAME>cartshift1</NAME>
<NP>4</NP>
<WORKDIR>./topo</WORKDIR>
<STATUS>pass</STATUS>
</MPITEST>
<MPITEST>
<NAME>cartsuball</NAME>
<NP>4</NP>
<WORKDIR>./topo</WORKDIR>
<STATUS>pass</STATUS>
</MPITEST>
<MPITEST>
<NAME>cartcreates</NAME>
<NP>4</NP>
<WORKDIR>./topo</WORKDIR>
<STATUS>pass</STATUS>
</MPITEST>
<MPITEST>
<NAME>dims1</NAME>
<NP>4</NP>
<WORKDIR>./topo</WORKDIR>
<STATUS>pass</STATUS>
</MPITEST>
<MPITEST>
<NAME>dims2</NAME>
<NP>1</NP>
<WORKDIR>./topo</WORKDIR>
<STATUS>pass</STATUS>
</MPITEST>
<MPITEST>
<NAME>dims3</NAME>
<NP>1</NP>
<WORKDIR>./topo</WORKDIR>
<STATUS>pass</STATUS>
</MPITEST>
<MPITEST>
<NAME>dims4</NAME>
<NP>1</NP>
<WORKDIR>./topo</WORKDIR>
<STATUS>pass</STATUS>
</MPITEST>
<MPITEST>
<NAME>graphmap1</NAME>
<NP>4</NP>
<WORKDIR>./topo</WORKDIR>
<STATUS>pass</STATUS>
</MPITEST>
<MPITEST>
<NAME>topotest</NAME>
<NP>4</NP>
<WORKDIR>./topo</WORKDIR>
<STATUS>pass</STATUS>
</MPITEST>
<MPITEST>
<NAME>topodup</NAME>
<NP>4</NP>
<WORKDIR>./topo</WORKDIR>
<STATUS>pass</STATUS>
</MPITEST>
<MPITEST>
<NAME>graphcr</NAME>
<NP>4</NP>
<WORKDIR>./topo</WORKDIR>
<STATUS>pass</STATUS>
</MPITEST>
<MPITEST>
<NAME>graphcr2</NAME>
<NP>4</NP>
<WORKDIR>./topo</WORKDIR>
<STATUS>pass</STATUS>
</MPITEST>
<MPITEST>
<NAME>distgraph1</NAME>
<NP>4</NP>
<WORKDIR>./topo</WORKDIR>
<STATUS>pass</STATUS>
</MPITEST>
<MPITEST>
<NAME>dgraph_unwgt</NAME>
<NP>4</NP>
<WORKDIR>./topo</WORKDIR>
<STATUS>pass</STATUS>
</MPITEST>
<MPITEST>
<NAME>neighb_coll</NAME>
<NP>4</NP>
<WORKDIR>./topo</WORKDIR>
<STATUS>pass</STATUS>
</MPITEST>
<MPITEST>
<NAME>rdwrord</NAME>
<NP>4</NP>
<WORKDIR>./io</WORKDIR>
<STATUS>pass</STATUS>
</MPITEST>
<MPITEST>
<NAME>rdwrzero</NAME>
<NP>4</NP>
<WORKDIR>./io</WORKDIR>
<STATUS>pass</STATUS>
</MPITEST>
<MPITEST>
<NAME>getextent</NAME>
<NP>2</NP>
<WORKDIR>./io</WORKDIR>
<STATUS>pass</STATUS>
</MPITEST>
<MPITEST>
<NAME>setinfo</NAME>
<NP>4</NP>
<WORKDIR>./io</WORKDIR>
<STATUS>pass</STATUS>
</MPITEST>
<MPITEST>
<NAME>setviewcur</NAME>
<NP>4</NP>
<WORKDIR>./io</WORKDIR>
<STATUS>pass</STATUS>
</MPITEST>
<MPITEST>
<NAME>i_noncontig</NAME>
<NP>2</NP>
<WORKDIR>./io</WORKDIR>
<STATUS>pass</STATUS>
</MPITEST>
<MPITEST>
<NAME>async</NAME>
<NP>4</NP>
<WORKDIR>./io</WORKDIR>
<STATUS>pass</STATUS>
</MPITEST>
<MPITEST>
<NAME>async_any</NAME>
<NP>4</NP>
<WORKDIR>./io</WORKDIR>
<STATUS>pass</STATUS>
</MPITEST>
<MPITEST>
<NAME>userioerr</NAME>
<NP>1</NP>
<WORKDIR>./io</WORKDIR>
<STATUS>pass</STATUS>
</MPITEST>
<MPITEST>
<NAME>resized</NAME>
<NP>1</NP>
<WORKDIR>./io</WORKDIR>
<STATUS>pass</STATUS>
</MPITEST>
<MPITEST>
<NAME>resized2</NAME>
<NP>1</NP>
<WORKDIR>./io</WORKDIR>
<STATUS>pass</STATUS>
</MPITEST>
<MPITEST>
<NAME>bigtype</NAME>
<NP>1</NP>
<WORKDIR>./io</WORKDIR>
<STATUS>pass</STATUS>
</MPITEST>
<MPITEST>
<NAME>hindexed_io</NAME>
<NP>1</NP>
<WORKDIR>./io</WORKDIR>
<STATUS>pass</STATUS>
</MPITEST>
<MPITEST>
<NAME>simple_collective</NAME>
<NP>1</NP>
<WORKDIR>./io</WORKDIR>
<STATUS>pass</STATUS>
</MPITEST>
<MPITEST>
<NAME>i_bigtype</NAME>
<NP>1</NP>
<WORKDIR>./io</WORKDIR>
<STATUS>pass</STATUS>
</MPITEST>
<MPITEST>
<NAME>i_hindexed_io</NAME>
<NP>1</NP>
<WORKDIR>./io</WORKDIR>
<STATUS>pass</STATUS>
</MPITEST>
<MPITEST>
<NAME>i_rdwrord</NAME>
<NP>4</NP>
<WORKDIR>./io</WORKDIR>
<STATUS>pass</STATUS>
</MPITEST>
<MPITEST>
<NAME>i_setviewcur</NAME>
<NP>4</NP>
<WORKDIR>./io</WORKDIR>
<STATUS>pass</STATUS>
</MPITEST>
<MPITEST>
<NAME>i_aggregation1</NAME>
<NP>4</NP>
<WORKDIR>./io</WORKDIR>
<STATUS>pass</STATUS>
</MPITEST>
<MPITEST>
<NAME>i_aggregation2</NAME>
<NP>4</NP>
<WORKDIR>./io</WORKDIR>
<STATUS>pass</STATUS>
</MPITEST>
<MPITEST>
<NAME>i_coll_test</NAME>
<NP>4</NP>
<WORKDIR>./io</WORKDIR>
<STATUS>pass</STATUS>
</MPITEST>
<MPITEST>
<NAME>i_darray_read</NAME>
<NP>4</NP>
<WORKDIR>./io</WORKDIR>
<STATUS>pass</STATUS>
</MPITEST>
<MPITEST>
<NAME>i_hindexed</NAME>
<NP>4</NP>
<WORKDIR>./io</WORKDIR>
<STATUS>pass</STATUS>
</MPITEST>
<MPITEST>
<NAME>i_noncontig_coll</NAME>
<NP>2</NP>
<WORKDIR>./io</WORKDIR>
<STATUS>pass</STATUS>
</MPITEST>
<MPITEST>
<NAME>i_noncontig_coll2</NAME>
<NP>4</NP>
<WORKDIR>./io</WORKDIR>
<STATUS>pass</STATUS>
</MPITEST>
<MPITEST>
<NAME>i_types_with_zeros</NAME>
<NP>2</NP>
<WORKDIR>./io</WORKDIR>
<STATUS>pass</STATUS>
</MPITEST>
<MPITEST>
<NAME>attrmpi1f</NAME>
<NP>1</NP>
<WORKDIR>./f77/attr</WORKDIR>
<STATUS>pass</STATUS>
</MPITEST>
<MPITEST>
<NAME>baseattrf</NAME>
<NP>1</NP>
<WORKDIR>./f77/attr</WORKDIR>
<STATUS>pass</STATUS>
</MPITEST>
<MPITEST>
<NAME>baseattr2f</NAME>
<NP>1</NP>
<WORKDIR>./f77/attr</WORKDIR>
<STATUS>pass</STATUS>
</MPITEST>
<MPITEST>
<NAME>commattrf</NAME>
<NP>1</NP>
<WORKDIR>./f77/attr</WORKDIR>
<STATUS>pass</STATUS>
</MPITEST>
<MPITEST>
<NAME>commattr2f</NAME>
<NP>1</NP>
<WORKDIR>./f77/attr</WORKDIR>
<STATUS>pass</STATUS>
</MPITEST>
<MPITEST>
<NAME>commattr3f</NAME>
<NP>1</NP>
<WORKDIR>./f77/attr</WORKDIR>
<STATUS>pass</STATUS>
</MPITEST>
<MPITEST>
<NAME>commattr4f</NAME>
<NP>1</NP>
<WORKDIR>./f77/attr</WORKDIR>
<STATUS>pass</STATUS>
</MPITEST>
<MPITEST>
<NAME>typeattrf</NAME>
<NP>1</NP>
<WORKDIR>./f77/attr</WORKDIR>
<STATUS>pass</STATUS>
</MPITEST>
<MPITEST>
<NAME>typeattr2f</NAME>
<NP>1</NP>
<WORKDIR>./f77/attr</WORKDIR>
<STATUS>pass</STATUS>
</MPITEST>
<MPITEST>
<NAME>typeattr3f</NAME>
<NP>1</NP>
<WORKDIR>./f77/attr</WORKDIR>
<STATUS>pass</STATUS>
</MPITEST>
<MPITEST>
<NAME>uallreducef</NAME>
<NP>4</NP>
<WORKDIR>./f77/coll</WORKDIR>
<STATUS>pass</STATUS>
</MPITEST>
<MPITEST>
<NAME>exscanf</NAME>
<NP>5</NP>
<WORKDIR>./f77/coll</WORKDIR>
<STATUS>pass</STATUS>
</MPITEST>
<MPITEST>
<NAME>alltoallwf</NAME>
<NP>7</NP>
<WORKDIR>./f77/coll</WORKDIR>
<STATUS>pass</STATUS>
</MPITEST>
<MPITEST>
<NAME>alltoallvf</NAME>
<NP>7</NP>
<WORKDIR>./f77/coll</WORKDIR>
<STATUS>pass</STATUS>
</MPITEST>
<MPITEST>
<NAME>inplacef</NAME>
<NP>4</NP>
<WORKDIR>./f77/coll</WORKDIR>
<STATUS>pass</STATUS>
</MPITEST>
<MPITEST>
<NAME>reducelocalf</NAME>
<NP>2</NP>
<WORKDIR>./f77/coll</WORKDIR>
<STATUS>pass</STATUS>
</MPITEST>
<MPITEST>
<NAME>redscatf</NAME>
<NP>4</NP>
<WORKDIR>./f77/coll</WORKDIR>
<STATUS>pass</STATUS>
</MPITEST>
<MPITEST>
<NAME>split_typef</NAME>
<NP>4</NP>
<WORKDIR>./f77/coll</WORKDIR>
<STATUS>pass</STATUS>
</MPITEST>
<MPITEST>
<NAME>nonblockingf</NAME>
<NP>4</NP>
<WORKDIR>./f77/coll</WORKDIR>
<STATUS>pass</STATUS>
</MPITEST>
<MPITEST>
<NAME>vw_inplacef</NAME>
<NP>4</NP>
<WORKDIR>./f77/coll</WORKDIR>
<STATUS>pass</STATUS>
</MPITEST>
<MPITEST>
<NAME>red_scat_blockf</NAME>
<NP>4</NP>
<WORKDIR>./f77/coll</WORKDIR>
<STATUS>pass</STATUS>
</MPITEST>
<MPITEST>
<NAME>nonblocking_inpf</NAME>
<NP>4</NP>
<WORKDIR>./f77/coll</WORKDIR>
<STATUS>pass</STATUS>
</MPITEST>
<MPITEST>
<NAME>typenamef</NAME>
<NP>1</NP>
<WORKDIR>./f77/datatype</WORKDIR>
<STATUS>pass</STATUS>
</MPITEST>
<MPITEST>
<NAME>typename3f</NAME>
<NP>1</NP>
<WORKDIR>./f77/datatype</WORKDIR>
<STATUS>pass</STATUS>
</MPITEST>
<MPITEST>
<NAME>typesnamef</NAME>
<NP>1</NP>
<WORKDIR>./f77/datatype</WORKDIR>
<STATUS>pass</STATUS>
</MPITEST>
<MPITEST>
<NAME>typecntsf</NAME>
<NP>1</NP>
<WORKDIR>./f77/datatype</WORKDIR>
<STATUS>pass</STATUS>
</MPITEST>
<MPITEST>
<NAME>typem2f</NAME>
<NP>1</NP>
<WORKDIR>./f77/datatype</WORKDIR>
<STATUS>pass</STATUS>
</MPITEST>
<MPITEST>
<NAME>typesubf</NAME>
<NP>1</NP>
<WORKDIR>./f77/datatype</WORKDIR>
<STATUS>pass</STATUS>
</MPITEST>
<MPITEST>
<NAME>packef</NAME>
<NP>1</NP>
<WORKDIR>./f77/datatype</WORKDIR>
<STATUS>pass</STATUS>
</MPITEST>
<MPITEST>
<NAME>gaddressf</NAME>
<NP>1</NP>
<WORKDIR>./f77/datatype</WORKDIR>
<STATUS>pass</STATUS>
</MPITEST>
<MPITEST>
<NAME>allctypesf</NAME>
<NP>1</NP>
<WORKDIR>./f77/datatype</WORKDIR>
<STATUS>pass</STATUS>
</MPITEST>
<MPITEST>
<NAME>hindex1f</NAME>
<NP>1</NP>
<WORKDIR>./f77/datatype</WORKDIR>
<STATUS>pass</STATUS>
</MPITEST>
<MPITEST>
<NAME>hindexed_blockf</NAME>
<NP>1</NP>
<WORKDIR>./f77/datatype</WORKDIR>
<STATUS>pass</STATUS>
</MPITEST>
<MPITEST>
<NAME>bottom</NAME>
<NP>2</NP>
<WORKDIR>./f77/datatype</WORKDIR>
<STATUS>pass</STATUS>
</MPITEST>
<MPITEST>
<NAME>statusesf</NAME>
<NP>1</NP>
<WORKDIR>./f77/pt2pt</WORKDIR>
<STATUS>pass</STATUS>
</MPITEST>
<MPITEST>
<NAME>greqf</NAME>
<NP>1</NP>
<WORKDIR>./f77/pt2pt</WORKDIR>
<STATUS>pass</STATUS>
</MPITEST>
<MPITEST>
<NAME>allpairf</NAME>
<NP>2</NP>
<WORKDIR>./f77/pt2pt</WORKDIR>
<STATUS>pass</STATUS>
</MPITEST>
<MPITEST>
<NAME>mprobef</NAME>
<NP>2</NP>
<WORKDIR>./f77/pt2pt</WORKDIR>
<STATUS>pass</STATUS>
</MPITEST>
<MPITEST>
<NAME>infotestf</NAME>
<NP>1</NP>
<WORKDIR>./f77/info</WORKDIR>
<STATUS>pass</STATUS>
</MPITEST>
<MPITEST>
<NAME>infotest2f</NAME>
<NP>1</NP>
<WORKDIR>./f77/info</WORKDIR>
<STATUS>pass</STATUS>
</MPITEST>
<MPITEST>
<NAME>namepubf</NAME>
<NP>2</NP>
<WORKDIR>./f77/spawn</WORKDIR>
<STATUS>pass</STATUS>
</MPITEST>
<MPITEST>
<NAME>spawnf</NAME>
<NP>1</NP>
<WORKDIR>./f77/spawn</WORKDIR>
<STATUS>pass</STATUS>
</MPITEST>
<MPITEST>
<NAME>spawnargvf</NAME>
<NP>1</NP>
<WORKDIR>./f77/spawn</WORKDIR>
<STATUS>pass</STATUS>
</MPITEST>
<MPITEST>
<NAME>connaccf</NAME>
<NP>2</NP>
<WORKDIR>./f77/spawn</WORKDIR>
<STATUS>pass</STATUS>
</MPITEST>
<MPITEST>
<NAME>spawnmultf</NAME>
<NP>1</NP>
<WORKDIR>./f77/spawn</WORKDIR>
<STATUS>pass</STATUS>
</MPITEST>
<MPITEST>
<NAME>spawnmult2f</NAME>
<NP>2</NP>
<WORKDIR>./f77/spawn</WORKDIR>
<STATUS>pass</STATUS>
</MPITEST>
<MPITEST>
<NAME>iwriteatf</NAME>
<NP>4</NP>
<WORKDIR>./f77/io</WORKDIR>
<STATUS>pass</STATUS>
</MPITEST>
<MPITEST>
<NAME>iwritef</NAME>
<NP>4</NP>
<WORKDIR>./f77/io</WORKDIR>
<STATUS>pass</STATUS>
</MPITEST>
<MPITEST>
<NAME>iwriteshf</NAME>
<NP>4</NP>
<WORKDIR>./f77/io</WORKDIR>
<STATUS>pass</STATUS>
</MPITEST>
<MPITEST>
<NAME>writef</NAME>
<NP>4</NP>
<WORKDIR>./f77/io</WORKDIR>
<STATUS>pass</STATUS>
</MPITEST>
<MPITEST>
<NAME>writeatf</NAME>
<NP>4</NP>
<WORKDIR>./f77/io</WORKDIR>
<STATUS>pass</STATUS>
</MPITEST>
<MPITEST>
<NAME>writeallf</NAME>
<NP>4</NP>
<WORKDIR>./f77/io</WORKDIR>
<STATUS>pass</STATUS>
</MPITEST>
<MPITEST>
<NAME>writeshf</NAME>
<NP>4</NP>
<WORKDIR>./f77/io</WORKDIR>
<STATUS>pass</STATUS>
</MPITEST>
<MPITEST>
<NAME>writeordf</NAME>
<NP>4</NP>
<WORKDIR>./f77/io</WORKDIR>
<STATUS>pass</STATUS>
</MPITEST>
<MPITEST>
<NAME>writeatallf</NAME>
<NP>4</NP>
<WORKDIR>./f77/io</WORKDIR>
<STATUS>pass</STATUS>
</MPITEST>
<MPITEST>
<NAME>writeatallbef</NAME>
<NP>4</NP>
<WORKDIR>./f77/io</WORKDIR>
<STATUS>pass</STATUS>
</MPITEST>
<MPITEST>
<NAME>writeallbef</NAME>
<NP>4</NP>
<WORKDIR>./f77/io</WORKDIR>
<STATUS>pass</STATUS>
</MPITEST>
<MPITEST>
<NAME>writeordbef</NAME>
<NP>4</NP>
<WORKDIR>./f77/io</WORKDIR>
<STATUS>pass</STATUS>
</MPITEST>
<MPITEST>
<NAME>fileerrf</NAME>
<NP>1</NP>
<WORKDIR>./f77/io</WORKDIR>
<STATUS>pass</STATUS>
</MPITEST>
<MPITEST>
<NAME>fileinfof</NAME>
<NP>3</NP>
<WORKDIR>./f77/io</WORKDIR>
<STATUS>pass</STATUS>
</MPITEST>
<MPITEST>
<NAME>shpositionf</NAME>
<NP>4</NP>
<WORKDIR>./f77/io</WORKDIR>
<STATUS>pass</STATUS>
</MPITEST>
<MPITEST>
<NAME>atomicityf</NAME>
<NP>8</NP>
<WORKDIR>./f77/io</WORKDIR>
<STATUS>pass</STATUS>
</MPITEST>
<MPITEST>
<NAME>miscfilef</NAME>
<NP>4</NP>
<WORKDIR>./f77/io</WORKDIR>
<STATUS>pass</STATUS>
</MPITEST>
<MPITEST>
<NAME>setviewcurf</NAME>
<NP>4</NP>
<WORKDIR>./f77/io</WORKDIR>
<STATUS>pass</STATUS>
</MPITEST>
<MPITEST>
<NAME>c2f2ciof</NAME>
<NP>1</NP>
<WORKDIR>./f77/io</WORKDIR>
<STATUS>pass</STATUS>
</MPITEST>
<MPITEST>
<NAME>c2fmultio</NAME>
<NP>1</NP>
<WORKDIR>./f77/io</WORKDIR>
<STATUS>pass</STATUS>
</MPITEST>
<MPITEST>
<NAME>i_setviewcurf</NAME>
<NP>4</NP>
<WORKDIR>./f77/io</WORKDIR>
<STATUS>pass</STATUS>
</MPITEST>
<MPITEST>
<NAME>iwriteatallf</NAME>
<NP>4</NP>
<WORKDIR>./f77/io</WORKDIR>
<STATUS>pass</STATUS>
</MPITEST>
<MPITEST>
<NAME>winscale1f</NAME>
<NP>4</NP>
<WORKDIR>./f77/rma</WORKDIR>
<STATUS>pass</STATUS>
</MPITEST>
<MPITEST>
<NAME>winfencef</NAME>
<NP>4</NP>
<WORKDIR>./f77/rma</WORKDIR>
<STATUS>pass</STATUS>
</MPITEST>
<MPITEST>
<NAME>wingetf</NAME>
<NP>5</NP>
<WORKDIR>./f77/rma</WORKDIR>
<STATUS>pass</STATUS>
</MPITEST>
<MPITEST>
<NAME>winscale2f</NAME>
<NP>4</NP>
<WORKDIR>./f77/rma</WORKDIR>
<STATUS>pass</STATUS>
</MPITEST>
<MPITEST>
<NAME>winerrf</NAME>
<NP>1</NP>
<WORKDIR>./f77/rma</WORKDIR>
<STATUS>pass</STATUS>
</MPITEST>
<MPITEST>
<NAME>winnamef</NAME>
<NP>1</NP>
<WORKDIR>./f77/rma</WORKDIR>
<STATUS>pass</STATUS>
</MPITEST>
<MPITEST>
<NAME>wingroupf</NAME>
<NP>4</NP>
<WORKDIR>./f77/rma</WORKDIR>
<STATUS>pass</STATUS>
</MPITEST>
<MPITEST>
<NAME>winaccf</NAME>
<NP>4</NP>
<WORKDIR>./f77/rma</WORKDIR>
<STATUS>pass</STATUS>
</MPITEST>
<MPITEST>
<NAME>c2f2cwinf</NAME>
<NP>1</NP>
<WORKDIR>./f77/rma</WORKDIR>
<STATUS>pass</STATUS>
</MPITEST>
<MPITEST>
<NAME>baseattrwinf</NAME>
<NP>1</NP>
<WORKDIR>./f77/rma</WORKDIR>
<STATUS>pass</STATUS>
</MPITEST>
<MPITEST>
<NAME>winattrf</NAME>
<NP>1</NP>
<WORKDIR>./f77/rma</WORKDIR>
<STATUS>pass</STATUS>
</MPITEST>
<MPITEST>
<NAME>winattr2f</NAME>
<NP>1</NP>
<WORKDIR>./f77/rma</WORKDIR>
<STATUS>pass</STATUS>
</MPITEST>
<MPITEST>
<NAME>aintf</NAME>
<NP>2</NP>
<WORKDIR>./f77/rma</WORKDIR>
<STATUS>pass</STATUS>
</MPITEST>
<MPITEST>
<NAME>baseenvf</NAME>
<NP>1</NP>
<WORKDIR>./f77/init</WORKDIR>
<STATUS>pass</STATUS>
</MPITEST>
<MPITEST>
<NAME>commnamef</NAME>
<NP>2</NP>
<WORKDIR>./f77/comm</WORKDIR>
<STATUS>pass</STATUS>
</MPITEST>
<MPITEST>
<NAME>commerrf</NAME>
<NP>2</NP>
<WORKDIR>./f77/comm</WORKDIR>
<STATUS>pass</STATUS>
</MPITEST>
<MPITEST>
<NAME>c2f2cf</NAME>
<NP>1</NP>
<WORKDIR>./f77/ext</WORKDIR>
<STATUS>pass</STATUS>
</MPITEST>
<MPITEST>
<NAME>c2fmult</NAME>
<NP>1</NP>
<WORKDIR>./f77/ext</WORKDIR>
<STATUS>pass</STATUS>
</MPITEST>
<MPITEST>
<NAME>ctypesinf</NAME>
<NP>1</NP>
<WORKDIR>./f77/ext</WORKDIR>
<STATUS>pass</STATUS>
</MPITEST>
<MPITEST>
<NAME>allocmemf</NAME>
<NP>1</NP>
<WORKDIR>./f77/ext</WORKDIR>
<STATUS>pass</STATUS>
</MPITEST>
<MPITEST>
<NAME>cartcrf</NAME>
<NP>4</NP>
<WORKDIR>./f77/topo</WORKDIR>
<STATUS>pass</STATUS>
</MPITEST>
<MPITEST>
<NAME>dgraph_wgtf</NAME>
<NP>4</NP>
<WORKDIR>./f77/topo</WORKDIR>
<STATUS>pass</STATUS>
</MPITEST>
<MPITEST>
<NAME>dgraph_unwgtf</NAME>
<NP>4</NP>
<WORKDIR>./f77/topo</WORKDIR>
<STATUS>pass</STATUS>
</MPITEST>
<MPITEST>
<NAME>profile1f</NAME>
<NP>2</NP>
<WORKDIR>./f77/profile</WORKDIR>
<STATUS>pass</STATUS>
</MPITEST>
<MPITEST>
<NAME>attrtx</NAME>
<NP>2</NP>
<WORKDIR>./cxx/attr</WORKDIR>
<STATUS>pass</STATUS>
</MPITEST>
<MPITEST>
<NAME>attricx</NAME>
<NP>4</NP>
<WORKDIR>./cxx/attr</WORKDIR>
<STATUS>pass</STATUS>
</MPITEST>
<MPITEST>
<NAME>baseattrcommx</NAME>
<NP>1</NP>
<WORKDIR>./cxx/attr</WORKDIR>
<STATUS>pass</STATUS>
</MPITEST>
<MPITEST>
<NAME>fkeyvalcommx</NAME>
<NP>1</NP>
<WORKDIR>./cxx/attr</WORKDIR>
<STATUS>pass</STATUS>
</MPITEST>
<MPITEST>
<NAME>fkeyvaltypex</NAME>
<NP>1</NP>
<WORKDIR>./cxx/attr</WORKDIR>
<STATUS>pass</STATUS>
</MPITEST>
<MPITEST>
<NAME>bsend1cxx</NAME>
<NP>2</NP>
<WORKDIR>./cxx/pt2pt</WORKDIR>
<STATUS>pass</STATUS>
</MPITEST>
<MPITEST>
<NAME>sendrecvx</NAME>
<NP>2</NP>
<WORKDIR>./cxx/pt2pt</WORKDIR>
<STATUS>pass</STATUS>
</MPITEST>
<MPITEST>
<NAME>commname2</NAME>
<NP>4</NP>
<WORKDIR>./cxx/comm</WORKDIR>
<STATUS>pass</STATUS>
</MPITEST>
<MPITEST>
<NAME>arcomplex</NAME>
<NP>4</NP>
<WORKDIR>./cxx/coll</WORKDIR>
<STATUS>pass</STATUS>
</MPITEST>
<MPITEST>
<NAME>uallredx</NAME>
<NP>5</NP>
<WORKDIR>./cxx/coll</WORKDIR>
<STATUS>pass</STATUS>
</MPITEST>
<MPITEST>
<NAME>uallreduce</NAME>
<NP>5</NP>
<WORKDIR>./cxx/coll</WORKDIR>
<STATUS>pass</STATUS>
</MPITEST>
<MPITEST>
<NAME>ureduce</NAME>
<NP>5</NP>
<WORKDIR>./cxx/coll</WORKDIR>
<STATUS>pass</STATUS>
</MPITEST>
<MPITEST>
<NAME>ureducelocal</NAME>
<NP>5</NP>
<WORKDIR>./cxx/coll</WORKDIR>
<STATUS>pass</STATUS>
</MPITEST>
<MPITEST>
<NAME>uscan</NAME>
<NP>5</NP>
<WORKDIR>./cxx/coll</WORKDIR>
<STATUS>pass</STATUS>
</MPITEST>
<MPITEST>
<NAME>uexscan</NAME>
<NP>5</NP>
<WORKDIR>./cxx/coll</WORKDIR>
<STATUS>pass</STATUS>
</MPITEST>
<MPITEST>
<NAME>alltoallw2x</NAME>
<NP>10</NP>
<WORKDIR>./cxx/coll</WORKDIR>
<STATUS>pass</STATUS>
</MPITEST>
<MPITEST>
<NAME>icbcastx</NAME>
<NP>4</NP>
<WORKDIR>./cxx/coll</WORKDIR>
<STATUS>pass</STATUS>
</MPITEST>
<MPITEST>
<NAME>icbcastx</NAME>
<NP>10</NP>
<WORKDIR>./cxx/coll</WORKDIR>
<STATUS>pass</STATUS>
</MPITEST>
<MPITEST>
<NAME>icallreducex</NAME>
<NP>5</NP>
<WORKDIR>./cxx/coll</WORKDIR>
<STATUS>pass</STATUS>
</MPITEST>
<MPITEST>
<NAME>icreducex</NAME>
<NP>5</NP>
<WORKDIR>./cxx/coll</WORKDIR>
<STATUS>pass</STATUS>
</MPITEST>
<MPITEST>
<NAME>icscatterx</NAME>
<NP>5</NP>
<WORKDIR>./cxx/coll</WORKDIR>
<STATUS>pass</STATUS>
</MPITEST>
<MPITEST>
<NAME>icgatherx</NAME>
<NP>5</NP>
<WORKDIR>./cxx/coll</WORKDIR>
<STATUS>pass</STATUS>
</MPITEST>
<MPITEST>
<NAME>icallgatherx</NAME>
<NP>5</NP>
<WORKDIR>./cxx/coll</WORKDIR>
<STATUS>pass</STATUS>
</MPITEST>
<MPITEST>
<NAME>icbarrierx</NAME>
<NP>5</NP>
<WORKDIR>./cxx/coll</WORKDIR>
<STATUS>pass</STATUS>
</MPITEST>
<MPITEST>
<NAME>icallgathervx</NAME>
<NP>5</NP>
<WORKDIR>./cxx/coll</WORKDIR>
<STATUS>pass</STATUS>
</MPITEST>
<MPITEST>
<NAME>icgathervx</NAME>
<NP>5</NP>
<WORKDIR>./cxx/coll</WORKDIR>
<STATUS>pass</STATUS>
</MPITEST>
<MPITEST>
<NAME>icscattervx</NAME>
<NP>5</NP>
<WORKDIR>./cxx/coll</WORKDIR>
<STATUS>pass</STATUS>
</MPITEST>
<MPITEST>
<NAME>icalltoallx</NAME>
<NP>5</NP>
<WORKDIR>./cxx/coll</WORKDIR>
<STATUS>pass</STATUS>
</MPITEST>
<MPITEST>
<NAME>reduceboolx</NAME>
<NP>5</NP>
<WORKDIR>./cxx/coll</WORKDIR>
<STATUS>pass</STATUS>
</MPITEST>
<MPITEST>
<NAME>redscatblk</NAME>
<NP>4</NP>
<WORKDIR>./cxx/coll</WORKDIR>
<STATUS>pass</STATUS>
</MPITEST>
<MPITEST>
<NAME>commcallx</NAME>
<NP>2</NP>
<WORKDIR>./cxx/errhan</WORKDIR>
<STATUS>pass</STATUS>
</MPITEST>
<MPITEST>
<NAME>baseenv</NAME>
<NP>1</NP>
<WORKDIR>./cxx/init</WORKDIR>
<STATUS>pass</STATUS>
</MPITEST>
<MPITEST>
<NAME>initstatx</NAME>
<NP>1</NP>
<WORKDIR>./cxx/init</WORKDIR>
<STATUS>pass</STATUS>
</MPITEST>
<MPITEST>
<NAME>initstat2x</NAME>
<NP>1</NP>
<WORKDIR>./cxx/init</WORKDIR>
<STATUS>pass</STATUS>
</MPITEST>
<MPITEST>
<NAME>infodupx</NAME>
<NP>1</NP>
<WORKDIR>./cxx/info</WORKDIR>
<STATUS>pass</STATUS>
</MPITEST>
<MPITEST>
<NAME>infodelx</NAME>
<NP>1</NP>
<WORKDIR>./cxx/info</WORKDIR>
<STATUS>pass</STATUS>
</MPITEST>
<MPITEST>
<NAME>infovallenx</NAME>
<NP>1</NP>
<WORKDIR>./cxx/info</WORKDIR>
<STATUS>pass</STATUS>
</MPITEST>
<MPITEST>
<NAME>infoorderx</NAME>
<NP>1</NP>
<WORKDIR>./cxx/info</WORKDIR>
<STATUS>pass</STATUS>
</MPITEST>
<MPITEST>
<NAME>packsizex</NAME>
<NP>1</NP>
<WORKDIR>./cxx/datatype</WORKDIR>
<STATUS>pass</STATUS>
</MPITEST>
<MPITEST>
<NAME>typecntsx</NAME>
<NP>1</NP>
<WORKDIR>./cxx/datatype</WORKDIR>
<STATUS>pass</STATUS>
</MPITEST>
<MPITEST>
<NAME>typenamex</NAME>
<NP>1</NP>
<WORKDIR>./cxx/datatype</WORKDIR>
<STATUS>pass</STATUS>
</MPITEST>
<MPITEST>
<NAME>typemiscx</NAME>
<NP>1</NP>
<WORKDIR>./cxx/datatype</WORKDIR>
<STATUS>pass</STATUS>
</MPITEST>
<MPITEST>
<NAME>iwriteatx</NAME>
<NP>4</NP>
<WORKDIR>./cxx/io</WORKDIR>
<STATUS>pass</STATUS>
</MPITEST>
<MPITEST>
<NAME>iwritex</NAME>
<NP>4</NP>
<WORKDIR>./cxx/io</WORKDIR>
<STATUS>pass</STATUS>
</MPITEST>
<MPITEST>
<NAME>iwriteshx</NAME>
<NP>4</NP>
<WORKDIR>./cxx/io</WORKDIR>
<STATUS>pass</STATUS>
</MPITEST>
<MPITEST>
<NAME>writex</NAME>
<NP>4</NP>
<WORKDIR>./cxx/io</WORKDIR>
<STATUS>pass</STATUS>
</MPITEST>
<MPITEST>
<NAME>writeatx</NAME>
<NP>4</NP>
<WORKDIR>./cxx/io</WORKDIR>
<STATUS>pass</STATUS>
</MPITEST>
<MPITEST>
<NAME>writeallx</NAME>
<NP>4</NP>
<WORKDIR>./cxx/io</WORKDIR>
<STATUS>pass</STATUS>
</MPITEST>
<MPITEST>
<NAME>writeshx</NAME>
<NP>4</NP>
<WORKDIR>./cxx/io</WORKDIR>
<STATUS>pass</STATUS>
</MPITEST>
<MPITEST>
<NAME>writeordx</NAME>
<NP>4</NP>
<WORKDIR>./cxx/io</WORKDIR>
<STATUS>pass</STATUS>
</MPITEST>
<MPITEST>
<NAME>writeatallx</NAME>
<NP>4</NP>
<WORKDIR>./cxx/io</WORKDIR>
<STATUS>pass</STATUS>
</MPITEST>
<MPITEST>
<NAME>writeatallbex</NAME>
<NP>4</NP>
<WORKDIR>./cxx/io</WORKDIR>
<STATUS>pass</STATUS>
</MPITEST>
<MPITEST>
<NAME>writeallbex</NAME>
<NP>4</NP>
<WORKDIR>./cxx/io</WORKDIR>
<STATUS>pass</STATUS>
</MPITEST>
<MPITEST>
<NAME>writeordbex</NAME>
<NP>4</NP>
<WORKDIR>./cxx/io</WORKDIR>
<STATUS>pass</STATUS>
</MPITEST>
<MPITEST>
<NAME>iwriteatnosx</NAME>
<NP>4</NP>
<WORKDIR>./cxx/io</WORKDIR>
<STATUS>pass</STATUS>
</MPITEST>
<MPITEST>
<NAME>iwritenosx</NAME>
<NP>4</NP>
<WORKDIR>./cxx/io</WORKDIR>
<STATUS>pass</STATUS>
</MPITEST>
<MPITEST>
<NAME>iwriteshnosx</NAME>
<NP>4</NP>
<WORKDIR>./cxx/io</WORKDIR>
<STATUS>pass</STATUS>
</MPITEST>
<MPITEST>
<NAME>writenosx</NAME>
<NP>4</NP>
<WORKDIR>./cxx/io</WORKDIR>
<STATUS>pass</STATUS>
</MPITEST>
<MPITEST>
<NAME>writeatnosx</NAME>
<NP>4</NP>
<WORKDIR>./cxx/io</WORKDIR>
<STATUS>pass</STATUS>
</MPITEST>
<MPITEST>
<NAME>writeallnosx</NAME>
<NP>4</NP>
<WORKDIR>./cxx/io</WORKDIR>
<STATUS>pass</STATUS>
</MPITEST>
<MPITEST>
<NAME>writeshnosx</NAME>
<NP>4</NP>
<WORKDIR>./cxx/io</WORKDIR>
<STATUS>pass</STATUS>
</MPITEST>
<MPITEST>
<NAME>writeordnosx</NAME>
<NP>4</NP>
<WORKDIR>./cxx/io</WORKDIR>
<STATUS>pass</STATUS>
</MPITEST>
<MPITEST>
<NAME>writeatallnosx</NAME>
<NP>4</NP>
<WORKDIR>./cxx/io</WORKDIR>
<STATUS>pass</STATUS>
</MPITEST>
<MPITEST>
<NAME>writeatallbenosx</NAME>
<NP>4</NP>
<WORKDIR>./cxx/io</WORKDIR>
<STATUS>pass</STATUS>
</MPITEST>
<MPITEST>
<NAME>writeallbenosx</NAME>
<NP>4</NP>
<WORKDIR>./cxx/io</WORKDIR>
<STATUS>pass</STATUS>
</MPITEST>
<MPITEST>
<NAME>writeordbenosx</NAME>
<NP>4</NP>
<WORKDIR>./cxx/io</WORKDIR>
<STATUS>pass</STATUS>
</MPITEST>
<MPITEST>
<NAME>fileerrx</NAME>
<NP>1</NP>
<WORKDIR>./cxx/io</WORKDIR>
<STATUS>pass</STATUS>
</MPITEST>
<MPITEST>
<NAME>fileinfox</NAME>
<NP>3</NP>
<WORKDIR>./cxx/io</WORKDIR>
<STATUS>pass</STATUS>
</MPITEST>
<MPITEST>
<NAME>filemiscx</NAME>
<NP>4</NP>
<WORKDIR>./cxx/io</WORKDIR>
<STATUS>pass</STATUS>
</MPITEST>
<MPITEST>
<NAME>shpositionx</NAME>
<NP>4</NP>
<WORKDIR>./cxx/io</WORKDIR>
<STATUS>pass</STATUS>
</MPITEST>
<MPITEST>
<NAME>seekavail</NAME>
<NP>1</NP>
<WORKDIR>./cxx/io</WORKDIR>
<STATUS>pass</STATUS>
</MPITEST>
<MPITEST>
<NAME>namepubx</NAME>
<NP>2</NP>
<WORKDIR>./cxx/spawn</WORKDIR>
<STATUS>pass</STATUS>
</MPITEST>
<MPITEST>
<NAME>spawnintrax</NAME>
<NP>1</NP>
<WORKDIR>./cxx/spawn</WORKDIR>
<STATUS>pass</STATUS>
</MPITEST>
<MPITEST>
<NAME>spawnintrax</NAME>
<NP>2</NP>
<WORKDIR>./cxx/spawn</WORKDIR>
<STATUS>pass</STATUS>
</MPITEST>
<MPITEST>
<NAME>spawnargvx</NAME>
<NP>1</NP>
<WORKDIR>./cxx/spawn</WORKDIR>
<STATUS>pass</STATUS>
</MPITEST>
<MPITEST>
<NAME>selfconaccx</NAME>
<NP>2</NP>
<WORKDIR>./cxx/spawn</WORKDIR>
<STATUS>pass</STATUS>
</MPITEST>
<MPITEST>
<NAME>winnamex</NAME>
<NP>1</NP>
<WORKDIR>./cxx/rma</WORKDIR>
<STATUS>pass</STATUS>
</MPITEST>
<MPITEST>
<NAME>wincallx</NAME>
<NP>1</NP>
<WORKDIR>./cxx/rma</WORKDIR>
<STATUS>pass</STATUS>
</MPITEST>
<MPITEST>
<NAME>getgroupx</NAME>
<NP>4</NP>
<WORKDIR>./cxx/rma</WORKDIR>
<STATUS>pass</STATUS>
</MPITEST>
<MPITEST>
<NAME>winfencex</NAME>
<NP>4</NP>
<WORKDIR>./cxx/rma</WORKDIR>
<STATUS>pass</STATUS>
</MPITEST>
<MPITEST>
<NAME>winscale1x</NAME>
<NP>4</NP>
<WORKDIR>./cxx/rma</WORKDIR>
<STATUS>pass</STATUS>
</MPITEST>
<MPITEST>
<NAME>winscale2x</NAME>
<NP>4</NP>
<WORKDIR>./cxx/rma</WORKDIR>
<STATUS>pass</STATUS>
</MPITEST>
<MPITEST>
<NAME>fkeyvalwinx</NAME>
<NP>1</NP>
<WORKDIR>./cxx/rma</WORKDIR>
<STATUS>pass</STATUS>
</MPITEST>
<MPITEST>
<NAME>attrmpi1f90</NAME>
<NP>1</NP>
<WORKDIR>./f90/attr</WORKDIR>
<STATUS>pass</STATUS>
</MPITEST>
<MPITEST>
<NAME>baseattrf90</NAME>
<NP>1</NP>
<WORKDIR>./f90/attr</WORKDIR>
<STATUS>pass</STATUS>
</MPITEST>
<MPITEST>
<NAME>baseattr2f90</NAME>
<NP>1</NP>
<WORKDIR>./f90/attr</WORKDIR>
<STATUS>pass</STATUS>
</MPITEST>
<MPITEST>
<NAME>commattrf90</NAME>
<NP>1</NP>
<WORKDIR>./f90/attr</WORKDIR>
<STATUS>pass</STATUS>
</MPITEST>
<MPITEST>
<NAME>commattr2f90</NAME>
<NP>1</NP>
<WORKDIR>./f90/attr</WORKDIR>
<STATUS>pass</STATUS>
</MPITEST>
<MPITEST>
<NAME>commattr3f90</NAME>
<NP>1</NP>
<WORKDIR>./f90/attr</WORKDIR>
<STATUS>pass</STATUS>
</MPITEST>
<MPITEST>
<NAME>commattr4f90</NAME>
<NP>1</NP>
<WORKDIR>./f90/attr</WORKDIR>
<STATUS>pass</STATUS>
</MPITEST>
<MPITEST>
<NAME>typeattrf90</NAME>
<NP>1</NP>
<WORKDIR>./f90/attr</WORKDIR>
<STATUS>pass</STATUS>
</MPITEST>
<MPITEST>
<NAME>typeattr2f90</NAME>
<NP>1</NP>
<WORKDIR>./f90/attr</WORKDIR>
<STATUS>pass</STATUS>
</MPITEST>
<MPITEST>
<NAME>typeattr3f90</NAME>
<NP>1</NP>
<WORKDIR>./f90/attr</WORKDIR>
<STATUS>pass</STATUS>
</MPITEST>
<MPITEST>
<NAME>fandcattrf90</NAME>
<NP>1</NP>
<WORKDIR>./f90/attr</WORKDIR>
<STATUS>pass</STATUS>
</MPITEST>
<MPITEST>
<NAME>baseattr3f90</NAME>
<NP>1</NP>
<WORKDIR>./f90/attr</WORKDIR>
<STATUS>pass</STATUS>
</MPITEST>
<MPITEST>
<NAME>attrlangf90</NAME>
<NP>1</NP>
<WORKDIR>./f90/attr</WORKDIR>
<STATUS>pass</STATUS>
</MPITEST>
<MPITEST>
<NAME>uallreducef90</NAME>
<NP>4</NP>
<WORKDIR>./f90/coll</WORKDIR>
<STATUS>pass</STATUS>
</MPITEST>
<MPITEST>
<NAME>exscanf90</NAME>
<NP>5</NP>
<WORKDIR>./f90/coll</WORKDIR>
<STATUS>pass</STATUS>
</MPITEST>
<MPITEST>
<NAME>alltoallwf90</NAME>
<NP>7</NP>
<WORKDIR>./f90/coll</WORKDIR>
<STATUS>pass</STATUS>
</MPITEST>
<MPITEST>
<NAME>alltoallvf90</NAME>
<NP>7</NP>
<WORKDIR>./f90/coll</WORKDIR>
<STATUS>pass</STATUS>
</MPITEST>
<MPITEST>
<NAME>inplacef90</NAME>
<NP>4</NP>
<WORKDIR>./f90/coll</WORKDIR>
<STATUS>pass</STATUS>
</MPITEST>
<MPITEST>
<NAME>reducelocalf90</NAME>
<NP>2</NP>
<WORKDIR>./f90/coll</WORKDIR>
<STATUS>pass</STATUS>
</MPITEST>
<MPITEST>
<NAME>redscatf90</NAME>
<NP>4</NP>
<WORKDIR>./f90/coll</WORKDIR>
<STATUS>pass</STATUS>
</MPITEST>
<MPITEST>
<NAME>split_typef90</NAME>
<NP>4</NP>
<WORKDIR>./f90/coll</WORKDIR>
<STATUS>pass</STATUS>
</MPITEST>
<MPITEST>
<NAME>nonblockingf90</NAME>
<NP>4</NP>
<WORKDIR>./f90/coll</WORKDIR>
<STATUS>pass</STATUS>
</MPITEST>
<MPITEST>
<NAME>vw_inplacef90</NAME>
<NP>4</NP>
<WORKDIR>./f90/coll</WORKDIR>
<STATUS>pass</STATUS>
</MPITEST>
<MPITEST>
<NAME>red_scat_blockf90</NAME>
<NP>4</NP>
<WORKDIR>./f90/coll</WORKDIR>
<STATUS>pass</STATUS>
</MPITEST>
<MPITEST>
<NAME>nonblocking_inpf90</NAME>
<NP>4</NP>
<WORKDIR>./f90/coll</WORKDIR>
<STATUS>pass</STATUS>
</MPITEST>
<MPITEST>
<NAME>commnamef90</NAME>
<NP>2</NP>
<WORKDIR>./f90/comm</WORKDIR>
<STATUS>pass</STATUS>
</MPITEST>
<MPITEST>
<NAME>commerrf90</NAME>
<NP>2</NP>
<WORKDIR>./f90/comm</WORKDIR>
<STATUS>pass</STATUS>
</MPITEST>
<MPITEST>
<NAME>c2f2cf90</NAME>
<NP>1</NP>
<WORKDIR>./f90/ext</WORKDIR>
<STATUS>pass</STATUS>
</MPITEST>
<MPITEST>
<NAME>c2f90mult</NAME>
<NP>1</NP>
<WORKDIR>./f90/ext</WORKDIR>
<STATUS>pass</STATUS>
</MPITEST>
<MPITEST>
<NAME>ctypesinf90</NAME>
<NP>1</NP>
<WORKDIR>./f90/ext</WORKDIR>
<STATUS>pass</STATUS>
</MPITEST>
<MPITEST>
<NAME>allocmemf90</NAME>
<NP>1</NP>
<WORKDIR>./f90/ext</WORKDIR>
<STATUS>pass</STATUS>
</MPITEST>
<MPITEST>
<NAME>infotestf90</NAME>
<NP>1</NP>
<WORKDIR>./f90/info</WORKDIR>
<STATUS>pass</STATUS>
</MPITEST>
<MPITEST>
<NAME>infotest2f90</NAME>
<NP>1</NP>
<WORKDIR>./f90/info</WORKDIR>
<STATUS>pass</STATUS>
</MPITEST>
<MPITEST>
<NAME>baseenvf90</NAME>
<NP>1</NP>
<WORKDIR>./f90/init</WORKDIR>
<STATUS>pass</STATUS>
</MPITEST>
<MPITEST>
<NAME>iwriteatf90</NAME>
<NP>4</NP>
<WORKDIR>./f90/io</WORKDIR>
<STATUS>pass</STATUS>
</MPITEST>
<MPITEST>
<NAME>iwritef90</NAME>
<NP>4</NP>
<WORKDIR>./f90/io</WORKDIR>
<STATUS>pass</STATUS>
</MPITEST>
<MPITEST>
<NAME>iwriteshf90</NAME>
<NP>4</NP>
<WORKDIR>./f90/io</WORKDIR>
<STATUS>pass</STATUS>
</MPITEST>
<MPITEST>
<NAME>writef90</NAME>
<NP>4</NP>
<WORKDIR>./f90/io</WORKDIR>
<STATUS>pass</STATUS>
</MPITEST>
<MPITEST>
<NAME>writeatf90</NAME>
<NP>4</NP>
<WORKDIR>./f90/io</WORKDIR>
<STATUS>pass</STATUS>
</MPITEST>
<MPITEST>
<NAME>writeallf90</NAME>
<NP>4</NP>
<WORKDIR>./f90/io</WORKDIR>
<STATUS>pass</STATUS>
</MPITEST>
<MPITEST>
<NAME>writeshf90</NAME>
<NP>4</NP>
<WORKDIR>./f90/io</WORKDIR>
<STATUS>pass</STATUS>
</MPITEST>
<MPITEST>
<NAME>writeordf90</NAME>
<NP>4</NP>
<WORKDIR>./f90/io</WORKDIR>
<STATUS>pass</STATUS>
</MPITEST>
<MPITEST>
<NAME>writeatallf90</NAME>
<NP>4</NP>
<WORKDIR>./f90/io</WORKDIR>
<STATUS>pass</STATUS>
</MPITEST>
<MPITEST>
<NAME>writeatallbef90</NAME>
<NP>4</NP>
<WORKDIR>./f90/io</WORKDIR>
<STATUS>pass</STATUS>
</MPITEST>
<MPITEST>
<NAME>writeallbef90</NAME>
<NP>4</NP>
<WORKDIR>./f90/io</WORKDIR>
<STATUS>pass</STATUS>
</MPITEST>
<MPITEST>
<NAME>writeordbef90</NAME>
<NP>4</NP>
<WORKDIR>./f90/io</WORKDIR>
<STATUS>pass</STATUS>
</MPITEST>
<MPITEST>
<NAME>fileerrf90</NAME>
<NP>1</NP>
<WORKDIR>./f90/io</WORKDIR>
<STATUS>pass</STATUS>
</MPITEST>
<MPITEST>
<NAME>fileinfof90</NAME>
<NP>3</NP>
<WORKDIR>./f90/io</WORKDIR>
<STATUS>pass</STATUS>
</MPITEST>
<MPITEST>
<NAME>shpositionf90</NAME>
<NP>4</NP>
<WORKDIR>./f90/io</WORKDIR>
<STATUS>pass</STATUS>
</MPITEST>
<MPITEST>
<NAME>atomicityf90</NAME>
<NP>8</NP>
<WORKDIR>./f90/io</WORKDIR>
<STATUS>pass</STATUS>
</MPITEST>
<MPITEST>
<NAME>miscfilef90</NAME>
<NP>4</NP>
<WORKDIR>./f90/io</WORKDIR>
<STATUS>pass</STATUS>
</MPITEST>
<MPITEST>
<NAME>setviewcurf90</NAME>
<NP>4</NP>
<WORKDIR>./f90/io</WORKDIR>
<STATUS>pass</STATUS>
</MPITEST>
<MPITEST>
<NAME>c2f2ciof90</NAME>
<NP>1</NP>
<WORKDIR>./f90/io</WORKDIR>
<STATUS>pass</STATUS>
</MPITEST>
<MPITEST>
<NAME>c2f90multio</NAME>
<NP>1</NP>
<WORKDIR>./f90/io</WORKDIR>
<STATUS>pass</STATUS>
</MPITEST>
<MPITEST>
<NAME>i_setviewcurf90</NAME>
<NP>4</NP>
<WORKDIR>./f90/io</WORKDIR>
<STATUS>pass</STATUS>
</MPITEST>
<MPITEST>
<NAME>iwriteatallf90</NAME>
<NP>4</NP>
<WORKDIR>./f90/io</WORKDIR>
<STATUS>pass</STATUS>
</MPITEST>
<MPITEST>
<NAME>sizeof2</NAME>
<NP>1</NP>
<WORKDIR>./f90/misc</WORKDIR>
<STATUS>pass</STATUS>
</MPITEST>
<MPITEST>
<NAME>statusesf90</NAME>
<NP>1</NP>
<WORKDIR>./f90/pt2pt</WORKDIR>
<STATUS>pass</STATUS>
</MPITEST>
<MPITEST>
<NAME>greqf90</NAME>
<NP>1</NP>
<WORKDIR>./f90/pt2pt</WORKDIR>
<STATUS>pass</STATUS>
</MPITEST>
<MPITEST>
<NAME>allpairf90</NAME>
<NP>2</NP>
<WORKDIR>./f90/pt2pt</WORKDIR>
<STATUS>pass</STATUS>
</MPITEST>
<MPITEST>
<NAME>mprobef90</NAME>
<NP>2</NP>
<WORKDIR>./f90/pt2pt</WORKDIR>
<STATUS>pass</STATUS>
</MPITEST>
<MPITEST>
<NAME>typenamef90</NAME>
<NP>1</NP>
<WORKDIR>./f90/datatype</WORKDIR>
<STATUS>pass</STATUS>
</MPITEST>
<MPITEST>
<NAME>typename3f90</NAME>
<NP>1</NP>
<WORKDIR>./f90/datatype</WORKDIR>
<STATUS>pass</STATUS>
</MPITEST>
<MPITEST>
<NAME>typesnamef90</NAME>
<NP>1</NP>
<WORKDIR>./f90/datatype</WORKDIR>
<STATUS>pass</STATUS>
</MPITEST>
<MPITEST>
<NAME>typecntsf90</NAME>
<NP>1</NP>
<WORKDIR>./f90/datatype</WORKDIR>
<STATUS>pass</STATUS>
</MPITEST>
<MPITEST>
<NAME>typem2f90</NAME>
<NP>1</NP>
<WORKDIR>./f90/datatype</WORKDIR>
<STATUS>pass</STATUS>
</MPITEST>
<MPITEST>
<NAME>typesubf90</NAME>
<NP>1</NP>
<WORKDIR>./f90/datatype</WORKDIR>
<STATUS>pass</STATUS>
</MPITEST>
<MPITEST>
<NAME>packef90</NAME>
<NP>1</NP>
<WORKDIR>./f90/datatype</WORKDIR>
<STATUS>pass</STATUS>
</MPITEST>
<MPITEST>
<NAME>gaddressf90</NAME>
<NP>1</NP>
<WORKDIR>./f90/datatype</WORKDIR>
<STATUS>pass</STATUS>
</MPITEST>
<MPITEST>
<NAME>allctypesf90</NAME>
<NP>1</NP>
<WORKDIR>./f90/datatype</WORKDIR>
<STATUS>pass</STATUS>
</MPITEST>
<MPITEST>
<NAME>hindex1f90</NAME>
<NP>1</NP>
<WORKDIR>./f90/datatype</WORKDIR>
<STATUS>pass</STATUS>
</MPITEST>
<MPITEST>
<NAME>hindexed_blockf90</NAME>
<NP>1</NP>
<WORKDIR>./f90/datatype</WORKDIR>
<STATUS>pass</STATUS>
</MPITEST>
<MPITEST>
<NAME>bottom</NAME>
<NP>2</NP>
<WORKDIR>./f90/datatype</WORKDIR>
<STATUS>pass</STATUS>
</MPITEST>
<MPITEST>
<NAME>structf</NAME>
<NP>2</NP>
<WORKDIR>./f90/datatype</WORKDIR>
<STATUS>pass</STATUS>
</MPITEST>
<MPITEST>
<NAME>indtype</NAME>
<NP>2</NP>
<WORKDIR>./f90/datatype</WORKDIR>
<STATUS>pass</STATUS>
</MPITEST>
<MPITEST>
<NAME>createf90</NAME>
<NP>1</NP>
<WORKDIR>./f90/datatype</WORKDIR>
<STATUS>pass</STATUS>
</MPITEST>
<MPITEST>
<NAME>sizeof</NAME>
<NP>1</NP>
<WORKDIR>./f90/datatype</WORKDIR>
<STATUS>pass</STATUS>
</MPITEST>
<MPITEST>
<NAME>kinds</NAME>
<NP>2</NP>
<WORKDIR>./f90/datatype</WORKDIR>
<STATUS>pass</STATUS>
</MPITEST>
<MPITEST>
<NAME>trf90</NAME>
<NP>1</NP>
<WORKDIR>./f90/datatype</WORKDIR>
<STATUS>pass</STATUS>
</MPITEST>
<MPITEST>
<NAME>get_elem_d</NAME>
<NP>2</NP>
<WORKDIR>./f90/datatype</WORKDIR>
<STATUS>pass</STATUS>
</MPITEST>
<MPITEST>
<NAME>get_elem_u</NAME>
<NP>2</NP>
<WORKDIR>./f90/datatype</WORKDIR>
<STATUS>pass</STATUS>
</MPITEST>
<MPITEST>
<NAME>createf90types</NAME>
<NP>1</NP>
<WORKDIR>./f90/f90types</WORKDIR>
<STATUS>pass</STATUS>
</MPITEST>
<MPITEST>
<NAME>createf90types</NAME>
<NP>1</NP>
<WORKDIR>./f90/f90types</WORKDIR>
<STATUS>pass</STATUS>
</MPITEST>
<MPITEST>
<NAME>winscale1f90</NAME>
<NP>4</NP>
<WORKDIR>./f90/rma</WORKDIR>
<STATUS>pass</STATUS>
</MPITEST>
<MPITEST>
<NAME>winfencef90</NAME>
<NP>4</NP>
<WORKDIR>./f90/rma</WORKDIR>
<STATUS>pass</STATUS>
</MPITEST>
<MPITEST>
<NAME>wingetf90</NAME>
<NP>5</NP>
<WORKDIR>./f90/rma</WORKDIR>
<STATUS>pass</STATUS>
</MPITEST>
<MPITEST>
<NAME>winscale2f90</NAME>
<NP>4</NP>
<WORKDIR>./f90/rma</WORKDIR>
<STATUS>pass</STATUS>
</MPITEST>
<MPITEST>
<NAME>winerrf90</NAME>
<NP>1</NP>
<WORKDIR>./f90/rma</WORKDIR>
<STATUS>pass</STATUS>
</MPITEST>
<MPITEST>
<NAME>winnamef90</NAME>
<NP>1</NP>
<WORKDIR>./f90/rma</WORKDIR>
<STATUS>pass</STATUS>
</MPITEST>
<MPITEST>
<NAME>wingroupf90</NAME>
<NP>4</NP>
<WORKDIR>./f90/rma</WORKDIR>
<STATUS>pass</STATUS>
</MPITEST>
<MPITEST>
<NAME>winaccf90</NAME>
<NP>4</NP>
<WORKDIR>./f90/rma</WORKDIR>
<STATUS>pass</STATUS>
</MPITEST>
<MPITEST>
<NAME>c2f2cwinf90</NAME>
<NP>1</NP>
<WORKDIR>./f90/rma</WORKDIR>
<STATUS>pass</STATUS>
</MPITEST>
<MPITEST>
<NAME>baseattrwinf90</NAME>
<NP>1</NP>
<WORKDIR>./f90/rma</WORKDIR>
<STATUS>pass</STATUS>
</MPITEST>
<MPITEST>
<NAME>winattrf90</NAME>
<NP>1</NP>
<WORKDIR>./f90/rma</WORKDIR>
<STATUS>pass</STATUS>
</MPITEST>
<MPITEST>
<NAME>winattr2f90</NAME>
<NP>1</NP>
<WORKDIR>./f90/rma</WORKDIR>
<STATUS>pass</STATUS>
</MPITEST>
<MPITEST>
<NAME>aintf90</NAME>
<NP>2</NP>
<WORKDIR>./f90/rma</WORKDIR>
<STATUS>pass</STATUS>
</MPITEST>
<MPITEST>
<NAME>namepubf90</NAME>
<NP>2</NP>
<WORKDIR>./f90/spawn</WORKDIR>
<STATUS>pass</STATUS>
</MPITEST>
<MPITEST>
<NAME>spawnf90</NAME>
<NP>1</NP>
<WORKDIR>./f90/spawn</WORKDIR>
<STATUS>pass</STATUS>
</MPITEST>
<MPITEST>
<NAME>spawnargvf90</NAME>
<NP>1</NP>
<WORKDIR>./f90/spawn</WORKDIR>
<STATUS>pass</STATUS>
</MPITEST>
<MPITEST>
<NAME>connaccf90</NAME>
<NP>2</NP>
<WORKDIR>./f90/spawn</WORKDIR>
<STATUS>pass</STATUS>
</MPITEST>
<MPITEST>
<NAME>spawnmultf90</NAME>
<NP>1</NP>
<WORKDIR>./f90/spawn</WORKDIR>
<STATUS>pass</STATUS>
</MPITEST>
<MPITEST>
<NAME>spawnmult2f90</NAME>
<NP>2</NP>
<WORKDIR>./f90/spawn</WORKDIR>
<STATUS>pass</STATUS>
</MPITEST>
<MPITEST>
<NAME>spawnargvf03</NAME>
<NP>1</NP>
<WORKDIR>./f90/spawn</WORKDIR>
<STATUS>pass</STATUS>
</MPITEST>
<MPITEST>
<NAME>spawnmultf03</NAME>
<NP>1</NP>
<WORKDIR>./f90/spawn</WORKDIR>
<STATUS>pass</STATUS>
</MPITEST>
<MPITEST>
<NAME>wtimef90</NAME>
<NP>1</NP>
<WORKDIR>./f90/timer</WORKDIR>
<STATUS>pass</STATUS>
</MPITEST>
<MPITEST>
<NAME>cartcrf90</NAME>
<NP>4</NP>
<WORKDIR>./f90/topo</WORKDIR>
<STATUS>pass</STATUS>
</MPITEST>
<MPITEST>
<NAME>dgraph_wgtf90</NAME>
<NP>4</NP>
<WORKDIR>./f90/topo</WORKDIR>
<STATUS>pass</STATUS>
</MPITEST>
<MPITEST>
<NAME>dgraph_unwgtf90</NAME>
<NP>4</NP>
<WORKDIR>./f90/topo</WORKDIR>
<STATUS>pass</STATUS>
</MPITEST>
<MPITEST>
<NAME>profile1f90</NAME>
<NP>2</NP>
<WORKDIR>./f90/profile</WORKDIR>
<STATUS>pass</STATUS>
</MPITEST>
<MPITEST>
<NAME>keyvalmis</NAME>
<NP>1</NP>
<WORKDIR>./errors/attr</WORKDIR>
<STATUS>pass</STATUS>
</MPITEST>
<MPITEST>
<NAME>noalias</NAME>
<NP>2</NP>
<WORKDIR>./errors/coll</WORKDIR>
<STATUS>pass</STATUS>
</MPITEST>
<MPITEST>
<NAME>noalias2</NAME>
<NP>4</NP>
<WORKDIR>./errors/coll</WORKDIR>
<STATUS>pass</STATUS>
</MPITEST>
<MPITEST>
<NAME>noalias3</NAME>
<NP>4</NP>
<WORKDIR>./errors/coll</WORKDIR>
<STATUS>pass</STATUS>
</MPITEST>
<MPITEST>
<NAME>rerr</NAME>
<NP>2</NP>
<WORKDIR>./errors/coll</WORKDIR>
<STATUS>pass</STATUS>
</MPITEST>
<MPITEST>
<NAME>nb_rerr</NAME>
<NP>2</NP>
<WORKDIR>./errors/coll</WORKDIR>
<STATUS>pass</STATUS>
</MPITEST>
<MPITEST>
<NAME>reduce_local</NAME>
<NP>1</NP>
<WORKDIR>./errors/coll</WORKDIR>
<STATUS>pass</STATUS>
</MPITEST>
<MPITEST>
<NAME>cfree</NAME>
<NP>4</NP>
<WORKDIR>./errors/comm</WORKDIR>
<STATUS>pass</STATUS>
</MPITEST>
<MPITEST>
<NAME>ccreate1</NAME>
<NP>8</NP>
<WORKDIR>./errors/comm</WORKDIR>
<STATUS>pass</STATUS>
</MPITEST>
<MPITEST>
<NAME>userdup</NAME>
<NP>4</NP>
<WORKDIR>./errors/comm</WORKDIR>
<STATUS>pass</STATUS>
</MPITEST>
<MPITEST>
<NAME>manysplit</NAME>
<NP>4</NP>
<WORKDIR>./errors/comm</WORKDIR>
<STATUS>pass</STATUS>
</MPITEST>
<MPITEST>
<NAME>too_many_comms</NAME>
<NP>4</NP>
<WORKDIR>./errors/comm</WORKDIR>
<STATUS>pass</STATUS>
</MPITEST>
<MPITEST>
<NAME>too_many_icomms</NAME>
<NP>4</NP>
<WORKDIR>./errors/comm</WORKDIR>
<STATUS>pass</STATUS>
</MPITEST>
<MPITEST>
<NAME>too_many_comms2</NAME>
<NP>4</NP>
<WORKDIR>./errors/comm</WORKDIR>
<STATUS>pass</STATUS>
</MPITEST>
<MPITEST>
<NAME>too_many_comms3</NAME>
<NP>4</NP>
<WORKDIR>./errors/comm</WORKDIR>
<STATUS>pass</STATUS>
</MPITEST>
<MPITEST>
<NAME>too_many_icomms2</NAME>
<NP>4</NP>
<WORKDIR>./errors/comm</WORKDIR>
<STATUS>pass</STATUS>
</MPITEST>
<MPITEST>
<NAME>gerr</NAME>
<NP>1</NP>
<WORKDIR>./errors/group</WORKDIR>
<STATUS>pass</STATUS>
</MPITEST>
<MPITEST>
<NAME>proberank</NAME>
<NP>1</NP>
<WORKDIR>./errors/pt2pt</WORKDIR>
<STATUS>pass</STATUS>
</MPITEST>
<MPITEST>
<NAME>truncmsg1</NAME>
<NP>2</NP>
<WORKDIR>./errors/pt2pt</WORKDIR>
<STATUS>pass</STATUS>
</MPITEST>
<MPITEST>
<NAME>truncmsg2</NAME>
<NP>2</NP>
<WORKDIR>./errors/pt2pt</WORKDIR>
<STATUS>pass</STATUS>
</MPITEST>
<MPITEST>
<NAME>errinstatts</NAME>
<NP>2</NP>
<WORKDIR>./errors/pt2pt</WORKDIR>
<STATUS>pass</STATUS>
</MPITEST>
<MPITEST>
<NAME>errinstatta</NAME>
<NP>2</NP>
<WORKDIR>./errors/pt2pt</WORKDIR>
<STATUS>pass</STATUS>
</MPITEST>
<MPITEST>
<NAME>errinstatws</NAME>
<NP>2</NP>
<WORKDIR>./errors/pt2pt</WORKDIR>
<STATUS>pass</STATUS>
</MPITEST>
<MPITEST>
<NAME>errinstatwa</NAME>
<NP>2</NP>
<WORKDIR>./errors/pt2pt</WORKDIR>
<STATUS>pass</STATUS>
</MPITEST>
<MPITEST>
<NAME>cartsmall</NAME>
<NP>4</NP>
<WORKDIR>./errors/topo</WORKDIR>
<STATUS>pass</STATUS>
</MPITEST>
<MPITEST>
<NAME>winerr</NAME>
<NP>2</NP>
<WORKDIR>./errors/rma</WORKDIR>
<STATUS>pass</STATUS>
</MPITEST>
<MPITEST>
<NAME>winerr2</NAME>
<NP>2</NP>
<WORKDIR>./errors/rma</WORKDIR>
<STATUS>pass</STATUS>
</MPITEST>
<MPITEST>
<NAME>cas_type_check</NAME>
<NP>2</NP>
<WORKDIR>./errors/rma</WORKDIR>
<STATUS>pass</STATUS>
</MPITEST>
<MPITEST>
<NAME>win_sync_unlock</NAME>
<NP>2</NP>
<WORKDIR>./errors/rma</WORKDIR>
<STATUS>pass</STATUS>
</MPITEST>
<MPITEST>
<NAME>win_sync_free_pt</NAME>
<NP>2</NP>
<WORKDIR>./errors/rma</WORKDIR>
<STATUS>pass</STATUS>
</MPITEST>
<MPITEST>
<NAME>win_sync_free_at</NAME>
<NP>2</NP>
<WORKDIR>./errors/rma</WORKDIR>
<STATUS>pass</STATUS>
</MPITEST>
<MPITEST>
<NAME>win_sync_complete</NAME>
<NP>2</NP>
<WORKDIR>./errors/rma</WORKDIR>
<STATUS>pass</STATUS>
</MPITEST>
<MPITEST>
<NAME>win_sync_lock_at</NAME>
<NP>2</NP>
<WORKDIR>./errors/rma</WORKDIR>
<STATUS>pass</STATUS>
</MPITEST>
<MPITEST>
<NAME>win_sync_lock_pt</NAME>
<NP>2</NP>
<WORKDIR>./errors/rma</WORKDIR>
<STATUS>pass</STATUS>
</MPITEST>
<MPITEST>
<NAME>win_sync_lock_fence</NAME>
<NP>2</NP>
<WORKDIR>./errors/rma</WORKDIR>
<STATUS>pass</STATUS>
</MPITEST>
<MPITEST>
<NAME>win_sync_nested</NAME>
<NP>2</NP>
<WORKDIR>./errors/rma</WORKDIR>
<STATUS>pass</STATUS>
</MPITEST>
<MPITEST>
<NAME>win_sync_op</NAME>
<NP>2</NP>
<WORKDIR>./errors/rma</WORKDIR>
<STATUS>pass</STATUS>
</MPITEST>
<MPITEST>
<NAME>badport</NAME>
<NP>2</NP>
<WORKDIR>./errors/spawn</WORKDIR>
<STATUS>pass</STATUS>
</MPITEST>
<MPITEST>
<NAME>unpub</NAME>
<NP>1</NP>
<WORKDIR>./errors/spawn</WORKDIR>
<STATUS>pass</STATUS>
</MPITEST>
<MPITEST>
<NAME>lookup_name</NAME>
<NP>1</NP>
<WORKDIR>./errors/spawn</WORKDIR>
<STATUS>pass</STATUS>
</MPITEST>
<MPITEST>
<NAME>fileerrret</NAME>
<NP>1</NP>
<WORKDIR>./errors/io</WORKDIR>
<STATUS>pass</STATUS>
</MPITEST>
<MPITEST>
<NAME>openerr</NAME>
<NP>1</NP>
<WORKDIR>./errors/io</WORKDIR>
<STATUS>pass</STATUS>
</MPITEST>
<MPITEST>
<NAME>file_errhdl</NAME>
<NP>1</NP>
<WORKDIR>./errors/io</WORKDIR>
<STATUS>pass</STATUS>
</MPITEST>
<MPITEST>
<NAME>uerrhandf</NAME>
<NP>1</NP>
<WORKDIR>./errors/f77/io</WORKDIR>
<STATUS>pass</STATUS>
</MPITEST>
<MPITEST>
<NAME>errgetx</NAME>
<NP>1</NP>
<WORKDIR>./errors/cxx/errhan</WORKDIR>
<STATUS>pass</STATUS>
</MPITEST>
<MPITEST>
<NAME>errsetx</NAME>
<NP>1</NP>
<WORKDIR>./errors/cxx/errhan</WORKDIR>
<STATUS>pass</STATUS>
</MPITEST>
<MPITEST>
<NAME>throwtest</NAME>
<NP>1</NP>
<WORKDIR>./errors/cxx/errhan</WORKDIR>
<STATUS>pass</STATUS>
</MPITEST>
<MPITEST>
<NAME>commerrx</NAME>
<NP>2</NP>
<WORKDIR>./errors/cxx/errhan</WORKDIR>
<STATUS>pass</STATUS>
</MPITEST>
<MPITEST>
<NAME>fileerrretx</NAME>
<NP>1</NP>
<WORKDIR>./errors/cxx/io</WORKDIR>
<STATUS>pass</STATUS>
</MPITEST>
<MPITEST>
<NAME>errgetfilex</NAME>
<NP>1</NP>
<WORKDIR>./errors/cxx/io</WORKDIR>
<STATUS>pass</STATUS>
</MPITEST>
<MPITEST>
<NAME>throwtestfilex</NAME>
<NP>1</NP>
<WORKDIR>./errors/cxx/io</WORKDIR>
<STATUS>pass</STATUS>
</MPITEST>
<MPITEST>
<NAME>uerrhandf90</NAME>
<NP>1</NP>
<WORKDIR>./errors/f90/io</WORKDIR>
<STATUS>pass</STATUS>
</MPITEST>
