<?xml version='1.0' ?>
<?xml-stylesheet href="TestResults.xsl" type="text/xsl" ?>
<MPITESTRESULTS>
<DATE>2020-03-18-10-34</DATE>
<MPISOURCE></MPISOURCE>
<MPITEST>
<NAME>mprobe</NAME>
<NP>2</NP>
<WORKDIR>./parastation</WORKDIR>
<STATUS>pass</STATUS>
<TIME>0.203901052474976</TIME>
</MPITEST>
<MPITEST>
<NAME>locknull</NAME>
<NP>2</NP>
<WORKDIR>./parastation</WORKDIR>
<STATUS>pass</STATUS>
<TIME>0.223546028137207</TIME>
</MPITEST>
<MPITEST>
<NAME>get_acc_loc</NAME>
<NP>4</NP>
<WORKDIR>./parastation</WORKDIR>
<STATUS>pass</STATUS>
<TIME>0.246431112289429</TIME>
</MPITEST>
<MPITEST>
<NAME>win_sync_err_flush</NAME>
<NP>2</NP>
<WORKDIR>./parastation</WORKDIR>
<STATUS>pass</STATUS>
<TIME>0.215297937393188</TIME>
</MPITEST>
<MPITEST>
<NAME>win_sync_err_flushall</NAME>
<NP>2</NP>
<WORKDIR>./parastation</WORKDIR>
<STATUS>pass</STATUS>
<TIME>0.227737903594971</TIME>
</MPITEST>
<MPITEST>
<NAME>win_sync_err_lockall_pt</NAME>
<NP>2</NP>
<WORKDIR>./parastation</WORKDIR>
<STATUS>pass</STATUS>
<TIME>0.219677925109863</TIME>
</MPITEST>
<MPITEST>
<NAME>win_sync_err_lockall_at</NAME>
<NP>2</NP>
<WORKDIR>./parastation</WORKDIR>
<STATUS>pass</STATUS>
<TIME>0.221334934234619</TIME>
</MPITEST>
<MPITEST>
<NAME>win_sync_err_unlockall</NAME>
<NP>2</NP>
<WORKDIR>./parastation</WORKDIR>
<STATUS>pass</STATUS>
<TIME>0.212085962295532</TIME>
</MPITEST>
<MPITEST>
<NAME>win_sync_err_reqops</NAME>
<NP>2</NP>
<WORKDIR>./parastation</WORKDIR>
<STATUS>pass</STATUS>
<TIME>0.211915016174316</TIME>
</MPITEST>
<MPITEST>
<NAME>win_flavor_err_shm</NAME>
<NP>2</NP>
<WORKDIR>./parastation</WORKDIR>
<STATUS>pass</STATUS>
<TIME>0.219277858734131</TIME>
</MPITEST>
<MPITEST>
<NAME>win_flavor_err_dyn</NAME>
<NP>2</NP>
<WORKDIR>./parastation</WORKDIR>
<STATUS>pass</STATUS>
<TIME>0.209773063659668</TIME>
</MPITEST>
<MPITEST>
<NAME>win_shm_multiple</NAME>
<NP>4</NP>
<WORKDIR>./parastation</WORKDIR>
<STATUS>pass</STATUS>
<TIME>0.242295026779175</TIME>
</MPITEST>
<MPITEST>
<NAME>win_shm_large</NAME>
<NP>2</NP>
<WORKDIR>./parastation</WORKDIR>
<STATUS>pass</STATUS>
<TIME>3.25873517990112</TIME>
</MPITEST>
<MPITEST>
<NAME>split_type_integrity</NAME>
<NP>8</NP>
<WORKDIR>./parastation</WORKDIR>
<STATUS>pass</STATUS>
<TIME>1.05497884750366</TIME>
</MPITEST>
<MPITEST>
<NAME>spawn_isend</NAME>
<NP>2</NP>
<WORKDIR>./parastation</WORKDIR>
<STATUS>pass</STATUS>
<TIME>0.59588885307312</TIME>
</MPITEST>
<MPITEST>
<NAME>spawn_ssend</NAME>
<NP>2</NP>
<WORKDIR>./parastation</WORKDIR>
<STATUS>pass</STATUS>
<TIME>0.39648699760437</TIME>
</MPITEST>
<MPITEST>
<NAME>spawn_anysrc</NAME>
<NP>2</NP>
<WORKDIR>./parastation</WORKDIR>
<STATUS>pass</STATUS>
<TIME>0.428627967834473</TIME>
</MPITEST>
<MPITEST>
<NAME>spawn_rma</NAME>
<NP>2</NP>
<WORKDIR>./parastation</WORKDIR>
<STATUS>pass</STATUS>
<TIME>0.401723146438599</TIME>
</MPITEST>
<MPITEST>
<NAME>spawn_universe</NAME>
<NP>2</NP>
<WORKDIR>./parastation</WORKDIR>
<STATUS>pass</STATUS>
<TIME>1.44442796707153</TIME>
</MPITEST>
<MPITEST>
<NAME>spawn_univ_comm</NAME>
<NP>2</NP>
<WORKDIR>./parastation</WORKDIR>
<STATUS>pass</STATUS>
<TIME>0.445288896560669</TIME>
</MPITEST>
<MPITEST>
<NAME>spawn_univ_anysrc</NAME>
<NP>2</NP>
<WORKDIR>./parastation</WORKDIR>
<STATUS>pass</STATUS>
<TIME>8.44222497940063</TIME>
</MPITEST>
<MPITEST>
<NAME>intercomm_anysrc</NAME>
<NP>4</NP>
<WORKDIR>./parastation</WORKDIR>
<STATUS>pass</STATUS>
<TIME>0.254796028137207</TIME>
</MPITEST>
<MPITEST>
<NAME>intercomm_stress</NAME>
<NP>4</NP>
<WORKDIR>./parastation</WORKDIR>
<STATUS>pass</STATUS>
<TIME>9.48793506622314</TIME>
</MPITEST>
<MPITEST>
<NAME>large_msg_typed</NAME>
<NP>2</NP>
<WORKDIR>./parastation</WORKDIR>
<STATUS>pass</STATUS>
<TIME>9.11613202095032</TIME>
</MPITEST>
<MPITEST>
<NAME>num_contexts_2k</NAME>
<NP>1</NP>
<WORKDIR>./parastation</WORKDIR>
<STATUS>pass</STATUS>
<TIME>0.342818975448608</TIME>
</MPITEST>
<MPITEST>
<NAME>num_contexts_4k</NAME>
<NP>1</NP>
<WORKDIR>./parastation</WORKDIR>
<STATUS>pass</STATUS>
<TIME>0.221309900283813</TIME>
</MPITEST>
<MPITEST>
<NAME>num_contexts_8k</NAME>
<NP>1</NP>
<WORKDIR>./parastation</WORKDIR>
<STATUS>pass</STATUS>
<TIME>0.233152151107788</TIME>
</MPITEST>
<MPITEST>
<NAME>num_contexts_16k</NAME>
<NP>1</NP>
<WORKDIR>./parastation</WORKDIR>
<STATUS>pass</STATUS>
<TIME>0.253912925720215</TIME>
</MPITEST>
<MPITEST>
<NAME>msa_info_env</NAME>
<NP>1</NP>
<WORKDIR>./parastation</WORKDIR>
<STATUS>pass</STATUS>
<TIME>0.203565120697021</TIME>
</MPITEST>
<MPITEST>
<NAME>msa_info_env</NAME>
<NP>1</NP>
<WORKDIR>./parastation</WORKDIR>
<STATUS>pass</STATUS>
<TIME>0.203352928161621</TIME>
</MPITEST>
<MPITEST>
<NAME>msa_info_env</NAME>
<NP>4</NP>
<WORKDIR>./parastation</WORKDIR>
<STATUS>pass</STATUS>
<TIME>0.234955072402954</TIME>
</MPITEST>
<MPITEST>
<NAME>msa_info_env</NAME>
<NP>4</NP>
<WORKDIR>./parastation</WORKDIR>
<STATUS>pass</STATUS>
<TIME>0.242069005966187</TIME>
</MPITEST>
<MPITEST>
<NAME>msa_split_type</NAME>
<NP>8</NP>
<WORKDIR>./parastation</WORKDIR>
<STATUS>pass</STATUS>
<TIME>0.348520994186401</TIME>
</MPITEST>
<MPITEST>
<NAME>msa_split_type</NAME>
<NP>8</NP>
<WORKDIR>./parastation</WORKDIR>
<STATUS>pass</STATUS>
<TIME>0.351898908615112</TIME>
</MPITEST>
<MPITEST>
<NAME>acc_pairtype</NAME>
<NP>2</NP>
<WORKDIR>./parastation</WORKDIR>
<STATUS>pass</STATUS>
<TIME>0.221869945526123</TIME>
</MPITEST>
<MPITEST>
<NAME>acc_vecsum</NAME>
<NP>2</NP>
<WORKDIR>./parastation</WORKDIR>
<STATUS>pass</STATUS>
<TIME>0.219384908676147</TIME>
</MPITEST>
<MPITEST>
<NAME>get_acc_pairtype</NAME>
<NP>2</NP>
<WORKDIR>./parastation</WORKDIR>
<STATUS>pass</STATUS>
<TIME>0.205453157424927</TIME>
</MPITEST>
<MPITEST>
<NAME>get_acc_shm_pairtype</NAME>
<NP>2</NP>
<WORKDIR>./parastation</WORKDIR>
<STATUS>pass</STATUS>
<TIME>0.206546068191528</TIME>
</MPITEST>
<MPITEST>
<NAME>bcast_root</NAME>
<NP>7</NP>
<WORKDIR>./parastation</WORKDIR>
<STATUS>pass</STATUS>
<TIME>0.315174102783203</TIME>
</MPITEST>
<MPITEST>
<NAME>bcast_root</NAME>
<NP>8</NP>
<WORKDIR>./parastation</WORKDIR>
<STATUS>pass</STATUS>
<TIME>0.344757080078125</TIME>
</MPITEST>
<MPITEST>
<NAME>bcast_root</NAME>
<NP>9</NP>
<WORKDIR>./parastation</WORKDIR>
<STATUS>pass</STATUS>
<TIME>0.375944137573242</TIME>
</MPITEST>
<MPITEST>
<NAME>ibcast_root</NAME>
<NP>7</NP>
<WORKDIR>./parastation</WORKDIR>
<STATUS>pass</STATUS>
<TIME>0.352895975112915</TIME>
</MPITEST>
<MPITEST>
<NAME>ibcast_root</NAME>
<NP>8</NP>
<WORKDIR>./parastation</WORKDIR>
<STATUS>pass</STATUS>
<TIME>0.355629920959473</TIME>
</MPITEST>
<MPITEST>
<NAME>ibcast_root</NAME>
<NP>9</NP>
<WORKDIR>./parastation</WORKDIR>
<STATUS>pass</STATUS>
<TIME>0.371965885162354</TIME>
</MPITEST>
<MPITEST>
<NAME>large_acc_flush_local</NAME>
<NP>3</NP>
<WORKDIR>./parastation</WORKDIR>
<STATUS>pass</STATUS>
<TIME>11.0003409385681</TIME>
</MPITEST>
<MPITEST>
<NAME>attrt</NAME>
<NP>2</NP>
<WORKDIR>./attr</WORKDIR>
<STATUS>pass</STATUS>
<TIME>0.220018863677979</TIME>
</MPITEST>
<MPITEST>
<NAME>attric</NAME>
<NP>4</NP>
<WORKDIR>./attr</WORKDIR>
<STATUS>pass</STATUS>
<TIME>0.233567953109741</TIME>
</MPITEST>
<MPITEST>
<NAME>attrerr</NAME>
<NP>1</NP>
<WORKDIR>./attr</WORKDIR>
<STATUS>pass</STATUS>
<TIME>0.203681945800781</TIME>
</MPITEST>
<MPITEST>
<NAME>attrend</NAME>
<NP>1</NP>
<WORKDIR>./attr</WORKDIR>
<STATUS>pass</STATUS>
<TIME>0.199130058288574</TIME>
</MPITEST>
<MPITEST>
<NAME>attrend</NAME>
<NP>4</NP>
<WORKDIR>./attr</WORKDIR>
<STATUS>pass</STATUS>
<TIME>0.250375032424927</TIME>
</MPITEST>
<MPITEST>
<NAME>attrend2</NAME>
<NP>1</NP>
<WORKDIR>./attr</WORKDIR>
<STATUS>pass</STATUS>
<TIME>0.202151775360107</TIME>
</MPITEST>
<MPITEST>
<NAME>attrend2</NAME>
<NP>5</NP>
<WORKDIR>./attr</WORKDIR>
<STATUS>pass</STATUS>
<TIME>0.246762990951538</TIME>
</MPITEST>
<MPITEST>
<NAME>attrerrcomm</NAME>
<NP>1</NP>
<WORKDIR>./attr</WORKDIR>
<STATUS>pass</STATUS>
<TIME>0.186425924301147</TIME>
</MPITEST>
<MPITEST>
<NAME>attrerrtype</NAME>
<NP>1</NP>
<WORKDIR>./attr</WORKDIR>
<STATUS>pass</STATUS>
<TIME>0.211441040039062</TIME>
</MPITEST>
<MPITEST>
<NAME>attrdeleteget</NAME>
<NP>1</NP>
<WORKDIR>./attr</WORKDIR>
<STATUS>pass</STATUS>
<TIME>0.2028489112854</TIME>
</MPITEST>
<MPITEST>
<NAME>attr2type</NAME>
<NP>1</NP>
<WORKDIR>./attr</WORKDIR>
<STATUS>pass</STATUS>
<TIME>0.210093021392822</TIME>
</MPITEST>
<MPITEST>
<NAME>attrorder</NAME>
<NP>1</NP>
<WORKDIR>./attr</WORKDIR>
<STATUS>pass</STATUS>
<TIME>0.18877100944519</TIME>
</MPITEST>
<MPITEST>
<NAME>attrordercomm</NAME>
<NP>1</NP>
<WORKDIR>./attr</WORKDIR>
<STATUS>pass</STATUS>
<TIME>0.205805063247681</TIME>
</MPITEST>
<MPITEST>
<NAME>attrordertype</NAME>
<NP>1</NP>
<WORKDIR>./attr</WORKDIR>
<STATUS>pass</STATUS>
<TIME>0.204809904098511</TIME>
</MPITEST>
<MPITEST>
<NAME>baseattr2</NAME>
<NP>1</NP>
<WORKDIR>./attr</WORKDIR>
<STATUS>pass</STATUS>
<TIME>0.207933902740479</TIME>
</MPITEST>
<MPITEST>
<NAME>baseattrcomm</NAME>
<NP>1</NP>
<WORKDIR>./attr</WORKDIR>
<STATUS>pass</STATUS>
<TIME>0.209785938262939</TIME>
</MPITEST>
<MPITEST>
<NAME>fkeyval</NAME>
<NP>1</NP>
<WORKDIR>./attr</WORKDIR>
<STATUS>pass</STATUS>
<TIME>0.208597898483276</TIME>
</MPITEST>
<MPITEST>
<NAME>fkeyvalcomm</NAME>
<NP>1</NP>
<WORKDIR>./attr</WORKDIR>
<STATUS>pass</STATUS>
<TIME>0.205138921737671</TIME>
</MPITEST>
<MPITEST>
<NAME>keyval_double_free</NAME>
<NP>1</NP>
<WORKDIR>./attr</WORKDIR>
<STATUS>pass</STATUS>
<TIME>0.211511850357056</TIME>
</MPITEST>
<MPITEST>
<NAME>keyval_double_free_comm</NAME>
<NP>1</NP>
<WORKDIR>./attr</WORKDIR>
<STATUS>pass</STATUS>
<TIME>0.207175016403198</TIME>
</MPITEST>
<MPITEST>
<NAME>keyval_double_free_type</NAME>
<NP>1</NP>
<WORKDIR>./attr</WORKDIR>
<STATUS>pass</STATUS>
<TIME>0.200284004211426</TIME>
</MPITEST>
<MPITEST>
<NAME>keyval_double_free_win</NAME>
<NP>1</NP>
<WORKDIR>./attr</WORKDIR>
<STATUS>pass</STATUS>
<TIME>0.198176145553589</TIME>
</MPITEST>
<MPITEST>
<NAME>fkeyvaltype__BASIC__L23</NAME>
<NP>1</NP>
<WORKDIR>./attr</WORKDIR>
<STATUS>pass</STATUS>
<TIME>0.206859111785889</TIME>
</MPITEST>
<MPITEST>
<NAME>fkeyvaltype__BASIC__L23</NAME>
<NP>1</NP>
<WORKDIR>./attr</WORKDIR>
<STATUS>pass</STATUS>
<TIME>0.206865787506104</TIME>
</MPITEST>
<MPITEST>
<NAME>fkeyvaltype__STRUCT__L34</NAME>
<NP>1</NP>
<WORKDIR>./attr</WORKDIR>
<STATUS>pass</STATUS>
<TIME>0.209421157836914</TIME>
</MPITEST>
<MPITEST>
<NAME>allred</NAME>
<NP>4</NP>
<WORKDIR>./coll</WORKDIR>
<STATUS>pass</STATUS>
<TIME>0.239950180053711</TIME>
</MPITEST>
<MPITEST>
<NAME>allred</NAME>
<NP>7</NP>
<WORKDIR>./coll</WORKDIR>
<STATUS>pass</STATUS>
<TIME>0.307054042816162</TIME>
</MPITEST>
<MPITEST>
<NAME>allred</NAME>
<NP>4</NP>
<WORKDIR>./coll</WORKDIR>
<STATUS>pass</STATUS>
<TIME>0.235050916671753</TIME>
</MPITEST>
<MPITEST>
<NAME>allredmany</NAME>
<NP>4</NP>
<WORKDIR>./coll</WORKDIR>
<STATUS>pass</STATUS>
<TIME>0.263411998748779</TIME>
</MPITEST>
<MPITEST>
<NAME>allred2</NAME>
<NP>4</NP>
<WORKDIR>./coll</WORKDIR>
<STATUS>pass</STATUS>
<TIME>0.253188848495483</TIME>
</MPITEST>
<MPITEST>
<NAME>allred3</NAME>
<NP>10</NP>
<WORKDIR>./coll</WORKDIR>
<STATUS>pass</STATUS>
<TIME>0.403090000152588</TIME>
</MPITEST>
<MPITEST>
<NAME>allred4</NAME>
<NP>4</NP>
<WORKDIR>./coll</WORKDIR>
<STATUS>pass</STATUS>
<TIME>0.24072003364563</TIME>
</MPITEST>
<MPITEST>
<NAME>allred5</NAME>
<NP>5</NP>
<WORKDIR>./coll</WORKDIR>
<STATUS>pass</STATUS>
<TIME>0.261739015579224</TIME>
</MPITEST>
<MPITEST>
<NAME>allred5</NAME>
<NP>10</NP>
<WORKDIR>./coll</WORKDIR>
<STATUS>pass</STATUS>
<TIME>0.410999059677124</TIME>
</MPITEST>
<MPITEST>
<NAME>allred6</NAME>
<NP>4</NP>
<WORKDIR>./coll</WORKDIR>
<STATUS>pass</STATUS>
<TIME>0.251011848449707</TIME>
</MPITEST>
<MPITEST>
<NAME>allred6</NAME>
<NP>7</NP>
<WORKDIR>./coll</WORKDIR>
<STATUS>pass</STATUS>
<TIME>0.325851917266846</TIME>
</MPITEST>
<MPITEST>
<NAME>reduce</NAME>
<NP>5</NP>
<WORKDIR>./coll</WORKDIR>
<STATUS>pass</STATUS>
<TIME>0.342139005661011</TIME>
</MPITEST>
<MPITEST>
<NAME>reduce</NAME>
<NP>10</NP>
<WORKDIR>./coll</WORKDIR>
<STATUS>pass</STATUS>
<TIME>0.834753036499023</TIME>
</MPITEST>
<MPITEST>
<NAME>reduce_local</NAME>
<NP>2</NP>
<WORKDIR>./coll</WORKDIR>
<STATUS>pass</STATUS>
<TIME>0.221126079559326</TIME>
</MPITEST>
<MPITEST>
<NAME>op_commutative</NAME>
<NP>2</NP>
<WORKDIR>./coll</WORKDIR>
<STATUS>pass</STATUS>
<TIME>0.216845035552979</TIME>
</MPITEST>
<MPITEST>
<NAME>red3</NAME>
<NP>10</NP>
<WORKDIR>./coll</WORKDIR>
<STATUS>pass</STATUS>
<TIME>0.407642126083374</TIME>
</MPITEST>
<MPITEST>
<NAME>red4</NAME>
<NP>10</NP>
<WORKDIR>./coll</WORKDIR>
<STATUS>pass</STATUS>
<TIME>0.411236047744751</TIME>
</MPITEST>
<MPITEST>
<NAME>alltoall1</NAME>
<NP>8</NP>
<WORKDIR>./coll</WORKDIR>
<STATUS>pass</STATUS>
<TIME>0.525354146957397</TIME>
</MPITEST>
<MPITEST>
<NAME>alltoallv</NAME>
<NP>10</NP>
<WORKDIR>./coll</WORKDIR>
<STATUS>pass</STATUS>
<TIME>0.406931161880493</TIME>
</MPITEST>
<MPITEST>
<NAME>alltoallv0</NAME>
<NP>10</NP>
<WORKDIR>./coll</WORKDIR>
<STATUS>pass</STATUS>
<TIME>0.502580881118774</TIME>
</MPITEST>
<MPITEST>
<NAME>alltoallw1</NAME>
<NP>10</NP>
<WORKDIR>./coll</WORKDIR>
<STATUS>pass</STATUS>
<TIME>0.391392946243286</TIME>
</MPITEST>
<MPITEST>
<NAME>alltoallw2</NAME>
<NP>10</NP>
<WORKDIR>./coll</WORKDIR>
<STATUS>pass</STATUS>
<TIME>0.404258966445923</TIME>
</MPITEST>
<MPITEST>
<NAME>alltoallw_zeros</NAME>
<NP>1</NP>
<WORKDIR>./coll</WORKDIR>
<STATUS>pass</STATUS>
<TIME>0.205286979675293</TIME>
</MPITEST>
<MPITEST>
<NAME>alltoallw_zeros</NAME>
<NP>2</NP>
<WORKDIR>./coll</WORKDIR>
<STATUS>pass</STATUS>
<TIME>0.224206924438477</TIME>
</MPITEST>
<MPITEST>
<NAME>alltoallw_zeros</NAME>
<NP>5</NP>
<WORKDIR>./coll</WORKDIR>
<STATUS>pass</STATUS>
<TIME>0.24940299987793</TIME>
</MPITEST>
<MPITEST>
<NAME>alltoallw_zeros</NAME>
<NP>8</NP>
<WORKDIR>./coll</WORKDIR>
<STATUS>pass</STATUS>
<TIME>0.341957092285156</TIME>
</MPITEST>
<MPITEST>
<NAME>allgather2</NAME>
<NP>10</NP>
<WORKDIR>./coll</WORKDIR>
<STATUS>pass</STATUS>
<TIME>0.440593004226685</TIME>
</MPITEST>
<MPITEST>
<NAME>allgather3</NAME>
<NP>10</NP>
<WORKDIR>./coll</WORKDIR>
<STATUS>pass</STATUS>
<TIME>0.44261622428894</TIME>
</MPITEST>
<MPITEST>
<NAME>allgatherv2</NAME>
<NP>10</NP>
<WORKDIR>./coll</WORKDIR>
<STATUS>pass</STATUS>
<TIME>0.411751985549927</TIME>
</MPITEST>
<MPITEST>
<NAME>allgatherv3</NAME>
<NP>10</NP>
<WORKDIR>./coll</WORKDIR>
<STATUS>pass</STATUS>
<TIME>0.422719955444336</TIME>
</MPITEST>
<MPITEST>
<NAME>allgatherv4</NAME>
<NP>4</NP>
<WORKDIR>./coll</WORKDIR>
<STATUS>pass</STATUS>
<TIME>0.389891862869263</TIME>
</MPITEST>
<MPITEST>
<NAME>allgather_struct</NAME>
<NP>10</NP>
<WORKDIR>./coll</WORKDIR>
<STATUS>pass</STATUS>
<TIME>0.416996002197266</TIME>
</MPITEST>
<MPITEST>
<NAME>bcasttest</NAME>
<NP>4</NP>
<WORKDIR>./coll</WORKDIR>
<STATUS>pass</STATUS>
<TIME>0.322939872741699</TIME>
</MPITEST>
<MPITEST>
<NAME>bcasttest</NAME>
<NP>8</NP>
<WORKDIR>./coll</WORKDIR>
<STATUS>pass</STATUS>
<TIME>0.462939977645874</TIME>
</MPITEST>
<MPITEST>
<NAME>bcasttest</NAME>
<NP>10</NP>
<WORKDIR>./coll</WORKDIR>
<STATUS>pass</STATUS>
<TIME>0.648866176605225</TIME>
</MPITEST>
<MPITEST>
<NAME>bcastzerotype</NAME>
<NP>1</NP>
<WORKDIR>./coll</WORKDIR>
<STATUS>pass</STATUS>
<TIME>0.205233097076416</TIME>
</MPITEST>
<MPITEST>
<NAME>bcastzerotype</NAME>
<NP>4</NP>
<WORKDIR>./coll</WORKDIR>
<STATUS>pass</STATUS>
<TIME>0.268105030059814</TIME>
</MPITEST>
<MPITEST>
<NAME>bcastzerotype</NAME>
<NP>5</NP>
<WORKDIR>./coll</WORKDIR>
<STATUS>pass</STATUS>
<TIME>0.279733896255493</TIME>
</MPITEST>
<MPITEST>
<NAME>bcastzerotype</NAME>
<NP>10</NP>
<WORKDIR>./coll</WORKDIR>
<STATUS>pass</STATUS>
<TIME>0.423305034637451</TIME>
</MPITEST>
<MPITEST>
<NAME>coll2</NAME>
<NP>5</NP>
<WORKDIR>./coll</WORKDIR>
<STATUS>pass</STATUS>
<TIME>0.256173849105835</TIME>
</MPITEST>
<MPITEST>
<NAME>coll3</NAME>
<NP>5</NP>
<WORKDIR>./coll</WORKDIR>
<STATUS>pass</STATUS>
<TIME>0.247158050537109</TIME>
</MPITEST>
<MPITEST>
<NAME>coll4</NAME>
<NP>4</NP>
<WORKDIR>./coll</WORKDIR>
<STATUS>pass</STATUS>
<TIME>0.248952865600586</TIME>
</MPITEST>
<MPITEST>
<NAME>coll5</NAME>
<NP>4</NP>
<WORKDIR>./coll</WORKDIR>
<STATUS>pass</STATUS>
<TIME>0.2396559715271</TIME>
</MPITEST>
<MPITEST>
<NAME>coll6</NAME>
<NP>5</NP>
<WORKDIR>./coll</WORKDIR>
<STATUS>pass</STATUS>
<TIME>0.300642013549805</TIME>
</MPITEST>
<MPITEST>
<NAME>coll7</NAME>
<NP>1</NP>
<WORKDIR>./coll</WORKDIR>
<STATUS>pass</STATUS>
<TIME>0.203950166702271</TIME>
</MPITEST>
<MPITEST>
<NAME>coll7</NAME>
<NP>2</NP>
<WORKDIR>./coll</WORKDIR>
<STATUS>pass</STATUS>
<TIME>0.220148801803589</TIME>
</MPITEST>
<MPITEST>
<NAME>coll7</NAME>
<NP>5</NP>
<WORKDIR>./coll</WORKDIR>
<STATUS>pass</STATUS>
<TIME>0.246863126754761</TIME>
</MPITEST>
<MPITEST>
<NAME>coll8</NAME>
<NP>4</NP>
<WORKDIR>./coll</WORKDIR>
<STATUS>pass</STATUS>
<TIME>0.256128072738647</TIME>
</MPITEST>
<MPITEST>
<NAME>coll9</NAME>
<NP>4</NP>
<WORKDIR>./coll</WORKDIR>
<STATUS>pass</STATUS>
<TIME>0.241467952728271</TIME>
</MPITEST>
<MPITEST>
<NAME>coll10</NAME>
<NP>4</NP>
<WORKDIR>./coll</WORKDIR>
<STATUS>pass</STATUS>
<TIME>0.245751142501831</TIME>
</MPITEST>
<MPITEST>
<NAME>coll11</NAME>
<NP>4</NP>
<WORKDIR>./coll</WORKDIR>
<STATUS>pass</STATUS>
<TIME>0.251847982406616</TIME>
</MPITEST>
<MPITEST>
<NAME>coll12</NAME>
<NP>4</NP>
<WORKDIR>./coll</WORKDIR>
<STATUS>pass</STATUS>
<TIME>0.258105039596558</TIME>
</MPITEST>
<MPITEST>
<NAME>coll13</NAME>
<NP>4</NP>
<WORKDIR>./coll</WORKDIR>
<STATUS>pass</STATUS>
<TIME>0.24025297164917</TIME>
</MPITEST>
<MPITEST>
<NAME>longuser</NAME>
<NP>4</NP>
<WORKDIR>./coll</WORKDIR>
<STATUS>pass</STATUS>
<TIME>0.252163887023926</TIME>
</MPITEST>
<MPITEST>
<NAME>redscat</NAME>
<NP>4</NP>
<WORKDIR>./coll</WORKDIR>
<STATUS>pass</STATUS>
<TIME>0.226746082305908</TIME>
</MPITEST>
<MPITEST>
<NAME>redscat</NAME>
<NP>6</NP>
<WORKDIR>./coll</WORKDIR>
<STATUS>pass</STATUS>
<TIME>0.300575971603394</TIME>
</MPITEST>
<MPITEST>
<NAME>redscat2</NAME>
<NP>4</NP>
<WORKDIR>./coll</WORKDIR>
<STATUS>pass</STATUS>
<TIME>0.257286071777344</TIME>
</MPITEST>
<MPITEST>
<NAME>redscat2</NAME>
<NP>5</NP>
<WORKDIR>./coll</WORKDIR>
<STATUS>pass</STATUS>
<TIME>0.277045965194702</TIME>
</MPITEST>
<MPITEST>
<NAME>redscat2</NAME>
<NP>10</NP>
<WORKDIR>./coll</WORKDIR>
<STATUS>pass</STATUS>
<TIME>0.408451080322266</TIME>
</MPITEST>
<MPITEST>
<NAME>redscat3</NAME>
<NP>8</NP>
<WORKDIR>./coll</WORKDIR>
<STATUS>pass</STATUS>
<TIME>0.363487005233765</TIME>
</MPITEST>
<MPITEST>
<NAME>redscatinter</NAME>
<NP>8</NP>
<WORKDIR>./coll</WORKDIR>
<STATUS>pass</STATUS>
<TIME>0.341199159622192</TIME>
</MPITEST>
<MPITEST>
<NAME>red_scat_block</NAME>
<NP>4</NP>
<WORKDIR>./coll</WORKDIR>
<STATUS>pass</STATUS>
<TIME>0.235726118087769</TIME>
</MPITEST>
<MPITEST>
<NAME>red_scat_block</NAME>
<NP>5</NP>
<WORKDIR>./coll</WORKDIR>
<STATUS>pass</STATUS>
<TIME>0.255699872970581</TIME>
</MPITEST>
<MPITEST>
<NAME>red_scat_block</NAME>
<NP>8</NP>
<WORKDIR>./coll</WORKDIR>
<STATUS>pass</STATUS>
<TIME>0.326740026473999</TIME>
</MPITEST>
<MPITEST>
<NAME>red_scat_block2</NAME>
<NP>4</NP>
<WORKDIR>./coll</WORKDIR>
<STATUS>pass</STATUS>
<TIME>0.23718786239624</TIME>
</MPITEST>
<MPITEST>
<NAME>red_scat_block2</NAME>
<NP>5</NP>
<WORKDIR>./coll</WORKDIR>
<STATUS>pass</STATUS>
<TIME>0.265858173370361</TIME>
</MPITEST>
<MPITEST>
<NAME>red_scat_block2</NAME>
<NP>10</NP>
<WORKDIR>./coll</WORKDIR>
<STATUS>pass</STATUS>
<TIME>0.396466970443726</TIME>
</MPITEST>
<MPITEST>
<NAME>redscatblk3</NAME>
<NP>8</NP>
<WORKDIR>./coll</WORKDIR>
<STATUS>pass</STATUS>
<TIME>0.365041971206665</TIME>
</MPITEST>
<MPITEST>
<NAME>redscatblk3</NAME>
<NP>10</NP>
<WORKDIR>./coll</WORKDIR>
<STATUS>pass</STATUS>
<TIME>0.454293966293335</TIME>
</MPITEST>
<MPITEST>
<NAME>redscatbkinter</NAME>
<NP>8</NP>
<WORKDIR>./coll</WORKDIR>
<STATUS>pass</STATUS>
<TIME>0.343201160430908</TIME>
</MPITEST>
<MPITEST>
<NAME>redscatbkinter</NAME>
<NP>10</NP>
<WORKDIR>./coll</WORKDIR>
<STATUS>pass</STATUS>
<TIME>0.408872127532959</TIME>
</MPITEST>
<MPITEST>
<NAME>scantst</NAME>
<NP>4</NP>
<WORKDIR>./coll</WORKDIR>
<STATUS>pass</STATUS>
<TIME>0.251736879348755</TIME>
</MPITEST>
<MPITEST>
<NAME>exscan</NAME>
<NP>10</NP>
<WORKDIR>./coll</WORKDIR>
<STATUS>pass</STATUS>
<TIME>0.50465202331543</TIME>
</MPITEST>
<MPITEST>
<NAME>exscan2</NAME>
<NP>5</NP>
<WORKDIR>./coll</WORKDIR>
<STATUS>pass</STATUS>
<TIME>0.25072193145752</TIME>
</MPITEST>
<MPITEST>
<NAME>gather</NAME>
<NP>4</NP>
<WORKDIR>./coll</WORKDIR>
<STATUS>pass</STATUS>
<TIME>0.230487108230591</TIME>
</MPITEST>
<MPITEST>
<NAME>gather2</NAME>
<NP>4</NP>
<WORKDIR>./coll</WORKDIR>
<STATUS>pass</STATUS>
<TIME>0.242577075958252</TIME>
</MPITEST>
<MPITEST>
<NAME>scattern</NAME>
<NP>4</NP>
<WORKDIR>./coll</WORKDIR>
<STATUS>pass</STATUS>
<TIME>0.239484071731567</TIME>
</MPITEST>
<MPITEST>
<NAME>scatter2</NAME>
<NP>4</NP>
<WORKDIR>./coll</WORKDIR>
<STATUS>pass</STATUS>
<TIME>0.239889144897461</TIME>
</MPITEST>
<MPITEST>
<NAME>scatter3</NAME>
<NP>4</NP>
<WORKDIR>./coll</WORKDIR>
<STATUS>pass</STATUS>
<TIME>0.242983102798462</TIME>
</MPITEST>
<MPITEST>
<NAME>scatterv</NAME>
<NP>4</NP>
<WORKDIR>./coll</WORKDIR>
<STATUS>pass</STATUS>
<TIME>0.24633002281189</TIME>
</MPITEST>
<MPITEST>
<NAME>icbcast</NAME>
<NP>4</NP>
<WORKDIR>./coll</WORKDIR>
<STATUS>pass</STATUS>
<TIME>0.242683887481689</TIME>
</MPITEST>
<MPITEST>
<NAME>icbcast</NAME>
<NP>10</NP>
<WORKDIR>./coll</WORKDIR>
<STATUS>pass</STATUS>
<TIME>0.420806169509888</TIME>
</MPITEST>
<MPITEST>
<NAME>icallreduce</NAME>
<NP>5</NP>
<WORKDIR>./coll</WORKDIR>
<STATUS>pass</STATUS>
<TIME>0.274309873580933</TIME>
</MPITEST>
<MPITEST>
<NAME>icallreduce</NAME>
<NP>7</NP>
<WORKDIR>./coll</WORKDIR>
<STATUS>pass</STATUS>
<TIME>0.304297924041748</TIME>
</MPITEST>
<MPITEST>
<NAME>icreduce</NAME>
<NP>5</NP>
<WORKDIR>./coll</WORKDIR>
<STATUS>pass</STATUS>
<TIME>0.266997098922729</TIME>
</MPITEST>
<MPITEST>
<NAME>icreduce</NAME>
<NP>7</NP>
<WORKDIR>./coll</WORKDIR>
<STATUS>pass</STATUS>
<TIME>0.332265853881836</TIME>
</MPITEST>
<MPITEST>
<NAME>icscatter</NAME>
<NP>5</NP>
<WORKDIR>./coll</WORKDIR>
<STATUS>pass</STATUS>
<TIME>0.295114994049072</TIME>
</MPITEST>
<MPITEST>
<NAME>icscatter</NAME>
<NP>7</NP>
<WORKDIR>./coll</WORKDIR>
<STATUS>pass</STATUS>
<TIME>0.324259996414185</TIME>
</MPITEST>
<MPITEST>
<NAME>icgather</NAME>
<NP>5</NP>
<WORKDIR>./coll</WORKDIR>
<STATUS>pass</STATUS>
<TIME>0.267055034637451</TIME>
</MPITEST>
<MPITEST>
<NAME>icgather</NAME>
<NP>7</NP>
<WORKDIR>./coll</WORKDIR>
<STATUS>pass</STATUS>
<TIME>0.327574014663696</TIME>
</MPITEST>
<MPITEST>
<NAME>icallgather</NAME>
<NP>5</NP>
<WORKDIR>./coll</WORKDIR>
<STATUS>pass</STATUS>
<TIME>0.285856962203979</TIME>
</MPITEST>
<MPITEST>
<NAME>icallgather</NAME>
<NP>7</NP>
<WORKDIR>./coll</WORKDIR>
<STATUS>pass</STATUS>
<TIME>0.383580207824707</TIME>
</MPITEST>
<MPITEST>
<NAME>icbarrier</NAME>
<NP>5</NP>
<WORKDIR>./coll</WORKDIR>
<STATUS>pass</STATUS>
<TIME>0.252739906311035</TIME>
</MPITEST>
<MPITEST>
<NAME>icbarrier</NAME>
<NP>7</NP>
<WORKDIR>./coll</WORKDIR>
<STATUS>pass</STATUS>
<TIME>0.300405979156494</TIME>
</MPITEST>
<MPITEST>
<NAME>icallgatherv</NAME>
<NP>5</NP>
<WORKDIR>./coll</WORKDIR>
<STATUS>pass</STATUS>
<TIME>0.275621891021729</TIME>
</MPITEST>
<MPITEST>
<NAME>icallgatherv</NAME>
<NP>7</NP>
<WORKDIR>./coll</WORKDIR>
<STATUS>pass</STATUS>
<TIME>0.373702049255371</TIME>
</MPITEST>
<MPITEST>
<NAME>icgatherv</NAME>
<NP>5</NP>
<WORKDIR>./coll</WORKDIR>
<STATUS>pass</STATUS>
<TIME>0.298280000686646</TIME>
</MPITEST>
<MPITEST>
<NAME>icgatherv</NAME>
<NP>7</NP>
<WORKDIR>./coll</WORKDIR>
<STATUS>pass</STATUS>
<TIME>0.326693058013916</TIME>
</MPITEST>
<MPITEST>
<NAME>icscatterv</NAME>
<NP>5</NP>
<WORKDIR>./coll</WORKDIR>
<STATUS>pass</STATUS>
<TIME>0.284541130065918</TIME>
</MPITEST>
<MPITEST>
<NAME>icscatterv</NAME>
<NP>7</NP>
<WORKDIR>./coll</WORKDIR>
<STATUS>pass</STATUS>
<TIME>0.308704137802124</TIME>
</MPITEST>
<MPITEST>
<NAME>icalltoall</NAME>
<NP>5</NP>
<WORKDIR>./coll</WORKDIR>
<STATUS>pass</STATUS>
<TIME>0.291159152984619</TIME>
</MPITEST>
<MPITEST>
<NAME>icalltoall</NAME>
<NP>7</NP>
<WORKDIR>./coll</WORKDIR>
<STATUS>pass</STATUS>
<TIME>0.351755857467651</TIME>
</MPITEST>
<MPITEST>
<NAME>icalltoallv</NAME>
<NP>5</NP>
<WORKDIR>./coll</WORKDIR>
<STATUS>pass</STATUS>
<TIME>0.258224010467529</TIME>
</MPITEST>
<MPITEST>
<NAME>icalltoallv</NAME>
<NP>7</NP>
<WORKDIR>./coll</WORKDIR>
<STATUS>pass</STATUS>
<TIME>0.316163063049316</TIME>
</MPITEST>
<MPITEST>
<NAME>icalltoallw</NAME>
<NP>5</NP>
<WORKDIR>./coll</WORKDIR>
<STATUS>pass</STATUS>
<TIME>0.267026901245117</TIME>
</MPITEST>
<MPITEST>
<NAME>icalltoallw</NAME>
<NP>7</NP>
<WORKDIR>./coll</WORKDIR>
<STATUS>pass</STATUS>
<TIME>0.331779003143311</TIME>
</MPITEST>
<MPITEST>
<NAME>opland</NAME>
<NP>4</NP>
<WORKDIR>./coll</WORKDIR>
<STATUS>pass</STATUS>
<TIME>0.246938943862915</TIME>
</MPITEST>
<MPITEST>
<NAME>oplor</NAME>
<NP>4</NP>
<WORKDIR>./coll</WORKDIR>
<STATUS>pass</STATUS>
<TIME>0.236717939376831</TIME>
</MPITEST>
<MPITEST>
<NAME>oplxor</NAME>
<NP>4</NP>
<WORKDIR>./coll</WORKDIR>
<STATUS>pass</STATUS>
<TIME>0.241573095321655</TIME>
</MPITEST>
<MPITEST>
<NAME>oplxor</NAME>
<NP>5</NP>
<WORKDIR>./coll</WORKDIR>
<STATUS>pass</STATUS>
<TIME>0.255328178405762</TIME>
</MPITEST>
<MPITEST>
<NAME>opband</NAME>
<NP>4</NP>
<WORKDIR>./coll</WORKDIR>
<STATUS>pass</STATUS>
<TIME>0.270884990692139</TIME>
</MPITEST>
<MPITEST>
<NAME>opbor</NAME>
<NP>4</NP>
<WORKDIR>./coll</WORKDIR>
<STATUS>pass</STATUS>
<TIME>0.241683959960938</TIME>
</MPITEST>
<MPITEST>
<NAME>opbxor</NAME>
<NP>4</NP>
<WORKDIR>./coll</WORKDIR>
<STATUS>pass</STATUS>
<TIME>0.233416080474854</TIME>
</MPITEST>
<MPITEST>
<NAME>opbxor</NAME>
<NP>5</NP>
<WORKDIR>./coll</WORKDIR>
<STATUS>pass</STATUS>
<TIME>0.250088930130005</TIME>
</MPITEST>
<MPITEST>
<NAME>opprod</NAME>
<NP>5</NP>
<WORKDIR>./coll</WORKDIR>
<STATUS>pass</STATUS>
<TIME>0.24785590171814</TIME>
</MPITEST>
<MPITEST>
<NAME>opprod</NAME>
<NP>6</NP>
<WORKDIR>./coll</WORKDIR>
<STATUS>pass</STATUS>
<TIME>0.291154146194458</TIME>
</MPITEST>
<MPITEST>
<NAME>opsum</NAME>
<NP>4</NP>
<WORKDIR>./coll</WORKDIR>
<STATUS>pass</STATUS>
<TIME>0.260010957717896</TIME>
</MPITEST>
<MPITEST>
<NAME>opmin</NAME>
<NP>4</NP>
<WORKDIR>./coll</WORKDIR>
<STATUS>pass</STATUS>
<TIME>0.234373092651367</TIME>
</MPITEST>
<MPITEST>
<NAME>opminloc</NAME>
<NP>4</NP>
<WORKDIR>./coll</WORKDIR>
<STATUS>pass</STATUS>
<TIME>0.244477987289429</TIME>
</MPITEST>
<MPITEST>
<NAME>opmax</NAME>
<NP>5</NP>
<WORKDIR>./coll</WORKDIR>
<STATUS>pass</STATUS>
<TIME>0.292312145233154</TIME>
</MPITEST>
<MPITEST>
<NAME>opmaxloc</NAME>
<NP>5</NP>
<WORKDIR>./coll</WORKDIR>
<STATUS>pass</STATUS>
<TIME>0.2571702003479</TIME>
</MPITEST>
<MPITEST>
<NAME>uoplong</NAME>
<NP>4</NP>
<WORKDIR>./coll</WORKDIR>
<STATUS>pass</STATUS>
<TIME>0.473274946212769</TIME>
</MPITEST>
<MPITEST>
<NAME>uoplong</NAME>
<NP>11</NP>
<WORKDIR>./coll</WORKDIR>
<STATUS>pass</STATUS>
<TIME>1.21090292930603</TIME>
</MPITEST>
<MPITEST>
<NAME>uoplong</NAME>
<NP>16</NP>
<WORKDIR>./coll</WORKDIR>
<STATUS>pass</STATUS>
<TIME>1.72897601127625</TIME>
</MPITEST>
<MPITEST>
<NAME>nonblocking</NAME>
<NP>4</NP>
<WORKDIR>./coll</WORKDIR>
<STATUS>pass</STATUS>
<TIME>0.259824991226196</TIME>
</MPITEST>
<MPITEST>
<NAME>nonblocking</NAME>
<NP>5</NP>
<WORKDIR>./coll</WORKDIR>
<STATUS>pass</STATUS>
<TIME>0.261312007904053</TIME>
</MPITEST>
<MPITEST>
<NAME>nonblocking</NAME>
<NP>10</NP>
<WORKDIR>./coll</WORKDIR>
<STATUS>pass</STATUS>
<TIME>0.395879983901978</TIME>
</MPITEST>
<MPITEST>
<NAME>nonblocking2</NAME>
<NP>1</NP>
<WORKDIR>./coll</WORKDIR>
<STATUS>pass</STATUS>
<TIME>0.20020604133606</TIME>
</MPITEST>
<MPITEST>
<NAME>nonblocking2</NAME>
<NP>4</NP>
<WORKDIR>./coll</WORKDIR>
<STATUS>pass</STATUS>
<TIME>0.24915599822998</TIME>
</MPITEST>
<MPITEST>
<NAME>nonblocking2</NAME>
<NP>5</NP>
<WORKDIR>./coll</WORKDIR>
<STATUS>pass</STATUS>
<TIME>0.269841909408569</TIME>
</MPITEST>
<MPITEST>
<NAME>nonblocking2</NAME>
<NP>10</NP>
<WORKDIR>./coll</WORKDIR>
<STATUS>pass</STATUS>
<TIME>0.394001960754395</TIME>
</MPITEST>
<MPITEST>
<NAME>nonblocking3</NAME>
<NP>1</NP>
<WORKDIR>./coll</WORKDIR>
<STATUS>pass</STATUS>
<TIME>1.0413990020752</TIME>
</MPITEST>
<MPITEST>
<NAME>nonblocking3</NAME>
<NP>4</NP>
<WORKDIR>./coll</WORKDIR>
<STATUS>pass</STATUS>
<TIME>5.82291507720947</TIME>
</MPITEST>
<MPITEST>
<NAME>nonblocking3</NAME>
<NP>5</NP>
<WORKDIR>./coll</WORKDIR>
<STATUS>pass</STATUS>
<TIME>7.56747508049011</TIME>
</MPITEST>
<MPITEST>
<NAME>nonblocking3</NAME>
<NP>10</NP>
<WORKDIR>./coll</WORKDIR>
<STATUS>pass</STATUS>
<TIME>17.1026570796967</TIME>
</MPITEST>
<MPITEST>
<NAME>iallred</NAME>
<NP>2</NP>
<WORKDIR>./coll</WORKDIR>
<STATUS>pass</STATUS>
<TIME>0.202616930007935</TIME>
</MPITEST>
<MPITEST>
<NAME>ibarrier</NAME>
<NP>2</NP>
<WORKDIR>./coll</WORKDIR>
<STATUS>pass</STATUS>
<TIME>0.222923994064331</TIME>
</MPITEST>
<MPITEST>
<NAME>nballtoall1</NAME>
<NP>8</NP>
<WORKDIR>./coll</WORKDIR>
<STATUS>pass</STATUS>
<TIME>0.529776096343994</TIME>
</MPITEST>
<MPITEST>
<NAME>nbcoll2</NAME>
<NP>5</NP>
<WORKDIR>./coll</WORKDIR>
<STATUS>pass</STATUS>
<TIME>0.276899099349976</TIME>
</MPITEST>
<MPITEST>
<NAME>nbredscat</NAME>
<NP>4</NP>
<WORKDIR>./coll</WORKDIR>
<STATUS>pass</STATUS>
<TIME>0.27583909034729</TIME>
</MPITEST>
<MPITEST>
<NAME>nbredscat</NAME>
<NP>8</NP>
<WORKDIR>./coll</WORKDIR>
<STATUS>pass</STATUS>
<TIME>0.312839984893799</TIME>
</MPITEST>
<MPITEST>
<NAME>nbredscat3</NAME>
<NP>8</NP>
<WORKDIR>./coll</WORKDIR>
<STATUS>pass</STATUS>
<TIME>0.364356994628906</TIME>
</MPITEST>
<MPITEST>
<NAME>nbredscatinter</NAME>
<NP>8</NP>
<WORKDIR>./coll</WORKDIR>
<STATUS>pass</STATUS>
<TIME>0.325789928436279</TIME>
</MPITEST>
<MPITEST>
<NAME>nbicbcast</NAME>
<NP>8</NP>
<WORKDIR>./coll</WORKDIR>
<STATUS>pass</STATUS>
<TIME>0.342858076095581</TIME>
</MPITEST>
<MPITEST>
<NAME>nbicallreduce</NAME>
<NP>8</NP>
<WORKDIR>./coll</WORKDIR>
<STATUS>pass</STATUS>
<TIME>0.359920024871826</TIME>
</MPITEST>
<MPITEST>
<NAME>nbicreduce</NAME>
<NP>8</NP>
<WORKDIR>./coll</WORKDIR>
<STATUS>pass</STATUS>
<TIME>0.347820997238159</TIME>
</MPITEST>
<MPITEST>
<NAME>nbicscatter</NAME>
<NP>8</NP>
<WORKDIR>./coll</WORKDIR>
<STATUS>pass</STATUS>
<TIME>0.365425109863281</TIME>
</MPITEST>
<MPITEST>
<NAME>nbicgather</NAME>
<NP>8</NP>
<WORKDIR>./coll</WORKDIR>
<STATUS>pass</STATUS>
<TIME>0.364092826843262</TIME>
</MPITEST>
<MPITEST>
<NAME>nbicallgather</NAME>
<NP>8</NP>
<WORKDIR>./coll</WORKDIR>
<STATUS>pass</STATUS>
<TIME>0.400429964065552</TIME>
</MPITEST>
<MPITEST>
<NAME>nbicbarrier</NAME>
<NP>8</NP>
<WORKDIR>./coll</WORKDIR>
<STATUS>pass</STATUS>
<TIME>0.329015016555786</TIME>
</MPITEST>
<MPITEST>
<NAME>nbicallgatherv</NAME>
<NP>8</NP>
<WORKDIR>./coll</WORKDIR>
<STATUS>pass</STATUS>
<TIME>0.412499904632568</TIME>
</MPITEST>
<MPITEST>
<NAME>nbicgatherv</NAME>
<NP>8</NP>
<WORKDIR>./coll</WORKDIR>
<STATUS>pass</STATUS>
<TIME>0.36070990562439</TIME>
</MPITEST>
<MPITEST>
<NAME>nbicscatterv</NAME>
<NP>8</NP>
<WORKDIR>./coll</WORKDIR>
<STATUS>pass</STATUS>
<TIME>0.347526073455811</TIME>
</MPITEST>
<MPITEST>
<NAME>nbicalltoall</NAME>
<NP>8</NP>
<WORKDIR>./coll</WORKDIR>
<STATUS>pass</STATUS>
<TIME>0.434823036193848</TIME>
</MPITEST>
<MPITEST>
<NAME>nbicalltoallv</NAME>
<NP>8</NP>
<WORKDIR>./coll</WORKDIR>
<STATUS>pass</STATUS>
<TIME>0.33132004737854</TIME>
</MPITEST>
<MPITEST>
<NAME>nbicalltoallw</NAME>
<NP>8</NP>
<WORKDIR>./coll</WORKDIR>
<STATUS>pass</STATUS>
<TIME>0.342655181884766</TIME>
</MPITEST>
<MPITEST>
<NAME>neighb_coll</NAME>
<NP>4</NP>
<WORKDIR>./coll</WORKDIR>
<STATUS>pass</STATUS>
<TIME>0.246556997299194</TIME>
</MPITEST>
<MPITEST>
<NAME>bcast__BASIC__L24</NAME>
<NP>4</NP>
<WORKDIR>./coll</WORKDIR>
<STATUS>pass</STATUS>
<TIME>0.245751857757568</TIME>
</MPITEST>
<MPITEST>
<NAME>bcast__BASIC__L24</NAME>
<NP>4</NP>
<WORKDIR>./coll</WORKDIR>
<STATUS>pass</STATUS>
<TIME>0.278279781341553</TIME>
</MPITEST>
<MPITEST>
<NAME>bcast__BASIC__L24</NAME>
<NP>4</NP>
<WORKDIR>./coll</WORKDIR>
<STATUS>pass</STATUS>
<TIME>0.262465953826904</TIME>
</MPITEST>
<MPITEST>
<NAME>bcast__BASIC__L24</NAME>
<NP>4</NP>
<WORKDIR>./coll</WORKDIR>
<STATUS>pass</STATUS>
<TIME>0.241528987884521</TIME>
</MPITEST>
<MPITEST>
<NAME>bcast__BASIC__L24</NAME>
<NP>4</NP>
<WORKDIR>./coll</WORKDIR>
<STATUS>pass</STATUS>
<TIME>0.500339031219482</TIME>
</MPITEST>
<MPITEST>
<NAME>bcast__BASIC__L24</NAME>
<NP>4</NP>
<WORKDIR>./coll</WORKDIR>
<STATUS>pass</STATUS>
<TIME>3.43655705451965</TIME>
</MPITEST>
<MPITEST>
<NAME>bcast__BASIC__L24</NAME>
<NP>4</NP>
<WORKDIR>./coll</WORKDIR>
<STATUS>pass</STATUS>
<TIME>0.247529983520508</TIME>
</MPITEST>
<MPITEST>
<NAME>bcast__BASIC__L24</NAME>
<NP>4</NP>
<WORKDIR>./coll</WORKDIR>
<STATUS>pass</STATUS>
<TIME>0.232394218444824</TIME>
</MPITEST>
<MPITEST>
<NAME>bcast__BASIC__L24</NAME>
<NP>4</NP>
<WORKDIR>./coll</WORKDIR>
<STATUS>pass</STATUS>
<TIME>0.252058982849121</TIME>
</MPITEST>
<MPITEST>
<NAME>bcast__BASIC__L24</NAME>
<NP>4</NP>
<WORKDIR>./coll</WORKDIR>
<STATUS>pass</STATUS>
<TIME>0.235987186431885</TIME>
</MPITEST>
<MPITEST>
<NAME>bcast__BASIC__L24</NAME>
<NP>4</NP>
<WORKDIR>./coll</WORKDIR>
<STATUS>pass</STATUS>
<TIME>0.565636157989502</TIME>
</MPITEST>
<MPITEST>
<NAME>bcast__BASIC__L24</NAME>
<NP>4</NP>
<WORKDIR>./coll</WORKDIR>
<STATUS>pass</STATUS>
<TIME>5.04026412963867</TIME>
</MPITEST>
<MPITEST>
<NAME>bcast__BASIC__L25</NAME>
<NP>10</NP>
<WORKDIR>./coll</WORKDIR>
<STATUS>pass</STATUS>
<TIME>0.394119024276733</TIME>
</MPITEST>
<MPITEST>
<NAME>bcast__BASIC__L25</NAME>
<NP>10</NP>
<WORKDIR>./coll</WORKDIR>
<STATUS>pass</STATUS>
<TIME>0.39716911315918</TIME>
</MPITEST>
<MPITEST>
<NAME>bcast__BASIC__L25</NAME>
<NP>10</NP>
<WORKDIR>./coll</WORKDIR>
<STATUS>pass</STATUS>
<TIME>0.392987012863159</TIME>
</MPITEST>
<MPITEST>
<NAME>bcast__BASIC__L25</NAME>
<NP>10</NP>
<WORKDIR>./coll</WORKDIR>
<STATUS>pass</STATUS>
<TIME>0.403034925460815</TIME>
</MPITEST>
<MPITEST>
<NAME>bcast__BASIC__L25</NAME>
<NP>10</NP>
<WORKDIR>./coll</WORKDIR>
<STATUS>pass</STATUS>
<TIME>0.768803119659424</TIME>
</MPITEST>
<MPITEST>
<NAME>bcast__BASIC__L25</NAME>
<NP>10</NP>
<WORKDIR>./coll</WORKDIR>
<STATUS>pass</STATUS>
<TIME>4.92307305335999</TIME>
</MPITEST>
<MPITEST>
<NAME>bcast__BASIC__L25</NAME>
<NP>10</NP>
<WORKDIR>./coll</WORKDIR>
<STATUS>pass</STATUS>
<TIME>0.409730911254883</TIME>
</MPITEST>
<MPITEST>
<NAME>bcast__BASIC__L25</NAME>
<NP>10</NP>
<WORKDIR>./coll</WORKDIR>
<STATUS>pass</STATUS>
<TIME>0.410513877868652</TIME>
</MPITEST>
<MPITEST>
<NAME>bcast__BASIC__L25</NAME>
<NP>10</NP>
<WORKDIR>./coll</WORKDIR>
<STATUS>pass</STATUS>
<TIME>0.388938903808594</TIME>
</MPITEST>
<MPITEST>
<NAME>bcast__BASIC__L25</NAME>
<NP>10</NP>
<WORKDIR>./coll</WORKDIR>
<STATUS>pass</STATUS>
<TIME>0.401551961898804</TIME>
</MPITEST>
<MPITEST>
<NAME>bcast__BASIC__L25</NAME>
<NP>10</NP>
<WORKDIR>./coll</WORKDIR>
<STATUS>pass</STATUS>
<TIME>0.945343971252441</TIME>
</MPITEST>
<MPITEST>
<NAME>bcast__BASIC__L25</NAME>
<NP>10</NP>
<WORKDIR>./coll</WORKDIR>
<STATUS>pass</STATUS>
<TIME>6.9381411075592</TIME>
</MPITEST>
<MPITEST>
<NAME>bcast__STRUCT__L35</NAME>
<NP>4</NP>
<WORKDIR>./coll</WORKDIR>
<STATUS>pass</STATUS>
<TIME>0.233155012130737</TIME>
</MPITEST>
<MPITEST>
<NAME>dup</NAME>
<NP>2</NP>
<WORKDIR>./comm</WORKDIR>
<STATUS>pass</STATUS>
<TIME>0.215207099914551</TIME>
</MPITEST>
<MPITEST>
<NAME>dupic</NAME>
<NP>4</NP>
<WORKDIR>./comm</WORKDIR>
<STATUS>pass</STATUS>
<TIME>0.238376140594482</TIME>
</MPITEST>
<MPITEST>
<NAME>commcreate1</NAME>
<NP>8</NP>
<WORKDIR>./comm</WORKDIR>
<STATUS>pass</STATUS>
<TIME>0.323215007781982</TIME>
</MPITEST>
<MPITEST>
<NAME>commname</NAME>
<NP>4</NP>
<WORKDIR>./comm</WORKDIR>
<STATUS>pass</STATUS>
<TIME>0.252717018127441</TIME>
</MPITEST>
<MPITEST>
<NAME>ic1</NAME>
<NP>4</NP>
<WORKDIR>./comm</WORKDIR>
<STATUS>pass</STATUS>
<TIME>0.255472183227539</TIME>
</MPITEST>
<MPITEST>
<NAME>ic2</NAME>
<NP>33</NP>
<WORKDIR>./comm</WORKDIR>
<STATUS>pass</STATUS>
<TIME>1.16604804992676</TIME>
</MPITEST>
<MPITEST>
<NAME>icgroup</NAME>
<NP>8</NP>
<WORKDIR>./comm</WORKDIR>
<STATUS>pass</STATUS>
<TIME>0.327116966247559</TIME>
</MPITEST>
<MPITEST>
<NAME>icm</NAME>
<NP>8</NP>
<WORKDIR>./comm</WORKDIR>
<STATUS>pass</STATUS>
<TIME>0.336263179779053</TIME>
</MPITEST>
<MPITEST>
<NAME>icsplit</NAME>
<NP>8</NP>
<WORKDIR>./comm</WORKDIR>
<STATUS>pass</STATUS>
<TIME>0.324867010116577</TIME>
</MPITEST>
<MPITEST>
<NAME>iccreate</NAME>
<NP>8</NP>
<WORKDIR>./comm</WORKDIR>
<STATUS>pass</STATUS>
<TIME>0.335598945617676</TIME>
</MPITEST>
<MPITEST>
<NAME>ctxalloc</NAME>
<NP>2</NP>
<WORKDIR>./comm</WORKDIR>
<STATUS>pass</STATUS>
<TIME>1.52171802520752</TIME>
</MPITEST>
<MPITEST>
<NAME>ctxsplit</NAME>
<NP>4</NP>
<WORKDIR>./comm</WORKDIR>
<STATUS>pass</STATUS>
<TIME>1.15432286262512</TIME>
</MPITEST>
<MPITEST>
<NAME>cmfree</NAME>
<NP>4</NP>
<WORKDIR>./comm</WORKDIR>
<STATUS>pass</STATUS>
<TIME>0.261986017227173</TIME>
</MPITEST>
<MPITEST>
<NAME>cmsplit</NAME>
<NP>4</NP>
<WORKDIR>./comm</WORKDIR>
<STATUS>pass</STATUS>
<TIME>0.249125003814697</TIME>
</MPITEST>
<MPITEST>
<NAME>cmsplit2</NAME>
<NP>12</NP>
<WORKDIR>./comm</WORKDIR>
<STATUS>pass</STATUS>
<TIME>0.445949077606201</TIME>
</MPITEST>
<MPITEST>
<NAME>probe_intercomm</NAME>
<NP>2</NP>
<WORKDIR>./comm</WORKDIR>
<STATUS>pass</STATUS>
<TIME>0.213947057723999</TIME>
</MPITEST>
<MPITEST>
<NAME>cmsplit_type</NAME>
<NP>4</NP>
<WORKDIR>./comm</WORKDIR>
<STATUS>pass</STATUS>
<TIME>0.232552051544189</TIME>
</MPITEST>
<MPITEST>
<NAME>comm_create_group</NAME>
<NP>4</NP>
<WORKDIR>./comm</WORKDIR>
<STATUS>pass</STATUS>
<TIME>0.237924098968506</TIME>
</MPITEST>
<MPITEST>
<NAME>comm_create_group</NAME>
<NP>8</NP>
<WORKDIR>./comm</WORKDIR>
<STATUS>pass</STATUS>
<TIME>0.332462787628174</TIME>
</MPITEST>
<MPITEST>
<NAME>comm_group_half</NAME>
<NP>2</NP>
<WORKDIR>./comm</WORKDIR>
<STATUS>pass</STATUS>
<TIME>0.212587833404541</TIME>
</MPITEST>
<MPITEST>
<NAME>comm_group_half</NAME>
<NP>4</NP>
<WORKDIR>./comm</WORKDIR>
<STATUS>pass</STATUS>
<TIME>0.250293016433716</TIME>
</MPITEST>
<MPITEST>
<NAME>comm_group_half</NAME>
<NP>8</NP>
<WORKDIR>./comm</WORKDIR>
<STATUS>pass</STATUS>
<TIME>0.327908039093018</TIME>
</MPITEST>
<MPITEST>
<NAME>comm_group_rand</NAME>
<NP>2</NP>
<WORKDIR>./comm</WORKDIR>
<STATUS>pass</STATUS>
<TIME>0.211843967437744</TIME>
</MPITEST>
<MPITEST>
<NAME>comm_group_rand</NAME>
<NP>4</NP>
<WORKDIR>./comm</WORKDIR>
<STATUS>pass</STATUS>
<TIME>0.250923156738281</TIME>
</MPITEST>
<MPITEST>
<NAME>comm_group_rand</NAME>
<NP>8</NP>
<WORKDIR>./comm</WORKDIR>
<STATUS>pass</STATUS>
<TIME>0.331758975982666</TIME>
</MPITEST>
<MPITEST>
<NAME>comm_idup</NAME>
<NP>2</NP>
<WORKDIR>./comm</WORKDIR>
<STATUS>pass</STATUS>
<TIME>0.222280025482178</TIME>
</MPITEST>
<MPITEST>
<NAME>comm_idup</NAME>
<NP>4</NP>
<WORKDIR>./comm</WORKDIR>
<STATUS>pass</STATUS>
<TIME>0.250709056854248</TIME>
</MPITEST>
<MPITEST>
<NAME>comm_idup</NAME>
<NP>9</NP>
<WORKDIR>./comm</WORKDIR>
<STATUS>pass</STATUS>
<TIME>0.360869169235229</TIME>
</MPITEST>
<MPITEST>
<NAME>comm_idup_mul</NAME>
<NP>2</NP>
<WORKDIR>./comm</WORKDIR>
<STATUS>pass</STATUS>
<TIME>0.222784996032715</TIME>
</MPITEST>
<MPITEST>
<NAME>comm_idup_overlap</NAME>
<NP>2</NP>
<WORKDIR>./comm</WORKDIR>
<STATUS>pass</STATUS>
<TIME>0.222360849380493</TIME>
</MPITEST>
<MPITEST>
<NAME>comm_idup_iallreduce</NAME>
<NP>6</NP>
<WORKDIR>./comm</WORKDIR>
<STATUS>pass</STATUS>
<TIME>0.275213956832886</TIME>
</MPITEST>
<MPITEST>
<NAME>comm_idup_nb</NAME>
<NP>6</NP>
<WORKDIR>./comm</WORKDIR>
<STATUS>pass</STATUS>
<TIME>0.29486083984375</TIME>
</MPITEST>
<MPITEST>
<NAME>comm_idup_isend</NAME>
<NP>6</NP>
<WORKDIR>./comm</WORKDIR>
<STATUS>pass</STATUS>
<TIME>0.280795812606812</TIME>
</MPITEST>
<MPITEST>
<NAME>comm_idup_comm</NAME>
<NP>6</NP>
<WORKDIR>./comm</WORKDIR>
<STATUS>pass</STATUS>
<TIME>0.304702043533325</TIME>
</MPITEST>
<MPITEST>
<NAME>comm_idup_comm2</NAME>
<NP>6</NP>
<WORKDIR>./comm</WORKDIR>
<STATUS>pass</STATUS>
<TIME>0.286681890487671</TIME>
</MPITEST>
<MPITEST>
<NAME>dup_with_info</NAME>
<NP>2</NP>
<WORKDIR>./comm</WORKDIR>
<STATUS>pass</STATUS>
<TIME>0.208176136016846</TIME>
</MPITEST>
<MPITEST>
<NAME>dup_with_info</NAME>
<NP>4</NP>
<WORKDIR>./comm</WORKDIR>
<STATUS>pass</STATUS>
<TIME>0.244065999984741</TIME>
</MPITEST>
<MPITEST>
<NAME>dup_with_info</NAME>
<NP>9</NP>
<WORKDIR>./comm</WORKDIR>
<STATUS>pass</STATUS>
<TIME>0.380781888961792</TIME>
</MPITEST>
<MPITEST>
<NAME>comm_info</NAME>
<NP>6</NP>
<WORKDIR>./comm</WORKDIR>
<STATUS>pass</STATUS>
<TIME>0.284595012664795</TIME>
</MPITEST>
<MPITEST>
<NAME>comm_create_group_idup</NAME>
<NP>4</NP>
<WORKDIR>./comm</WORKDIR>
<STATUS>pass</STATUS>
<TIME>0.255340099334717</TIME>
</MPITEST>
<MPITEST>
<NAME>contents</NAME>
<NP>1</NP>
<WORKDIR>./datatype</WORKDIR>
<STATUS>pass</STATUS>
<TIME>0.209397077560425</TIME>
</MPITEST>
<MPITEST>
<NAME>gaddress</NAME>
<NP>1</NP>
<WORKDIR>./datatype</WORKDIR>
<STATUS>pass</STATUS>
<TIME>0.200717926025391</TIME>
</MPITEST>
<MPITEST>
<NAME>lbub</NAME>
<NP>1</NP>
<WORKDIR>./datatype</WORKDIR>
<STATUS>pass</STATUS>
<TIME>0.203161001205444</TIME>
</MPITEST>
<MPITEST>
<NAME>localpack</NAME>
<NP>1</NP>
<WORKDIR>./datatype</WORKDIR>
<STATUS>pass</STATUS>
<TIME>0.203332185745239</TIME>
</MPITEST>
<MPITEST>
<NAME>simple_pack</NAME>
<NP>1</NP>
<WORKDIR>./datatype</WORKDIR>
<STATUS>pass</STATUS>
<TIME>0.203351974487305</TIME>
</MPITEST>
<MPITEST>
<NAME>simple_pack_external</NAME>
<NP>1</NP>
<WORKDIR>./datatype</WORKDIR>
<STATUS>pass</STATUS>
<TIME>0.207626104354858</TIME>
</MPITEST>
<MPITEST>
<NAME>simple_pack_external2</NAME>
<NP>1</NP>
<WORKDIR>./datatype</WORKDIR>
<STATUS>pass</STATUS>
<TIME>0.210978031158447</TIME>
</MPITEST>
<MPITEST>
<NAME>transpose_pack</NAME>
<NP>1</NP>
<WORKDIR>./datatype</WORKDIR>
<STATUS>pass</STATUS>
<TIME>0.19771409034729</TIME>
</MPITEST>
<MPITEST>
<NAME>slice_pack</NAME>
<NP>1</NP>
<WORKDIR>./datatype</WORKDIR>
<STATUS>pass</STATUS>
<TIME>0.216436147689819</TIME>
</MPITEST>
<MPITEST>
<NAME>struct_pack</NAME>
<NP>1</NP>
<WORKDIR>./datatype</WORKDIR>
<STATUS>pass</STATUS>
<TIME>0.209710121154785</TIME>
</MPITEST>
<MPITEST>
<NAME>structpack2</NAME>
<NP>1</NP>
<WORKDIR>./datatype</WORKDIR>
<STATUS>pass</STATUS>
<TIME>0.20350193977356</TIME>
</MPITEST>
<MPITEST>
<NAME>typecommit</NAME>
<NP>1</NP>
<WORKDIR>./datatype</WORKDIR>
<STATUS>pass</STATUS>
<TIME>0.205719232559204</TIME>
</MPITEST>
<MPITEST>
<NAME>typename</NAME>
<NP>1</NP>
<WORKDIR>./datatype</WORKDIR>
<STATUS>pass</STATUS>
<TIME>0.201766014099121</TIME>
</MPITEST>
<MPITEST>
<NAME>typefree</NAME>
<NP>1</NP>
<WORKDIR>./datatype</WORKDIR>
<STATUS>pass</STATUS>
<TIME>0.209375143051147</TIME>
</MPITEST>
<MPITEST>
<NAME>zeroparms</NAME>
<NP>1</NP>
<WORKDIR>./datatype</WORKDIR>
<STATUS>pass</STATUS>
<TIME>0.205513000488281</TIME>
</MPITEST>
<MPITEST>
<NAME>concurrent_irecv</NAME>
<NP>3</NP>
<WORKDIR>./datatype</WORKDIR>
<STATUS>pass</STATUS>
<TIME>0.223320007324219</TIME>
</MPITEST>
<MPITEST>
<NAME>getpartelm</NAME>
<NP>2</NP>
<WORKDIR>./datatype</WORKDIR>
<STATUS>pass</STATUS>
<TIME>0.212570190429688</TIME>
</MPITEST>
<MPITEST>
<NAME>tresized</NAME>
<NP>2</NP>
<WORKDIR>./datatype</WORKDIR>
<STATUS>pass</STATUS>
<TIME>0.222265958786011</TIME>
</MPITEST>
<MPITEST>
<NAME>tresized2</NAME>
<NP>2</NP>
<WORKDIR>./datatype</WORKDIR>
<STATUS>pass</STATUS>
<TIME>0.213983058929443</TIME>
</MPITEST>
<MPITEST>
<NAME>sendrecvt2</NAME>
<NP>2</NP>
<WORKDIR>./datatype</WORKDIR>
<STATUS>pass</STATUS>
<TIME>0.220430850982666</TIME>
</MPITEST>
<MPITEST>
<NAME>sendrecvt4</NAME>
<NP>2</NP>
<WORKDIR>./datatype</WORKDIR>
<STATUS>pass</STATUS>
<TIME>0.214689970016479</TIME>
</MPITEST>
<MPITEST>
<NAME>tmatchsize</NAME>
<NP>1</NP>
<WORKDIR>./datatype</WORKDIR>
<STATUS>pass</STATUS>
<TIME>0.197274208068848</TIME>
</MPITEST>
<MPITEST>
<NAME>tfree</NAME>
<NP>2</NP>
<WORKDIR>./datatype</WORKDIR>
<STATUS>pass</STATUS>
<TIME>0.216264009475708</TIME>
</MPITEST>
<MPITEST>
<NAME>typelb</NAME>
<NP>1</NP>
<WORKDIR>./datatype</WORKDIR>
<STATUS>pass</STATUS>
<TIME>0.200225114822388</TIME>
</MPITEST>
<MPITEST>
<NAME>contigstruct</NAME>
<NP>1</NP>
<WORKDIR>./datatype</WORKDIR>
<STATUS>pass</STATUS>
<TIME>0.196431159973145</TIME>
</MPITEST>
<MPITEST>
<NAME>struct_zero_count</NAME>
<NP>1</NP>
<WORKDIR>./datatype</WORKDIR>
<STATUS>pass</STATUS>
<TIME>0.198993921279907</TIME>
</MPITEST>
<MPITEST>
<NAME>blockindexed_zero_count</NAME>
<NP>1</NP>
<WORKDIR>./datatype</WORKDIR>
<STATUS>pass</STATUS>
<TIME>0.205052852630615</TIME>
</MPITEST>
<MPITEST>
<NAME>blockindexed_misc</NAME>
<NP>1</NP>
<WORKDIR>./datatype</WORKDIR>
<STATUS>pass</STATUS>
<TIME>0.210028171539307</TIME>
</MPITEST>
<MPITEST>
<NAME>indexed_misc</NAME>
<NP>1</NP>
<WORKDIR>./datatype</WORKDIR>
<STATUS>pass</STATUS>
<TIME>0.197335004806519</TIME>
</MPITEST>
<MPITEST>
<NAME>subarray_pack</NAME>
<NP>1</NP>
<WORKDIR>./datatype</WORKDIR>
<STATUS>pass</STATUS>
<TIME>0.204609155654907</TIME>
</MPITEST>
<MPITEST>
<NAME>subarray</NAME>
<NP>2</NP>
<WORKDIR>./datatype</WORKDIR>
<STATUS>pass</STATUS>
<TIME>0.210116863250732</TIME>
</MPITEST>
<MPITEST>
<NAME>darray_pack</NAME>
<NP>1</NP>
<WORKDIR>./datatype</WORKDIR>
<STATUS>pass</STATUS>
<TIME>0.205264091491699</TIME>
</MPITEST>
<MPITEST>
<NAME>darray_pack</NAME>
<NP>9</NP>
<WORKDIR>./datatype</WORKDIR>
<STATUS>pass</STATUS>
<TIME>0.349220991134644</TIME>
</MPITEST>
<MPITEST>
<NAME>darray_cyclic</NAME>
<NP>12</NP>
<WORKDIR>./datatype</WORKDIR>
<STATUS>pass</STATUS>
<TIME>0.450224876403809</TIME>
</MPITEST>
<MPITEST>
<NAME>pairtype_size_extent</NAME>
<NP>1</NP>
<WORKDIR>./datatype</WORKDIR>
<STATUS>pass</STATUS>
<TIME>0.207649946212769</TIME>
</MPITEST>
<MPITEST>
<NAME>simple_commit</NAME>
<NP>1</NP>
<WORKDIR>./datatype</WORKDIR>
<STATUS>pass</STATUS>
<TIME>0.206079006195068</TIME>
</MPITEST>
<MPITEST>
<NAME>simple_size_extent</NAME>
<NP>1</NP>
<WORKDIR>./datatype</WORKDIR>
<STATUS>pass</STATUS>
<TIME>0.197144985198975</TIME>
</MPITEST>
<MPITEST>
<NAME>struct_no_real_types</NAME>
<NP>1</NP>
<WORKDIR>./datatype</WORKDIR>
<STATUS>pass</STATUS>
<TIME>0.213328838348389</TIME>
</MPITEST>
<MPITEST>
<NAME>struct_empty_el</NAME>
<NP>1</NP>
<WORKDIR>./datatype</WORKDIR>
<STATUS>pass</STATUS>
<TIME>0.211007833480835</TIME>
</MPITEST>
<MPITEST>
<NAME>contig_zero_count</NAME>
<NP>1</NP>
<WORKDIR>./datatype</WORKDIR>
<STATUS>pass</STATUS>
<TIME>0.194259881973267</TIME>
</MPITEST>
<MPITEST>
<NAME>simple_resized</NAME>
<NP>1</NP>
<WORKDIR>./datatype</WORKDIR>
<STATUS>pass</STATUS>
<TIME>0.211655139923096</TIME>
</MPITEST>
<MPITEST>
<NAME>unusual_noncontigs</NAME>
<NP>1</NP>
<WORKDIR>./datatype</WORKDIR>
<STATUS>pass</STATUS>
<TIME>0.204436779022217</TIME>
</MPITEST>
<MPITEST>
<NAME>hindexed_zeros</NAME>
<NP>1</NP>
<WORKDIR>./datatype</WORKDIR>
<STATUS>pass</STATUS>
<TIME>0.212457180023193</TIME>
</MPITEST>
<MPITEST>
<NAME>lots_of_types</NAME>
<NP>1</NP>
<WORKDIR>./datatype</WORKDIR>
<STATUS>pass</STATUS>
<TIME>0.241490840911865</TIME>
</MPITEST>
<MPITEST>
<NAME>get_elements_pairtype</NAME>
<NP>1</NP>
<WORKDIR>./datatype</WORKDIR>
<STATUS>pass</STATUS>
<TIME>0.195298910140991</TIME>
</MPITEST>
<MPITEST>
<NAME>unpack</NAME>
<NP>1</NP>
<WORKDIR>./datatype</WORKDIR>
<STATUS>pass</STATUS>
<TIME>0.207440853118896</TIME>
</MPITEST>
<MPITEST>
<NAME>struct_ezhov</NAME>
<NP>1</NP>
<WORKDIR>./datatype</WORKDIR>
<STATUS>pass</STATUS>
<TIME>0.207685947418213</TIME>
</MPITEST>
<MPITEST>
<NAME>zeroblks</NAME>
<NP>1</NP>
<WORKDIR>./datatype</WORKDIR>
<STATUS>pass</STATUS>
<TIME>0.206962108612061</TIME>
</MPITEST>
<MPITEST>
<NAME>struct_derived_zeros</NAME>
<NP>1</NP>
<WORKDIR>./datatype</WORKDIR>
<STATUS>pass</STATUS>
<TIME>0.205431938171387</TIME>
</MPITEST>
<MPITEST>
<NAME>struct_verydeep</NAME>
<NP>1</NP>
<WORKDIR>./datatype</WORKDIR>
<STATUS>pass</STATUS>
<TIME>0.202428817749023</TIME>
</MPITEST>
<MPITEST>
<NAME>get_elements</NAME>
<NP>1</NP>
<WORKDIR>./datatype</WORKDIR>
<STATUS>pass</STATUS>
<TIME>0.206470966339111</TIME>
</MPITEST>
<MPITEST>
<NAME>hindexed_block</NAME>
<NP>1</NP>
<WORKDIR>./datatype</WORKDIR>
<STATUS>pass</STATUS>
<TIME>0.202789068222046</TIME>
</MPITEST>
<MPITEST>
<NAME>hindexed_block_contents</NAME>
<NP>1</NP>
<WORKDIR>./datatype</WORKDIR>
<STATUS>pass</STATUS>
<TIME>0.211236953735352</TIME>
</MPITEST>
<MPITEST>
<NAME>vecblklen</NAME>
<NP>1</NP>
<WORKDIR>./datatype</WORKDIR>
<STATUS>pass</STATUS>
<TIME>0.206670045852661</TIME>
</MPITEST>
<MPITEST>
<NAME>hvecblklen</NAME>
<NP>1</NP>
<WORKDIR>./datatype</WORKDIR>
<STATUS>pass</STATUS>
<TIME>0.215094089508057</TIME>
</MPITEST>
<MPITEST>
<NAME>longdouble</NAME>
<NP>1</NP>
<WORKDIR>./datatype</WORKDIR>
<STATUS>pass</STATUS>
<TIME>0.199712038040161</TIME>
</MPITEST>
<MPITEST>
<NAME>dataalign</NAME>
<NP>2</NP>
<WORKDIR>./datatype</WORKDIR>
<STATUS>pass</STATUS>
<TIME>0.21612811088562</TIME>
</MPITEST>
<MPITEST>
<NAME>cxx_types</NAME>
<NP>1</NP>
<WORKDIR>./datatype</WORKDIR>
<STATUS>pass</STATUS>
<TIME>0.212698936462402</TIME>
</MPITEST>
<MPITEST>
<NAME>adderr</NAME>
<NP>1</NP>
<WORKDIR>./errhan</WORKDIR>
<STATUS>pass</STATUS>
<TIME>0.206779003143311</TIME>
</MPITEST>
<MPITEST>
<NAME>commcall</NAME>
<NP>2</NP>
<WORKDIR>./errhan</WORKDIR>
<STATUS>pass</STATUS>
<TIME>0.239641904830933</TIME>
</MPITEST>
<MPITEST>
<NAME>errfatal</NAME>
<NP>1</NP>
<WORKDIR>./errhan</WORKDIR>
<STATUS>pass</STATUS>
<TIME>0</TIME>
</MPITEST>
<MPITEST>
<NAME>predef_eh</NAME>
<NP>1</NP>
<WORKDIR>./errhan</WORKDIR>
<STATUS>pass</STATUS>
<TIME>0.209604024887085</TIME>
</MPITEST>
<MPITEST>
<NAME>predef_eh</NAME>
<NP>2</NP>
<WORKDIR>./errhan</WORKDIR>
<STATUS>pass</STATUS>
<TIME>0.209763050079346</TIME>
</MPITEST>
<MPITEST>
<NAME>errstring2</NAME>
<NP>1</NP>
<WORKDIR>./errhan</WORKDIR>
<STATUS>pass</STATUS>
<TIME>0.21130895614624</TIME>
</MPITEST>
<MPITEST>
<NAME>dynamic_errcode_predefined_errclass</NAME>
<NP>1</NP>
<WORKDIR>./errhan</WORKDIR>
<STATUS>pass</STATUS>
<TIME>0.202972888946533</TIME>
</MPITEST>
<MPITEST>
<NAME>groupcreate</NAME>
<NP>4</NP>
<WORKDIR>./group</WORKDIR>
<STATUS>pass</STATUS>
<TIME>0.244148969650269</TIME>
</MPITEST>
<MPITEST>
<NAME>grouptest</NAME>
<NP>8</NP>
<WORKDIR>./group</WORKDIR>
<STATUS>pass</STATUS>
<TIME>0.352405786514282</TIME>
</MPITEST>
<MPITEST>
<NAME>grouptest2</NAME>
<NP>4</NP>
<WORKDIR>./group</WORKDIR>
<STATUS>pass</STATUS>
<TIME>0.241244792938232</TIME>
</MPITEST>
<MPITEST>
<NAME>groupnullincl</NAME>
<NP>4</NP>
<WORKDIR>./group</WORKDIR>
<STATUS>pass</STATUS>
<TIME>0.235106945037842</TIME>
</MPITEST>
<MPITEST>
<NAME>gtranks</NAME>
<NP>8</NP>
<WORKDIR>./group</WORKDIR>
<STATUS>pass</STATUS>
<TIME>0.317988872528076</TIME>
</MPITEST>
<MPITEST>
<NAME>gtranksperf</NAME>
<NP>20</NP>
<WORKDIR>./group</WORKDIR>
<STATUS>pass</STATUS>
<TIME>10.7994840145111</TIME>
</MPITEST>
<MPITEST>
<NAME>infodup</NAME>
<NP>1</NP>
<WORKDIR>./info</WORKDIR>
<STATUS>pass</STATUS>
<TIME>0.204436063766479</TIME>
</MPITEST>
<MPITEST>
<NAME>infodel</NAME>
<NP>1</NP>
<WORKDIR>./info</WORKDIR>
<STATUS>pass</STATUS>
<TIME>0.200156927108765</TIME>
</MPITEST>
<MPITEST>
<NAME>infovallen</NAME>
<NP>1</NP>
<WORKDIR>./info</WORKDIR>
<STATUS>pass</STATUS>
<TIME>0.212452173233032</TIME>
</MPITEST>
<MPITEST>
<NAME>infoorder</NAME>
<NP>1</NP>
<WORKDIR>./info</WORKDIR>
<STATUS>pass</STATUS>
<TIME>0.207395076751709</TIME>
</MPITEST>
<MPITEST>
<NAME>infomany</NAME>
<NP>1</NP>
<WORKDIR>./info</WORKDIR>
<STATUS>pass</STATUS>
<TIME>0.299823999404907</TIME>
</MPITEST>
<MPITEST>
<NAME>infomany2</NAME>
<NP>1</NP>
<WORKDIR>./info</WORKDIR>
<STATUS>pass</STATUS>
<TIME>0.314631938934326</TIME>
</MPITEST>
<MPITEST>
<NAME>infotest</NAME>
<NP>1</NP>
<WORKDIR>./info</WORKDIR>
<STATUS>pass</STATUS>
<TIME>0.213300943374634</TIME>
</MPITEST>
<MPITEST>
<NAME>infoget</NAME>
<NP>1</NP>
<WORKDIR>./info</WORKDIR>
<STATUS>pass</STATUS>
<TIME>0.208430051803589</TIME>
</MPITEST>
<MPITEST>
<NAME>infoenv</NAME>
<NP>1</NP>
<WORKDIR>./info</WORKDIR>
<STATUS>pass</STATUS>
<TIME>0.192605972290039</TIME>
</MPITEST>
<MPITEST>
<NAME>exitst1</NAME>
<NP>2</NP>
<WORKDIR>./init</WORKDIR>
<STATUS>pass</STATUS>
<TIME>0</TIME>
</MPITEST>
<MPITEST>
<NAME>exitst2</NAME>
<NP>4</NP>
<WORKDIR>./init</WORKDIR>
<STATUS>pass</STATUS>
<TIME>0</TIME>
</MPITEST>
<MPITEST>
<NAME>initstat</NAME>
<NP>1</NP>
<WORKDIR>./init</WORKDIR>
<STATUS>pass</STATUS>
<TIME>0.200258016586304</TIME>
</MPITEST>
<MPITEST>
<NAME>timeout</NAME>
<NP>2</NP>
<WORKDIR>./init</WORKDIR>
<STATUS>pass</STATUS>
<TIME>0</TIME>
</MPITEST>
<MPITEST>
<NAME>version</NAME>
<NP>1</NP>
<WORKDIR>./init</WORKDIR>
<STATUS>pass</STATUS>
<TIME>0.207399845123291</TIME>
</MPITEST>
<MPITEST>
<NAME>finalized</NAME>
<NP>1</NP>
<WORKDIR>./init</WORKDIR>
<STATUS>pass</STATUS>
<TIME>0.200981855392456</TIME>
</MPITEST>
<MPITEST>
<NAME>attrself</NAME>
<NP>1</NP>
<WORKDIR>./init</WORKDIR>
<STATUS>pass</STATUS>
<TIME>0.203415870666504</TIME>
</MPITEST>
<MPITEST>
<NAME>library_version</NAME>
<NP>1</NP>
<WORKDIR>./init</WORKDIR>
<STATUS>pass</STATUS>
<TIME>0.202708005905151</TIME>
</MPITEST>
<MPITEST>
<NAME>mpi_t_str</NAME>
<NP>1</NP>
<WORKDIR>./mpi_t</WORKDIR>
<STATUS>pass</STATUS>
<TIME>0.20716381072998</TIME>
</MPITEST>
<MPITEST>
<NAME>mpit_vars</NAME>
<NP>1</NP>
<WORKDIR>./mpi_t</WORKDIR>
<STATUS>pass</STATUS>
<TIME>0.204985857009888</TIME>
</MPITEST>
<MPITEST>
<NAME>cvarwrite</NAME>
<NP>1</NP>
<WORKDIR>./mpi_t</WORKDIR>
<STATUS>pass</STATUS>
<TIME>0.204142093658447</TIME>
</MPITEST>
<MPITEST>
<NAME>getindex</NAME>
<NP>1</NP>
<WORKDIR>./mpi_t</WORKDIR>
<STATUS>pass</STATUS>
<TIME>0.207161903381348</TIME>
</MPITEST>
<MPITEST>
<NAME>sendrecv2</NAME>
<NP>2</NP>
<WORKDIR>./pt2pt</WORKDIR>
<STATUS>pass</STATUS>
<TIME>0.223554134368896</TIME>
</MPITEST>
<MPITEST>
<NAME>sendrecv3</NAME>
<NP>2</NP>
<WORKDIR>./pt2pt</WORKDIR>
<STATUS>pass</STATUS>
<TIME>4.21427392959595</TIME>
</MPITEST>
<MPITEST>
<NAME>sendflood</NAME>
<NP>8</NP>
<WORKDIR>./pt2pt</WORKDIR>
<STATUS>pass</STATUS>
<TIME>0.841755151748657</TIME>
</MPITEST>
<MPITEST>
<NAME>sendall</NAME>
<NP>4</NP>
<WORKDIR>./pt2pt</WORKDIR>
<STATUS>pass</STATUS>
<TIME>0.25078296661377</TIME>
</MPITEST>
<MPITEST>
<NAME>anyall</NAME>
<NP>2</NP>
<WORKDIR>./pt2pt</WORKDIR>
<STATUS>pass</STATUS>
<TIME>0.216773986816406</TIME>
</MPITEST>
<MPITEST>
<NAME>eagerdt</NAME>
<NP>2</NP>
<WORKDIR>./pt2pt</WORKDIR>
<STATUS>pass</STATUS>
<TIME>2.21120810508728</TIME>
</MPITEST>
<MPITEST>
<NAME>bottom</NAME>
<NP>2</NP>
<WORKDIR>./pt2pt</WORKDIR>
<STATUS>pass</STATUS>
<TIME>0.210095882415771</TIME>
</MPITEST>
<MPITEST>
<NAME>bsend1</NAME>
<NP>1</NP>
<WORKDIR>./pt2pt</WORKDIR>
<STATUS>pass</STATUS>
<TIME>0.206201076507568</TIME>
</MPITEST>
<MPITEST>
<NAME>bsend2</NAME>
<NP>1</NP>
<WORKDIR>./pt2pt</WORKDIR>
<STATUS>pass</STATUS>
<TIME>0.200091123580933</TIME>
</MPITEST>
<MPITEST>
<NAME>bsend3</NAME>
<NP>1</NP>
<WORKDIR>./pt2pt</WORKDIR>
<STATUS>pass</STATUS>
<TIME>0.206048965454102</TIME>
</MPITEST>
<MPITEST>
<NAME>bsend4</NAME>
<NP>1</NP>
<WORKDIR>./pt2pt</WORKDIR>
<STATUS>pass</STATUS>
<TIME>0.199256896972656</TIME>
</MPITEST>
<MPITEST>
<NAME>bsend5</NAME>
<NP>4</NP>
<WORKDIR>./pt2pt</WORKDIR>
<STATUS>pass</STATUS>
<TIME>0.23931097984314</TIME>
</MPITEST>
<MPITEST>
<NAME>bsendalign</NAME>
<NP>2</NP>
<WORKDIR>./pt2pt</WORKDIR>
<STATUS>pass</STATUS>
<TIME>0.216590166091919</TIME>
</MPITEST>
<MPITEST>
<NAME>bsendpending</NAME>
<NP>2</NP>
<WORKDIR>./pt2pt</WORKDIR>
<STATUS>pass</STATUS>
<TIME>8.233393907547</TIME>
</MPITEST>
<MPITEST>
<NAME>isendself</NAME>
<NP>1</NP>
<WORKDIR>./pt2pt</WORKDIR>
<STATUS>pass</STATUS>
<TIME>0.205590009689331</TIME>
</MPITEST>
<MPITEST>
<NAME>isendirecv</NAME>
<NP>10</NP>
<WORKDIR>./pt2pt</WORKDIR>
<STATUS>pass</STATUS>
<TIME>0.395776987075806</TIME>
</MPITEST>
<MPITEST>
<NAME>bsendfrag</NAME>
<NP>2</NP>
<WORKDIR>./pt2pt</WORKDIR>
<STATUS>pass</STATUS>
<TIME>0.215506076812744</TIME>
</MPITEST>
<MPITEST>
<NAME>icsend</NAME>
<NP>4</NP>
<WORKDIR>./pt2pt</WORKDIR>
<STATUS>pass</STATUS>
<TIME>0.260325908660889</TIME>
</MPITEST>
<MPITEST>
<NAME>rqstatus</NAME>
<NP>2</NP>
<WORKDIR>./pt2pt</WORKDIR>
<STATUS>pass</STATUS>
<TIME>0.212090015411377</TIME>
</MPITEST>
<MPITEST>
<NAME>rqfreeb</NAME>
<NP>4</NP>
<WORKDIR>./pt2pt</WORKDIR>
<STATUS>pass</STATUS>
<TIME>0.228846788406372</TIME>
</MPITEST>
<MPITEST>
<NAME>greq1</NAME>
<NP>1</NP>
<WORKDIR>./pt2pt</WORKDIR>
<STATUS>pass</STATUS>
<TIME>0.201204061508179</TIME>
</MPITEST>
<MPITEST>
<NAME>probe_unexp</NAME>
<NP>4</NP>
<WORKDIR>./pt2pt</WORKDIR>
<STATUS>pass</STATUS>
<TIME>0.268822193145752</TIME>
</MPITEST>
<MPITEST>
<NAME>probenull</NAME>
<NP>1</NP>
<WORKDIR>./pt2pt</WORKDIR>
<STATUS>pass</STATUS>
<TIME>0.19831109046936</TIME>
</MPITEST>
<MPITEST>
<NAME>rcancel</NAME>
<NP>2</NP>
<WORKDIR>./pt2pt</WORKDIR>
<STATUS>pass</STATUS>
<TIME>0.21799898147583</TIME>
</MPITEST>
<MPITEST>
<NAME>cancelanysrc</NAME>
<NP>2</NP>
<WORKDIR>./pt2pt</WORKDIR>
<STATUS>pass</STATUS>
<TIME>0.217832088470459</TIME>
</MPITEST>
<MPITEST>
<NAME>isendselfprobe</NAME>
<NP>1</NP>
<WORKDIR>./pt2pt</WORKDIR>
<STATUS>pass</STATUS>
<TIME>0.19480299949646</TIME>
</MPITEST>
<MPITEST>
<NAME>inactivereq</NAME>
<NP>1</NP>
<WORKDIR>./pt2pt</WORKDIR>
<STATUS>pass</STATUS>
<TIME>0.202560901641846</TIME>
</MPITEST>
<MPITEST>
<NAME>waittestnull</NAME>
<NP>1</NP>
<WORKDIR>./pt2pt</WORKDIR>
<STATUS>pass</STATUS>
<TIME>0.209184885025024</TIME>
</MPITEST>
<MPITEST>
<NAME>waitany_null</NAME>
<NP>1</NP>
<WORKDIR>./pt2pt</WORKDIR>
<STATUS>pass</STATUS>
<TIME>0.204202890396118</TIME>
</MPITEST>
<MPITEST>
<NAME>mprobe</NAME>
<NP>2</NP>
<WORKDIR>./pt2pt</WORKDIR>
<STATUS>pass</STATUS>
<TIME>0.222760915756226</TIME>
</MPITEST>
<MPITEST>
<NAME>big_count_status</NAME>
<NP>1</NP>
<WORKDIR>./pt2pt</WORKDIR>
<STATUS>pass</STATUS>
<TIME>0.204408168792725</TIME>
</MPITEST>
<MPITEST>
<NAME>many_isend</NAME>
<NP>3</NP>
<WORKDIR>./pt2pt</WORKDIR>
<STATUS>pass</STATUS>
<TIME>0.223395109176636</TIME>
</MPITEST>
<MPITEST>
<NAME>manylmt</NAME>
<NP>2</NP>
<WORKDIR>./pt2pt</WORKDIR>
<STATUS>pass</STATUS>
<TIME>0.408378124237061</TIME>
</MPITEST>
<MPITEST>
<NAME>huge_underflow</NAME>
<NP>2</NP>
<WORKDIR>./pt2pt</WORKDIR>
<STATUS>pass</STATUS>
<TIME>0.210942983627319</TIME>
</MPITEST>
<MPITEST>
<NAME>huge_anysrc</NAME>
<NP>2</NP>
<WORKDIR>./pt2pt</WORKDIR>
<STATUS>pass</STATUS>
<TIME>0.404628992080688</TIME>
</MPITEST>
<MPITEST>
<NAME>huge_dupcomm</NAME>
<NP>2</NP>
<WORKDIR>./pt2pt</WORKDIR>
<STATUS>pass</STATUS>
<TIME>0.228563070297241</TIME>
</MPITEST>
<MPITEST>
<NAME>dtype_send</NAME>
<NP>2</NP>
<WORKDIR>./pt2pt</WORKDIR>
<STATUS>pass</STATUS>
<TIME>0.215528011322021</TIME>
</MPITEST>
<MPITEST>
<NAME>recv_any</NAME>
<NP>2</NP>
<WORKDIR>./pt2pt</WORKDIR>
<STATUS>pass</STATUS>
<TIME>0.228522062301636</TIME>
</MPITEST>
<MPITEST>
<NAME>irecv_any</NAME>
<NP>2</NP>
<WORKDIR>./pt2pt</WORKDIR>
<STATUS>pass</STATUS>
<TIME>0.216024875640869</TIME>
</MPITEST>
<MPITEST>
<NAME>large_tag</NAME>
<NP>2</NP>
<WORKDIR>./pt2pt</WORKDIR>
<STATUS>pass</STATUS>
<TIME>0.21560001373291</TIME>
</MPITEST>
<MPITEST>
<NAME>pingping__BASIC__L28</NAME>
<NP>2</NP>
<WORKDIR>./pt2pt</WORKDIR>
<STATUS>pass</STATUS>
<TIME>0.327433824539185</TIME>
</MPITEST>
<MPITEST>
<NAME>pingping__BASIC__L28</NAME>
<NP>2</NP>
<WORKDIR>./pt2pt</WORKDIR>
<STATUS>pass</STATUS>
<TIME>0.345155000686646</TIME>
</MPITEST>
<MPITEST>
<NAME>pingping__BASIC__L28</NAME>
<NP>2</NP>
<WORKDIR>./pt2pt</WORKDIR>
<STATUS>pass</STATUS>
<TIME>0.367494106292725</TIME>
</MPITEST>
<MPITEST>
<NAME>pingping__BASIC__L28</NAME>
<NP>2</NP>
<WORKDIR>./pt2pt</WORKDIR>
<STATUS>pass</STATUS>
<TIME>0.350423097610474</TIME>
</MPITEST>
<MPITEST>
<NAME>pingping__BASIC__L28</NAME>
<NP>2</NP>
<WORKDIR>./pt2pt</WORKDIR>
<STATUS>pass</STATUS>
<TIME>0.370383977890015</TIME>
</MPITEST>
<MPITEST>
<NAME>pingping__BASIC__L28</NAME>
<NP>2</NP>
<WORKDIR>./pt2pt</WORKDIR>
<STATUS>pass</STATUS>
<TIME>0.345376014709473</TIME>
</MPITEST>
<MPITEST>
<NAME>pingping__BASIC__L28</NAME>
<NP>2</NP>
<WORKDIR>./pt2pt</WORKDIR>
<STATUS>pass</STATUS>
<TIME>0.371764183044434</TIME>
</MPITEST>
<MPITEST>
<NAME>pingping__BASIC__L28</NAME>
<NP>2</NP>
<WORKDIR>./pt2pt</WORKDIR>
<STATUS>pass</STATUS>
<TIME>0.353296041488647</TIME>
</MPITEST>
<MPITEST>
<NAME>pingping__BASIC__L28</NAME>
<NP>2</NP>
<WORKDIR>./pt2pt</WORKDIR>
<STATUS>pass</STATUS>
<TIME>0.371394872665405</TIME>
</MPITEST>
<MPITEST>
<NAME>pingping__BASIC__L28</NAME>
<NP>2</NP>
<WORKDIR>./pt2pt</WORKDIR>
<STATUS>pass</STATUS>
<TIME>0.358563899993896</TIME>
</MPITEST>
<MPITEST>
<NAME>pingping__BASIC__L28</NAME>
<NP>2</NP>
<WORKDIR>./pt2pt</WORKDIR>
<STATUS>pass</STATUS>
<TIME>0.399574995040894</TIME>
</MPITEST>
<MPITEST>
<NAME>pingping__BASIC__L28</NAME>
<NP>2</NP>
<WORKDIR>./pt2pt</WORKDIR>
<STATUS>pass</STATUS>
<TIME>0.391117095947266</TIME>
</MPITEST>
<MPITEST>
<NAME>pingping__BASIC__L28</NAME>
<NP>2</NP>
<WORKDIR>./pt2pt</WORKDIR>
<STATUS>pass</STATUS>
<TIME>0.440728902816772</TIME>
</MPITEST>
<MPITEST>
<NAME>pingping__BASIC__L28</NAME>
<NP>2</NP>
<WORKDIR>./pt2pt</WORKDIR>
<STATUS>pass</STATUS>
<TIME>0.427299976348877</TIME>
</MPITEST>
<MPITEST>
<NAME>pingping__BASIC__L28</NAME>
<NP>2</NP>
<WORKDIR>./pt2pt</WORKDIR>
<STATUS>pass</STATUS>
<TIME>0.515744924545288</TIME>
</MPITEST>
<MPITEST>
<NAME>pingping__BASIC__L28</NAME>
<NP>2</NP>
<WORKDIR>./pt2pt</WORKDIR>
<STATUS>pass</STATUS>
<TIME>0.493927001953125</TIME>
</MPITEST>
<MPITEST>
<NAME>pingping__BASIC__L28</NAME>
<NP>2</NP>
<WORKDIR>./pt2pt</WORKDIR>
<STATUS>pass</STATUS>
<TIME>0.637398958206177</TIME>
</MPITEST>
<MPITEST>
<NAME>pingping__BASIC__L28</NAME>
<NP>2</NP>
<WORKDIR>./pt2pt</WORKDIR>
<STATUS>pass</STATUS>
<TIME>0.636306047439575</TIME>
</MPITEST>
<MPITEST>
<NAME>pingping__BASIC__L28</NAME>
<NP>2</NP>
<WORKDIR>./pt2pt</WORKDIR>
<STATUS>pass</STATUS>
<TIME>0.851032972335815</TIME>
</MPITEST>
<MPITEST>
<NAME>pingping__BASIC__L28</NAME>
<NP>2</NP>
<WORKDIR>./pt2pt</WORKDIR>
<STATUS>pass</STATUS>
<TIME>0.869575023651123</TIME>
</MPITEST>
<MPITEST>
<NAME>pingping__BASIC__L28</NAME>
<NP>2</NP>
<WORKDIR>./pt2pt</WORKDIR>
<STATUS>pass</STATUS>
<TIME>1.19768095016479</TIME>
</MPITEST>
<MPITEST>
<NAME>pingping__BASIC__L28</NAME>
<NP>2</NP>
<WORKDIR>./pt2pt</WORKDIR>
<STATUS>pass</STATUS>
<TIME>1.19020986557007</TIME>
</MPITEST>
<MPITEST>
<NAME>pingping__BASIC__L28</NAME>
<NP>2</NP>
<WORKDIR>./pt2pt</WORKDIR>
<STATUS>pass</STATUS>
<TIME>1.44409799575806</TIME>
</MPITEST>
<MPITEST>
<NAME>pingping__BASIC__L28</NAME>
<NP>2</NP>
<WORKDIR>./pt2pt</WORKDIR>
<STATUS>pass</STATUS>
<TIME>1.42254114151001</TIME>
</MPITEST>
<MPITEST>
<NAME>pingping__BASIC__L28</NAME>
<NP>2</NP>
<WORKDIR>./pt2pt</WORKDIR>
<STATUS>pass</STATUS>
<TIME>0.219959020614624</TIME>
</MPITEST>
<MPITEST>
<NAME>pingping__BASIC__L28</NAME>
<NP>2</NP>
<WORKDIR>./pt2pt</WORKDIR>
<STATUS>pass</STATUS>
<TIME>0.223996877670288</TIME>
</MPITEST>
<MPITEST>
<NAME>pingping__BASIC__L28</NAME>
<NP>2</NP>
<WORKDIR>./pt2pt</WORKDIR>
<STATUS>pass</STATUS>
<TIME>0.216346025466919</TIME>
</MPITEST>
<MPITEST>
<NAME>pingping__BASIC__L28</NAME>
<NP>2</NP>
<WORKDIR>./pt2pt</WORKDIR>
<STATUS>pass</STATUS>
<TIME>0.222043037414551</TIME>
</MPITEST>
<MPITEST>
<NAME>pingping__BASIC__L28</NAME>
<NP>2</NP>
<WORKDIR>./pt2pt</WORKDIR>
<STATUS>pass</STATUS>
<TIME>0.232359170913696</TIME>
</MPITEST>
<MPITEST>
<NAME>pingping__BASIC__L28</NAME>
<NP>2</NP>
<WORKDIR>./pt2pt</WORKDIR>
<STATUS>pass</STATUS>
<TIME>0.231568098068237</TIME>
</MPITEST>
<MPITEST>
<NAME>pingping__BASIC__L28</NAME>
<NP>2</NP>
<WORKDIR>./pt2pt</WORKDIR>
<STATUS>pass</STATUS>
<TIME>0.245475053787231</TIME>
</MPITEST>
<MPITEST>
<NAME>pingping__BASIC__L28</NAME>
<NP>2</NP>
<WORKDIR>./pt2pt</WORKDIR>
<STATUS>pass</STATUS>
<TIME>0.250395059585571</TIME>
</MPITEST>
<MPITEST>
<NAME>pingping__BASIC__L28</NAME>
<NP>2</NP>
<WORKDIR>./pt2pt</WORKDIR>
<STATUS>pass</STATUS>
<TIME>0.245166063308716</TIME>
</MPITEST>
<MPITEST>
<NAME>pingping__BASIC__L28</NAME>
<NP>2</NP>
<WORKDIR>./pt2pt</WORKDIR>
<STATUS>pass</STATUS>
<TIME>0.28349781036377</TIME>
</MPITEST>
<MPITEST>
<NAME>pingping__BASIC__L28</NAME>
<NP>2</NP>
<WORKDIR>./pt2pt</WORKDIR>
<STATUS>pass</STATUS>
<TIME>0.304600954055786</TIME>
</MPITEST>
<MPITEST>
<NAME>pingping__BASIC__L28</NAME>
<NP>2</NP>
<WORKDIR>./pt2pt</WORKDIR>
<STATUS>pass</STATUS>
<TIME>0.396475791931152</TIME>
</MPITEST>
<MPITEST>
<NAME>pingping__BASIC__L28</NAME>
<NP>2</NP>
<WORKDIR>./pt2pt</WORKDIR>
<STATUS>pass</STATUS>
<TIME>0.422253847122192</TIME>
</MPITEST>
<MPITEST>
<NAME>pingping__BASIC__L28</NAME>
<NP>2</NP>
<WORKDIR>./pt2pt</WORKDIR>
<STATUS>pass</STATUS>
<TIME>0.339398145675659</TIME>
</MPITEST>
<MPITEST>
<NAME>pingping__BASIC__L28</NAME>
<NP>2</NP>
<WORKDIR>./pt2pt</WORKDIR>
<STATUS>pass</STATUS>
<TIME>0.358196020126343</TIME>
</MPITEST>
<MPITEST>
<NAME>pingping__BASIC__L28</NAME>
<NP>2</NP>
<WORKDIR>./pt2pt</WORKDIR>
<STATUS>pass</STATUS>
<TIME>0.364321947097778</TIME>
</MPITEST>
<MPITEST>
<NAME>pingping__BASIC__L28</NAME>
<NP>2</NP>
<WORKDIR>./pt2pt</WORKDIR>
<STATUS>pass</STATUS>
<TIME>0.348607063293457</TIME>
</MPITEST>
<MPITEST>
<NAME>pingping__BASIC__L28</NAME>
<NP>2</NP>
<WORKDIR>./pt2pt</WORKDIR>
<STATUS>pass</STATUS>
<TIME>0.364609003067017</TIME>
</MPITEST>
<MPITEST>
<NAME>pingping__BASIC__L28</NAME>
<NP>2</NP>
<WORKDIR>./pt2pt</WORKDIR>
<STATUS>pass</STATUS>
<TIME>0.343991041183472</TIME>
</MPITEST>
<MPITEST>
<NAME>pingping__BASIC__L28</NAME>
<NP>2</NP>
<WORKDIR>./pt2pt</WORKDIR>
<STATUS>pass</STATUS>
<TIME>0.372566938400269</TIME>
</MPITEST>
<MPITEST>
<NAME>pingping__BASIC__L28</NAME>
<NP>2</NP>
<WORKDIR>./pt2pt</WORKDIR>
<STATUS>pass</STATUS>
<TIME>0.353303194046021</TIME>
</MPITEST>
<MPITEST>
<NAME>pingping__BASIC__L28</NAME>
<NP>2</NP>
<WORKDIR>./pt2pt</WORKDIR>
<STATUS>pass</STATUS>
<TIME>0.366360902786255</TIME>
</MPITEST>
<MPITEST>
<NAME>pingping__BASIC__L28</NAME>
<NP>2</NP>
<WORKDIR>./pt2pt</WORKDIR>
<STATUS>pass</STATUS>
<TIME>0.369256019592285</TIME>
</MPITEST>
<MPITEST>
<NAME>pingping__BASIC__L28</NAME>
<NP>2</NP>
<WORKDIR>./pt2pt</WORKDIR>
<STATUS>pass</STATUS>
<TIME>0.390510082244873</TIME>
</MPITEST>
<MPITEST>
<NAME>pingping__BASIC__L28</NAME>
<NP>2</NP>
<WORKDIR>./pt2pt</WORKDIR>
<STATUS>pass</STATUS>
<TIME>0.402776956558228</TIME>
</MPITEST>
<MPITEST>
<NAME>pingping__BASIC__L28</NAME>
<NP>2</NP>
<WORKDIR>./pt2pt</WORKDIR>
<STATUS>pass</STATUS>
<TIME>0.452198028564453</TIME>
</MPITEST>
<MPITEST>
<NAME>pingping__BASIC__L28</NAME>
<NP>2</NP>
<WORKDIR>./pt2pt</WORKDIR>
<STATUS>pass</STATUS>
<TIME>0.443344831466675</TIME>
</MPITEST>
<MPITEST>
<NAME>pingping__BASIC__L28</NAME>
<NP>2</NP>
<WORKDIR>./pt2pt</WORKDIR>
<STATUS>pass</STATUS>
<TIME>0.532174110412598</TIME>
</MPITEST>
<MPITEST>
<NAME>pingping__BASIC__L28</NAME>
<NP>2</NP>
<WORKDIR>./pt2pt</WORKDIR>
<STATUS>pass</STATUS>
<TIME>0.55450701713562</TIME>
</MPITEST>
<MPITEST>
<NAME>pingping__BASIC__L28</NAME>
<NP>2</NP>
<WORKDIR>./pt2pt</WORKDIR>
<STATUS>pass</STATUS>
<TIME>0.69133996963501</TIME>
</MPITEST>
<MPITEST>
<NAME>pingping__BASIC__L28</NAME>
<NP>2</NP>
<WORKDIR>./pt2pt</WORKDIR>
<STATUS>pass</STATUS>
<TIME>0.697325944900513</TIME>
</MPITEST>
<MPITEST>
<NAME>pingping__BASIC__L28</NAME>
<NP>2</NP>
<WORKDIR>./pt2pt</WORKDIR>
<STATUS>pass</STATUS>
<TIME>0.942686796188354</TIME>
</MPITEST>
<MPITEST>
<NAME>pingping__BASIC__L28</NAME>
<NP>2</NP>
<WORKDIR>./pt2pt</WORKDIR>
<STATUS>pass</STATUS>
<TIME>0.957656145095825</TIME>
</MPITEST>
<MPITEST>
<NAME>pingping__BASIC__L28</NAME>
<NP>2</NP>
<WORKDIR>./pt2pt</WORKDIR>
<STATUS>pass</STATUS>
<TIME>1.38095211982727</TIME>
</MPITEST>
<MPITEST>
<NAME>pingping__BASIC__L28</NAME>
<NP>2</NP>
<WORKDIR>./pt2pt</WORKDIR>
<STATUS>pass</STATUS>
<TIME>1.37946796417236</TIME>
</MPITEST>
<MPITEST>
<NAME>pingping__BASIC__L28</NAME>
<NP>2</NP>
<WORKDIR>./pt2pt</WORKDIR>
<STATUS>pass</STATUS>
<TIME>1.67911386489868</TIME>
</MPITEST>
<MPITEST>
<NAME>pingping__BASIC__L28</NAME>
<NP>2</NP>
<WORKDIR>./pt2pt</WORKDIR>
<STATUS>pass</STATUS>
<TIME>1.69637894630432</TIME>
</MPITEST>
<MPITEST>
<NAME>pingping__BASIC__L28</NAME>
<NP>2</NP>
<WORKDIR>./pt2pt</WORKDIR>
<STATUS>pass</STATUS>
<TIME>0.221499919891357</TIME>
</MPITEST>
<MPITEST>
<NAME>pingping__BASIC__L28</NAME>
<NP>2</NP>
<WORKDIR>./pt2pt</WORKDIR>
<STATUS>pass</STATUS>
<TIME>0.221595048904419</TIME>
</MPITEST>
<MPITEST>
<NAME>pingping__BASIC__L28</NAME>
<NP>2</NP>
<WORKDIR>./pt2pt</WORKDIR>
<STATUS>pass</STATUS>
<TIME>0.218514204025269</TIME>
</MPITEST>
<MPITEST>
<NAME>pingping__BASIC__L28</NAME>
<NP>2</NP>
<WORKDIR>./pt2pt</WORKDIR>
<STATUS>pass</STATUS>
<TIME>0.227484941482544</TIME>
</MPITEST>
<MPITEST>
<NAME>pingping__BASIC__L28</NAME>
<NP>2</NP>
<WORKDIR>./pt2pt</WORKDIR>
<STATUS>pass</STATUS>
<TIME>0.224745988845825</TIME>
</MPITEST>
<MPITEST>
<NAME>pingping__BASIC__L28</NAME>
<NP>2</NP>
<WORKDIR>./pt2pt</WORKDIR>
<STATUS>pass</STATUS>
<TIME>0.235610961914062</TIME>
</MPITEST>
<MPITEST>
<NAME>pingping__BASIC__L28</NAME>
<NP>2</NP>
<WORKDIR>./pt2pt</WORKDIR>
<STATUS>pass</STATUS>
<TIME>0.232916116714478</TIME>
</MPITEST>
<MPITEST>
<NAME>pingping__BASIC__L28</NAME>
<NP>2</NP>
<WORKDIR>./pt2pt</WORKDIR>
<STATUS>pass</STATUS>
<TIME>0.257319927215576</TIME>
</MPITEST>
<MPITEST>
<NAME>pingping__BASIC__L28</NAME>
<NP>2</NP>
<WORKDIR>./pt2pt</WORKDIR>
<STATUS>pass</STATUS>
<TIME>0.268948078155518</TIME>
</MPITEST>
<MPITEST>
<NAME>pingping__BASIC__L28</NAME>
<NP>2</NP>
<WORKDIR>./pt2pt</WORKDIR>
<STATUS>pass</STATUS>
<TIME>0.312530994415283</TIME>
</MPITEST>
<MPITEST>
<NAME>pingping__BASIC__L28</NAME>
<NP>2</NP>
<WORKDIR>./pt2pt</WORKDIR>
<STATUS>pass</STATUS>
<TIME>0.31387996673584</TIME>
</MPITEST>
<MPITEST>
<NAME>pingping__BASIC__L28</NAME>
<NP>2</NP>
<WORKDIR>./pt2pt</WORKDIR>
<STATUS>pass</STATUS>
<TIME>0.449172019958496</TIME>
</MPITEST>
<MPITEST>
<NAME>pingping__BASIC__L28</NAME>
<NP>2</NP>
<WORKDIR>./pt2pt</WORKDIR>
<STATUS>pass</STATUS>
<TIME>0.46379280090332</TIME>
</MPITEST>
<MPITEST>
<NAME>sendrecv1__BASIC__L29</NAME>
<NP>4</NP>
<WORKDIR>./pt2pt</WORKDIR>
<STATUS>pass</STATUS>
<TIME>0.277238845825195</TIME>
</MPITEST>
<MPITEST>
<NAME>sendrecv1__BASIC__L29</NAME>
<NP>4</NP>
<WORKDIR>./pt2pt</WORKDIR>
<STATUS>pass</STATUS>
<TIME>0.254251003265381</TIME>
</MPITEST>
<MPITEST>
<NAME>sendrecv1__BASIC__L29</NAME>
<NP>4</NP>
<WORKDIR>./pt2pt</WORKDIR>
<STATUS>pass</STATUS>
<TIME>0.240921020507812</TIME>
</MPITEST>
<MPITEST>
<NAME>sendrecv1__BASIC__L29</NAME>
<NP>4</NP>
<WORKDIR>./pt2pt</WORKDIR>
<STATUS>pass</STATUS>
<TIME>0.237318992614746</TIME>
</MPITEST>
<MPITEST>
<NAME>sendrecv1__BASIC__L29</NAME>
<NP>4</NP>
<WORKDIR>./pt2pt</WORKDIR>
<STATUS>pass</STATUS>
<TIME>0.234808921813965</TIME>
</MPITEST>
<MPITEST>
<NAME>sendrecv1__BASIC__L29</NAME>
<NP>4</NP>
<WORKDIR>./pt2pt</WORKDIR>
<STATUS>pass</STATUS>
<TIME>0.242141008377075</TIME>
</MPITEST>
<MPITEST>
<NAME>sendrecv1__BASIC__L29</NAME>
<NP>4</NP>
<WORKDIR>./pt2pt</WORKDIR>
<STATUS>pass</STATUS>
<TIME>0.251646041870117</TIME>
</MPITEST>
<MPITEST>
<NAME>sendrecv1__BASIC__L29</NAME>
<NP>4</NP>
<WORKDIR>./pt2pt</WORKDIR>
<STATUS>pass</STATUS>
<TIME>0.278459072113037</TIME>
</MPITEST>
<MPITEST>
<NAME>sendrecv1__BASIC__L29</NAME>
<NP>4</NP>
<WORKDIR>./pt2pt</WORKDIR>
<STATUS>pass</STATUS>
<TIME>0.320022106170654</TIME>
</MPITEST>
<MPITEST>
<NAME>sendrecv1__BASIC__L29</NAME>
<NP>4</NP>
<WORKDIR>./pt2pt</WORKDIR>
<STATUS>pass</STATUS>
<TIME>0.797369956970215</TIME>
</MPITEST>
<MPITEST>
<NAME>sendrecv1__BASIC__L29</NAME>
<NP>4</NP>
<WORKDIR>./pt2pt</WORKDIR>
<STATUS>pass</STATUS>
<TIME>1.09217309951782</TIME>
</MPITEST>
<MPITEST>
<NAME>sendrecv1__BASIC__L29</NAME>
<NP>4</NP>
<WORKDIR>./pt2pt</WORKDIR>
<STATUS>pass</STATUS>
<TIME>0.252279996871948</TIME>
</MPITEST>
<MPITEST>
<NAME>sendrecv1__BASIC__L29</NAME>
<NP>4</NP>
<WORKDIR>./pt2pt</WORKDIR>
<STATUS>pass</STATUS>
<TIME>0.233572006225586</TIME>
</MPITEST>
<MPITEST>
<NAME>sendrecv1__BASIC__L29</NAME>
<NP>4</NP>
<WORKDIR>./pt2pt</WORKDIR>
<STATUS>pass</STATUS>
<TIME>0.248859882354736</TIME>
</MPITEST>
<MPITEST>
<NAME>sendrecv1__BASIC__L29</NAME>
<NP>4</NP>
<WORKDIR>./pt2pt</WORKDIR>
<STATUS>pass</STATUS>
<TIME>0.239600896835327</TIME>
</MPITEST>
<MPITEST>
<NAME>sendrecv1__BASIC__L29</NAME>
<NP>4</NP>
<WORKDIR>./pt2pt</WORKDIR>
<STATUS>pass</STATUS>
<TIME>0.228538036346436</TIME>
</MPITEST>
<MPITEST>
<NAME>sendrecv1__BASIC__L29</NAME>
<NP>4</NP>
<WORKDIR>./pt2pt</WORKDIR>
<STATUS>pass</STATUS>
<TIME>0.245207071304321</TIME>
</MPITEST>
<MPITEST>
<NAME>sendrecv1__BASIC__L29</NAME>
<NP>4</NP>
<WORKDIR>./pt2pt</WORKDIR>
<STATUS>pass</STATUS>
<TIME>0.255756139755249</TIME>
</MPITEST>
<MPITEST>
<NAME>sendrecv1__BASIC__L29</NAME>
<NP>4</NP>
<WORKDIR>./pt2pt</WORKDIR>
<STATUS>pass</STATUS>
<TIME>0.27689790725708</TIME>
</MPITEST>
<MPITEST>
<NAME>sendrecv1__BASIC__L29</NAME>
<NP>4</NP>
<WORKDIR>./pt2pt</WORKDIR>
<STATUS>pass</STATUS>
<TIME>0.328413963317871</TIME>
</MPITEST>
<MPITEST>
<NAME>sendrecv1__BASIC__L29</NAME>
<NP>4</NP>
<WORKDIR>./pt2pt</WORKDIR>
<STATUS>pass</STATUS>
<TIME>1.01457214355469</TIME>
</MPITEST>
<MPITEST>
<NAME>sendrecv1__BASIC__L29</NAME>
<NP>4</NP>
<WORKDIR>./pt2pt</WORKDIR>
<STATUS>pass</STATUS>
<TIME>1.42956590652466</TIME>
</MPITEST>
<MPITEST>
<NAME>sendself__BASIC__L30</NAME>
<NP>1</NP>
<WORKDIR>./pt2pt</WORKDIR>
<STATUS>pass</STATUS>
<TIME>0.202533960342407</TIME>
</MPITEST>
<MPITEST>
<NAME>sendself__BASIC__L30</NAME>
<NP>1</NP>
<WORKDIR>./pt2pt</WORKDIR>
<STATUS>pass</STATUS>
<TIME>0.210577964782715</TIME>
</MPITEST>
<MPITEST>
<NAME>sendself__BASIC__L30</NAME>
<NP>1</NP>
<WORKDIR>./pt2pt</WORKDIR>
<STATUS>pass</STATUS>
<TIME>0.204357147216797</TIME>
</MPITEST>
<MPITEST>
<NAME>sendself__BASIC__L30</NAME>
<NP>1</NP>
<WORKDIR>./pt2pt</WORKDIR>
<STATUS>pass</STATUS>
<TIME>0.193320989608765</TIME>
</MPITEST>
<MPITEST>
<NAME>sendself__BASIC__L30</NAME>
<NP>1</NP>
<WORKDIR>./pt2pt</WORKDIR>
<STATUS>pass</STATUS>
<TIME>0.205489873886108</TIME>
</MPITEST>
<MPITEST>
<NAME>sendself__BASIC__L30</NAME>
<NP>1</NP>
<WORKDIR>./pt2pt</WORKDIR>
<STATUS>pass</STATUS>
<TIME>0.211339950561523</TIME>
</MPITEST>
<MPITEST>
<NAME>sendself__BASIC__L30</NAME>
<NP>1</NP>
<WORKDIR>./pt2pt</WORKDIR>
<STATUS>pass</STATUS>
<TIME>0.19970703125</TIME>
</MPITEST>
<MPITEST>
<NAME>sendself__BASIC__L30</NAME>
<NP>1</NP>
<WORKDIR>./pt2pt</WORKDIR>
<STATUS>pass</STATUS>
<TIME>0.206686973571777</TIME>
</MPITEST>
<MPITEST>
<NAME>sendself__BASIC__L30</NAME>
<NP>1</NP>
<WORKDIR>./pt2pt</WORKDIR>
<STATUS>pass</STATUS>
<TIME>0.216222047805786</TIME>
</MPITEST>
<MPITEST>
<NAME>sendself__BASIC__L30</NAME>
<NP>1</NP>
<WORKDIR>./pt2pt</WORKDIR>
<STATUS>pass</STATUS>
<TIME>0.245213985443115</TIME>
</MPITEST>
<MPITEST>
<NAME>sendself__BASIC__L30</NAME>
<NP>1</NP>
<WORKDIR>./pt2pt</WORKDIR>
<STATUS>pass</STATUS>
<TIME>0.312040090560913</TIME>
</MPITEST>
<MPITEST>
<NAME>sendself__BASIC__L30</NAME>
<NP>1</NP>
<WORKDIR>./pt2pt</WORKDIR>
<STATUS>pass</STATUS>
<TIME>0.206779003143311</TIME>
</MPITEST>
<MPITEST>
<NAME>sendself__BASIC__L30</NAME>
<NP>1</NP>
<WORKDIR>./pt2pt</WORKDIR>
<STATUS>pass</STATUS>
<TIME>0.197306156158447</TIME>
</MPITEST>
<MPITEST>
<NAME>sendself__BASIC__L30</NAME>
<NP>1</NP>
<WORKDIR>./pt2pt</WORKDIR>
<STATUS>pass</STATUS>
<TIME>0.204926013946533</TIME>
</MPITEST>
<MPITEST>
<NAME>sendself__BASIC__L30</NAME>
<NP>1</NP>
<WORKDIR>./pt2pt</WORKDIR>
<STATUS>pass</STATUS>
<TIME>0.205838203430176</TIME>
</MPITEST>
<MPITEST>
<NAME>sendself__BASIC__L30</NAME>
<NP>1</NP>
<WORKDIR>./pt2pt</WORKDIR>
<STATUS>pass</STATUS>
<TIME>0.199678897857666</TIME>
</MPITEST>
<MPITEST>
<NAME>sendself__BASIC__L30</NAME>
<NP>1</NP>
<WORKDIR>./pt2pt</WORKDIR>
<STATUS>pass</STATUS>
<TIME>0.212178945541382</TIME>
</MPITEST>
<MPITEST>
<NAME>sendself__BASIC__L30</NAME>
<NP>1</NP>
<WORKDIR>./pt2pt</WORKDIR>
<STATUS>pass</STATUS>
<TIME>0.206505060195923</TIME>
</MPITEST>
<MPITEST>
<NAME>sendself__BASIC__L30</NAME>
<NP>1</NP>
<WORKDIR>./pt2pt</WORKDIR>
<STATUS>pass</STATUS>
<TIME>0.208741903305054</TIME>
</MPITEST>
<MPITEST>
<NAME>sendself__BASIC__L30</NAME>
<NP>1</NP>
<WORKDIR>./pt2pt</WORKDIR>
<STATUS>pass</STATUS>
<TIME>0.222352027893066</TIME>
</MPITEST>
<MPITEST>
<NAME>sendself__BASIC__L30</NAME>
<NP>1</NP>
<WORKDIR>./pt2pt</WORKDIR>
<STATUS>pass</STATUS>
<TIME>0.262405872344971</TIME>
</MPITEST>
<MPITEST>
<NAME>sendself__BASIC__L30</NAME>
<NP>1</NP>
<WORKDIR>./pt2pt</WORKDIR>
<STATUS>pass</STATUS>
<TIME>0.354383945465088</TIME>
</MPITEST>
<MPITEST>
<NAME>sendrecv1__STRUCT__L38</NAME>
<NP>4</NP>
<WORKDIR>./pt2pt</WORKDIR>
<STATUS>pass</STATUS>
<TIME>0.230005979537964</TIME>
</MPITEST>
<MPITEST>
<NAME>sendself__STRUCT__L39</NAME>
<NP>1</NP>
<WORKDIR>./pt2pt</WORKDIR>
<STATUS>pass</STATUS>
<TIME>0.201042890548706</TIME>
</MPITEST>
<MPITEST>
<NAME>pingping__STRUCT__L40</NAME>
<NP>2</NP>
<WORKDIR>./pt2pt</WORKDIR>
<STATUS>pass</STATUS>
<TIME>0.226961851119995</TIME>
</MPITEST>
<MPITEST>
<NAME>winname</NAME>
<NP>2</NP>
<WORKDIR>./rma</WORKDIR>
<STATUS>pass</STATUS>
<TIME>0.212754964828491</TIME>
</MPITEST>
<MPITEST>
<NAME>allocmem</NAME>
<NP>2</NP>
<WORKDIR>./rma</WORKDIR>
<STATUS>pass</STATUS>
<TIME>0.213716983795166</TIME>
</MPITEST>
<MPITEST>
<NAME>putfidx</NAME>
<NP>4</NP>
<WORKDIR>./rma</WORKDIR>
<STATUS>pass</STATUS>
<TIME>0.243284940719604</TIME>
</MPITEST>
<MPITEST>
<NAME>adlb_mimic1</NAME>
<NP>3</NP>
<WORKDIR>./rma</WORKDIR>
<STATUS>pass</STATUS>
<TIME>0.389652967453003</TIME>
</MPITEST>
<MPITEST>
<NAME>accfence2</NAME>
<NP>4</NP>
<WORKDIR>./rma</WORKDIR>
<STATUS>pass</STATUS>
<TIME>0.258118867874146</TIME>
</MPITEST>
<MPITEST>
<NAME>getgroup</NAME>
<NP>4</NP>
<WORKDIR>./rma</WORKDIR>
<STATUS>pass</STATUS>
<TIME>0.24760103225708</TIME>
</MPITEST>
<MPITEST>
<NAME>transpose1</NAME>
<NP>2</NP>
<WORKDIR>./rma</WORKDIR>
<STATUS>pass</STATUS>
<TIME>0.225915193557739</TIME>
</MPITEST>
<MPITEST>
<NAME>transpose2</NAME>
<NP>2</NP>
<WORKDIR>./rma</WORKDIR>
<STATUS>pass</STATUS>
<TIME>0.218532800674438</TIME>
</MPITEST>
<MPITEST>
<NAME>transpose3</NAME>
<NP>2</NP>
<WORKDIR>./rma</WORKDIR>
<STATUS>pass</STATUS>
<TIME>0.21409797668457</TIME>
</MPITEST>
<MPITEST>
<NAME>transpose3_shm</NAME>
<NP>2</NP>
<WORKDIR>./rma</WORKDIR>
<STATUS>pass</STATUS>
<TIME>0.217849016189575</TIME>
</MPITEST>
<MPITEST>
<NAME>transpose5</NAME>
<NP>2</NP>
<WORKDIR>./rma</WORKDIR>
<STATUS>pass</STATUS>
<TIME>0.232858896255493</TIME>
</MPITEST>
<MPITEST>
<NAME>transpose6</NAME>
<NP>1</NP>
<WORKDIR>./rma</WORKDIR>
<STATUS>pass</STATUS>
<TIME>0.208001852035522</TIME>
</MPITEST>
<MPITEST>
<NAME>transpose7</NAME>
<NP>2</NP>
<WORKDIR>./rma</WORKDIR>
<STATUS>pass</STATUS>
<TIME>0.223248958587646</TIME>
</MPITEST>
<MPITEST>
<NAME>test1</NAME>
<NP>2</NP>
<WORKDIR>./rma</WORKDIR>
<STATUS>pass</STATUS>
<TIME>0.205442905426025</TIME>
</MPITEST>
<MPITEST>
<NAME>test2</NAME>
<NP>2</NP>
<WORKDIR>./rma</WORKDIR>
<STATUS>pass</STATUS>
<TIME>0.218075037002563</TIME>
</MPITEST>
<MPITEST>
<NAME>test2_shm</NAME>
<NP>2</NP>
<WORKDIR>./rma</WORKDIR>
<STATUS>pass</STATUS>
<TIME>0.212028980255127</TIME>
</MPITEST>
<MPITEST>
<NAME>test3</NAME>
<NP>2</NP>
<WORKDIR>./rma</WORKDIR>
<STATUS>pass</STATUS>
<TIME>0.235177040100098</TIME>
</MPITEST>
<MPITEST>
<NAME>test3_shm</NAME>
<NP>2</NP>
<WORKDIR>./rma</WORKDIR>
<STATUS>pass</STATUS>
<TIME>0.251163005828857</TIME>
</MPITEST>
<MPITEST>
<NAME>test4</NAME>
<NP>2</NP>
<WORKDIR>./rma</WORKDIR>
<STATUS>pass</STATUS>
<TIME>0.219747066497803</TIME>
</MPITEST>
<MPITEST>
<NAME>test5</NAME>
<NP>2</NP>
<WORKDIR>./rma</WORKDIR>
<STATUS>pass</STATUS>
<TIME>0.22606897354126</TIME>
</MPITEST>
<MPITEST>
<NAME>lockcontention</NAME>
<NP>3</NP>
<WORKDIR>./rma</WORKDIR>
<STATUS>pass</STATUS>
<TIME>0.221204996109009</TIME>
</MPITEST>
<MPITEST>
<NAME>lockcontention2</NAME>
<NP>4</NP>
<WORKDIR>./rma</WORKDIR>
<STATUS>pass</STATUS>
<TIME>0.267631053924561</TIME>
</MPITEST>
<MPITEST>
<NAME>lockcontention2</NAME>
<NP>8</NP>
<WORKDIR>./rma</WORKDIR>
<STATUS>pass</STATUS>
<TIME>0.377861976623535</TIME>
</MPITEST>
<MPITEST>
<NAME>lockcontention3</NAME>
<NP>8</NP>
<WORKDIR>./rma</WORKDIR>
<STATUS>pass</STATUS>
<TIME>0.325046062469482</TIME>
</MPITEST>
<MPITEST>
<NAME>lockopts</NAME>
<NP>2</NP>
<WORKDIR>./rma</WORKDIR>
<STATUS>pass</STATUS>
<TIME>0.212460041046143</TIME>
</MPITEST>
<MPITEST>
<NAME>transpose4</NAME>
<NP>2</NP>
<WORKDIR>./rma</WORKDIR>
<STATUS>pass</STATUS>
<TIME>0.223829984664917</TIME>
</MPITEST>
<MPITEST>
<NAME>fetchandadd</NAME>
<NP>7</NP>
<WORKDIR>./rma</WORKDIR>
<STATUS>pass</STATUS>
<TIME>0.284396886825562</TIME>
</MPITEST>
<MPITEST>
<NAME>fetchandadd_tree</NAME>
<NP>7</NP>
<WORKDIR>./rma</WORKDIR>
<STATUS>pass</STATUS>
<TIME>0.311750888824463</TIME>
</MPITEST>
<MPITEST>
<NAME>wintest</NAME>
<NP>2</NP>
<WORKDIR>./rma</WORKDIR>
<STATUS>pass</STATUS>
<TIME>0.209348201751709</TIME>
</MPITEST>
<MPITEST>
<NAME>wintest_shm</NAME>
<NP>2</NP>
<WORKDIR>./rma</WORKDIR>
<STATUS>pass</STATUS>
<TIME>0.20723295211792</TIME>
</MPITEST>
<MPITEST>
<NAME>contig_displ</NAME>
<NP>1</NP>
<WORKDIR>./rma</WORKDIR>
<STATUS>pass</STATUS>
<TIME>0.196774959564209</TIME>
</MPITEST>
<MPITEST>
<NAME>test1_am</NAME>
<NP>2</NP>
<WORKDIR>./rma</WORKDIR>
<STATUS>pass</STATUS>
<TIME>0.217871904373169</TIME>
</MPITEST>
<MPITEST>
<NAME>test2_am</NAME>
<NP>2</NP>
<WORKDIR>./rma</WORKDIR>
<STATUS>pass</STATUS>
<TIME>0.223492860794067</TIME>
</MPITEST>
<MPITEST>
<NAME>test2_am_shm</NAME>
<NP>2</NP>
<WORKDIR>./rma</WORKDIR>
<STATUS>pass</STATUS>
<TIME>0.213521957397461</TIME>
</MPITEST>
<MPITEST>
<NAME>test3_am</NAME>
<NP>2</NP>
<WORKDIR>./rma</WORKDIR>
<STATUS>pass</STATUS>
<TIME>0.239444971084595</TIME>
</MPITEST>
<MPITEST>
<NAME>test3_am_shm</NAME>
<NP>2</NP>
<WORKDIR>./rma</WORKDIR>
<STATUS>pass</STATUS>
<TIME>0.247684001922607</TIME>
</MPITEST>
<MPITEST>
<NAME>test4_am</NAME>
<NP>2</NP>
<WORKDIR>./rma</WORKDIR>
<STATUS>pass</STATUS>
<TIME>0.218968868255615</TIME>
</MPITEST>
<MPITEST>
<NAME>test5_am</NAME>
<NP>2</NP>
<WORKDIR>./rma</WORKDIR>
<STATUS>pass</STATUS>
<TIME>0.230260848999023</TIME>
</MPITEST>
<MPITEST>
<NAME>fetchandadd_am</NAME>
<NP>7</NP>
<WORKDIR>./rma</WORKDIR>
<STATUS>pass</STATUS>
<TIME>0.320419073104858</TIME>
</MPITEST>
<MPITEST>
<NAME>fetchandadd_tree_am</NAME>
<NP>7</NP>
<WORKDIR>./rma</WORKDIR>
<STATUS>pass</STATUS>
<TIME>0.305208921432495</TIME>
</MPITEST>
<MPITEST>
<NAME>accfence2_am</NAME>
<NP>4</NP>
<WORKDIR>./rma</WORKDIR>
<STATUS>pass</STATUS>
<TIME>0.250322818756104</TIME>
</MPITEST>
<MPITEST>
<NAME>test1_dt</NAME>
<NP>2</NP>
<WORKDIR>./rma</WORKDIR>
<STATUS>pass</STATUS>
<TIME>0.215881824493408</TIME>
</MPITEST>
<MPITEST>
<NAME>nullpscw</NAME>
<NP>7</NP>
<WORKDIR>./rma</WORKDIR>
<STATUS>pass</STATUS>
<TIME>0.306457996368408</TIME>
</MPITEST>
<MPITEST>
<NAME>nullpscw_shm</NAME>
<NP>7</NP>
<WORKDIR>./rma</WORKDIR>
<STATUS>pass</STATUS>
<TIME>0.321193933486938</TIME>
</MPITEST>
<MPITEST>
<NAME>attrorderwin</NAME>
<NP>1</NP>
<WORKDIR>./rma</WORKDIR>
<STATUS>pass</STATUS>
<TIME>0.212569952011108</TIME>
</MPITEST>
<MPITEST>
<NAME>wincall</NAME>
<NP>2</NP>
<WORKDIR>./rma</WORKDIR>
<STATUS>pass</STATUS>
<TIME>0.230931997299194</TIME>
</MPITEST>
<MPITEST>
<NAME>baseattrwin</NAME>
<NP>1</NP>
<WORKDIR>./rma</WORKDIR>
<STATUS>pass</STATUS>
<TIME>0.208836078643799</TIME>
</MPITEST>
<MPITEST>
<NAME>fkeyvalwin</NAME>
<NP>1</NP>
<WORKDIR>./rma</WORKDIR>
<STATUS>pass</STATUS>
<TIME>0.211310863494873</TIME>
</MPITEST>
<MPITEST>
<NAME>selfrma</NAME>
<NP>1</NP>
<WORKDIR>./rma</WORKDIR>
<STATUS>pass</STATUS>
<TIME>0.198617935180664</TIME>
</MPITEST>
<MPITEST>
<NAME>mixedsync</NAME>
<NP>4</NP>
<WORKDIR>./rma</WORKDIR>
<STATUS>pass</STATUS>
<TIME>0.254240989685059</TIME>
</MPITEST>
<MPITEST>
<NAME>locknull</NAME>
<NP>2</NP>
<WORKDIR>./rma</WORKDIR>
<STATUS>pass</STATUS>
<TIME>0.210018157958984</TIME>
</MPITEST>
<MPITEST>
<NAME>rmanull</NAME>
<NP>2</NP>
<WORKDIR>./rma</WORKDIR>
<STATUS>pass</STATUS>
<TIME>0.219922065734863</TIME>
</MPITEST>
<MPITEST>
<NAME>rmazero</NAME>
<NP>2</NP>
<WORKDIR>./rma</WORKDIR>
<STATUS>pass</STATUS>
<TIME>0.230952024459839</TIME>
</MPITEST>
<MPITEST>
<NAME>strided_acc_indexed</NAME>
<NP>2</NP>
<WORKDIR>./rma</WORKDIR>
<STATUS>pass</STATUS>
<TIME>0.224518060684204</TIME>
</MPITEST>
<MPITEST>
<NAME>strided_acc_onelock</NAME>
<NP>2</NP>
<WORKDIR>./rma</WORKDIR>
<STATUS>pass</STATUS>
<TIME>0.309063911437988</TIME>
</MPITEST>
<MPITEST>
<NAME>strided_acc_subarray</NAME>
<NP>2</NP>
<WORKDIR>./rma</WORKDIR>
<STATUS>pass</STATUS>
<TIME>0.264128923416138</TIME>
</MPITEST>
<MPITEST>
<NAME>strided_get_indexed</NAME>
<NP>2</NP>
<WORKDIR>./rma</WORKDIR>
<STATUS>pass</STATUS>
<TIME>0.226513862609863</TIME>
</MPITEST>
<MPITEST>
<NAME>strided_putget_indexed</NAME>
<NP>4</NP>
<WORKDIR>./rma</WORKDIR>
<STATUS>pass</STATUS>
<TIME>0.240621089935303</TIME>
</MPITEST>
<MPITEST>
<NAME>strided_putget_indexed_shared</NAME>
<NP>4</NP>
<WORKDIR>./rma</WORKDIR>
<STATUS>pass</STATUS>
<TIME>0.239254951477051</TIME>
</MPITEST>
<MPITEST>
<NAME>strided_getacc_indexed</NAME>
<NP>4</NP>
<WORKDIR>./rma</WORKDIR>
<STATUS>pass</STATUS>
<TIME>0.25885796546936</TIME>
</MPITEST>
<MPITEST>
<NAME>strided_getacc_indexed_shared</NAME>
<NP>4</NP>
<WORKDIR>./rma</WORKDIR>
<STATUS>pass</STATUS>
<TIME>0.232664108276367</TIME>
</MPITEST>
<MPITEST>
<NAME>window_creation</NAME>
<NP>2</NP>
<WORKDIR>./rma</WORKDIR>
<STATUS>pass</STATUS>
<TIME>0.230677127838135</TIME>
</MPITEST>
<MPITEST>
<NAME>contention_put</NAME>
<NP>4</NP>
<WORKDIR>./rma</WORKDIR>
<STATUS>pass</STATUS>
<TIME>0.258865833282471</TIME>
</MPITEST>
<MPITEST>
<NAME>contention_putget</NAME>
<NP>4</NP>
<WORKDIR>./rma</WORKDIR>
<STATUS>pass</STATUS>
<TIME>0.322634935379028</TIME>
</MPITEST>
<MPITEST>
<NAME>put_base</NAME>
<NP>2</NP>
<WORKDIR>./rma</WORKDIR>
<STATUS>pass</STATUS>
<TIME>0.282428026199341</TIME>
</MPITEST>
<MPITEST>
<NAME>put_bottom</NAME>
<NP>2</NP>
<WORKDIR>./rma</WORKDIR>
<STATUS>pass</STATUS>
<TIME>0.270761966705322</TIME>
</MPITEST>
<MPITEST>
<NAME>win_flavors</NAME>
<NP>4</NP>
<WORKDIR>./rma</WORKDIR>
<STATUS>pass</STATUS>
<TIME>0.247272968292236</TIME>
</MPITEST>
<MPITEST>
<NAME>win_flavors</NAME>
<NP>3</NP>
<WORKDIR>./rma</WORKDIR>
<STATUS>pass</STATUS>
<TIME>0.218938827514648</TIME>
</MPITEST>
<MPITEST>
<NAME>manyrma2</NAME>
<NP>2</NP>
<WORKDIR>./rma</WORKDIR>
<STATUS>pass</STATUS>
<TIME>0.470398902893066</TIME>
</MPITEST>
<MPITEST>
<NAME>manyrma2_shm</NAME>
<NP>2</NP>
<WORKDIR>./rma</WORKDIR>
<STATUS>pass</STATUS>
<TIME>0.470906019210815</TIME>
</MPITEST>
<MPITEST>
<NAME>manyrma3</NAME>
<NP>2</NP>
<WORKDIR>./rma</WORKDIR>
<STATUS>pass</STATUS>
<TIME>0.215502023696899</TIME>
</MPITEST>
<MPITEST>
<NAME>win_shared</NAME>
<NP>4</NP>
<WORKDIR>./rma</WORKDIR>
<STATUS>pass</STATUS>
<TIME>0.244158029556274</TIME>
</MPITEST>
<MPITEST>
<NAME>win_shared_create_allocshm</NAME>
<NP>4</NP>
<WORKDIR>./rma</WORKDIR>
<STATUS>pass</STATUS>
<TIME>0.248372077941895</TIME>
</MPITEST>
<MPITEST>
<NAME>win_shared_create_no_allocshm</NAME>
<NP>4</NP>
<WORKDIR>./rma</WORKDIR>
<STATUS>pass</STATUS>
<TIME>0.245811939239502</TIME>
</MPITEST>
<MPITEST>
<NAME>win_shared_noncontig</NAME>
<NP>4</NP>
<WORKDIR>./rma</WORKDIR>
<STATUS>pass</STATUS>
<TIME>0.284729957580566</TIME>
</MPITEST>
<MPITEST>
<NAME>win_shared_noncontig_put</NAME>
<NP>4</NP>
<WORKDIR>./rma</WORKDIR>
<STATUS>pass</STATUS>
<TIME>0.371651887893677</TIME>
</MPITEST>
<MPITEST>
<NAME>win_zero</NAME>
<NP>4</NP>
<WORKDIR>./rma</WORKDIR>
<STATUS>pass</STATUS>
<TIME>0.263746023178101</TIME>
</MPITEST>
<MPITEST>
<NAME>win_dynamic_acc</NAME>
<NP>4</NP>
<WORKDIR>./rma</WORKDIR>
<STATUS>pass</STATUS>
<TIME>0.231966018676758</TIME>
</MPITEST>
<MPITEST>
<NAME>get_acc_local</NAME>
<NP>1</NP>
<WORKDIR>./rma</WORKDIR>
<STATUS>pass</STATUS>
<TIME>0.212306022644043</TIME>
</MPITEST>
<MPITEST>
<NAME>linked_list</NAME>
<NP>4</NP>
<WORKDIR>./rma</WORKDIR>
<STATUS>pass</STATUS>
<TIME>0.239989995956421</TIME>
</MPITEST>
<MPITEST>
<NAME>linked_list_fop</NAME>
<NP>4</NP>
<WORKDIR>./rma</WORKDIR>
<STATUS>pass</STATUS>
<TIME>0.262630939483643</TIME>
</MPITEST>
<MPITEST>
<NAME>compare_and_swap</NAME>
<NP>4</NP>
<WORKDIR>./rma</WORKDIR>
<STATUS>pass</STATUS>
<TIME>0.247208833694458</TIME>
</MPITEST>
<MPITEST>
<NAME>fetch_and_op_char</NAME>
<NP>4</NP>
<WORKDIR>./rma</WORKDIR>
<STATUS>pass</STATUS>
<TIME>0.266240835189819</TIME>
</MPITEST>
<MPITEST>
<NAME>fetch_and_op_short</NAME>
<NP>4</NP>
<WORKDIR>./rma</WORKDIR>
<STATUS>pass</STATUS>
<TIME>0.263108015060425</TIME>
</MPITEST>
<MPITEST>
<NAME>fetch_and_op_int</NAME>
<NP>4</NP>
<WORKDIR>./rma</WORKDIR>
<STATUS>pass</STATUS>
<TIME>0.254812002182007</TIME>
</MPITEST>
<MPITEST>
<NAME>fetch_and_op_long</NAME>
<NP>4</NP>
<WORKDIR>./rma</WORKDIR>
<STATUS>pass</STATUS>
<TIME>0.280300140380859</TIME>
</MPITEST>
<MPITEST>
<NAME>fetch_and_op_double</NAME>
<NP>4</NP>
<WORKDIR>./rma</WORKDIR>
<STATUS>pass</STATUS>
<TIME>0.280270099639893</TIME>
</MPITEST>
<MPITEST>
<NAME>fetch_and_op_long_double</NAME>
<NP>4</NP>
<WORKDIR>./rma</WORKDIR>
<STATUS>pass</STATUS>
<TIME>0.254836082458496</TIME>
</MPITEST>
<MPITEST>
<NAME>get_accumulate_double</NAME>
<NP>4</NP>
<WORKDIR>./rma</WORKDIR>
<STATUS>pass</STATUS>
<TIME>0.306373119354248</TIME>
</MPITEST>
<MPITEST>
<NAME>get_accumulate_double_derived</NAME>
<NP>4</NP>
<WORKDIR>./rma</WORKDIR>
<STATUS>pass</STATUS>
<TIME>0.307731866836548</TIME>
</MPITEST>
<MPITEST>
<NAME>get_accumulate_int</NAME>
<NP>4</NP>
<WORKDIR>./rma</WORKDIR>
<STATUS>pass</STATUS>
<TIME>0.297501087188721</TIME>
</MPITEST>
<MPITEST>
<NAME>get_accumulate_int_derived</NAME>
<NP>4</NP>
<WORKDIR>./rma</WORKDIR>
<STATUS>pass</STATUS>
<TIME>0.336466073989868</TIME>
</MPITEST>
<MPITEST>
<NAME>get_accumulate_long</NAME>
<NP>4</NP>
<WORKDIR>./rma</WORKDIR>
<STATUS>pass</STATUS>
<TIME>0.303248882293701</TIME>
</MPITEST>
<MPITEST>
<NAME>get_accumulate_long_derived</NAME>
<NP>4</NP>
<WORKDIR>./rma</WORKDIR>
<STATUS>pass</STATUS>
<TIME>0.344417095184326</TIME>
</MPITEST>
<MPITEST>
<NAME>get_accumulate_short</NAME>
<NP>4</NP>
<WORKDIR>./rma</WORKDIR>
<STATUS>pass</STATUS>
<TIME>0.299152851104736</TIME>
</MPITEST>
<MPITEST>
<NAME>get_accumulate_short_derived</NAME>
<NP>4</NP>
<WORKDIR>./rma</WORKDIR>
<STATUS>pass</STATUS>
<TIME>0.286116123199463</TIME>
</MPITEST>
<MPITEST>
<NAME>flush</NAME>
<NP>4</NP>
<WORKDIR>./rma</WORKDIR>
<STATUS>pass</STATUS>
<TIME>0.260755062103271</TIME>
</MPITEST>
<MPITEST>
<NAME>reqops</NAME>
<NP>4</NP>
<WORKDIR>./rma</WORKDIR>
<STATUS>pass</STATUS>
<TIME>0.255722045898438</TIME>
</MPITEST>
<MPITEST>
<NAME>req_example</NAME>
<NP>4</NP>
<WORKDIR>./rma</WORKDIR>
<STATUS>pass</STATUS>
<TIME>0.265402793884277</TIME>
</MPITEST>
<MPITEST>
<NAME>req_example_shm</NAME>
<NP>4</NP>
<WORKDIR>./rma</WORKDIR>
<STATUS>pass</STATUS>
<TIME>0.261035919189453</TIME>
</MPITEST>
<MPITEST>
<NAME>rput_local_comp</NAME>
<NP>2</NP>
<WORKDIR>./rma</WORKDIR>
<STATUS>pass</STATUS>
<TIME>0.262586832046509</TIME>
</MPITEST>
<MPITEST>
<NAME>racc_local_comp</NAME>
<NP>2</NP>
<WORKDIR>./rma</WORKDIR>
<STATUS>pass</STATUS>
<TIME>0.261915922164917</TIME>
</MPITEST>
<MPITEST>
<NAME>linked_list_lockall</NAME>
<NP>4</NP>
<WORKDIR>./rma</WORKDIR>
<STATUS>pass</STATUS>
<TIME>0.267561197280884</TIME>
</MPITEST>
<MPITEST>
<NAME>pscw_ordering</NAME>
<NP>4</NP>
<WORKDIR>./rma</WORKDIR>
<STATUS>pass</STATUS>
<TIME>0.23878812789917</TIME>
</MPITEST>
<MPITEST>
<NAME>pscw_ordering_shm</NAME>
<NP>4</NP>
<WORKDIR>./rma</WORKDIR>
<STATUS>pass</STATUS>
<TIME>0.250464200973511</TIME>
</MPITEST>
<MPITEST>
<NAME>linked_list_bench_lock_all</NAME>
<NP>4</NP>
<WORKDIR>./rma</WORKDIR>
<STATUS>pass</STATUS>
<TIME>0.248916864395142</TIME>
</MPITEST>
<MPITEST>
<NAME>linked_list_bench_lock_excl</NAME>
<NP>4</NP>
<WORKDIR>./rma</WORKDIR>
<STATUS>pass</STATUS>
<TIME>0.261148929595947</TIME>
</MPITEST>
<MPITEST>
<NAME>linked_list_bench_lock_shr</NAME>
<NP>4</NP>
<WORKDIR>./rma</WORKDIR>
<STATUS>pass</STATUS>
<TIME>0.249635934829712</TIME>
</MPITEST>
<MPITEST>
<NAME>linked_list_bench_lock_shr_nocheck</NAME>
<NP>4</NP>
<WORKDIR>./rma</WORKDIR>
<STATUS>pass</STATUS>
<TIME>0.25645112991333</TIME>
</MPITEST>
<MPITEST>
<NAME>mutex_bench</NAME>
<NP>4</NP>
<WORKDIR>./rma</WORKDIR>
<STATUS>pass</STATUS>
<TIME>0.306575059890747</TIME>
</MPITEST>
<MPITEST>
<NAME>mutex_bench_shared</NAME>
<NP>4</NP>
<WORKDIR>./rma</WORKDIR>
<STATUS>pass</STATUS>
<TIME>0.291666984558105</TIME>
</MPITEST>
<MPITEST>
<NAME>mutex_bench_shm</NAME>
<NP>4</NP>
<WORKDIR>./rma</WORKDIR>
<STATUS>pass</STATUS>
<TIME>0.294903993606567</TIME>
</MPITEST>
<MPITEST>
<NAME>mutex_bench_shm_ordered</NAME>
<NP>4</NP>
<WORKDIR>./rma</WORKDIR>
<STATUS>pass</STATUS>
<TIME>0.290956974029541</TIME>
</MPITEST>
<MPITEST>
<NAME>rma_contig</NAME>
<NP>2</NP>
<WORKDIR>./rma</WORKDIR>
<STATUS>pass</STATUS>
<TIME>31.0454800128937</TIME>
</MPITEST>
<MPITEST>
<NAME>badrma</NAME>
<NP>2</NP>
<WORKDIR>./rma</WORKDIR>
<STATUS>pass</STATUS>
<TIME>0.225326061248779</TIME>
</MPITEST>
<MPITEST>
<NAME>acc_loc</NAME>
<NP>4</NP>
<WORKDIR>./rma</WORKDIR>
<STATUS>pass</STATUS>
<TIME>0.242309093475342</TIME>
</MPITEST>
<MPITEST>
<NAME>acc_ordering</NAME>
<NP>2</NP>
<WORKDIR>./rma</WORKDIR>
<STATUS>pass</STATUS>
<TIME>0.215765953063965</TIME>
</MPITEST>
<MPITEST>
<NAME>fence_shm</NAME>
<NP>2</NP>
<WORKDIR>./rma</WORKDIR>
<STATUS>pass</STATUS>
<TIME>0.22231388092041</TIME>
</MPITEST>
<MPITEST>
<NAME>win_shared_zerobyte</NAME>
<NP>4</NP>
<WORKDIR>./rma</WORKDIR>
<STATUS>pass</STATUS>
<TIME>0.237876892089844</TIME>
</MPITEST>
<MPITEST>
<NAME>win_shared_put_flush_get</NAME>
<NP>4</NP>
<WORKDIR>./rma</WORKDIR>
<STATUS>pass</STATUS>
<TIME>0.245397806167603</TIME>
</MPITEST>
<MPITEST>
<NAME>get_struct</NAME>
<NP>2</NP>
<WORKDIR>./rma</WORKDIR>
<STATUS>pass</STATUS>
<TIME>0.209673881530762</TIME>
</MPITEST>
<MPITEST>
<NAME>at_complete</NAME>
<NP>2</NP>
<WORKDIR>./rma</WORKDIR>
<STATUS>pass</STATUS>
<TIME>0.460968971252441</TIME>
</MPITEST>
<MPITEST>
<NAME>atomic_rmw_fop</NAME>
<NP>3</NP>
<WORKDIR>./rma</WORKDIR>
<STATUS>pass</STATUS>
<TIME>0.373177051544189</TIME>
</MPITEST>
<MPITEST>
<NAME>atomic_rmw_cas</NAME>
<NP>3</NP>
<WORKDIR>./rma</WORKDIR>
<STATUS>pass</STATUS>
<TIME>0.509598016738892</TIME>
</MPITEST>
<MPITEST>
<NAME>atomic_rmw_gacc</NAME>
<NP>3</NP>
<WORKDIR>./rma</WORKDIR>
<STATUS>pass</STATUS>
<TIME>6.01562714576721</TIME>
</MPITEST>
<MPITEST>
<NAME>atomic_get_short_int</NAME>
<NP>3</NP>
<WORKDIR>./rma</WORKDIR>
<STATUS>pass</STATUS>
<TIME>1.30388784408569</TIME>
</MPITEST>
<MPITEST>
<NAME>atomic_get_2int</NAME>
<NP>3</NP>
<WORKDIR>./rma</WORKDIR>
<STATUS>pass</STATUS>
<TIME>0.820901870727539</TIME>
</MPITEST>
<MPITEST>
<NAME>atomic_get_long_int</NAME>
<NP>3</NP>
<WORKDIR>./rma</WORKDIR>
<STATUS>pass</STATUS>
<TIME>1.12720203399658</TIME>
</MPITEST>
<MPITEST>
<NAME>atomic_get_float_int</NAME>
<NP>3</NP>
<WORKDIR>./rma</WORKDIR>
<STATUS>pass</STATUS>
<TIME>0.821499109268188</TIME>
</MPITEST>
<MPITEST>
<NAME>atomic_get_double_int</NAME>
<NP>3</NP>
<WORKDIR>./rma</WORKDIR>
<STATUS>pass</STATUS>
<TIME>1.11597800254822</TIME>
</MPITEST>
<MPITEST>
<NAME>atomic_get_long_double_int</NAME>
<NP>3</NP>
<WORKDIR>./rma</WORKDIR>
<STATUS>pass</STATUS>
<TIME>1.11216592788696</TIME>
</MPITEST>
<MPITEST>
<NAME>aint</NAME>
<NP>2</NP>
<WORKDIR>./rma</WORKDIR>
<STATUS>pass</STATUS>
<TIME>0.223472833633423</TIME>
</MPITEST>
<MPITEST>
<NAME>acc_pairtype</NAME>
<NP>2</NP>
<WORKDIR>./rma</WORKDIR>
<STATUS>pass</STATUS>
<TIME>0.224256992340088</TIME>
</MPITEST>
<MPITEST>
<NAME>manyget</NAME>
<NP>2</NP>
<WORKDIR>./rma</WORKDIR>
<STATUS>pass</STATUS>
<TIME>2.61395192146301</TIME>
</MPITEST>
<MPITEST>
<NAME>derived_acc_flush_local</NAME>
<NP>3</NP>
<WORKDIR>./rma</WORKDIR>
<STATUS>pass</STATUS>
<TIME>2.9591748714447</TIME>
</MPITEST>
<MPITEST>
<NAME>large_small_acc</NAME>
<NP>2</NP>
<WORKDIR>./rma</WORKDIR>
<STATUS>pass</STATUS>
<TIME>0.219547033309937</TIME>
</MPITEST>
<MPITEST>
<NAME>win_shared_put_flush_load</NAME>
<NP>3</NP>
<WORKDIR>./rma</WORKDIR>
<STATUS>pass</STATUS>
<TIME>0.303284168243408</TIME>
</MPITEST>
<MPITEST>
<NAME>win_shared_acc_flush_load</NAME>
<NP>3</NP>
<WORKDIR>./rma</WORKDIR>
<STATUS>pass</STATUS>
<TIME>0.297811985015869</TIME>
</MPITEST>
<MPITEST>
<NAME>win_shared_gacc_flush_load</NAME>
<NP>3</NP>
<WORKDIR>./rma</WORKDIR>
<STATUS>pass</STATUS>
<TIME>0.388684034347534</TIME>
</MPITEST>
<MPITEST>
<NAME>win_shared_fop_flush_load</NAME>
<NP>3</NP>
<WORKDIR>./rma</WORKDIR>
<STATUS>pass</STATUS>
<TIME>0.377097129821777</TIME>
</MPITEST>
<MPITEST>
<NAME>win_shared_cas_flush_load</NAME>
<NP>3</NP>
<WORKDIR>./rma</WORKDIR>
<STATUS>pass</STATUS>
<TIME>0.365216970443726</TIME>
</MPITEST>
<MPITEST>
<NAME>put_flush_get</NAME>
<NP>3</NP>
<WORKDIR>./rma</WORKDIR>
<STATUS>pass</STATUS>
<TIME>0.341538190841675</TIME>
</MPITEST>
<MPITEST>
<NAME>acc_flush_get</NAME>
<NP>3</NP>
<WORKDIR>./rma</WORKDIR>
<STATUS>pass</STATUS>
<TIME>0.345360994338989</TIME>
</MPITEST>
<MPITEST>
<NAME>gacc_flush_get</NAME>
<NP>3</NP>
<WORKDIR>./rma</WORKDIR>
<STATUS>pass</STATUS>
<TIME>0.398712158203125</TIME>
</MPITEST>
<MPITEST>
<NAME>fop_flush_get</NAME>
<NP>3</NP>
<WORKDIR>./rma</WORKDIR>
<STATUS>pass</STATUS>
<TIME>0.431652069091797</TIME>
</MPITEST>
<MPITEST>
<NAME>cas_flush_get</NAME>
<NP>3</NP>
<WORKDIR>./rma</WORKDIR>
<STATUS>pass</STATUS>
<TIME>0.416378021240234</TIME>
</MPITEST>
<MPITEST>
<NAME>rget_unlock</NAME>
<NP>2</NP>
<WORKDIR>./rma</WORKDIR>
<STATUS>pass</STATUS>
<TIME>0.226263046264648</TIME>
</MPITEST>
<MPITEST>
<NAME>overlap_wins_put</NAME>
<NP>3</NP>
<WORKDIR>./rma</WORKDIR>
<STATUS>pass</STATUS>
<TIME>0.240708112716675</TIME>
</MPITEST>
<MPITEST>
<NAME>overlap_wins_acc</NAME>
<NP>3</NP>
<WORKDIR>./rma</WORKDIR>
<STATUS>pass</STATUS>
<TIME>0.239169836044312</TIME>
</MPITEST>
<MPITEST>
<NAME>overlap_wins_gacc</NAME>
<NP>3</NP>
<WORKDIR>./rma</WORKDIR>
<STATUS>pass</STATUS>
<TIME>0.242504119873047</TIME>
</MPITEST>
<MPITEST>
<NAME>overlap_wins_fop</NAME>
<NP>3</NP>
<WORKDIR>./rma</WORKDIR>
<STATUS>pass</STATUS>
<TIME>0.240151882171631</TIME>
</MPITEST>
<MPITEST>
<NAME>overlap_wins_cas</NAME>
<NP>3</NP>
<WORKDIR>./rma</WORKDIR>
<STATUS>pass</STATUS>
<TIME>0.229576110839844</TIME>
</MPITEST>
<MPITEST>
<NAME>lock_nested</NAME>
<NP>3</NP>
<WORKDIR>./rma</WORKDIR>
<STATUS>pass</STATUS>
<TIME>0.231127023696899</TIME>
</MPITEST>
<MPITEST>
<NAME>rget_testall</NAME>
<NP>2</NP>
<WORKDIR>./rma</WORKDIR>
<STATUS>pass</STATUS>
<TIME>0.213003158569336</TIME>
</MPITEST>
<MPITEST>
<NAME>win_shared_query_null</NAME>
<NP>4</NP>
<WORKDIR>./rma</WORKDIR>
<STATUS>pass</STATUS>
<TIME>0.22395396232605</TIME>
</MPITEST>
<MPITEST>
<NAME>accfence1__BASIC__L31</NAME>
<NP>4</NP>
<WORKDIR>./rma</WORKDIR>
<STATUS>pass</STATUS>
<TIME>0.237923145294189</TIME>
</MPITEST>
<MPITEST>
<NAME>accfence1__BASIC__L31</NAME>
<NP>4</NP>
<WORKDIR>./rma</WORKDIR>
<STATUS>pass</STATUS>
<TIME>0.250730991363525</TIME>
</MPITEST>
<MPITEST>
<NAME>accfence1__BASIC__L31</NAME>
<NP>4</NP>
<WORKDIR>./rma</WORKDIR>
<STATUS>pass</STATUS>
<TIME>0.259516000747681</TIME>
</MPITEST>
<MPITEST>
<NAME>accfence1__BASIC__L31</NAME>
<NP>4</NP>
<WORKDIR>./rma</WORKDIR>
<STATUS>pass</STATUS>
<TIME>0.246976852416992</TIME>
</MPITEST>
<MPITEST>
<NAME>accfence1__BASIC__L31</NAME>
<NP>4</NP>
<WORKDIR>./rma</WORKDIR>
<STATUS>pass</STATUS>
<TIME>0.346444129943848</TIME>
</MPITEST>
<MPITEST>
<NAME>accfence1__BASIC__L31</NAME>
<NP>4</NP>
<WORKDIR>./rma</WORKDIR>
<STATUS>pass</STATUS>
<TIME>1.50960493087769</TIME>
</MPITEST>
<MPITEST>
<NAME>accfence1__BASIC__L31</NAME>
<NP>4</NP>
<WORKDIR>./rma</WORKDIR>
<STATUS>pass</STATUS>
<TIME>0.255789995193481</TIME>
</MPITEST>
<MPITEST>
<NAME>accfence1__BASIC__L31</NAME>
<NP>4</NP>
<WORKDIR>./rma</WORKDIR>
<STATUS>pass</STATUS>
<TIME>0.237108945846558</TIME>
</MPITEST>
<MPITEST>
<NAME>accfence1__BASIC__L31</NAME>
<NP>4</NP>
<WORKDIR>./rma</WORKDIR>
<STATUS>pass</STATUS>
<TIME>0.257414102554321</TIME>
</MPITEST>
<MPITEST>
<NAME>accfence1__BASIC__L31</NAME>
<NP>4</NP>
<WORKDIR>./rma</WORKDIR>
<STATUS>pass</STATUS>
<TIME>0.278109073638916</TIME>
</MPITEST>
<MPITEST>
<NAME>accfence1__BASIC__L31</NAME>
<NP>4</NP>
<WORKDIR>./rma</WORKDIR>
<STATUS>pass</STATUS>
<TIME>0.361130952835083</TIME>
</MPITEST>
<MPITEST>
<NAME>accfence1__BASIC__L31</NAME>
<NP>4</NP>
<WORKDIR>./rma</WORKDIR>
<STATUS>pass</STATUS>
<TIME>1.7514169216156</TIME>
</MPITEST>
<MPITEST>
<NAME>accpscw1__BASIC__L32</NAME>
<NP>4</NP>
<WORKDIR>./rma</WORKDIR>
<STATUS>pass</STATUS>
<TIME>0.250364065170288</TIME>
</MPITEST>
<MPITEST>
<NAME>accpscw1__BASIC__L32</NAME>
<NP>4</NP>
<WORKDIR>./rma</WORKDIR>
<STATUS>pass</STATUS>
<TIME>0.255601167678833</TIME>
</MPITEST>
<MPITEST>
<NAME>accpscw1__BASIC__L32</NAME>
<NP>4</NP>
<WORKDIR>./rma</WORKDIR>
<STATUS>pass</STATUS>
<TIME>0.2518630027771</TIME>
</MPITEST>
<MPITEST>
<NAME>accpscw1__BASIC__L32</NAME>
<NP>4</NP>
<WORKDIR>./rma</WORKDIR>
<STATUS>pass</STATUS>
<TIME>0.265588998794556</TIME>
</MPITEST>
<MPITEST>
<NAME>accpscw1__BASIC__L32</NAME>
<NP>4</NP>
<WORKDIR>./rma</WORKDIR>
<STATUS>pass</STATUS>
<TIME>0.334189176559448</TIME>
</MPITEST>
<MPITEST>
<NAME>accpscw1__BASIC__L32</NAME>
<NP>4</NP>
<WORKDIR>./rma</WORKDIR>
<STATUS>pass</STATUS>
<TIME>1.37454915046692</TIME>
</MPITEST>
<MPITEST>
<NAME>accpscw1__BASIC__L32</NAME>
<NP>4</NP>
<WORKDIR>./rma</WORKDIR>
<STATUS>pass</STATUS>
<TIME>0.257306098937988</TIME>
</MPITEST>
<MPITEST>
<NAME>accpscw1__BASIC__L32</NAME>
<NP>4</NP>
<WORKDIR>./rma</WORKDIR>
<STATUS>pass</STATUS>
<TIME>0.254329919815063</TIME>
</MPITEST>
<MPITEST>
<NAME>accpscw1__BASIC__L32</NAME>
<NP>4</NP>
<WORKDIR>./rma</WORKDIR>
<STATUS>pass</STATUS>
<TIME>0.231839895248413</TIME>
</MPITEST>
<MPITEST>
<NAME>accpscw1__BASIC__L32</NAME>
<NP>4</NP>
<WORKDIR>./rma</WORKDIR>
<STATUS>pass</STATUS>
<TIME>0.247792959213257</TIME>
</MPITEST>
<MPITEST>
<NAME>accpscw1__BASIC__L32</NAME>
<NP>4</NP>
<WORKDIR>./rma</WORKDIR>
<STATUS>pass</STATUS>
<TIME>0.360631942749023</TIME>
</MPITEST>
<MPITEST>
<NAME>accpscw1__BASIC__L32</NAME>
<NP>4</NP>
<WORKDIR>./rma</WORKDIR>
<STATUS>pass</STATUS>
<TIME>1.7417049407959</TIME>
</MPITEST>
<MPITEST>
<NAME>epochtest__BASIC__L33</NAME>
<NP>4</NP>
<WORKDIR>./rma</WORKDIR>
<STATUS>pass</STATUS>
<TIME>0.249202013015747</TIME>
</MPITEST>
<MPITEST>
<NAME>epochtest__BASIC__L33</NAME>
<NP>4</NP>
<WORKDIR>./rma</WORKDIR>
<STATUS>pass</STATUS>
<TIME>0.242725133895874</TIME>
</MPITEST>
<MPITEST>
<NAME>epochtest__BASIC__L33</NAME>
<NP>4</NP>
<WORKDIR>./rma</WORKDIR>
<STATUS>pass</STATUS>
<TIME>0.25002908706665</TIME>
</MPITEST>
<MPITEST>
<NAME>epochtest__BASIC__L33</NAME>
<NP>4</NP>
<WORKDIR>./rma</WORKDIR>
<STATUS>pass</STATUS>
<TIME>0.255520105361938</TIME>
</MPITEST>
<MPITEST>
<NAME>epochtest__BASIC__L33</NAME>
<NP>4</NP>
<WORKDIR>./rma</WORKDIR>
<STATUS>pass</STATUS>
<TIME>0.434190988540649</TIME>
</MPITEST>
<MPITEST>
<NAME>epochtest__BASIC__L33</NAME>
<NP>4</NP>
<WORKDIR>./rma</WORKDIR>
<STATUS>pass</STATUS>
<TIME>2.01331496238708</TIME>
</MPITEST>
<MPITEST>
<NAME>epochtest__BASIC__L33</NAME>
<NP>4</NP>
<WORKDIR>./rma</WORKDIR>
<STATUS>pass</STATUS>
<TIME>0.247206926345825</TIME>
</MPITEST>
<MPITEST>
<NAME>epochtest__BASIC__L33</NAME>
<NP>4</NP>
<WORKDIR>./rma</WORKDIR>
<STATUS>pass</STATUS>
<TIME>0.242671012878418</TIME>
</MPITEST>
<MPITEST>
<NAME>epochtest__BASIC__L33</NAME>
<NP>4</NP>
<WORKDIR>./rma</WORKDIR>
<STATUS>pass</STATUS>
<TIME>0.243611812591553</TIME>
</MPITEST>
<MPITEST>
<NAME>epochtest__BASIC__L33</NAME>
<NP>4</NP>
<WORKDIR>./rma</WORKDIR>
<STATUS>pass</STATUS>
<TIME>0.240873098373413</TIME>
</MPITEST>
<MPITEST>
<NAME>epochtest__BASIC__L33</NAME>
<NP>4</NP>
<WORKDIR>./rma</WORKDIR>
<STATUS>pass</STATUS>
<TIME>0.478454113006592</TIME>
</MPITEST>
<MPITEST>
<NAME>epochtest__BASIC__L33</NAME>
<NP>4</NP>
<WORKDIR>./rma</WORKDIR>
<STATUS>pass</STATUS>
<TIME>2.95483112335205</TIME>
</MPITEST>
<MPITEST>
<NAME>getfence1__BASIC__L34</NAME>
<NP>2</NP>
<WORKDIR>./rma</WORKDIR>
<STATUS>pass</STATUS>
<TIME>0.228734016418457</TIME>
</MPITEST>
<MPITEST>
<NAME>getfence1__BASIC__L34</NAME>
<NP>2</NP>
<WORKDIR>./rma</WORKDIR>
<STATUS>pass</STATUS>
<TIME>0.21224308013916</TIME>
</MPITEST>
<MPITEST>
<NAME>getfence1__BASIC__L34</NAME>
<NP>2</NP>
<WORKDIR>./rma</WORKDIR>
<STATUS>pass</STATUS>
<TIME>0.218802928924561</TIME>
</MPITEST>
<MPITEST>
<NAME>getfence1__BASIC__L34</NAME>
<NP>2</NP>
<WORKDIR>./rma</WORKDIR>
<STATUS>pass</STATUS>
<TIME>0.223113059997559</TIME>
</MPITEST>
<MPITEST>
<NAME>getfence1__BASIC__L34</NAME>
<NP>2</NP>
<WORKDIR>./rma</WORKDIR>
<STATUS>pass</STATUS>
<TIME>0.258129119873047</TIME>
</MPITEST>
<MPITEST>
<NAME>getfence1__BASIC__L34</NAME>
<NP>2</NP>
<WORKDIR>./rma</WORKDIR>
<STATUS>pass</STATUS>
<TIME>0.551296949386597</TIME>
</MPITEST>
<MPITEST>
<NAME>getfence1__BASIC__L34</NAME>
<NP>2</NP>
<WORKDIR>./rma</WORKDIR>
<STATUS>pass</STATUS>
<TIME>0.206234931945801</TIME>
</MPITEST>
<MPITEST>
<NAME>getfence1__BASIC__L34</NAME>
<NP>2</NP>
<WORKDIR>./rma</WORKDIR>
<STATUS>pass</STATUS>
<TIME>0.222182035446167</TIME>
</MPITEST>
<MPITEST>
<NAME>getfence1__BASIC__L34</NAME>
<NP>2</NP>
<WORKDIR>./rma</WORKDIR>
<STATUS>pass</STATUS>
<TIME>0.224114894866943</TIME>
</MPITEST>
<MPITEST>
<NAME>getfence1__BASIC__L34</NAME>
<NP>2</NP>
<WORKDIR>./rma</WORKDIR>
<STATUS>pass</STATUS>
<TIME>0.216497898101807</TIME>
</MPITEST>
<MPITEST>
<NAME>getfence1__BASIC__L34</NAME>
<NP>2</NP>
<WORKDIR>./rma</WORKDIR>
<STATUS>pass</STATUS>
<TIME>0.257968187332153</TIME>
</MPITEST>
<MPITEST>
<NAME>getfence1__BASIC__L34</NAME>
<NP>2</NP>
<WORKDIR>./rma</WORKDIR>
<STATUS>pass</STATUS>
<TIME>0.679213047027588</TIME>
</MPITEST>
<MPITEST>
<NAME>getfence1__BASIC__L35</NAME>
<NP>2</NP>
<WORKDIR>./rma</WORKDIR>
<STATUS>pass</STATUS>
<TIME>25.0010280609131</TIME>
</MPITEST>
<MPITEST>
<NAME>getfence1__BASIC__L35</NAME>
<NP>2</NP>
<WORKDIR>./rma</WORKDIR>
<STATUS>pass</STATUS>
<TIME>32.4924280643463</TIME>
</MPITEST>
<MPITEST>
<NAME>lock_contention_dt__BASIC__L36</NAME>
<NP>4</NP>
<WORKDIR>./rma</WORKDIR>
<STATUS>pass</STATUS>
<TIME>0.241565942764282</TIME>
</MPITEST>
<MPITEST>
<NAME>lock_contention_dt__BASIC__L36</NAME>
<NP>4</NP>
<WORKDIR>./rma</WORKDIR>
<STATUS>pass</STATUS>
<TIME>0.25796103477478</TIME>
</MPITEST>
<MPITEST>
<NAME>lock_contention_dt__BASIC__L36</NAME>
<NP>4</NP>
<WORKDIR>./rma</WORKDIR>
<STATUS>pass</STATUS>
<TIME>0.243623971939087</TIME>
</MPITEST>
<MPITEST>
<NAME>lock_contention_dt__BASIC__L36</NAME>
<NP>4</NP>
<WORKDIR>./rma</WORKDIR>
<STATUS>pass</STATUS>
<TIME>0.250242948532104</TIME>
</MPITEST>
<MPITEST>
<NAME>lock_contention_dt__BASIC__L36</NAME>
<NP>4</NP>
<WORKDIR>./rma</WORKDIR>
<STATUS>pass</STATUS>
<TIME>0.463273048400879</TIME>
</MPITEST>
<MPITEST>
<NAME>lock_contention_dt__BASIC__L36</NAME>
<NP>4</NP>
<WORKDIR>./rma</WORKDIR>
<STATUS>pass</STATUS>
<TIME>2.40672302246094</TIME>
</MPITEST>
<MPITEST>
<NAME>lock_contention_dt__BASIC__L36</NAME>
<NP>4</NP>
<WORKDIR>./rma</WORKDIR>
<STATUS>pass</STATUS>
<TIME>0.266484975814819</TIME>
</MPITEST>
<MPITEST>
<NAME>lock_contention_dt__BASIC__L36</NAME>
<NP>4</NP>
<WORKDIR>./rma</WORKDIR>
<STATUS>pass</STATUS>
<TIME>0.249118804931641</TIME>
</MPITEST>
<MPITEST>
<NAME>lock_contention_dt__BASIC__L36</NAME>
<NP>4</NP>
<WORKDIR>./rma</WORKDIR>
<STATUS>pass</STATUS>
<TIME>0.255779981613159</TIME>
</MPITEST>
<MPITEST>
<NAME>lock_contention_dt__BASIC__L36</NAME>
<NP>4</NP>
<WORKDIR>./rma</WORKDIR>
<STATUS>pass</STATUS>
<TIME>0.264424085617065</TIME>
</MPITEST>
<MPITEST>
<NAME>lock_contention_dt__BASIC__L36</NAME>
<NP>4</NP>
<WORKDIR>./rma</WORKDIR>
<STATUS>pass</STATUS>
<TIME>0.557335138320923</TIME>
</MPITEST>
<MPITEST>
<NAME>lock_contention_dt__BASIC__L36</NAME>
<NP>4</NP>
<WORKDIR>./rma</WORKDIR>
<STATUS>pass</STATUS>
<TIME>4.07534694671631</TIME>
</MPITEST>
<MPITEST>
<NAME>lock_dt__BASIC__L37</NAME>
<NP>2</NP>
<WORKDIR>./rma</WORKDIR>
<STATUS>pass</STATUS>
<TIME>0.226716041564941</TIME>
</MPITEST>
<MPITEST>
<NAME>lock_dt__BASIC__L37</NAME>
<NP>2</NP>
<WORKDIR>./rma</WORKDIR>
<STATUS>pass</STATUS>
<TIME>0.216854810714722</TIME>
</MPITEST>
<MPITEST>
<NAME>lock_dt__BASIC__L37</NAME>
<NP>2</NP>
<WORKDIR>./rma</WORKDIR>
<STATUS>pass</STATUS>
<TIME>0.22247314453125</TIME>
</MPITEST>
<MPITEST>
<NAME>lock_dt__BASIC__L37</NAME>
<NP>2</NP>
<WORKDIR>./rma</WORKDIR>
<STATUS>pass</STATUS>
<TIME>0.223501920700073</TIME>
</MPITEST>
<MPITEST>
<NAME>lock_dt__BASIC__L37</NAME>
<NP>2</NP>
<WORKDIR>./rma</WORKDIR>
<STATUS>pass</STATUS>
<TIME>0.290426015853882</TIME>
</MPITEST>
<MPITEST>
<NAME>lock_dt__BASIC__L37</NAME>
<NP>2</NP>
<WORKDIR>./rma</WORKDIR>
<STATUS>pass</STATUS>
<TIME>0.819327831268311</TIME>
</MPITEST>
<MPITEST>
<NAME>lock_dt__BASIC__L37</NAME>
<NP>2</NP>
<WORKDIR>./rma</WORKDIR>
<STATUS>pass</STATUS>
<TIME>0.216685771942139</TIME>
</MPITEST>
<MPITEST>
<NAME>lock_dt__BASIC__L37</NAME>
<NP>2</NP>
<WORKDIR>./rma</WORKDIR>
<STATUS>pass</STATUS>
<TIME>0.217633008956909</TIME>
</MPITEST>
<MPITEST>
<NAME>lock_dt__BASIC__L37</NAME>
<NP>2</NP>
<WORKDIR>./rma</WORKDIR>
<STATUS>pass</STATUS>
<TIME>0.223683834075928</TIME>
</MPITEST>
<MPITEST>
<NAME>lock_dt__BASIC__L37</NAME>
<NP>2</NP>
<WORKDIR>./rma</WORKDIR>
<STATUS>pass</STATUS>
<TIME>0.21995997428894</TIME>
</MPITEST>
<MPITEST>
<NAME>lock_dt__BASIC__L37</NAME>
<NP>2</NP>
<WORKDIR>./rma</WORKDIR>
<STATUS>pass</STATUS>
<TIME>0.310214042663574</TIME>
</MPITEST>
<MPITEST>
<NAME>lock_dt__BASIC__L37</NAME>
<NP>2</NP>
<WORKDIR>./rma</WORKDIR>
<STATUS>pass</STATUS>
<TIME>1.1683669090271</TIME>
</MPITEST>
<MPITEST>
<NAME>lock_dt_flush__BASIC__L38</NAME>
<NP>2</NP>
<WORKDIR>./rma</WORKDIR>
<STATUS>pass</STATUS>
<TIME>0.219455003738403</TIME>
</MPITEST>
<MPITEST>
<NAME>lock_dt_flush__BASIC__L38</NAME>
<NP>2</NP>
<WORKDIR>./rma</WORKDIR>
<STATUS>pass</STATUS>
<TIME>0.222139120101929</TIME>
</MPITEST>
<MPITEST>
<NAME>lock_dt_flush__BASIC__L38</NAME>
<NP>2</NP>
<WORKDIR>./rma</WORKDIR>
<STATUS>pass</STATUS>
<TIME>0.216552019119263</TIME>
</MPITEST>
<MPITEST>
<NAME>lock_dt_flush__BASIC__L38</NAME>
<NP>2</NP>
<WORKDIR>./rma</WORKDIR>
<STATUS>pass</STATUS>
<TIME>0.229000091552734</TIME>
</MPITEST>
<MPITEST>
<NAME>lock_dt_flush__BASIC__L38</NAME>
<NP>2</NP>
<WORKDIR>./rma</WORKDIR>
<STATUS>pass</STATUS>
<TIME>0.302664995193481</TIME>
</MPITEST>
<MPITEST>
<NAME>lock_dt_flush__BASIC__L38</NAME>
<NP>2</NP>
<WORKDIR>./rma</WORKDIR>
<STATUS>pass</STATUS>
<TIME>1.01641893386841</TIME>
</MPITEST>
<MPITEST>
<NAME>lock_dt_flush__BASIC__L38</NAME>
<NP>2</NP>
<WORKDIR>./rma</WORKDIR>
<STATUS>pass</STATUS>
<TIME>0.228386878967285</TIME>
</MPITEST>
<MPITEST>
<NAME>lock_dt_flush__BASIC__L38</NAME>
<NP>2</NP>
<WORKDIR>./rma</WORKDIR>
<STATUS>pass</STATUS>
<TIME>0.227344036102295</TIME>
</MPITEST>
<MPITEST>
<NAME>lock_dt_flush__BASIC__L38</NAME>
<NP>2</NP>
<WORKDIR>./rma</WORKDIR>
<STATUS>pass</STATUS>
<TIME>0.224868059158325</TIME>
</MPITEST>
<MPITEST>
<NAME>lock_dt_flush__BASIC__L38</NAME>
<NP>2</NP>
<WORKDIR>./rma</WORKDIR>
<STATUS>pass</STATUS>
<TIME>0.227653026580811</TIME>
</MPITEST>
<MPITEST>
<NAME>lock_dt_flush__BASIC__L38</NAME>
<NP>2</NP>
<WORKDIR>./rma</WORKDIR>
<STATUS>pass</STATUS>
<TIME>0.328715085983276</TIME>
</MPITEST>
<MPITEST>
<NAME>lock_dt_flush__BASIC__L38</NAME>
<NP>2</NP>
<WORKDIR>./rma</WORKDIR>
<STATUS>pass</STATUS>
<TIME>1.39845681190491</TIME>
</MPITEST>
<MPITEST>
<NAME>lock_dt_flushlocal__BASIC__L39</NAME>
<NP>2</NP>
<WORKDIR>./rma</WORKDIR>
<STATUS>pass</STATUS>
<TIME>0.217561006546021</TIME>
</MPITEST>
<MPITEST>
<NAME>lock_dt_flushlocal__BASIC__L39</NAME>
<NP>2</NP>
<WORKDIR>./rma</WORKDIR>
<STATUS>pass</STATUS>
<TIME>0.22763204574585</TIME>
</MPITEST>
<MPITEST>
<NAME>lock_dt_flushlocal__BASIC__L39</NAME>
<NP>2</NP>
<WORKDIR>./rma</WORKDIR>
<STATUS>pass</STATUS>
<TIME>0.231829166412354</TIME>
</MPITEST>
<MPITEST>
<NAME>lock_dt_flushlocal__BASIC__L39</NAME>
<NP>2</NP>
<WORKDIR>./rma</WORKDIR>
<STATUS>pass</STATUS>
<TIME>0.219111919403076</TIME>
</MPITEST>
<MPITEST>
<NAME>lock_dt_flushlocal__BASIC__L39</NAME>
<NP>2</NP>
<WORKDIR>./rma</WORKDIR>
<STATUS>pass</STATUS>
<TIME>0.28559398651123</TIME>
</MPITEST>
<MPITEST>
<NAME>lock_dt_flushlocal__BASIC__L39</NAME>
<NP>2</NP>
<WORKDIR>./rma</WORKDIR>
<STATUS>pass</STATUS>
<TIME>0.832222938537598</TIME>
</MPITEST>
<MPITEST>
<NAME>lock_dt_flushlocal__BASIC__L39</NAME>
<NP>2</NP>
<WORKDIR>./rma</WORKDIR>
<STATUS>pass</STATUS>
<TIME>0.215961933135986</TIME>
</MPITEST>
<MPITEST>
<NAME>lock_dt_flushlocal__BASIC__L39</NAME>
<NP>2</NP>
<WORKDIR>./rma</WORKDIR>
<STATUS>pass</STATUS>
<TIME>0.21095085144043</TIME>
</MPITEST>
<MPITEST>
<NAME>lock_dt_flushlocal__BASIC__L39</NAME>
<NP>2</NP>
<WORKDIR>./rma</WORKDIR>
<STATUS>pass</STATUS>
<TIME>0.209535837173462</TIME>
</MPITEST>
<MPITEST>
<NAME>lock_dt_flushlocal__BASIC__L39</NAME>
<NP>2</NP>
<WORKDIR>./rma</WORKDIR>
<STATUS>pass</STATUS>
<TIME>0.220671892166138</TIME>
</MPITEST>
<MPITEST>
<NAME>lock_dt_flushlocal__BASIC__L39</NAME>
<NP>2</NP>
<WORKDIR>./rma</WORKDIR>
<STATUS>pass</STATUS>
<TIME>0.306380033493042</TIME>
</MPITEST>
<MPITEST>
<NAME>lock_dt_flushlocal__BASIC__L39</NAME>
<NP>2</NP>
<WORKDIR>./rma</WORKDIR>
<STATUS>pass</STATUS>
<TIME>1.33200407028198</TIME>
</MPITEST>
<MPITEST>
<NAME>lockall_dt__BASIC__L40</NAME>
<NP>4</NP>
<WORKDIR>./rma</WORKDIR>
<STATUS>pass</STATUS>
<TIME>0.243953943252563</TIME>
</MPITEST>
<MPITEST>
<NAME>lockall_dt__BASIC__L40</NAME>
<NP>4</NP>
<WORKDIR>./rma</WORKDIR>
<STATUS>pass</STATUS>
<TIME>0.24576997756958</TIME>
</MPITEST>
<MPITEST>
<NAME>lockall_dt__BASIC__L40</NAME>
<NP>4</NP>
<WORKDIR>./rma</WORKDIR>
<STATUS>pass</STATUS>
<TIME>0.248613119125366</TIME>
</MPITEST>
<MPITEST>
<NAME>lockall_dt__BASIC__L40</NAME>
<NP>4</NP>
<WORKDIR>./rma</WORKDIR>
<STATUS>pass</STATUS>
<TIME>0.255971908569336</TIME>
</MPITEST>
<MPITEST>
<NAME>lockall_dt__BASIC__L40</NAME>
<NP>4</NP>
<WORKDIR>./rma</WORKDIR>
<STATUS>pass</STATUS>
<TIME>0.513024091720581</TIME>
</MPITEST>
<MPITEST>
<NAME>lockall_dt__BASIC__L40</NAME>
<NP>4</NP>
<WORKDIR>./rma</WORKDIR>
<STATUS>pass</STATUS>
<TIME>2.51581001281738</TIME>
</MPITEST>
<MPITEST>
<NAME>lockall_dt__BASIC__L40</NAME>
<NP>4</NP>
<WORKDIR>./rma</WORKDIR>
<STATUS>pass</STATUS>
<TIME>0.262931108474731</TIME>
</MPITEST>
<MPITEST>
<NAME>lockall_dt__BASIC__L40</NAME>
<NP>4</NP>
<WORKDIR>./rma</WORKDIR>
<STATUS>pass</STATUS>
<TIME>0.259444952011108</TIME>
</MPITEST>
<MPITEST>
<NAME>lockall_dt__BASIC__L40</NAME>
<NP>4</NP>
<WORKDIR>./rma</WORKDIR>
<STATUS>pass</STATUS>
<TIME>0.253344058990479</TIME>
</MPITEST>
<MPITEST>
<NAME>lockall_dt__BASIC__L40</NAME>
<NP>4</NP>
<WORKDIR>./rma</WORKDIR>
<STATUS>pass</STATUS>
<TIME>0.252442836761475</TIME>
</MPITEST>
<MPITEST>
<NAME>lockall_dt__BASIC__L40</NAME>
<NP>4</NP>
<WORKDIR>./rma</WORKDIR>
<STATUS>pass</STATUS>
<TIME>0.548235177993774</TIME>
</MPITEST>
<MPITEST>
<NAME>lockall_dt__BASIC__L40</NAME>
<NP>4</NP>
<WORKDIR>./rma</WORKDIR>
<STATUS>pass</STATUS>
<TIME>4.47012901306152</TIME>
</MPITEST>
<MPITEST>
<NAME>lockall_dt_flush__BASIC__L41</NAME>
<NP>4</NP>
<WORKDIR>./rma</WORKDIR>
<STATUS>pass</STATUS>
<TIME>0.25478196144104</TIME>
</MPITEST>
<MPITEST>
<NAME>lockall_dt_flush__BASIC__L41</NAME>
<NP>4</NP>
<WORKDIR>./rma</WORKDIR>
<STATUS>pass</STATUS>
<TIME>0.25839900970459</TIME>
</MPITEST>
<MPITEST>
<NAME>lockall_dt_flush__BASIC__L41</NAME>
<NP>4</NP>
<WORKDIR>./rma</WORKDIR>
<STATUS>pass</STATUS>
<TIME>0.248162031173706</TIME>
</MPITEST>
<MPITEST>
<NAME>lockall_dt_flush__BASIC__L41</NAME>
<NP>4</NP>
<WORKDIR>./rma</WORKDIR>
<STATUS>pass</STATUS>
<TIME>0.260972023010254</TIME>
</MPITEST>
<MPITEST>
<NAME>lockall_dt_flush__BASIC__L41</NAME>
<NP>4</NP>
<WORKDIR>./rma</WORKDIR>
<STATUS>pass</STATUS>
<TIME>0.584059000015259</TIME>
</MPITEST>
<MPITEST>
<NAME>lockall_dt_flush__BASIC__L41</NAME>
<NP>4</NP>
<WORKDIR>./rma</WORKDIR>
<STATUS>pass</STATUS>
<TIME>2.98031687736511</TIME>
</MPITEST>
<MPITEST>
<NAME>lockall_dt_flush__BASIC__L41</NAME>
<NP>4</NP>
<WORKDIR>./rma</WORKDIR>
<STATUS>pass</STATUS>
<TIME>0.249033212661743</TIME>
</MPITEST>
<MPITEST>
<NAME>lockall_dt_flush__BASIC__L41</NAME>
<NP>4</NP>
<WORKDIR>./rma</WORKDIR>
<STATUS>pass</STATUS>
<TIME>0.250794172286987</TIME>
</MPITEST>
<MPITEST>
<NAME>lockall_dt_flush__BASIC__L41</NAME>
<NP>4</NP>
<WORKDIR>./rma</WORKDIR>
<STATUS>pass</STATUS>
<TIME>0.267443180084229</TIME>
</MPITEST>
<MPITEST>
<NAME>lockall_dt_flush__BASIC__L41</NAME>
<NP>4</NP>
<WORKDIR>./rma</WORKDIR>
<STATUS>pass</STATUS>
<TIME>0.248671054840088</TIME>
</MPITEST>
<MPITEST>
<NAME>lockall_dt_flush__BASIC__L41</NAME>
<NP>4</NP>
<WORKDIR>./rma</WORKDIR>
<STATUS>pass</STATUS>
<TIME>0.619905948638916</TIME>
</MPITEST>
<MPITEST>
<NAME>lockall_dt_flush__BASIC__L41</NAME>
<NP>4</NP>
<WORKDIR>./rma</WORKDIR>
<STATUS>pass</STATUS>
<TIME>4.66750597953796</TIME>
</MPITEST>
<MPITEST>
<NAME>lockall_dt_flushall__BASIC__L42</NAME>
<NP>4</NP>
<WORKDIR>./rma</WORKDIR>
<STATUS>pass</STATUS>
<TIME>0.249157190322876</TIME>
</MPITEST>
<MPITEST>
<NAME>lockall_dt_flushall__BASIC__L42</NAME>
<NP>4</NP>
<WORKDIR>./rma</WORKDIR>
<STATUS>pass</STATUS>
<TIME>0.260008096694946</TIME>
</MPITEST>
<MPITEST>
<NAME>lockall_dt_flushall__BASIC__L42</NAME>
<NP>4</NP>
<WORKDIR>./rma</WORKDIR>
<STATUS>pass</STATUS>
<TIME>0.259305953979492</TIME>
</MPITEST>
<MPITEST>
<NAME>lockall_dt_flushall__BASIC__L42</NAME>
<NP>4</NP>
<WORKDIR>./rma</WORKDIR>
<STATUS>pass</STATUS>
<TIME>0.266464948654175</TIME>
</MPITEST>
<MPITEST>
<NAME>lockall_dt_flushall__BASIC__L42</NAME>
<NP>4</NP>
<WORKDIR>./rma</WORKDIR>
<STATUS>pass</STATUS>
<TIME>0.516678094863892</TIME>
</MPITEST>
<MPITEST>
<NAME>lockall_dt_flushall__BASIC__L42</NAME>
<NP>4</NP>
<WORKDIR>./rma</WORKDIR>
<STATUS>pass</STATUS>
<TIME>3.13214206695557</TIME>
</MPITEST>
<MPITEST>
<NAME>lockall_dt_flushall__BASIC__L42</NAME>
<NP>4</NP>
<WORKDIR>./rma</WORKDIR>
<STATUS>pass</STATUS>
<TIME>0.251215934753418</TIME>
</MPITEST>
<MPITEST>
<NAME>lockall_dt_flushall__BASIC__L42</NAME>
<NP>4</NP>
<WORKDIR>./rma</WORKDIR>
<STATUS>pass</STATUS>
<TIME>0.255850076675415</TIME>
</MPITEST>
<MPITEST>
<NAME>lockall_dt_flushall__BASIC__L42</NAME>
<NP>4</NP>
<WORKDIR>./rma</WORKDIR>
<STATUS>pass</STATUS>
<TIME>0.264435052871704</TIME>
</MPITEST>
<MPITEST>
<NAME>lockall_dt_flushall__BASIC__L42</NAME>
<NP>4</NP>
<WORKDIR>./rma</WORKDIR>
<STATUS>pass</STATUS>
<TIME>0.266616821289062</TIME>
</MPITEST>
<MPITEST>
<NAME>lockall_dt_flushall__BASIC__L42</NAME>
<NP>4</NP>
<WORKDIR>./rma</WORKDIR>
<STATUS>pass</STATUS>
<TIME>0.614455938339233</TIME>
</MPITEST>
<MPITEST>
<NAME>lockall_dt_flushall__BASIC__L42</NAME>
<NP>4</NP>
<WORKDIR>./rma</WORKDIR>
<STATUS>pass</STATUS>
<TIME>4.93626093864441</TIME>
</MPITEST>
<MPITEST>
<NAME>lockall_dt_flushlocal__BASIC__L43</NAME>
<NP>4</NP>
<WORKDIR>./rma</WORKDIR>
<STATUS>pass</STATUS>
<TIME>0.248226881027222</TIME>
</MPITEST>
<MPITEST>
<NAME>lockall_dt_flushlocal__BASIC__L43</NAME>
<NP>4</NP>
<WORKDIR>./rma</WORKDIR>
<STATUS>pass</STATUS>
<TIME>0.260831117630005</TIME>
</MPITEST>
<MPITEST>
<NAME>lockall_dt_flushlocal__BASIC__L43</NAME>
<NP>4</NP>
<WORKDIR>./rma</WORKDIR>
<STATUS>pass</STATUS>
<TIME>0.247040033340454</TIME>
</MPITEST>
<MPITEST>
<NAME>lockall_dt_flushlocal__BASIC__L43</NAME>
<NP>4</NP>
<WORKDIR>./rma</WORKDIR>
<STATUS>pass</STATUS>
<TIME>0.260365962982178</TIME>
</MPITEST>
<MPITEST>
<NAME>lockall_dt_flushlocal__BASIC__L43</NAME>
<NP>4</NP>
<WORKDIR>./rma</WORKDIR>
<STATUS>pass</STATUS>
<TIME>0.462157011032104</TIME>
</MPITEST>
<MPITEST>
<NAME>lockall_dt_flushlocal__BASIC__L43</NAME>
<NP>4</NP>
<WORKDIR>./rma</WORKDIR>
<STATUS>pass</STATUS>
<TIME>2.60521507263184</TIME>
</MPITEST>
<MPITEST>
<NAME>lockall_dt_flushlocal__BASIC__L43</NAME>
<NP>4</NP>
<WORKDIR>./rma</WORKDIR>
<STATUS>pass</STATUS>
<TIME>0.239845991134644</TIME>
</MPITEST>
<MPITEST>
<NAME>lockall_dt_flushlocal__BASIC__L43</NAME>
<NP>4</NP>
<WORKDIR>./rma</WORKDIR>
<STATUS>pass</STATUS>
<TIME>0.243153095245361</TIME>
</MPITEST>
<MPITEST>
<NAME>lockall_dt_flushlocal__BASIC__L43</NAME>
<NP>4</NP>
<WORKDIR>./rma</WORKDIR>
<STATUS>pass</STATUS>
<TIME>0.251152992248535</TIME>
</MPITEST>
<MPITEST>
<NAME>lockall_dt_flushlocal__BASIC__L43</NAME>
<NP>4</NP>
<WORKDIR>./rma</WORKDIR>
<STATUS>pass</STATUS>
<TIME>0.247269153594971</TIME>
</MPITEST>
<MPITEST>
<NAME>lockall_dt_flushlocal__BASIC__L43</NAME>
<NP>4</NP>
<WORKDIR>./rma</WORKDIR>
<STATUS>pass</STATUS>
<TIME>0.562891006469727</TIME>
</MPITEST>
<MPITEST>
<NAME>lockall_dt_flushlocal__BASIC__L43</NAME>
<NP>4</NP>
<WORKDIR>./rma</WORKDIR>
<STATUS>pass</STATUS>
<TIME>4.71994090080261</TIME>
</MPITEST>
<MPITEST>
<NAME>lockall_dt_flushlocalall__BASIC__L44</NAME>
<NP>4</NP>
<WORKDIR>./rma</WORKDIR>
<STATUS>pass</STATUS>
<TIME>0.243851900100708</TIME>
</MPITEST>
<MPITEST>
<NAME>lockall_dt_flushlocalall__BASIC__L44</NAME>
<NP>4</NP>
<WORKDIR>./rma</WORKDIR>
<STATUS>pass</STATUS>
<TIME>0.273144960403442</TIME>
</MPITEST>
<MPITEST>
<NAME>lockall_dt_flushlocalall__BASIC__L44</NAME>
<NP>4</NP>
<WORKDIR>./rma</WORKDIR>
<STATUS>pass</STATUS>
<TIME>0.256714105606079</TIME>
</MPITEST>
<MPITEST>
<NAME>lockall_dt_flushlocalall__BASIC__L44</NAME>
<NP>4</NP>
<WORKDIR>./rma</WORKDIR>
<STATUS>pass</STATUS>
<TIME>0.268938064575195</TIME>
</MPITEST>
<MPITEST>
<NAME>lockall_dt_flushlocalall__BASIC__L44</NAME>
<NP>4</NP>
<WORKDIR>./rma</WORKDIR>
<STATUS>pass</STATUS>
<TIME>0.471738815307617</TIME>
</MPITEST>
<MPITEST>
<NAME>lockall_dt_flushlocalall__BASIC__L44</NAME>
<NP>4</NP>
<WORKDIR>./rma</WORKDIR>
<STATUS>pass</STATUS>
<TIME>2.66641092300415</TIME>
</MPITEST>
<MPITEST>
<NAME>lockall_dt_flushlocalall__BASIC__L44</NAME>
<NP>4</NP>
<WORKDIR>./rma</WORKDIR>
<STATUS>pass</STATUS>
<TIME>0.244681119918823</TIME>
</MPITEST>
<MPITEST>
<NAME>lockall_dt_flushlocalall__BASIC__L44</NAME>
<NP>4</NP>
<WORKDIR>./rma</WORKDIR>
<STATUS>pass</STATUS>
<TIME>0.25484299659729</TIME>
</MPITEST>
<MPITEST>
<NAME>lockall_dt_flushlocalall__BASIC__L44</NAME>
<NP>4</NP>
<WORKDIR>./rma</WORKDIR>
<STATUS>pass</STATUS>
<TIME>0.249043941497803</TIME>
</MPITEST>
<MPITEST>
<NAME>lockall_dt_flushlocalall__BASIC__L44</NAME>
<NP>4</NP>
<WORKDIR>./rma</WORKDIR>
<STATUS>pass</STATUS>
<TIME>0.255114078521729</TIME>
</MPITEST>
<MPITEST>
<NAME>lockall_dt_flushlocalall__BASIC__L44</NAME>
<NP>4</NP>
<WORKDIR>./rma</WORKDIR>
<STATUS>pass</STATUS>
<TIME>0.550625085830688</TIME>
</MPITEST>
<MPITEST>
<NAME>lockall_dt_flushlocalall__BASIC__L44</NAME>
<NP>4</NP>
<WORKDIR>./rma</WORKDIR>
<STATUS>pass</STATUS>
<TIME>4.6822350025177</TIME>
</MPITEST>
<MPITEST>
<NAME>putfence1__BASIC__L45</NAME>
<NP>2</NP>
<WORKDIR>./rma</WORKDIR>
<STATUS>pass</STATUS>
<TIME>0.222139835357666</TIME>
</MPITEST>
<MPITEST>
<NAME>putfence1__BASIC__L45</NAME>
<NP>2</NP>
<WORKDIR>./rma</WORKDIR>
<STATUS>pass</STATUS>
<TIME>0.220721960067749</TIME>
</MPITEST>
<MPITEST>
<NAME>putfence1__BASIC__L45</NAME>
<NP>2</NP>
<WORKDIR>./rma</WORKDIR>
<STATUS>pass</STATUS>
<TIME>0.227266073226929</TIME>
</MPITEST>
<MPITEST>
<NAME>putfence1__BASIC__L45</NAME>
<NP>2</NP>
<WORKDIR>./rma</WORKDIR>
<STATUS>pass</STATUS>
<TIME>0.223495006561279</TIME>
</MPITEST>
<MPITEST>
<NAME>putfence1__BASIC__L45</NAME>
<NP>2</NP>
<WORKDIR>./rma</WORKDIR>
<STATUS>pass</STATUS>
<TIME>0.253137111663818</TIME>
</MPITEST>
<MPITEST>
<NAME>putfence1__BASIC__L45</NAME>
<NP>2</NP>
<WORKDIR>./rma</WORKDIR>
<STATUS>pass</STATUS>
<TIME>0.535670042037964</TIME>
</MPITEST>
<MPITEST>
<NAME>putfence1__BASIC__L45</NAME>
<NP>2</NP>
<WORKDIR>./rma</WORKDIR>
<STATUS>pass</STATUS>
<TIME>0.205875873565674</TIME>
</MPITEST>
<MPITEST>
<NAME>putfence1__BASIC__L45</NAME>
<NP>2</NP>
<WORKDIR>./rma</WORKDIR>
<STATUS>pass</STATUS>
<TIME>0.223965883255005</TIME>
</MPITEST>
<MPITEST>
<NAME>putfence1__BASIC__L45</NAME>
<NP>2</NP>
<WORKDIR>./rma</WORKDIR>
<STATUS>pass</STATUS>
<TIME>0.227061986923218</TIME>
</MPITEST>
<MPITEST>
<NAME>putfence1__BASIC__L45</NAME>
<NP>2</NP>
<WORKDIR>./rma</WORKDIR>
<STATUS>pass</STATUS>
<TIME>0.207693099975586</TIME>
</MPITEST>
<MPITEST>
<NAME>putfence1__BASIC__L45</NAME>
<NP>2</NP>
<WORKDIR>./rma</WORKDIR>
<STATUS>pass</STATUS>
<TIME>0.26147198677063</TIME>
</MPITEST>
<MPITEST>
<NAME>putfence1__BASIC__L45</NAME>
<NP>2</NP>
<WORKDIR>./rma</WORKDIR>
<STATUS>pass</STATUS>
<TIME>0.675242900848389</TIME>
</MPITEST>
<MPITEST>
<NAME>putfence1__BASIC__L46</NAME>
<NP>2</NP>
<WORKDIR>./rma</WORKDIR>
<STATUS>pass</STATUS>
<TIME>24.7022738456726</TIME>
</MPITEST>
<MPITEST>
<NAME>putfence1__BASIC__L46</NAME>
<NP>2</NP>
<WORKDIR>./rma</WORKDIR>
<STATUS>pass</STATUS>
<TIME>32.543732881546</TIME>
</MPITEST>
<MPITEST>
<NAME>putpscw1__BASIC__L47</NAME>
<NP>4</NP>
<WORKDIR>./rma</WORKDIR>
<STATUS>pass</STATUS>
<TIME>0.256050109863281</TIME>
</MPITEST>
<MPITEST>
<NAME>putpscw1__BASIC__L47</NAME>
<NP>4</NP>
<WORKDIR>./rma</WORKDIR>
<STATUS>pass</STATUS>
<TIME>0.265763998031616</TIME>
</MPITEST>
<MPITEST>
<NAME>putpscw1__BASIC__L47</NAME>
<NP>4</NP>
<WORKDIR>./rma</WORKDIR>
<STATUS>pass</STATUS>
<TIME>0.260708093643188</TIME>
</MPITEST>
<MPITEST>
<NAME>putpscw1__BASIC__L47</NAME>
<NP>4</NP>
<WORKDIR>./rma</WORKDIR>
<STATUS>pass</STATUS>
<TIME>0.24907112121582</TIME>
</MPITEST>
<MPITEST>
<NAME>putpscw1__BASIC__L47</NAME>
<NP>4</NP>
<WORKDIR>./rma</WORKDIR>
<STATUS>pass</STATUS>
<TIME>0.351240873336792</TIME>
</MPITEST>
<MPITEST>
<NAME>putpscw1__BASIC__L47</NAME>
<NP>4</NP>
<WORKDIR>./rma</WORKDIR>
<STATUS>pass</STATUS>
<TIME>1.34759593009949</TIME>
</MPITEST>
<MPITEST>
<NAME>putpscw1__BASIC__L47</NAME>
<NP>4</NP>
<WORKDIR>./rma</WORKDIR>
<STATUS>pass</STATUS>
<TIME>0.23724889755249</TIME>
</MPITEST>
<MPITEST>
<NAME>putpscw1__BASIC__L47</NAME>
<NP>4</NP>
<WORKDIR>./rma</WORKDIR>
<STATUS>pass</STATUS>
<TIME>0.248807907104492</TIME>
</MPITEST>
<MPITEST>
<NAME>putpscw1__BASIC__L47</NAME>
<NP>4</NP>
<WORKDIR>./rma</WORKDIR>
<STATUS>pass</STATUS>
<TIME>0.24380898475647</TIME>
</MPITEST>
<MPITEST>
<NAME>putpscw1__BASIC__L47</NAME>
<NP>4</NP>
<WORKDIR>./rma</WORKDIR>
<STATUS>pass</STATUS>
<TIME>0.265130043029785</TIME>
</MPITEST>
<MPITEST>
<NAME>putpscw1__BASIC__L47</NAME>
<NP>4</NP>
<WORKDIR>./rma</WORKDIR>
<STATUS>pass</STATUS>
<TIME>0.373512029647827</TIME>
</MPITEST>
<MPITEST>
<NAME>putpscw1__BASIC__L47</NAME>
<NP>4</NP>
<WORKDIR>./rma</WORKDIR>
<STATUS>pass</STATUS>
<TIME>1.76239895820618</TIME>
</MPITEST>
<MPITEST>
<NAME>accfence1__STRUCT__L41</NAME>
<NP>4</NP>
<WORKDIR>./rma</WORKDIR>
<STATUS>pass</STATUS>
<TIME>0.250717878341675</TIME>
</MPITEST>
<MPITEST>
<NAME>accpscw1__STRUCT__L42</NAME>
<NP>4</NP>
<WORKDIR>./rma</WORKDIR>
<STATUS>pass</STATUS>
<TIME>0.239248037338257</TIME>
</MPITEST>
<MPITEST>
<NAME>epochtest__STRUCT__L43</NAME>
<NP>4</NP>
<WORKDIR>./rma</WORKDIR>
<STATUS>pass</STATUS>
<TIME>0.243792057037354</TIME>
</MPITEST>
<MPITEST>
<NAME>getfence1__STRUCT__L44</NAME>
<NP>2</NP>
<WORKDIR>./rma</WORKDIR>
<STATUS>pass</STATUS>
<TIME>0.213379859924316</TIME>
</MPITEST>
<MPITEST>
<NAME>lock_contention_dt__STRUCT__L45</NAME>
<NP>4</NP>
<WORKDIR>./rma</WORKDIR>
<STATUS>pass</STATUS>
<TIME>0.237540006637573</TIME>
</MPITEST>
<MPITEST>
<NAME>lock_dt__STRUCT__L46</NAME>
<NP>2</NP>
<WORKDIR>./rma</WORKDIR>
<STATUS>pass</STATUS>
<TIME>0.22142505645752</TIME>
</MPITEST>
<MPITEST>
<NAME>lock_dt_flush__STRUCT__L47</NAME>
<NP>2</NP>
<WORKDIR>./rma</WORKDIR>
<STATUS>pass</STATUS>
<TIME>0.215415000915527</TIME>
</MPITEST>
<MPITEST>
<NAME>lock_dt_flushlocal__STRUCT__L48</NAME>
<NP>2</NP>
<WORKDIR>./rma</WORKDIR>
<STATUS>pass</STATUS>
<TIME>0.223838090896606</TIME>
</MPITEST>
<MPITEST>
<NAME>lockall_dt__STRUCT__L49</NAME>
<NP>4</NP>
<WORKDIR>./rma</WORKDIR>
<STATUS>pass</STATUS>
<TIME>0.240309953689575</TIME>
</MPITEST>
<MPITEST>
<NAME>lockall_dt_flush__STRUCT__L50</NAME>
<NP>4</NP>
<WORKDIR>./rma</WORKDIR>
<STATUS>pass</STATUS>
<TIME>0.240691184997559</TIME>
</MPITEST>
<MPITEST>
<NAME>lockall_dt_flushall__STRUCT__L51</NAME>
<NP>4</NP>
<WORKDIR>./rma</WORKDIR>
<STATUS>pass</STATUS>
<TIME>0.245277881622314</TIME>
</MPITEST>
<MPITEST>
<NAME>lockall_dt_flushlocal__STRUCT__L52</NAME>
<NP>4</NP>
<WORKDIR>./rma</WORKDIR>
<STATUS>pass</STATUS>
<TIME>0.231948137283325</TIME>
</MPITEST>
<MPITEST>
<NAME>lockall_dt_flushlocalall__STRUCT__L53</NAME>
<NP>4</NP>
<WORKDIR>./rma</WORKDIR>
<STATUS>pass</STATUS>
<TIME>0.2535400390625</TIME>
</MPITEST>
<MPITEST>
<NAME>putfence1__STRUCT__L54</NAME>
<NP>2</NP>
<WORKDIR>./rma</WORKDIR>
<STATUS>pass</STATUS>
<TIME>0.222984075546265</TIME>
</MPITEST>
<MPITEST>
<NAME>putpscw1__STRUCT__L55</NAME>
<NP>4</NP>
<WORKDIR>./rma</WORKDIR>
<STATUS>pass</STATUS>
<TIME>0.24178409576416</TIME>
</MPITEST>
<MPITEST>
<NAME>namepub</NAME>
<NP>2</NP>
<WORKDIR>./spawn</WORKDIR>
<STATUS>pass</STATUS>
<TIME>0.215491056442261</TIME>
</MPITEST>
<MPITEST>
<NAME>spawn1</NAME>
<NP>1</NP>
<WORKDIR>./spawn</WORKDIR>
<STATUS>pass</STATUS>
<TIME>0.423743963241577</TIME>
</MPITEST>
<MPITEST>
<NAME>spawn2</NAME>
<NP>1</NP>
<WORKDIR>./spawn</WORKDIR>
<STATUS>pass</STATUS>
<TIME>0.599098205566406</TIME>
</MPITEST>
<MPITEST>
<NAME>spawninfo1</NAME>
<NP>1</NP>
<WORKDIR>./spawn</WORKDIR>
<STATUS>pass</STATUS>
<TIME>0.408308982849121</TIME>
</MPITEST>
<MPITEST>
<NAME>spawnminfo1</NAME>
<NP>1</NP>
<WORKDIR>./spawn</WORKDIR>
<STATUS>pass</STATUS>
<TIME>0.411674976348877</TIME>
</MPITEST>
<MPITEST>
<NAME>spawnintra</NAME>
<NP>1</NP>
<WORKDIR>./spawn</WORKDIR>
<STATUS>pass</STATUS>
<TIME>0.409720897674561</TIME>
</MPITEST>
<MPITEST>
<NAME>spawnintra</NAME>
<NP>2</NP>
<WORKDIR>./spawn</WORKDIR>
<STATUS>pass</STATUS>
<TIME>0.408150196075439</TIME>
</MPITEST>
<MPITEST>
<NAME>spawnargv</NAME>
<NP>1</NP>
<WORKDIR>./spawn</WORKDIR>
<STATUS>pass</STATUS>
<TIME>0.39283299446106</TIME>
</MPITEST>
<MPITEST>
<NAME>spawnmanyarg</NAME>
<NP>1</NP>
<WORKDIR>./spawn</WORKDIR>
<STATUS>pass</STATUS>
<TIME>1.24796009063721</TIME>
</MPITEST>
<MPITEST>
<NAME>spawnmult2</NAME>
<NP>2</NP>
<WORKDIR>./spawn</WORKDIR>
<STATUS>pass</STATUS>
<TIME>0.399348974227905</TIME>
</MPITEST>
<MPITEST>
<NAME>spaconacc</NAME>
<NP>1</NP>
<WORKDIR>./spawn</WORKDIR>
<STATUS>pass</STATUS>
<TIME>0.557881116867065</TIME>
</MPITEST>
<MPITEST>
<NAME>spaconacc2</NAME>
<NP>1</NP>
<WORKDIR>./spawn</WORKDIR>
<STATUS>pass</STATUS>
<TIME>0.563484907150269</TIME>
</MPITEST>
<MPITEST>
<NAME>selfconacc</NAME>
<NP>2</NP>
<WORKDIR>./spawn</WORKDIR>
<STATUS>pass</STATUS>
<TIME>0.221441030502319</TIME>
</MPITEST>
<MPITEST>
<NAME>spaiccreate</NAME>
<NP>2</NP>
<WORKDIR>./spawn</WORKDIR>
<STATUS>pass</STATUS>
<TIME>0.403866052627563</TIME>
</MPITEST>
<MPITEST>
<NAME>spaiccreate2</NAME>
<NP>2</NP>
<WORKDIR>./spawn</WORKDIR>
<STATUS>pass</STATUS>
<TIME>0.401705026626587</TIME>
</MPITEST>
<MPITEST>
<NAME>taskmaster</NAME>
<NP>1</NP>
<WORKDIR>./spawn</WORKDIR>
<STATUS>pass</STATUS>
<TIME>22.232321023941</TIME>
</MPITEST>
<MPITEST>
<NAME>taskmaster</NAME>
<NP>2</NP>
<WORKDIR>./spawn</WORKDIR>
<STATUS>pass</STATUS>
<TIME>21.7280280590057</TIME>
</MPITEST>
<MPITEST>
<NAME>join</NAME>
<NP>2</NP>
<WORKDIR>./spawn</WORKDIR>
<STATUS>pass</STATUS>
<TIME>0.217576026916504</TIME>
</MPITEST>
<MPITEST>
<NAME>disconnect_reconnect</NAME>
<NP>3</NP>
<WORKDIR>./spawn</WORKDIR>
<STATUS>pass</STATUS>
<TIME>0.644259929656982</TIME>
</MPITEST>
<MPITEST>
<NAME>disconnect_reconnect2</NAME>
<NP>3</NP>
<WORKDIR>./spawn</WORKDIR>
<STATUS>pass</STATUS>
<TIME>0.970518112182617</TIME>
</MPITEST>
<MPITEST>
<NAME>disconnect_reconnect3</NAME>
<NP>3</NP>
<WORKDIR>./spawn</WORKDIR>
<STATUS>pass</STATUS>
<TIME>0.548726081848145</TIME>
</MPITEST>
<MPITEST>
<NAME>multiple_ports</NAME>
<NP>3</NP>
<WORKDIR>./spawn</WORKDIR>
<STATUS>pass</STATUS>
<TIME>3.22838306427002</TIME>
</MPITEST>
<MPITEST>
<NAME>multiple_ports2</NAME>
<NP>4</NP>
<WORKDIR>./spawn</WORKDIR>
<STATUS>pass</STATUS>
<TIME>4.25125813484192</TIME>
</MPITEST>
<MPITEST>
<NAME>disconnect</NAME>
<NP>3</NP>
<WORKDIR>./spawn</WORKDIR>
<STATUS>pass</STATUS>
<TIME>0.46235203742981</TIME>
</MPITEST>
<MPITEST>
<NAME>disconnect2</NAME>
<NP>3</NP>
<WORKDIR>./spawn</WORKDIR>
<STATUS>pass</STATUS>
<TIME>0.447287082672119</TIME>
</MPITEST>
<MPITEST>
<NAME>disconnect3</NAME>
<NP>3</NP>
<WORKDIR>./spawn</WORKDIR>
<STATUS>pass</STATUS>
<TIME>0.448637008666992</TIME>
</MPITEST>
<MPITEST>
<NAME>concurrent_spawns</NAME>
<NP>1</NP>
<WORKDIR>./spawn</WORKDIR>
<STATUS>pass</STATUS>
<TIME>2.81155705451965</TIME>
</MPITEST>
<MPITEST>
<NAME>pgroup_connect_test</NAME>
<NP>4</NP>
<WORKDIR>./spawn</WORKDIR>
<STATUS>pass</STATUS>
<TIME>0.265578031539917</TIME>
</MPITEST>
<MPITEST>
<NAME>pgroup_intercomm_test</NAME>
<NP>4</NP>
<WORKDIR>./spawn</WORKDIR>
<STATUS>pass</STATUS>
<TIME>0.23490309715271</TIME>
</MPITEST>
<MPITEST>
<NAME>spawn_rootargs</NAME>
<NP>10</NP>
<WORKDIR>./spawn</WORKDIR>
<STATUS>pass</STATUS>
<TIME>1.90014004707336</TIME>
</MPITEST>
<MPITEST>
<NAME>cartmap1</NAME>
<NP>4</NP>
<WORKDIR>./topo</WORKDIR>
<STATUS>pass</STATUS>
<TIME>0.231462001800537</TIME>
</MPITEST>
<MPITEST>
<NAME>cartzero</NAME>
<NP>4</NP>
<WORKDIR>./topo</WORKDIR>
<STATUS>pass</STATUS>
<TIME>0.245223999023438</TIME>
</MPITEST>
<MPITEST>
<NAME>cartshift1</NAME>
<NP>4</NP>
<WORKDIR>./topo</WORKDIR>
<STATUS>pass</STATUS>
<TIME>0.248080968856812</TIME>
</MPITEST>
<MPITEST>
<NAME>cartsuball</NAME>
<NP>4</NP>
<WORKDIR>./topo</WORKDIR>
<STATUS>pass</STATUS>
<TIME>0.247757911682129</TIME>
</MPITEST>
<MPITEST>
<NAME>cartcreates</NAME>
<NP>4</NP>
<WORKDIR>./topo</WORKDIR>
<STATUS>pass</STATUS>
<TIME>0.244585990905762</TIME>
</MPITEST>
<MPITEST>
<NAME>dims1</NAME>
<NP>4</NP>
<WORKDIR>./topo</WORKDIR>
<STATUS>pass</STATUS>
<TIME>0.249293088912964</TIME>
</MPITEST>
<MPITEST>
<NAME>dims2</NAME>
<NP>1</NP>
<WORKDIR>./topo</WORKDIR>
<STATUS>pass</STATUS>
<TIME>0.208972930908203</TIME>
</MPITEST>
<MPITEST>
<NAME>dims3</NAME>
<NP>1</NP>
<WORKDIR>./topo</WORKDIR>
<STATUS>pass</STATUS>
<TIME>0.202369928359985</TIME>
</MPITEST>
<MPITEST>
<NAME>dims4</NAME>
<NP>1</NP>
<WORKDIR>./topo</WORKDIR>
<STATUS>pass</STATUS>
<TIME>0.210144996643066</TIME>
</MPITEST>
<MPITEST>
<NAME>dims5</NAME>
<NP>1</NP>
<WORKDIR>./topo</WORKDIR>
<STATUS>pass</STATUS>
<TIME>0.614360809326172</TIME>
</MPITEST>
<MPITEST>
<NAME>graphmap1</NAME>
<NP>4</NP>
<WORKDIR>./topo</WORKDIR>
<STATUS>pass</STATUS>
<TIME>0.255182027816772</TIME>
</MPITEST>
<MPITEST>
<NAME>topotest</NAME>
<NP>4</NP>
<WORKDIR>./topo</WORKDIR>
<STATUS>pass</STATUS>
<TIME>0.243330955505371</TIME>
</MPITEST>
<MPITEST>
<NAME>topodup</NAME>
<NP>4</NP>
<WORKDIR>./topo</WORKDIR>
<STATUS>pass</STATUS>
<TIME>0.252655029296875</TIME>
</MPITEST>
<MPITEST>
<NAME>graphcr</NAME>
<NP>4</NP>
<WORKDIR>./topo</WORKDIR>
<STATUS>pass</STATUS>
<TIME>0.247009038925171</TIME>
</MPITEST>
<MPITEST>
<NAME>graphcr2</NAME>
<NP>4</NP>
<WORKDIR>./topo</WORKDIR>
<STATUS>pass</STATUS>
<TIME>0.25488805770874</TIME>
</MPITEST>
<MPITEST>
<NAME>distgraph1</NAME>
<NP>4</NP>
<WORKDIR>./topo</WORKDIR>
<STATUS>pass</STATUS>
<TIME>0.240457057952881</TIME>
</MPITEST>
<MPITEST>
<NAME>dgraph_unwgt</NAME>
<NP>4</NP>
<WORKDIR>./topo</WORKDIR>
<STATUS>pass</STATUS>
<TIME>0.233322858810425</TIME>
</MPITEST>
<MPITEST>
<NAME>rdwrord</NAME>
<NP>4</NP>
<WORKDIR>./io</WORKDIR>
<STATUS>pass</STATUS>
<TIME>0.257804870605469</TIME>
</MPITEST>
<MPITEST>
<NAME>rdwrzero</NAME>
<NP>4</NP>
<WORKDIR>./io</WORKDIR>
<STATUS>pass</STATUS>
<TIME>0.253954887390137</TIME>
</MPITEST>
<MPITEST>
<NAME>getextent</NAME>
<NP>2</NP>
<WORKDIR>./io</WORKDIR>
<STATUS>pass</STATUS>
<TIME>0.21619701385498</TIME>
</MPITEST>
<MPITEST>
<NAME>setinfo</NAME>
<NP>4</NP>
<WORKDIR>./io</WORKDIR>
<STATUS>pass</STATUS>
<TIME>0.266327857971191</TIME>
</MPITEST>
<MPITEST>
<NAME>setviewcur</NAME>
<NP>4</NP>
<WORKDIR>./io</WORKDIR>
<STATUS>pass</STATUS>
<TIME>0.229084968566895</TIME>
</MPITEST>
<MPITEST>
<NAME>i_noncontig</NAME>
<NP>2</NP>
<WORKDIR>./io</WORKDIR>
<STATUS>pass</STATUS>
<TIME>0.212661981582642</TIME>
</MPITEST>
<MPITEST>
<NAME>async</NAME>
<NP>4</NP>
<WORKDIR>./io</WORKDIR>
<STATUS>pass</STATUS>
<TIME>0.266787052154541</TIME>
</MPITEST>
<MPITEST>
<NAME>async_any</NAME>
<NP>4</NP>
<WORKDIR>./io</WORKDIR>
<STATUS>pass</STATUS>
<TIME>0.248580932617188</TIME>
</MPITEST>
<MPITEST>
<NAME>userioerr</NAME>
<NP>1</NP>
<WORKDIR>./io</WORKDIR>
<STATUS>pass</STATUS>
<TIME>0.207786083221436</TIME>
</MPITEST>
<MPITEST>
<NAME>resized</NAME>
<NP>1</NP>
<WORKDIR>./io</WORKDIR>
<STATUS>pass</STATUS>
<TIME>0.210012912750244</TIME>
</MPITEST>
<MPITEST>
<NAME>resized2</NAME>
<NP>1</NP>
<WORKDIR>./io</WORKDIR>
<STATUS>pass</STATUS>
<TIME>0.206007957458496</TIME>
</MPITEST>
<MPITEST>
<NAME>bigtype</NAME>
<NP>1</NP>
<WORKDIR>./io</WORKDIR>
<STATUS>pass</STATUS>
<TIME>23.9632189273834</TIME>
</MPITEST>
<MPITEST>
<NAME>hindexed_io</NAME>
<NP>1</NP>
<WORKDIR>./io</WORKDIR>
<STATUS>pass</STATUS>
<TIME>0.205164909362793</TIME>
</MPITEST>
<MPITEST>
<NAME>tst_fileview</NAME>
<NP>1</NP>
<WORKDIR>./io</WORKDIR>
<STATUS>pass</STATUS>
<TIME>0.428689002990723</TIME>
</MPITEST>
<MPITEST>
<NAME>simple_collective</NAME>
<NP>1</NP>
<WORKDIR>./io</WORKDIR>
<STATUS>pass</STATUS>
<TIME>0.207221031188965</TIME>
</MPITEST>
<MPITEST>
<NAME>external32_derived_dtype</NAME>
<NP>1</NP>
<WORKDIR>./io</WORKDIR>
<STATUS>pass</STATUS>
<TIME>0.203149080276489</TIME>
</MPITEST>
<MPITEST>
<NAME>i_bigtype</NAME>
<NP>1</NP>
<WORKDIR>./io</WORKDIR>
<STATUS>pass</STATUS>
<TIME>23.8038640022278</TIME>
</MPITEST>
<MPITEST>
<NAME>i_hindexed_io</NAME>
<NP>1</NP>
<WORKDIR>./io</WORKDIR>
<STATUS>pass</STATUS>
<TIME>0.204093933105469</TIME>
</MPITEST>
<MPITEST>
<NAME>i_rdwrord</NAME>
<NP>4</NP>
<WORKDIR>./io</WORKDIR>
<STATUS>pass</STATUS>
<TIME>0.236201047897339</TIME>
</MPITEST>
<MPITEST>
<NAME>i_setviewcur</NAME>
<NP>4</NP>
<WORKDIR>./io</WORKDIR>
<STATUS>pass</STATUS>
<TIME>0.231825113296509</TIME>
</MPITEST>
<MPITEST>
<NAME>i_aggregation1</NAME>
<NP>4</NP>
<WORKDIR>./io</WORKDIR>
<STATUS>pass</STATUS>
<TIME>0.296937942504883</TIME>
</MPITEST>
<MPITEST>
<NAME>i_aggregation2</NAME>
<NP>4</NP>
<WORKDIR>./io</WORKDIR>
<STATUS>pass</STATUS>
<TIME>0.249170064926147</TIME>
</MPITEST>
<MPITEST>
<NAME>i_coll_test</NAME>
<NP>4</NP>
<WORKDIR>./io</WORKDIR>
<STATUS>pass</STATUS>
<TIME>0.239587783813477</TIME>
</MPITEST>
<MPITEST>
<NAME>i_darray_read</NAME>
<NP>4</NP>
<WORKDIR>./io</WORKDIR>
<STATUS>pass</STATUS>
<TIME>0.239531993865967</TIME>
</MPITEST>
<MPITEST>
<NAME>i_hindexed</NAME>
<NP>4</NP>
<WORKDIR>./io</WORKDIR>
<STATUS>pass</STATUS>
<TIME>0.267834901809692</TIME>
</MPITEST>
<MPITEST>
<NAME>i_noncontig_coll</NAME>
<NP>2</NP>
<WORKDIR>./io</WORKDIR>
<STATUS>pass</STATUS>
<TIME>0.420318126678467</TIME>
</MPITEST>
<MPITEST>
<NAME>i_noncontig_coll2</NAME>
<NP>4</NP>
<WORKDIR>./io</WORKDIR>
<STATUS>pass</STATUS>
<TIME>0.276365041732788</TIME>
</MPITEST>
<MPITEST>
<NAME>i_types_with_zeros</NAME>
<NP>2</NP>
<WORKDIR>./io</WORKDIR>
<STATUS>pass</STATUS>
<TIME>0.208974838256836</TIME>
</MPITEST>
<MPITEST>
<NAME>attrmpi1f</NAME>
<NP>1</NP>
<WORKDIR>./f77/attr</WORKDIR>
<STATUS>pass</STATUS>
<TIME>0.209520101547241</TIME>
</MPITEST>
<MPITEST>
<NAME>baseattrf</NAME>
<NP>1</NP>
<WORKDIR>./f77/attr</WORKDIR>
<STATUS>pass</STATUS>
<TIME>0.211217880249023</TIME>
</MPITEST>
<MPITEST>
<NAME>baseattr2f</NAME>
<NP>1</NP>
<WORKDIR>./f77/attr</WORKDIR>
<STATUS>pass</STATUS>
<TIME>0.210993051528931</TIME>
</MPITEST>
<MPITEST>
<NAME>commattrf</NAME>
<NP>1</NP>
<WORKDIR>./f77/attr</WORKDIR>
<STATUS>pass</STATUS>
<TIME>0.211274862289429</TIME>
</MPITEST>
<MPITEST>
<NAME>commattr2f</NAME>
<NP>1</NP>
<WORKDIR>./f77/attr</WORKDIR>
<STATUS>pass</STATUS>
<TIME>0.200839996337891</TIME>
</MPITEST>
<MPITEST>
<NAME>commattr3f</NAME>
<NP>1</NP>
<WORKDIR>./f77/attr</WORKDIR>
<STATUS>pass</STATUS>
<TIME>0.214265108108521</TIME>
</MPITEST>
<MPITEST>
<NAME>commattr4f</NAME>
<NP>1</NP>
<WORKDIR>./f77/attr</WORKDIR>
<STATUS>pass</STATUS>
<TIME>0.206845998764038</TIME>
</MPITEST>
<MPITEST>
<NAME>typeattrf</NAME>
<NP>1</NP>
<WORKDIR>./f77/attr</WORKDIR>
<STATUS>pass</STATUS>
<TIME>0.20921802520752</TIME>
</MPITEST>
<MPITEST>
<NAME>typeattr2f</NAME>
<NP>1</NP>
<WORKDIR>./f77/attr</WORKDIR>
<STATUS>pass</STATUS>
<TIME>0.213514089584351</TIME>
</MPITEST>
<MPITEST>
<NAME>typeattr3f</NAME>
<NP>1</NP>
<WORKDIR>./f77/attr</WORKDIR>
<STATUS>pass</STATUS>
<TIME>0.212613105773926</TIME>
</MPITEST>
<MPITEST>
<NAME>uallreducef</NAME>
<NP>4</NP>
<WORKDIR>./f77/coll</WORKDIR>
<STATUS>pass</STATUS>
<TIME>0.25829005241394</TIME>
</MPITEST>
<MPITEST>
<NAME>exscanf</NAME>
<NP>5</NP>
<WORKDIR>./f77/coll</WORKDIR>
<STATUS>pass</STATUS>
<TIME>0.264333963394165</TIME>
</MPITEST>
<MPITEST>
<NAME>alltoallwf</NAME>
<NP>7</NP>
<WORKDIR>./f77/coll</WORKDIR>
<STATUS>pass</STATUS>
<TIME>0.31000804901123</TIME>
</MPITEST>
<MPITEST>
<NAME>alltoallvf</NAME>
<NP>7</NP>
<WORKDIR>./f77/coll</WORKDIR>
<STATUS>pass</STATUS>
<TIME>0.317899942398071</TIME>
</MPITEST>
<MPITEST>
<NAME>inplacef</NAME>
<NP>4</NP>
<WORKDIR>./f77/coll</WORKDIR>
<STATUS>pass</STATUS>
<TIME>0.241147994995117</TIME>
</MPITEST>
<MPITEST>
<NAME>reducelocalf</NAME>
<NP>2</NP>
<WORKDIR>./f77/coll</WORKDIR>
<STATUS>pass</STATUS>
<TIME>0.222441911697388</TIME>
</MPITEST>
<MPITEST>
<NAME>redscatf</NAME>
<NP>4</NP>
<WORKDIR>./f77/coll</WORKDIR>
<STATUS>pass</STATUS>
<TIME>0.242409944534302</TIME>
</MPITEST>
<MPITEST>
<NAME>split_typef</NAME>
<NP>4</NP>
<WORKDIR>./f77/coll</WORKDIR>
<STATUS>pass</STATUS>
<TIME>0.238981962203979</TIME>
</MPITEST>
<MPITEST>
<NAME>nonblockingf</NAME>
<NP>4</NP>
<WORKDIR>./f77/coll</WORKDIR>
<STATUS>pass</STATUS>
<TIME>0.267507791519165</TIME>
</MPITEST>
<MPITEST>
<NAME>vw_inplacef</NAME>
<NP>4</NP>
<WORKDIR>./f77/coll</WORKDIR>
<STATUS>pass</STATUS>
<TIME>0.261799812316895</TIME>
</MPITEST>
<MPITEST>
<NAME>red_scat_blockf</NAME>
<NP>4</NP>
<WORKDIR>./f77/coll</WORKDIR>
<STATUS>pass</STATUS>
<TIME>0.245990991592407</TIME>
</MPITEST>
<MPITEST>
<NAME>nonblocking_inpf</NAME>
<NP>4</NP>
<WORKDIR>./f77/coll</WORKDIR>
<STATUS>pass</STATUS>
<TIME>0.243407011032104</TIME>
</MPITEST>
<MPITEST>
<NAME>typenamef</NAME>
<NP>1</NP>
<WORKDIR>./f77/datatype</WORKDIR>
<STATUS>pass</STATUS>
<TIME>0.211712121963501</TIME>
</MPITEST>
<MPITEST>
<NAME>typename3f</NAME>
<NP>1</NP>
<WORKDIR>./f77/datatype</WORKDIR>
<STATUS>pass</STATUS>
<TIME>0.198338031768799</TIME>
</MPITEST>
<MPITEST>
<NAME>typesnamef</NAME>
<NP>1</NP>
<WORKDIR>./f77/datatype</WORKDIR>
<STATUS>pass</STATUS>
<TIME>0.199329137802124</TIME>
</MPITEST>
<MPITEST>
<NAME>typecntsf</NAME>
<NP>1</NP>
<WORKDIR>./f77/datatype</WORKDIR>
<STATUS>pass</STATUS>
<TIME>0.209959983825684</TIME>
</MPITEST>
<MPITEST>
<NAME>typem2f</NAME>
<NP>1</NP>
<WORKDIR>./f77/datatype</WORKDIR>
<STATUS>pass</STATUS>
<TIME>0.209419965744019</TIME>
</MPITEST>
<MPITEST>
<NAME>typesubf</NAME>
<NP>1</NP>
<WORKDIR>./f77/datatype</WORKDIR>
<STATUS>pass</STATUS>
<TIME>0.204165935516357</TIME>
</MPITEST>
<MPITEST>
<NAME>packef</NAME>
<NP>1</NP>
<WORKDIR>./f77/datatype</WORKDIR>
<STATUS>pass</STATUS>
<TIME>0.186591863632202</TIME>
</MPITEST>
<MPITEST>
<NAME>gaddressf</NAME>
<NP>1</NP>
<WORKDIR>./f77/datatype</WORKDIR>
<STATUS>pass</STATUS>
<TIME>0.201313972473145</TIME>
</MPITEST>
<MPITEST>
<NAME>allctypesf</NAME>
<NP>1</NP>
<WORKDIR>./f77/datatype</WORKDIR>
<STATUS>pass</STATUS>
<TIME>0.196136951446533</TIME>
</MPITEST>
<MPITEST>
<NAME>hindex1f</NAME>
<NP>1</NP>
<WORKDIR>./f77/datatype</WORKDIR>
<STATUS>pass</STATUS>
<TIME>0.204599142074585</TIME>
</MPITEST>
<MPITEST>
<NAME>hindexed_blockf</NAME>
<NP>1</NP>
<WORKDIR>./f77/datatype</WORKDIR>
<STATUS>pass</STATUS>
<TIME>0.202448844909668</TIME>
</MPITEST>
<MPITEST>
<NAME>bottom</NAME>
<NP>2</NP>
<WORKDIR>./f77/datatype</WORKDIR>
<STATUS>pass</STATUS>
<TIME>0.221431016921997</TIME>
</MPITEST>
<MPITEST>
<NAME>statusesf</NAME>
<NP>1</NP>
<WORKDIR>./f77/pt2pt</WORKDIR>
<STATUS>pass</STATUS>
<TIME>0.199995040893555</TIME>
</MPITEST>
<MPITEST>
<NAME>greqf</NAME>
<NP>1</NP>
<WORKDIR>./f77/pt2pt</WORKDIR>
<STATUS>pass</STATUS>
<TIME>0.211519956588745</TIME>
</MPITEST>
<MPITEST>
<NAME>sendf</NAME>
<NP>2</NP>
<WORKDIR>./f77/pt2pt</WORKDIR>
<STATUS>pass</STATUS>
<TIME>0.229464054107666</TIME>
</MPITEST>
<MPITEST>
<NAME>rsendf</NAME>
<NP>2</NP>
<WORKDIR>./f77/pt2pt</WORKDIR>
<STATUS>pass</STATUS>
<TIME>0.211220979690552</TIME>
</MPITEST>
<MPITEST>
<NAME>ssendf</NAME>
<NP>2</NP>
<WORKDIR>./f77/pt2pt</WORKDIR>
<STATUS>pass</STATUS>
<TIME>0.20648193359375</TIME>
</MPITEST>
<MPITEST>
<NAME>isendf</NAME>
<NP>2</NP>
<WORKDIR>./f77/pt2pt</WORKDIR>
<STATUS>pass</STATUS>
<TIME>0.20280909538269</TIME>
</MPITEST>
<MPITEST>
<NAME>irsendf</NAME>
<NP>2</NP>
<WORKDIR>./f77/pt2pt</WORKDIR>
<STATUS>pass</STATUS>
<TIME>0.219413995742798</TIME>
</MPITEST>
<MPITEST>
<NAME>issendf</NAME>
<NP>2</NP>
<WORKDIR>./f77/pt2pt</WORKDIR>
<STATUS>pass</STATUS>
<TIME>0.213401079177856</TIME>
</MPITEST>
<MPITEST>
<NAME>psendf</NAME>
<NP>2</NP>
<WORKDIR>./f77/pt2pt</WORKDIR>
<STATUS>pass</STATUS>
<TIME>0.218418121337891</TIME>
</MPITEST>
<MPITEST>
<NAME>prsendf</NAME>
<NP>2</NP>
<WORKDIR>./f77/pt2pt</WORKDIR>
<STATUS>pass</STATUS>
<TIME>0.217664957046509</TIME>
</MPITEST>
<MPITEST>
<NAME>pssendf</NAME>
<NP>2</NP>
<WORKDIR>./f77/pt2pt</WORKDIR>
<STATUS>pass</STATUS>
<TIME>0.228600978851318</TIME>
</MPITEST>
<MPITEST>
<NAME>sendrecvf</NAME>
<NP>2</NP>
<WORKDIR>./f77/pt2pt</WORKDIR>
<STATUS>pass</STATUS>
<TIME>0.225384950637817</TIME>
</MPITEST>
<MPITEST>
<NAME>sendrecvreplf</NAME>
<NP>2</NP>
<WORKDIR>./f77/pt2pt</WORKDIR>
<STATUS>pass</STATUS>
<TIME>0.213189125061035</TIME>
</MPITEST>
<MPITEST>
<NAME>mprobef</NAME>
<NP>2</NP>
<WORKDIR>./f77/pt2pt</WORKDIR>
<STATUS>pass</STATUS>
<TIME>0.216685056686401</TIME>
</MPITEST>
<MPITEST>
<NAME>infotestf</NAME>
<NP>1</NP>
<WORKDIR>./f77/info</WORKDIR>
<STATUS>pass</STATUS>
<TIME>0.210047960281372</TIME>
</MPITEST>
<MPITEST>
<NAME>infotest2f</NAME>
<NP>1</NP>
<WORKDIR>./f77/info</WORKDIR>
<STATUS>pass</STATUS>
<TIME>0.213193893432617</TIME>
</MPITEST>
<MPITEST>
<NAME>namepubf</NAME>
<NP>2</NP>
<WORKDIR>./f77/spawn</WORKDIR>
<STATUS>pass</STATUS>
<TIME>0.214215040206909</TIME>
</MPITEST>
<MPITEST>
<NAME>spawnf</NAME>
<NP>1</NP>
<WORKDIR>./f77/spawn</WORKDIR>
<STATUS>pass</STATUS>
<TIME>0.407778024673462</TIME>
</MPITEST>
<MPITEST>
<NAME>spawnargvf</NAME>
<NP>1</NP>
<WORKDIR>./f77/spawn</WORKDIR>
<STATUS>pass</STATUS>
<TIME>0.406459808349609</TIME>
</MPITEST>
<MPITEST>
<NAME>connaccf</NAME>
<NP>2</NP>
<WORKDIR>./f77/spawn</WORKDIR>
<STATUS>pass</STATUS>
<TIME>0.211694002151489</TIME>
</MPITEST>
<MPITEST>
<NAME>spawnmultf</NAME>
<NP>1</NP>
<WORKDIR>./f77/spawn</WORKDIR>
<STATUS>pass</STATUS>
<TIME>0.395681858062744</TIME>
</MPITEST>
<MPITEST>
<NAME>spawnmult2f</NAME>
<NP>2</NP>
<WORKDIR>./f77/spawn</WORKDIR>
<STATUS>pass</STATUS>
<TIME>0.408808946609497</TIME>
</MPITEST>
<MPITEST>
<NAME>iwriteatf</NAME>
<NP>4</NP>
<WORKDIR>./f77/io</WORKDIR>
<STATUS>pass</STATUS>
<TIME>0.651943922042847</TIME>
</MPITEST>
<MPITEST>
<NAME>iwritef</NAME>
<NP>4</NP>
<WORKDIR>./f77/io</WORKDIR>
<STATUS>pass</STATUS>
<TIME>0.644234895706177</TIME>
</MPITEST>
<MPITEST>
<NAME>iwriteshf</NAME>
<NP>4</NP>
<WORKDIR>./f77/io</WORKDIR>
<STATUS>pass</STATUS>
<TIME>3.16378593444824</TIME>
</MPITEST>
<MPITEST>
<NAME>writef</NAME>
<NP>4</NP>
<WORKDIR>./f77/io</WORKDIR>
<STATUS>pass</STATUS>
<TIME>0.403027057647705</TIME>
</MPITEST>
<MPITEST>
<NAME>writeatf</NAME>
<NP>4</NP>
<WORKDIR>./f77/io</WORKDIR>
<STATUS>pass</STATUS>
<TIME>0.393376111984253</TIME>
</MPITEST>
<MPITEST>
<NAME>writeallf</NAME>
<NP>4</NP>
<WORKDIR>./f77/io</WORKDIR>
<STATUS>pass</STATUS>
<TIME>0.774718999862671</TIME>
</MPITEST>
<MPITEST>
<NAME>writeshf</NAME>
<NP>4</NP>
<WORKDIR>./f77/io</WORKDIR>
<STATUS>pass</STATUS>
<TIME>1.5697169303894</TIME>
</MPITEST>
<MPITEST>
<NAME>writeordf</NAME>
<NP>4</NP>
<WORKDIR>./f77/io</WORKDIR>
<STATUS>pass</STATUS>
<TIME>1.36513686180115</TIME>
</MPITEST>
<MPITEST>
<NAME>writeatallf</NAME>
<NP>4</NP>
<WORKDIR>./f77/io</WORKDIR>
<STATUS>pass</STATUS>
<TIME>0.642277956008911</TIME>
</MPITEST>
<MPITEST>
<NAME>writeatallbef</NAME>
<NP>4</NP>
<WORKDIR>./f77/io</WORKDIR>
<STATUS>pass</STATUS>
<TIME>0.606898069381714</TIME>
</MPITEST>
<MPITEST>
<NAME>writeallbef</NAME>
<NP>4</NP>
<WORKDIR>./f77/io</WORKDIR>
<STATUS>pass</STATUS>
<TIME>0.801735877990723</TIME>
</MPITEST>
<MPITEST>
<NAME>writeordbef</NAME>
<NP>4</NP>
<WORKDIR>./f77/io</WORKDIR>
<STATUS>pass</STATUS>
<TIME>1.39525413513184</TIME>
</MPITEST>
<MPITEST>
<NAME>fileerrf</NAME>
<NP>1</NP>
<WORKDIR>./f77/io</WORKDIR>
<STATUS>pass</STATUS>
<TIME>0.206717967987061</TIME>
</MPITEST>
<MPITEST>
<NAME>fileinfof</NAME>
<NP>3</NP>
<WORKDIR>./f77/io</WORKDIR>
<STATUS>pass</STATUS>
<TIME>0.235180854797363</TIME>
</MPITEST>
<MPITEST>
<NAME>shpositionf</NAME>
<NP>4</NP>
<WORKDIR>./f77/io</WORKDIR>
<STATUS>pass</STATUS>
<TIME>0.250985860824585</TIME>
</MPITEST>
<MPITEST>
<NAME>atomicityf</NAME>
<NP>8</NP>
<WORKDIR>./f77/io</WORKDIR>
<STATUS>pass</STATUS>
<TIME>0.370350122451782</TIME>
</MPITEST>
<MPITEST>
<NAME>miscfilef</NAME>
<NP>4</NP>
<WORKDIR>./f77/io</WORKDIR>
<STATUS>pass</STATUS>
<TIME>0.33830189704895</TIME>
</MPITEST>
<MPITEST>
<NAME>setviewcurf</NAME>
<NP>4</NP>
<WORKDIR>./f77/io</WORKDIR>
<STATUS>pass</STATUS>
<TIME>0.235406160354614</TIME>
</MPITEST>
<MPITEST>
<NAME>c2f2ciof</NAME>
<NP>1</NP>
<WORKDIR>./f77/io</WORKDIR>
<STATUS>pass</STATUS>
<TIME>0.214694023132324</TIME>
</MPITEST>
<MPITEST>
<NAME>c2fmultio</NAME>
<NP>1</NP>
<WORKDIR>./f77/io</WORKDIR>
<STATUS>pass</STATUS>
<TIME>0.196978092193604</TIME>
</MPITEST>
<MPITEST>
<NAME>i_setviewcurf</NAME>
<NP>4</NP>
<WORKDIR>./f77/io</WORKDIR>
<STATUS>pass</STATUS>
<TIME>0.243385791778564</TIME>
</MPITEST>
<MPITEST>
<NAME>iwriteatallf</NAME>
<NP>4</NP>
<WORKDIR>./f77/io</WORKDIR>
<STATUS>pass</STATUS>
<TIME>0.691395998001099</TIME>
</MPITEST>
<MPITEST>
<NAME>winscale1f</NAME>
<NP>4</NP>
<WORKDIR>./f77/rma</WORKDIR>
<STATUS>pass</STATUS>
<TIME>0.248613834381104</TIME>
</MPITEST>
<MPITEST>
<NAME>winfencef</NAME>
<NP>4</NP>
<WORKDIR>./f77/rma</WORKDIR>
<STATUS>pass</STATUS>
<TIME>0.24797797203064</TIME>
</MPITEST>
<MPITEST>
<NAME>wingetf</NAME>
<NP>5</NP>
<WORKDIR>./f77/rma</WORKDIR>
<STATUS>pass</STATUS>
<TIME>0.264503002166748</TIME>
</MPITEST>
<MPITEST>
<NAME>winscale2f</NAME>
<NP>4</NP>
<WORKDIR>./f77/rma</WORKDIR>
<STATUS>pass</STATUS>
<TIME>0.252388954162598</TIME>
</MPITEST>
<MPITEST>
<NAME>winerrf</NAME>
<NP>1</NP>
<WORKDIR>./f77/rma</WORKDIR>
<STATUS>pass</STATUS>
<TIME>0.208116054534912</TIME>
</MPITEST>
<MPITEST>
<NAME>winnamef</NAME>
<NP>1</NP>
<WORKDIR>./f77/rma</WORKDIR>
<STATUS>pass</STATUS>
<TIME>0.205484867095947</TIME>
</MPITEST>
<MPITEST>
<NAME>wingroupf</NAME>
<NP>4</NP>
<WORKDIR>./f77/rma</WORKDIR>
<STATUS>pass</STATUS>
<TIME>0.235622882843018</TIME>
</MPITEST>
<MPITEST>
<NAME>winaccf</NAME>
<NP>4</NP>
<WORKDIR>./f77/rma</WORKDIR>
<STATUS>pass</STATUS>
<TIME>0.256019830703735</TIME>
</MPITEST>
<MPITEST>
<NAME>c2f2cwinf</NAME>
<NP>1</NP>
<WORKDIR>./f77/rma</WORKDIR>
<STATUS>pass</STATUS>
<TIME>0.210672855377197</TIME>
</MPITEST>
<MPITEST>
<NAME>baseattrwinf</NAME>
<NP>1</NP>
<WORKDIR>./f77/rma</WORKDIR>
<STATUS>pass</STATUS>
<TIME>0.204790115356445</TIME>
</MPITEST>
<MPITEST>
<NAME>winattrf</NAME>
<NP>1</NP>
<WORKDIR>./f77/rma</WORKDIR>
<STATUS>pass</STATUS>
<TIME>0.207228899002075</TIME>
</MPITEST>
<MPITEST>
<NAME>winattr2f</NAME>
<NP>1</NP>
<WORKDIR>./f77/rma</WORKDIR>
<STATUS>pass</STATUS>
<TIME>0.206790924072266</TIME>
</MPITEST>
<MPITEST>
<NAME>aintf</NAME>
<NP>2</NP>
<WORKDIR>./f77/rma</WORKDIR>
<STATUS>pass</STATUS>
<TIME>0.212130069732666</TIME>
</MPITEST>
<MPITEST>
<NAME>baseenvf</NAME>
<NP>1</NP>
<WORKDIR>./f77/init</WORKDIR>
<STATUS>pass</STATUS>
<TIME>0.205126047134399</TIME>
</MPITEST>
<MPITEST>
<NAME>commnamef</NAME>
<NP>2</NP>
<WORKDIR>./f77/comm</WORKDIR>
<STATUS>pass</STATUS>
<TIME>0.225376129150391</TIME>
</MPITEST>
<MPITEST>
<NAME>commerrf</NAME>
<NP>2</NP>
<WORKDIR>./f77/comm</WORKDIR>
<STATUS>pass</STATUS>
<TIME>0.212583065032959</TIME>
</MPITEST>
<MPITEST>
<NAME>c2f2cf</NAME>
<NP>1</NP>
<WORKDIR>./f77/ext</WORKDIR>
<STATUS>pass</STATUS>
<TIME>0.211369037628174</TIME>
</MPITEST>
<MPITEST>
<NAME>c2fmult</NAME>
<NP>1</NP>
<WORKDIR>./f77/ext</WORKDIR>
<STATUS>pass</STATUS>
<TIME>0.201882123947144</TIME>
</MPITEST>
<MPITEST>
<NAME>ctypesinf</NAME>
<NP>1</NP>
<WORKDIR>./f77/ext</WORKDIR>
<STATUS>pass</STATUS>
<TIME>0.203759908676147</TIME>
</MPITEST>
<MPITEST>
<NAME>allocmemf</NAME>
<NP>1</NP>
<WORKDIR>./f77/ext</WORKDIR>
<STATUS>pass</STATUS>
<TIME>0.220468044281006</TIME>
</MPITEST>
<MPITEST>
<NAME>cartcrf</NAME>
<NP>4</NP>
<WORKDIR>./f77/topo</WORKDIR>
<STATUS>pass</STATUS>
<TIME>0.228415966033936</TIME>
</MPITEST>
<MPITEST>
<NAME>dgraph_wgtf</NAME>
<NP>4</NP>
<WORKDIR>./f77/topo</WORKDIR>
<STATUS>pass</STATUS>
<TIME>0.255826950073242</TIME>
</MPITEST>
<MPITEST>
<NAME>dgraph_unwgtf</NAME>
<NP>4</NP>
<WORKDIR>./f77/topo</WORKDIR>
<STATUS>pass</STATUS>
<TIME>0.263841152191162</TIME>
</MPITEST>
<MPITEST>
<NAME>profile1f</NAME>
<NP>2</NP>
<WORKDIR>./f77/profile</WORKDIR>
<STATUS>pass</STATUS>
<TIME>0.220654964447021</TIME>
</MPITEST>
<MPITEST>
<NAME>attrtx</NAME>
<NP>2</NP>
<WORKDIR>./cxx/attr</WORKDIR>
<STATUS>pass</STATUS>
<TIME>0.287742137908936</TIME>
</MPITEST>
<MPITEST>
<NAME>attricx</NAME>
<NP>4</NP>
<WORKDIR>./cxx/attr</WORKDIR>
<STATUS>pass</STATUS>
<TIME>0.241590976715088</TIME>
</MPITEST>
<MPITEST>
<NAME>baseattrcommx</NAME>
<NP>1</NP>
<WORKDIR>./cxx/attr</WORKDIR>
<STATUS>pass</STATUS>
<TIME>0.205278158187866</TIME>
</MPITEST>
<MPITEST>
<NAME>fkeyvalcommx</NAME>
<NP>1</NP>
<WORKDIR>./cxx/attr</WORKDIR>
<STATUS>pass</STATUS>
<TIME>0.204104900360107</TIME>
</MPITEST>
<MPITEST>
<NAME>fkeyvaltypex__BASIC__L26</NAME>
<NP>1</NP>
<WORKDIR>./cxx/attr</WORKDIR>
<STATUS>pass</STATUS>
<TIME>0.204689979553223</TIME>
</MPITEST>
<MPITEST>
<NAME>fkeyvaltypex__BASIC__L26</NAME>
<NP>1</NP>
<WORKDIR>./cxx/attr</WORKDIR>
<STATUS>pass</STATUS>
<TIME>0.209580898284912</TIME>
</MPITEST>
<MPITEST>
<NAME>bsend1cxx</NAME>
<NP>2</NP>
<WORKDIR>./cxx/pt2pt</WORKDIR>
<STATUS>pass</STATUS>
<TIME>0.22127103805542</TIME>
</MPITEST>
<MPITEST>
<NAME>sendrecvx</NAME>
<NP>2</NP>
<WORKDIR>./cxx/pt2pt</WORKDIR>
<STATUS>pass</STATUS>
<TIME>0.216663122177124</TIME>
</MPITEST>
<MPITEST>
<NAME>commname2</NAME>
<NP>4</NP>
<WORKDIR>./cxx/comm</WORKDIR>
<STATUS>pass</STATUS>
<TIME>0.253611087799072</TIME>
</MPITEST>
<MPITEST>
<NAME>arcomplex</NAME>
<NP>4</NP>
<WORKDIR>./cxx/coll</WORKDIR>
<STATUS>pass</STATUS>
<TIME>0.273286819458008</TIME>
</MPITEST>
<MPITEST>
<NAME>uallredx</NAME>
<NP>5</NP>
<WORKDIR>./cxx/coll</WORKDIR>
<STATUS>pass</STATUS>
<TIME>0.271399021148682</TIME>
</MPITEST>
<MPITEST>
<NAME>uallreduce</NAME>
<NP>5</NP>
<WORKDIR>./cxx/coll</WORKDIR>
<STATUS>pass</STATUS>
<TIME>0.258941888809204</TIME>
</MPITEST>
<MPITEST>
<NAME>ureduce</NAME>
<NP>5</NP>
<WORKDIR>./cxx/coll</WORKDIR>
<STATUS>pass</STATUS>
<TIME>0.284544944763184</TIME>
</MPITEST>
<MPITEST>
<NAME>ureducelocal</NAME>
<NP>5</NP>
<WORKDIR>./cxx/coll</WORKDIR>
<STATUS>pass</STATUS>
<TIME>0.349316835403442</TIME>
</MPITEST>
<MPITEST>
<NAME>uscan</NAME>
<NP>5</NP>
<WORKDIR>./cxx/coll</WORKDIR>
<STATUS>pass</STATUS>
<TIME>0.264266014099121</TIME>
</MPITEST>
<MPITEST>
<NAME>uexscan</NAME>
<NP>5</NP>
<WORKDIR>./cxx/coll</WORKDIR>
<STATUS>pass</STATUS>
<TIME>0.263482809066772</TIME>
</MPITEST>
<MPITEST>
<NAME>alltoallw2x</NAME>
<NP>10</NP>
<WORKDIR>./cxx/coll</WORKDIR>
<STATUS>pass</STATUS>
<TIME>0.426161050796509</TIME>
</MPITEST>
<MPITEST>
<NAME>icbcastx</NAME>
<NP>4</NP>
<WORKDIR>./cxx/coll</WORKDIR>
<STATUS>pass</STATUS>
<TIME>0.275552034378052</TIME>
</MPITEST>
<MPITEST>
<NAME>icbcastx</NAME>
<NP>10</NP>
<WORKDIR>./cxx/coll</WORKDIR>
<STATUS>pass</STATUS>
<TIME>0.422060012817383</TIME>
</MPITEST>
<MPITEST>
<NAME>icallreducex</NAME>
<NP>5</NP>
<WORKDIR>./cxx/coll</WORKDIR>
<STATUS>pass</STATUS>
<TIME>0.295937061309814</TIME>
</MPITEST>
<MPITEST>
<NAME>icreducex</NAME>
<NP>5</NP>
<WORKDIR>./cxx/coll</WORKDIR>
<STATUS>pass</STATUS>
<TIME>0.260767936706543</TIME>
</MPITEST>
<MPITEST>
<NAME>icscatterx</NAME>
<NP>5</NP>
<WORKDIR>./cxx/coll</WORKDIR>
<STATUS>pass</STATUS>
<TIME>0.260209798812866</TIME>
</MPITEST>
<MPITEST>
<NAME>icgatherx</NAME>
<NP>5</NP>
<WORKDIR>./cxx/coll</WORKDIR>
<STATUS>pass</STATUS>
<TIME>0.273382902145386</TIME>
</MPITEST>
<MPITEST>
<NAME>icallgatherx</NAME>
<NP>5</NP>
<WORKDIR>./cxx/coll</WORKDIR>
<STATUS>pass</STATUS>
<TIME>0.299875974655151</TIME>
</MPITEST>
<MPITEST>
<NAME>icbarrierx</NAME>
<NP>5</NP>
<WORKDIR>./cxx/coll</WORKDIR>
<STATUS>pass</STATUS>
<TIME>0.273514032363892</TIME>
</MPITEST>
<MPITEST>
<NAME>icallgathervx</NAME>
<NP>5</NP>
<WORKDIR>./cxx/coll</WORKDIR>
<STATUS>pass</STATUS>
<TIME>0.296088933944702</TIME>
</MPITEST>
<MPITEST>
<NAME>icgathervx</NAME>
<NP>5</NP>
<WORKDIR>./cxx/coll</WORKDIR>
<STATUS>pass</STATUS>
<TIME>0.267997980117798</TIME>
</MPITEST>
<MPITEST>
<NAME>icscattervx</NAME>
<NP>5</NP>
<WORKDIR>./cxx/coll</WORKDIR>
<STATUS>pass</STATUS>
<TIME>0.261312007904053</TIME>
</MPITEST>
<MPITEST>
<NAME>icalltoallx</NAME>
<NP>5</NP>
<WORKDIR>./cxx/coll</WORKDIR>
<STATUS>pass</STATUS>
<TIME>0.319308996200562</TIME>
</MPITEST>
<MPITEST>
<NAME>reduceboolx</NAME>
<NP>5</NP>
<WORKDIR>./cxx/coll</WORKDIR>
<STATUS>pass</STATUS>
<TIME>0.292596101760864</TIME>
</MPITEST>
<MPITEST>
<NAME>redscatblk</NAME>
<NP>4</NP>
<WORKDIR>./cxx/coll</WORKDIR>
<STATUS>pass</STATUS>
<TIME>0.279714822769165</TIME>
</MPITEST>
<MPITEST>
<NAME>commcallx</NAME>
<NP>2</NP>
<WORKDIR>./cxx/errhan</WORKDIR>
<STATUS>pass</STATUS>
<TIME>0.247192144393921</TIME>
</MPITEST>
<MPITEST>
<NAME>baseenv</NAME>
<NP>1</NP>
<WORKDIR>./cxx/init</WORKDIR>
<STATUS>pass</STATUS>
<TIME>0.209213972091675</TIME>
</MPITEST>
<MPITEST>
<NAME>initstatx</NAME>
<NP>1</NP>
<WORKDIR>./cxx/init</WORKDIR>
<STATUS>pass</STATUS>
<TIME>0.207955121994019</TIME>
</MPITEST>
<MPITEST>
<NAME>initstat2x</NAME>
<NP>1</NP>
<WORKDIR>./cxx/init</WORKDIR>
<STATUS>pass</STATUS>
<TIME>0.214680910110474</TIME>
</MPITEST>
<MPITEST>
<NAME>infodupx</NAME>
<NP>1</NP>
<WORKDIR>./cxx/info</WORKDIR>
<STATUS>pass</STATUS>
<TIME>0.208076953887939</TIME>
</MPITEST>
<MPITEST>
<NAME>infodelx</NAME>
<NP>1</NP>
<WORKDIR>./cxx/info</WORKDIR>
<STATUS>pass</STATUS>
<TIME>0.204222917556763</TIME>
</MPITEST>
<MPITEST>
<NAME>infovallenx</NAME>
<NP>1</NP>
<WORKDIR>./cxx/info</WORKDIR>
<STATUS>pass</STATUS>
<TIME>0.202342987060547</TIME>
</MPITEST>
<MPITEST>
<NAME>infoorderx</NAME>
<NP>1</NP>
<WORKDIR>./cxx/info</WORKDIR>
<STATUS>pass</STATUS>
<TIME>0.209172964096069</TIME>
</MPITEST>
<MPITEST>
<NAME>typecntsx</NAME>
<NP>1</NP>
<WORKDIR>./cxx/datatype</WORKDIR>
<STATUS>pass</STATUS>
<TIME>0.215084075927734</TIME>
</MPITEST>
<MPITEST>
<NAME>typenamex</NAME>
<NP>1</NP>
<WORKDIR>./cxx/datatype</WORKDIR>
<STATUS>pass</STATUS>
<TIME>0.207698106765747</TIME>
</MPITEST>
<MPITEST>
<NAME>typemiscx</NAME>
<NP>1</NP>
<WORKDIR>./cxx/datatype</WORKDIR>
<STATUS>pass</STATUS>
<TIME>0.212796211242676</TIME>
</MPITEST>
<MPITEST>
<NAME>packsizex__BASIC__L27</NAME>
<NP>1</NP>
<WORKDIR>./cxx/datatype</WORKDIR>
<STATUS>pass</STATUS>
<TIME>0.212635040283203</TIME>
</MPITEST>
<MPITEST>
<NAME>packsizex__BASIC__L27</NAME>
<NP>1</NP>
<WORKDIR>./cxx/datatype</WORKDIR>
<STATUS>pass</STATUS>
<TIME>0.213113069534302</TIME>
</MPITEST>
<MPITEST>
<NAME>iwriteatx</NAME>
<NP>4</NP>
<WORKDIR>./cxx/io</WORKDIR>
<STATUS>pass</STATUS>
<TIME>0.656634092330933</TIME>
</MPITEST>
<MPITEST>
<NAME>iwritex</NAME>
<NP>4</NP>
<WORKDIR>./cxx/io</WORKDIR>
<STATUS>pass</STATUS>
<TIME>0.665451049804688</TIME>
</MPITEST>
<MPITEST>
<NAME>iwriteshx</NAME>
<NP>4</NP>
<WORKDIR>./cxx/io</WORKDIR>
<STATUS>pass</STATUS>
<TIME>3.16632199287415</TIME>
</MPITEST>
<MPITEST>
<NAME>writex</NAME>
<NP>4</NP>
<WORKDIR>./cxx/io</WORKDIR>
<STATUS>pass</STATUS>
<TIME>0.39830493927002</TIME>
</MPITEST>
<MPITEST>
<NAME>writeatx</NAME>
<NP>4</NP>
<WORKDIR>./cxx/io</WORKDIR>
<STATUS>pass</STATUS>
<TIME>0.412828922271729</TIME>
</MPITEST>
<MPITEST>
<NAME>writeallx</NAME>
<NP>4</NP>
<WORKDIR>./cxx/io</WORKDIR>
<STATUS>pass</STATUS>
<TIME>0.8178870677948</TIME>
</MPITEST>
<MPITEST>
<NAME>writeshx</NAME>
<NP>4</NP>
<WORKDIR>./cxx/io</WORKDIR>
<STATUS>pass</STATUS>
<TIME>1.59221005439758</TIME>
</MPITEST>
<MPITEST>
<NAME>writeordx</NAME>
<NP>4</NP>
<WORKDIR>./cxx/io</WORKDIR>
<STATUS>pass</STATUS>
<TIME>1.36826992034912</TIME>
</MPITEST>
<MPITEST>
<NAME>writeatallx</NAME>
<NP>4</NP>
<WORKDIR>./cxx/io</WORKDIR>
<STATUS>pass</STATUS>
<TIME>0.608553886413574</TIME>
</MPITEST>
<MPITEST>
<NAME>writeatallbex</NAME>
<NP>4</NP>
<WORKDIR>./cxx/io</WORKDIR>
<STATUS>pass</STATUS>
<TIME>0.6353919506073</TIME>
</MPITEST>
<MPITEST>
<NAME>writeallbex</NAME>
<NP>4</NP>
<WORKDIR>./cxx/io</WORKDIR>
<STATUS>pass</STATUS>
<TIME>0.803844928741455</TIME>
</MPITEST>
<MPITEST>
<NAME>writeordbex</NAME>
<NP>4</NP>
<WORKDIR>./cxx/io</WORKDIR>
<STATUS>pass</STATUS>
<TIME>1.4418249130249</TIME>
</MPITEST>
<MPITEST>
<NAME>iwriteatnosx</NAME>
<NP>4</NP>
<WORKDIR>./cxx/io</WORKDIR>
<STATUS>pass</STATUS>
<TIME>0.659809112548828</TIME>
</MPITEST>
<MPITEST>
<NAME>iwritenosx</NAME>
<NP>4</NP>
<WORKDIR>./cxx/io</WORKDIR>
<STATUS>pass</STATUS>
<TIME>0.644191980361938</TIME>
</MPITEST>
<MPITEST>
<NAME>iwriteshnosx</NAME>
<NP>4</NP>
<WORKDIR>./cxx/io</WORKDIR>
<STATUS>pass</STATUS>
<TIME>3.1704249382019</TIME>
</MPITEST>
<MPITEST>
<NAME>writenosx</NAME>
<NP>4</NP>
<WORKDIR>./cxx/io</WORKDIR>
<STATUS>pass</STATUS>
<TIME>0.384802103042603</TIME>
</MPITEST>
<MPITEST>
<NAME>writeatnosx</NAME>
<NP>4</NP>
<WORKDIR>./cxx/io</WORKDIR>
<STATUS>pass</STATUS>
<TIME>0.394099950790405</TIME>
</MPITEST>
<MPITEST>
<NAME>writeallnosx</NAME>
<NP>4</NP>
<WORKDIR>./cxx/io</WORKDIR>
<STATUS>pass</STATUS>
<TIME>0.790092945098877</TIME>
</MPITEST>
<MPITEST>
<NAME>writeshnosx</NAME>
<NP>4</NP>
<WORKDIR>./cxx/io</WORKDIR>
<STATUS>pass</STATUS>
<TIME>1.53689289093018</TIME>
</MPITEST>
<MPITEST>
<NAME>writeordnosx</NAME>
<NP>4</NP>
<WORKDIR>./cxx/io</WORKDIR>
<STATUS>pass</STATUS>
<TIME>1.42992782592773</TIME>
</MPITEST>
<MPITEST>
<NAME>writeatallnosx</NAME>
<NP>4</NP>
<WORKDIR>./cxx/io</WORKDIR>
<STATUS>pass</STATUS>
<TIME>0.621140003204346</TIME>
</MPITEST>
<MPITEST>
<NAME>writeatallbenosx</NAME>
<NP>4</NP>
<WORKDIR>./cxx/io</WORKDIR>
<STATUS>pass</STATUS>
<TIME>0.591367959976196</TIME>
</MPITEST>
<MPITEST>
<NAME>writeallbenosx</NAME>
<NP>4</NP>
<WORKDIR>./cxx/io</WORKDIR>
<STATUS>pass</STATUS>
<TIME>0.795737981796265</TIME>
</MPITEST>
<MPITEST>
<NAME>writeordbenosx</NAME>
<NP>4</NP>
<WORKDIR>./cxx/io</WORKDIR>
<STATUS>pass</STATUS>
<TIME>1.39598393440247</TIME>
</MPITEST>
<MPITEST>
<NAME>fileerrx</NAME>
<NP>1</NP>
<WORKDIR>./cxx/io</WORKDIR>
<STATUS>pass</STATUS>
<TIME>0.212188959121704</TIME>
</MPITEST>
<MPITEST>
<NAME>fileinfox</NAME>
<NP>3</NP>
<WORKDIR>./cxx/io</WORKDIR>
<STATUS>pass</STATUS>
<TIME>0.228775978088379</TIME>
</MPITEST>
<MPITEST>
<NAME>filemiscx</NAME>
<NP>4</NP>
<WORKDIR>./cxx/io</WORKDIR>
<STATUS>pass</STATUS>
<TIME>0.332834005355835</TIME>
</MPITEST>
<MPITEST>
<NAME>shpositionx</NAME>
<NP>4</NP>
<WORKDIR>./cxx/io</WORKDIR>
<STATUS>pass</STATUS>
<TIME>0.246886968612671</TIME>
</MPITEST>
<MPITEST>
<NAME>seekavail</NAME>
<NP>1</NP>
<WORKDIR>./cxx/io</WORKDIR>
<STATUS>pass</STATUS>
<TIME>0.207083225250244</TIME>
</MPITEST>
<MPITEST>
<NAME>namepubx</NAME>
<NP>2</NP>
<WORKDIR>./cxx/spawn</WORKDIR>
<STATUS>pass</STATUS>
<TIME>0.225209951400757</TIME>
</MPITEST>
<MPITEST>
<NAME>spawnintrax</NAME>
<NP>1</NP>
<WORKDIR>./cxx/spawn</WORKDIR>
<STATUS>pass</STATUS>
<TIME>0.398664236068726</TIME>
</MPITEST>
<MPITEST>
<NAME>spawnintrax</NAME>
<NP>2</NP>
<WORKDIR>./cxx/spawn</WORKDIR>
<STATUS>pass</STATUS>
<TIME>0.423912048339844</TIME>
</MPITEST>
<MPITEST>
<NAME>spawnargvx</NAME>
<NP>1</NP>
<WORKDIR>./cxx/spawn</WORKDIR>
<STATUS>pass</STATUS>
<TIME>0.400243997573853</TIME>
</MPITEST>
<MPITEST>
<NAME>selfconaccx</NAME>
<NP>2</NP>
<WORKDIR>./cxx/spawn</WORKDIR>
<STATUS>pass</STATUS>
<TIME>0.222800970077515</TIME>
</MPITEST>
<MPITEST>
<NAME>winnamex</NAME>
<NP>1</NP>
<WORKDIR>./cxx/rma</WORKDIR>
<STATUS>pass</STATUS>
<TIME>0.191328048706055</TIME>
</MPITEST>
<MPITEST>
<NAME>wincallx</NAME>
<NP>1</NP>
<WORKDIR>./cxx/rma</WORKDIR>
<STATUS>pass</STATUS>
<TIME>0.209260940551758</TIME>
</MPITEST>
<MPITEST>
<NAME>getgroupx</NAME>
<NP>4</NP>
<WORKDIR>./cxx/rma</WORKDIR>
<STATUS>pass</STATUS>
<TIME>0.235771894454956</TIME>
</MPITEST>
<MPITEST>
<NAME>winfencex</NAME>
<NP>4</NP>
<WORKDIR>./cxx/rma</WORKDIR>
<STATUS>pass</STATUS>
<TIME>0.262041807174683</TIME>
</MPITEST>
<MPITEST>
<NAME>winscale1x</NAME>
<NP>4</NP>
<WORKDIR>./cxx/rma</WORKDIR>
<STATUS>pass</STATUS>
<TIME>0.249059200286865</TIME>
</MPITEST>
<MPITEST>
<NAME>winscale2x</NAME>
<NP>4</NP>
<WORKDIR>./cxx/rma</WORKDIR>
<STATUS>pass</STATUS>
<TIME>0.2550950050354</TIME>
</MPITEST>
<MPITEST>
<NAME>fkeyvalwinx</NAME>
<NP>1</NP>
<WORKDIR>./cxx/rma</WORKDIR>
<STATUS>pass</STATUS>
<TIME>0.20920205116272</TIME>
</MPITEST>
<MPITEST>
<NAME>attrmpi1f90</NAME>
<NP>1</NP>
<WORKDIR>./f90/attr</WORKDIR>
<STATUS>pass</STATUS>
<TIME>0.209285974502563</TIME>
</MPITEST>
<MPITEST>
<NAME>baseattrf90</NAME>
<NP>1</NP>
<WORKDIR>./f90/attr</WORKDIR>
<STATUS>pass</STATUS>
<TIME>0.21059513092041</TIME>
</MPITEST>
<MPITEST>
<NAME>baseattr2f90</NAME>
<NP>1</NP>
<WORKDIR>./f90/attr</WORKDIR>
<STATUS>pass</STATUS>
<TIME>0.209136962890625</TIME>
</MPITEST>
<MPITEST>
<NAME>commattrf90</NAME>
<NP>1</NP>
<WORKDIR>./f90/attr</WORKDIR>
<STATUS>pass</STATUS>
<TIME>0.212555170059204</TIME>
</MPITEST>
<MPITEST>
<NAME>commattr2f90</NAME>
<NP>1</NP>
<WORKDIR>./f90/attr</WORKDIR>
<STATUS>pass</STATUS>
<TIME>0.211688995361328</TIME>
</MPITEST>
<MPITEST>
<NAME>commattr3f90</NAME>
<NP>1</NP>
<WORKDIR>./f90/attr</WORKDIR>
<STATUS>pass</STATUS>
<TIME>0.203799962997437</TIME>
</MPITEST>
<MPITEST>
<NAME>commattr4f90</NAME>
<NP>1</NP>
<WORKDIR>./f90/attr</WORKDIR>
<STATUS>pass</STATUS>
<TIME>0.200524091720581</TIME>
</MPITEST>
<MPITEST>
<NAME>typeattrf90</NAME>
<NP>1</NP>
<WORKDIR>./f90/attr</WORKDIR>
<STATUS>pass</STATUS>
<TIME>0.203253984451294</TIME>
</MPITEST>
<MPITEST>
<NAME>typeattr2f90</NAME>
<NP>1</NP>
<WORKDIR>./f90/attr</WORKDIR>
<STATUS>pass</STATUS>
<TIME>0.2101731300354</TIME>
</MPITEST>
<MPITEST>
<NAME>typeattr3f90</NAME>
<NP>1</NP>
<WORKDIR>./f90/attr</WORKDIR>
<STATUS>pass</STATUS>
<TIME>0.201342105865479</TIME>
</MPITEST>
<MPITEST>
<NAME>fandcattrf90</NAME>
<NP>1</NP>
<WORKDIR>./f90/attr</WORKDIR>
<STATUS>pass</STATUS>
<TIME>0.214797973632812</TIME>
</MPITEST>
<MPITEST>
<NAME>baseattr3f90</NAME>
<NP>1</NP>
<WORKDIR>./f90/attr</WORKDIR>
<STATUS>pass</STATUS>
<TIME>0.204164981842041</TIME>
</MPITEST>
<MPITEST>
<NAME>attrlangf90</NAME>
<NP>1</NP>
<WORKDIR>./f90/attr</WORKDIR>
<STATUS>pass</STATUS>
<TIME>0.21169900894165</TIME>
</MPITEST>
<MPITEST>
<NAME>uallreducef90</NAME>
<NP>4</NP>
<WORKDIR>./f90/coll</WORKDIR>
<STATUS>pass</STATUS>
<TIME>0.237082004547119</TIME>
</MPITEST>
<MPITEST>
<NAME>exscanf90</NAME>
<NP>5</NP>
<WORKDIR>./f90/coll</WORKDIR>
<STATUS>pass</STATUS>
<TIME>0.278419017791748</TIME>
</MPITEST>
<MPITEST>
<NAME>alltoallwf90</NAME>
<NP>7</NP>
<WORKDIR>./f90/coll</WORKDIR>
<STATUS>pass</STATUS>
<TIME>0.333899974822998</TIME>
</MPITEST>
<MPITEST>
<NAME>alltoallvf90</NAME>
<NP>7</NP>
<WORKDIR>./f90/coll</WORKDIR>
<STATUS>pass</STATUS>
<TIME>0.298274993896484</TIME>
</MPITEST>
<MPITEST>
<NAME>inplacef90</NAME>
<NP>4</NP>
<WORKDIR>./f90/coll</WORKDIR>
<STATUS>pass</STATUS>
<TIME>0.245150089263916</TIME>
</MPITEST>
<MPITEST>
<NAME>reducelocalf90</NAME>
<NP>2</NP>
<WORKDIR>./f90/coll</WORKDIR>
<STATUS>pass</STATUS>
<TIME>0.217771053314209</TIME>
</MPITEST>
<MPITEST>
<NAME>redscatf90</NAME>
<NP>4</NP>
<WORKDIR>./f90/coll</WORKDIR>
<STATUS>pass</STATUS>
<TIME>0.236669063568115</TIME>
</MPITEST>
<MPITEST>
<NAME>split_typef90</NAME>
<NP>4</NP>
<WORKDIR>./f90/coll</WORKDIR>
<STATUS>pass</STATUS>
<TIME>0.268215894699097</TIME>
</MPITEST>
<MPITEST>
<NAME>nonblockingf90</NAME>
<NP>4</NP>
<WORKDIR>./f90/coll</WORKDIR>
<STATUS>pass</STATUS>
<TIME>0.242373943328857</TIME>
</MPITEST>
<MPITEST>
<NAME>vw_inplacef90</NAME>
<NP>4</NP>
<WORKDIR>./f90/coll</WORKDIR>
<STATUS>pass</STATUS>
<TIME>0.240631818771362</TIME>
</MPITEST>
<MPITEST>
<NAME>red_scat_blockf90</NAME>
<NP>4</NP>
<WORKDIR>./f90/coll</WORKDIR>
<STATUS>pass</STATUS>
<TIME>0.262825965881348</TIME>
</MPITEST>
<MPITEST>
<NAME>nonblocking_inpf90</NAME>
<NP>4</NP>
<WORKDIR>./f90/coll</WORKDIR>
<STATUS>pass</STATUS>
<TIME>0.260386943817139</TIME>
</MPITEST>
<MPITEST>
<NAME>commnamef90</NAME>
<NP>2</NP>
<WORKDIR>./f90/comm</WORKDIR>
<STATUS>pass</STATUS>
<TIME>0.220005035400391</TIME>
</MPITEST>
<MPITEST>
<NAME>commerrf90</NAME>
<NP>2</NP>
<WORKDIR>./f90/comm</WORKDIR>
<STATUS>pass</STATUS>
<TIME>0.221481084823608</TIME>
</MPITEST>
<MPITEST>
<NAME>c2f2cf90</NAME>
<NP>1</NP>
<WORKDIR>./f90/ext</WORKDIR>
<STATUS>pass</STATUS>
<TIME>0.21097993850708</TIME>
</MPITEST>
<MPITEST>
<NAME>c2f90mult</NAME>
<NP>1</NP>
<WORKDIR>./f90/ext</WORKDIR>
<STATUS>pass</STATUS>
<TIME>0.206823110580444</TIME>
</MPITEST>
<MPITEST>
<NAME>ctypesinf90</NAME>
<NP>1</NP>
<WORKDIR>./f90/ext</WORKDIR>
<STATUS>pass</STATUS>
<TIME>0.207900047302246</TIME>
</MPITEST>
<MPITEST>
<NAME>allocmemf90</NAME>
<NP>1</NP>
<WORKDIR>./f90/ext</WORKDIR>
<STATUS>pass</STATUS>
<TIME>0.209197998046875</TIME>
</MPITEST>
<MPITEST>
<NAME>infotestf90</NAME>
<NP>1</NP>
<WORKDIR>./f90/info</WORKDIR>
<STATUS>pass</STATUS>
<TIME>0.194545984268188</TIME>
</MPITEST>
<MPITEST>
<NAME>infotest2f90</NAME>
<NP>1</NP>
<WORKDIR>./f90/info</WORKDIR>
<STATUS>pass</STATUS>
<TIME>0.199166059494019</TIME>
</MPITEST>
<MPITEST>
<NAME>baseenvf90</NAME>
<NP>1</NP>
<WORKDIR>./f90/init</WORKDIR>
<STATUS>pass</STATUS>
<TIME>0.21251916885376</TIME>
</MPITEST>
<MPITEST>
<NAME>iwriteatf90</NAME>
<NP>4</NP>
<WORKDIR>./f90/io</WORKDIR>
<STATUS>pass</STATUS>
<TIME>0.634793043136597</TIME>
</MPITEST>
<MPITEST>
<NAME>iwritef90</NAME>
<NP>4</NP>
<WORKDIR>./f90/io</WORKDIR>
<STATUS>pass</STATUS>
<TIME>0.635897874832153</TIME>
</MPITEST>
<MPITEST>
<NAME>iwriteshf90</NAME>
<NP>4</NP>
<WORKDIR>./f90/io</WORKDIR>
<STATUS>pass</STATUS>
<TIME>3.15388512611389</TIME>
</MPITEST>
<MPITEST>
<NAME>writef90</NAME>
<NP>4</NP>
<WORKDIR>./f90/io</WORKDIR>
<STATUS>pass</STATUS>
<TIME>0.382572889328003</TIME>
</MPITEST>
<MPITEST>
<NAME>writeatf90</NAME>
<NP>4</NP>
<WORKDIR>./f90/io</WORKDIR>
<STATUS>pass</STATUS>
<TIME>0.542633056640625</TIME>
</MPITEST>
<MPITEST>
<NAME>writeallf90</NAME>
<NP>4</NP>
<WORKDIR>./f90/io</WORKDIR>
<STATUS>pass</STATUS>
<TIME>0.818320035934448</TIME>
</MPITEST>
<MPITEST>
<NAME>writeshf90</NAME>
<NP>4</NP>
<WORKDIR>./f90/io</WORKDIR>
<STATUS>pass</STATUS>
<TIME>1.59244108200073</TIME>
</MPITEST>
<MPITEST>
<NAME>writeordf90</NAME>
<NP>4</NP>
<WORKDIR>./f90/io</WORKDIR>
<STATUS>pass</STATUS>
<TIME>1.35634613037109</TIME>
</MPITEST>
<MPITEST>
<NAME>writeatallf90</NAME>
<NP>4</NP>
<WORKDIR>./f90/io</WORKDIR>
<STATUS>pass</STATUS>
<TIME>0.630323886871338</TIME>
</MPITEST>
<MPITEST>
<NAME>writeatallbef90</NAME>
<NP>4</NP>
<WORKDIR>./f90/io</WORKDIR>
<STATUS>pass</STATUS>
<TIME>0.613839864730835</TIME>
</MPITEST>
<MPITEST>
<NAME>writeallbef90</NAME>
<NP>4</NP>
<WORKDIR>./f90/io</WORKDIR>
<STATUS>pass</STATUS>
<TIME>0.818490028381348</TIME>
</MPITEST>
<MPITEST>
<NAME>writeordbef90</NAME>
<NP>4</NP>
<WORKDIR>./f90/io</WORKDIR>
<STATUS>pass</STATUS>
<TIME>1.43212199211121</TIME>
</MPITEST>
<MPITEST>
<NAME>fileerrf90</NAME>
<NP>1</NP>
<WORKDIR>./f90/io</WORKDIR>
<STATUS>pass</STATUS>
<TIME>0.198127031326294</TIME>
</MPITEST>
<MPITEST>
<NAME>fileinfof90</NAME>
<NP>3</NP>
<WORKDIR>./f90/io</WORKDIR>
<STATUS>pass</STATUS>
<TIME>0.250666856765747</TIME>
</MPITEST>
<MPITEST>
<NAME>shpositionf90</NAME>
<NP>4</NP>
<WORKDIR>./f90/io</WORKDIR>
<STATUS>pass</STATUS>
<TIME>0.234647989273071</TIME>
</MPITEST>
<MPITEST>
<NAME>atomicityf90</NAME>
<NP>8</NP>
<WORKDIR>./f90/io</WORKDIR>
<STATUS>pass</STATUS>
<TIME>0.368244171142578</TIME>
</MPITEST>
<MPITEST>
<NAME>miscfilef90</NAME>
<NP>4</NP>
<WORKDIR>./f90/io</WORKDIR>
<STATUS>pass</STATUS>
<TIME>0.330057144165039</TIME>
</MPITEST>
<MPITEST>
<NAME>setviewcurf90</NAME>
<NP>4</NP>
<WORKDIR>./f90/io</WORKDIR>
<STATUS>pass</STATUS>
<TIME>0.235981941223145</TIME>
</MPITEST>
<MPITEST>
<NAME>c2f2ciof90</NAME>
<NP>1</NP>
<WORKDIR>./f90/io</WORKDIR>
<STATUS>pass</STATUS>
<TIME>0.203522205352783</TIME>
</MPITEST>
<MPITEST>
<NAME>c2f90multio</NAME>
<NP>1</NP>
<WORKDIR>./f90/io</WORKDIR>
<STATUS>pass</STATUS>
<TIME>0.202662944793701</TIME>
</MPITEST>
<MPITEST>
<NAME>i_setviewcurf90</NAME>
<NP>4</NP>
<WORKDIR>./f90/io</WORKDIR>
<STATUS>pass</STATUS>
<TIME>0.249654054641724</TIME>
</MPITEST>
<MPITEST>
<NAME>iwriteatallf90</NAME>
<NP>4</NP>
<WORKDIR>./f90/io</WORKDIR>
<STATUS>pass</STATUS>
<TIME>0.660653114318848</TIME>
</MPITEST>
<MPITEST>
<NAME>sizeof2</NAME>
<NP>1</NP>
<WORKDIR>./f90/misc</WORKDIR>
<STATUS>pass</STATUS>
<TIME>0.21434497833252</TIME>
</MPITEST>
<MPITEST>
<NAME>statusesf90</NAME>
<NP>1</NP>
<WORKDIR>./f90/pt2pt</WORKDIR>
<STATUS>pass</STATUS>
<TIME>0.204823017120361</TIME>
</MPITEST>
<MPITEST>
<NAME>greqf90</NAME>
<NP>1</NP>
<WORKDIR>./f90/pt2pt</WORKDIR>
<STATUS>pass</STATUS>
<TIME>0.202739953994751</TIME>
</MPITEST>
<MPITEST>
<NAME>sendf90</NAME>
<NP>2</NP>
<WORKDIR>./f90/pt2pt</WORKDIR>
<STATUS>pass</STATUS>
<TIME>0.215652942657471</TIME>
</MPITEST>
<MPITEST>
<NAME>rsendf90</NAME>
<NP>2</NP>
<WORKDIR>./f90/pt2pt</WORKDIR>
<STATUS>pass</STATUS>
<TIME>0.221126079559326</TIME>
</MPITEST>
<MPITEST>
<NAME>ssendf90</NAME>
<NP>2</NP>
<WORKDIR>./f90/pt2pt</WORKDIR>
<STATUS>pass</STATUS>
<TIME>0.218477964401245</TIME>
</MPITEST>
<MPITEST>
<NAME>isendf90</NAME>
<NP>2</NP>
<WORKDIR>./f90/pt2pt</WORKDIR>
<STATUS>pass</STATUS>
<TIME>0.211230993270874</TIME>
</MPITEST>
<MPITEST>
<NAME>irsendf90</NAME>
<NP>2</NP>
<WORKDIR>./f90/pt2pt</WORKDIR>
<STATUS>pass</STATUS>
<TIME>0.213874816894531</TIME>
</MPITEST>
<MPITEST>
<NAME>issendf90</NAME>
<NP>2</NP>
<WORKDIR>./f90/pt2pt</WORKDIR>
<STATUS>pass</STATUS>
<TIME>0.213220119476318</TIME>
</MPITEST>
<MPITEST>
<NAME>psendf90</NAME>
<NP>2</NP>
<WORKDIR>./f90/pt2pt</WORKDIR>
<STATUS>pass</STATUS>
<TIME>0.213783979415894</TIME>
</MPITEST>
<MPITEST>
<NAME>prsendf90</NAME>
<NP>2</NP>
<WORKDIR>./f90/pt2pt</WORKDIR>
<STATUS>pass</STATUS>
<TIME>0.218941926956177</TIME>
</MPITEST>
<MPITEST>
<NAME>pssendf90</NAME>
<NP>2</NP>
<WORKDIR>./f90/pt2pt</WORKDIR>
<STATUS>pass</STATUS>
<TIME>0.222962141036987</TIME>
</MPITEST>
<MPITEST>
<NAME>sendrecvf90</NAME>
<NP>2</NP>
<WORKDIR>./f90/pt2pt</WORKDIR>
<STATUS>pass</STATUS>
<TIME>0.22933292388916</TIME>
</MPITEST>
<MPITEST>
<NAME>sendrecvreplf90</NAME>
<NP>2</NP>
<WORKDIR>./f90/pt2pt</WORKDIR>
<STATUS>pass</STATUS>
<TIME>0.225980043411255</TIME>
</MPITEST>
<MPITEST>
<NAME>mprobef90</NAME>
<NP>2</NP>
<WORKDIR>./f90/pt2pt</WORKDIR>
<STATUS>pass</STATUS>
<TIME>0.221678972244263</TIME>
</MPITEST>
<MPITEST>
<NAME>typenamef90</NAME>
<NP>1</NP>
<WORKDIR>./f90/datatype</WORKDIR>
<STATUS>pass</STATUS>
<TIME>0.196831941604614</TIME>
</MPITEST>
<MPITEST>
<NAME>typename3f90</NAME>
<NP>1</NP>
<WORKDIR>./f90/datatype</WORKDIR>
<STATUS>pass</STATUS>
<TIME>0.208038091659546</TIME>
</MPITEST>
<MPITEST>
<NAME>typesnamef90</NAME>
<NP>1</NP>
<WORKDIR>./f90/datatype</WORKDIR>
<STATUS>pass</STATUS>
<TIME>0.206394910812378</TIME>
</MPITEST>
<MPITEST>
<NAME>typecntsf90</NAME>
<NP>1</NP>
<WORKDIR>./f90/datatype</WORKDIR>
<STATUS>pass</STATUS>
<TIME>0.205319881439209</TIME>
</MPITEST>
<MPITEST>
<NAME>typem2f90</NAME>
<NP>1</NP>
<WORKDIR>./f90/datatype</WORKDIR>
<STATUS>pass</STATUS>
<TIME>0.205446004867554</TIME>
</MPITEST>
<MPITEST>
<NAME>typesubf90</NAME>
<NP>1</NP>
<WORKDIR>./f90/datatype</WORKDIR>
<STATUS>pass</STATUS>
<TIME>0.205562114715576</TIME>
</MPITEST>
<MPITEST>
<NAME>packef90</NAME>
<NP>1</NP>
<WORKDIR>./f90/datatype</WORKDIR>
<STATUS>pass</STATUS>
<TIME>0.201343059539795</TIME>
</MPITEST>
<MPITEST>
<NAME>gaddressf90</NAME>
<NP>1</NP>
<WORKDIR>./f90/datatype</WORKDIR>
<STATUS>pass</STATUS>
<TIME>0.209749937057495</TIME>
</MPITEST>
<MPITEST>
<NAME>allctypesf90</NAME>
<NP>1</NP>
<WORKDIR>./f90/datatype</WORKDIR>
<STATUS>pass</STATUS>
<TIME>0.204965114593506</TIME>
</MPITEST>
<MPITEST>
<NAME>hindex1f90</NAME>
<NP>1</NP>
<WORKDIR>./f90/datatype</WORKDIR>
<STATUS>pass</STATUS>
<TIME>0.211838006973267</TIME>
</MPITEST>
<MPITEST>
<NAME>hindexed_blockf90</NAME>
<NP>1</NP>
<WORKDIR>./f90/datatype</WORKDIR>
<STATUS>pass</STATUS>
<TIME>0.204149961471558</TIME>
</MPITEST>
<MPITEST>
<NAME>bottom</NAME>
<NP>2</NP>
<WORKDIR>./f90/datatype</WORKDIR>
<STATUS>pass</STATUS>
<TIME>0.204328060150146</TIME>
</MPITEST>
<MPITEST>
<NAME>structf</NAME>
<NP>2</NP>
<WORKDIR>./f90/datatype</WORKDIR>
<STATUS>pass</STATUS>
<TIME>0.210488080978394</TIME>
</MPITEST>
<MPITEST>
<NAME>indtype</NAME>
<NP>2</NP>
<WORKDIR>./f90/datatype</WORKDIR>
<STATUS>pass</STATUS>
<TIME>0.220767021179199</TIME>
</MPITEST>
<MPITEST>
<NAME>createf90</NAME>
<NP>1</NP>
<WORKDIR>./f90/datatype</WORKDIR>
<STATUS>pass</STATUS>
<TIME>0.216431140899658</TIME>
</MPITEST>
<MPITEST>
<NAME>sizeof</NAME>
<NP>1</NP>
<WORKDIR>./f90/datatype</WORKDIR>
<STATUS>pass</STATUS>
<TIME>0.208460092544556</TIME>
</MPITEST>
<MPITEST>
<NAME>kinds</NAME>
<NP>2</NP>
<WORKDIR>./f90/datatype</WORKDIR>
<STATUS>pass</STATUS>
<TIME>0.215533018112183</TIME>
</MPITEST>
<MPITEST>
<NAME>trf90</NAME>
<NP>1</NP>
<WORKDIR>./f90/datatype</WORKDIR>
<STATUS>pass</STATUS>
<TIME>0.2064528465271</TIME>
</MPITEST>
<MPITEST>
<NAME>get_elem_d</NAME>
<NP>2</NP>
<WORKDIR>./f90/datatype</WORKDIR>
<STATUS>pass</STATUS>
<TIME>0.211336851119995</TIME>
</MPITEST>
<MPITEST>
<NAME>get_elem_u</NAME>
<NP>2</NP>
<WORKDIR>./f90/datatype</WORKDIR>
<STATUS>pass</STATUS>
<TIME>0.211786985397339</TIME>
</MPITEST>
<MPITEST>
<NAME>createf90types</NAME>
<NP>1</NP>
<WORKDIR>./f90/f90types</WORKDIR>
<STATUS>pass</STATUS>
<TIME>0.204469203948975</TIME>
</MPITEST>
<MPITEST>
<NAME>createf90types</NAME>
<NP>1</NP>
<WORKDIR>./f90/f90types</WORKDIR>
<STATUS>pass</STATUS>
<TIME>0.283565998077393</TIME>
</MPITEST>
<MPITEST>
<NAME>winscale1f90</NAME>
<NP>4</NP>
<WORKDIR>./f90/rma</WORKDIR>
<STATUS>pass</STATUS>
<TIME>0.240362882614136</TIME>
</MPITEST>
<MPITEST>
<NAME>winfencef90</NAME>
<NP>4</NP>
<WORKDIR>./f90/rma</WORKDIR>
<STATUS>pass</STATUS>
<TIME>0.256654024124146</TIME>
</MPITEST>
<MPITEST>
<NAME>wingetf90</NAME>
<NP>5</NP>
<WORKDIR>./f90/rma</WORKDIR>
<STATUS>pass</STATUS>
<TIME>0.285784006118774</TIME>
</MPITEST>
<MPITEST>
<NAME>winscale2f90</NAME>
<NP>4</NP>
<WORKDIR>./f90/rma</WORKDIR>
<STATUS>pass</STATUS>
<TIME>0.246679067611694</TIME>
</MPITEST>
<MPITEST>
<NAME>winerrf90</NAME>
<NP>1</NP>
<WORKDIR>./f90/rma</WORKDIR>
<STATUS>pass</STATUS>
<TIME>0.208961963653564</TIME>
</MPITEST>
<MPITEST>
<NAME>winnamef90</NAME>
<NP>1</NP>
<WORKDIR>./f90/rma</WORKDIR>
<STATUS>pass</STATUS>
<TIME>0.209635019302368</TIME>
</MPITEST>
<MPITEST>
<NAME>wingroupf90</NAME>
<NP>4</NP>
<WORKDIR>./f90/rma</WORKDIR>
<STATUS>pass</STATUS>
<TIME>0.248696088790894</TIME>
</MPITEST>
<MPITEST>
<NAME>winaccf90</NAME>
<NP>4</NP>
<WORKDIR>./f90/rma</WORKDIR>
<STATUS>pass</STATUS>
<TIME>0.244669914245605</TIME>
</MPITEST>
<MPITEST>
<NAME>c2f2cwinf90</NAME>
<NP>1</NP>
<WORKDIR>./f90/rma</WORKDIR>
<STATUS>pass</STATUS>
<TIME>0.213332176208496</TIME>
</MPITEST>
<MPITEST>
<NAME>baseattrwinf90</NAME>
<NP>1</NP>
<WORKDIR>./f90/rma</WORKDIR>
<STATUS>pass</STATUS>
<TIME>0.206984043121338</TIME>
</MPITEST>
<MPITEST>
<NAME>winattrf90</NAME>
<NP>1</NP>
<WORKDIR>./f90/rma</WORKDIR>
<STATUS>pass</STATUS>
<TIME>0.210884809494019</TIME>
</MPITEST>
<MPITEST>
<NAME>winattr2f90</NAME>
<NP>1</NP>
<WORKDIR>./f90/rma</WORKDIR>
<STATUS>pass</STATUS>
<TIME>0.196784973144531</TIME>
</MPITEST>
<MPITEST>
<NAME>aintf90</NAME>
<NP>2</NP>
<WORKDIR>./f90/rma</WORKDIR>
<STATUS>pass</STATUS>
<TIME>0.216405868530273</TIME>
</MPITEST>
<MPITEST>
<NAME>namepubf90</NAME>
<NP>2</NP>
<WORKDIR>./f90/spawn</WORKDIR>
<STATUS>pass</STATUS>
<TIME>0.22544002532959</TIME>
</MPITEST>
<MPITEST>
<NAME>spawnf90</NAME>
<NP>1</NP>
<WORKDIR>./f90/spawn</WORKDIR>
<STATUS>pass</STATUS>
<TIME>0.413325786590576</TIME>
</MPITEST>
<MPITEST>
<NAME>spawnargvf90</NAME>
<NP>1</NP>
<WORKDIR>./f90/spawn</WORKDIR>
<STATUS>pass</STATUS>
<TIME>0.396685123443604</TIME>
</MPITEST>
<MPITEST>
<NAME>connaccf90</NAME>
<NP>2</NP>
<WORKDIR>./f90/spawn</WORKDIR>
<STATUS>pass</STATUS>
<TIME>0.224370956420898</TIME>
</MPITEST>
<MPITEST>
<NAME>spawnmultf90</NAME>
<NP>1</NP>
<WORKDIR>./f90/spawn</WORKDIR>
<STATUS>pass</STATUS>
<TIME>0.427963972091675</TIME>
</MPITEST>
<MPITEST>
<NAME>spawnmult2f90</NAME>
<NP>2</NP>
<WORKDIR>./f90/spawn</WORKDIR>
<STATUS>pass</STATUS>
<TIME>0.392980098724365</TIME>
</MPITEST>
<MPITEST>
<NAME>spawnargvf03</NAME>
<NP>1</NP>
<WORKDIR>./f90/spawn</WORKDIR>
<STATUS>pass</STATUS>
<TIME>0.405870914459229</TIME>
</MPITEST>
<MPITEST>
<NAME>spawnmultf03</NAME>
<NP>1</NP>
<WORKDIR>./f90/spawn</WORKDIR>
<STATUS>pass</STATUS>
<TIME>0.409491062164307</TIME>
</MPITEST>
<MPITEST>
<NAME>wtimef90</NAME>
<NP>1</NP>
<WORKDIR>./f90/timer</WORKDIR>
<STATUS>pass</STATUS>
<TIME>0.200670003890991</TIME>
</MPITEST>
<MPITEST>
<NAME>cartcrf90</NAME>
<NP>4</NP>
<WORKDIR>./f90/topo</WORKDIR>
<STATUS>pass</STATUS>
<TIME>0.275253057479858</TIME>
</MPITEST>
<MPITEST>
<NAME>dgraph_wgtf90</NAME>
<NP>4</NP>
<WORKDIR>./f90/topo</WORKDIR>
<STATUS>pass</STATUS>
<TIME>0.248095989227295</TIME>
</MPITEST>
<MPITEST>
<NAME>dgraph_unwgtf90</NAME>
<NP>4</NP>
<WORKDIR>./f90/topo</WORKDIR>
<STATUS>pass</STATUS>
<TIME>0.265428066253662</TIME>
</MPITEST>
<MPITEST>
<NAME>profile1f90</NAME>
<NP>2</NP>
<WORKDIR>./f90/profile</WORKDIR>
<STATUS>pass</STATUS>
<TIME>0.210489988327026</TIME>
</MPITEST>
<MPITEST>
<NAME>keyvalmis</NAME>
<NP>1</NP>
<WORKDIR>./errors/attr</WORKDIR>
<STATUS>pass</STATUS>
<TIME>0.212826013565063</TIME>
</MPITEST>
<MPITEST>
<NAME>noalias</NAME>
<NP>2</NP>
<WORKDIR>./errors/coll</WORKDIR>
<STATUS>pass</STATUS>
<TIME>0.221120119094849</TIME>
</MPITEST>
<MPITEST>
<NAME>nb_noalias</NAME>
<NP>2</NP>
<WORKDIR>./errors/coll</WORKDIR>
<STATUS>pass</STATUS>
<TIME>0.216388940811157</TIME>
</MPITEST>
<MPITEST>
<NAME>noalias2</NAME>
<NP>4</NP>
<WORKDIR>./errors/coll</WORKDIR>
<STATUS>pass</STATUS>
<TIME>0.245619058609009</TIME>
</MPITEST>
<MPITEST>
<NAME>noalias3</NAME>
<NP>4</NP>
<WORKDIR>./errors/coll</WORKDIR>
<STATUS>pass</STATUS>
<TIME>0.26993989944458</TIME>
</MPITEST>
<MPITEST>
<NAME>rerr</NAME>
<NP>2</NP>
<WORKDIR>./errors/coll</WORKDIR>
<STATUS>pass</STATUS>
<TIME>0.216762065887451</TIME>
</MPITEST>
<MPITEST>
<NAME>nb_rerr</NAME>
<NP>2</NP>
<WORKDIR>./errors/coll</WORKDIR>
<STATUS>pass</STATUS>
<TIME>0.219379186630249</TIME>
</MPITEST>
<MPITEST>
<NAME>reduce_local</NAME>
<NP>1</NP>
<WORKDIR>./errors/coll</WORKDIR>
<STATUS>pass</STATUS>
<TIME>0.196888208389282</TIME>
</MPITEST>
<MPITEST>
<NAME>cfree</NAME>
<NP>4</NP>
<WORKDIR>./errors/comm</WORKDIR>
<STATUS>pass</STATUS>
<TIME>0.235507011413574</TIME>
</MPITEST>
<MPITEST>
<NAME>ccreate1</NAME>
<NP>8</NP>
<WORKDIR>./errors/comm</WORKDIR>
<STATUS>pass</STATUS>
<TIME>0.347875118255615</TIME>
</MPITEST>
<MPITEST>
<NAME>userdup</NAME>
<NP>4</NP>
<WORKDIR>./errors/comm</WORKDIR>
<STATUS>pass</STATUS>
<TIME>0.238373994827271</TIME>
</MPITEST>
<MPITEST>
<NAME>manysplit</NAME>
<NP>4</NP>
<WORKDIR>./errors/comm</WORKDIR>
<STATUS>pass</STATUS>
<TIME>0.270786046981812</TIME>
</MPITEST>
<MPITEST>
<NAME>too_many_comms</NAME>
<NP>4</NP>
<WORKDIR>./errors/comm</WORKDIR>
<STATUS>pass</STATUS>
<TIME>0.441262006759644</TIME>
</MPITEST>
<MPITEST>
<NAME>too_many_icomms</NAME>
<NP>4</NP>
<WORKDIR>./errors/comm</WORKDIR>
<STATUS>pass</STATUS>
<TIME>0.544306039810181</TIME>
</MPITEST>
<MPITEST>
<NAME>too_many_comms2</NAME>
<NP>4</NP>
<WORKDIR>./errors/comm</WORKDIR>
<STATUS>pass</STATUS>
<TIME>0.584910869598389</TIME>
</MPITEST>
<MPITEST>
<NAME>too_many_comms3</NAME>
<NP>4</NP>
<WORKDIR>./errors/comm</WORKDIR>
<STATUS>pass</STATUS>
<TIME>1.23365902900696</TIME>
</MPITEST>
<MPITEST>
<NAME>too_many_icomms2</NAME>
<NP>4</NP>
<WORKDIR>./errors/comm</WORKDIR>
<STATUS>pass</STATUS>
<TIME>0.644470930099487</TIME>
</MPITEST>
<MPITEST>
<NAME>comm_create_nullarg</NAME>
<NP>1</NP>
<WORKDIR>./errors/comm</WORKDIR>
<STATUS>pass</STATUS>
<TIME>0.20411205291748</TIME>
</MPITEST>
<MPITEST>
<NAME>comm_create_group_nullarg</NAME>
<NP>1</NP>
<WORKDIR>./errors/comm</WORKDIR>
<STATUS>pass</STATUS>
<TIME>0.199605941772461</TIME>
</MPITEST>
<MPITEST>
<NAME>comm_get_info_nullarg</NAME>
<NP>1</NP>
<WORKDIR>./errors/comm</WORKDIR>
<STATUS>pass</STATUS>
<TIME>0.20570182800293</TIME>
</MPITEST>
<MPITEST>
<NAME>comm_group_nullarg</NAME>
<NP>1</NP>
<WORKDIR>./errors/comm</WORKDIR>
<STATUS>pass</STATUS>
<TIME>0.201164960861206</TIME>
</MPITEST>
<MPITEST>
<NAME>comm_size_nullarg</NAME>
<NP>1</NP>
<WORKDIR>./errors/comm</WORKDIR>
<STATUS>pass</STATUS>
<TIME>0.208025217056274</TIME>
</MPITEST>
<MPITEST>
<NAME>comm_split_nullarg</NAME>
<NP>1</NP>
<WORKDIR>./errors/comm</WORKDIR>
<STATUS>pass</STATUS>
<TIME>0.212886095046997</TIME>
</MPITEST>
<MPITEST>
<NAME>comm_split_type_nullarg</NAME>
<NP>1</NP>
<WORKDIR>./errors/comm</WORKDIR>
<STATUS>pass</STATUS>
<TIME>0.198044061660767</TIME>
</MPITEST>
<MPITEST>
<NAME>intercomm_create_nullarg</NAME>
<NP>1</NP>
<WORKDIR>./errors/comm</WORKDIR>
<STATUS>pass</STATUS>
<TIME>0.203034162521362</TIME>
</MPITEST>
<MPITEST>
<NAME>subcomm_abort</NAME>
<NP>4</NP>
<WORKDIR>./errors/comm</WORKDIR>
<STATUS>pass</STATUS>
<TIME>0</TIME>
</MPITEST>
<MPITEST>
<NAME>subcomm_abort2</NAME>
<NP>6</NP>
<WORKDIR>./errors/comm</WORKDIR>
<STATUS>pass</STATUS>
<TIME>0</TIME>
</MPITEST>
<MPITEST>
<NAME>intercomm_abort</NAME>
<NP>6</NP>
<WORKDIR>./errors/comm</WORKDIR>
<STATUS>pass</STATUS>
<TIME>0</TIME>
</MPITEST>
<MPITEST>
<NAME>type_contiguous_nullarg</NAME>
<NP>1</NP>
<WORKDIR>./errors/datatype</WORKDIR>
<STATUS>pass</STATUS>
<TIME>0.199214935302734</TIME>
</MPITEST>
<MPITEST>
<NAME>type_extent_nullarg</NAME>
<NP>1</NP>
<WORKDIR>./errors/datatype</WORKDIR>
<STATUS>pass</STATUS>
<TIME>0.206873893737793</TIME>
</MPITEST>
<MPITEST>
<NAME>type_get_extent_nullarg</NAME>
<NP>1</NP>
<WORKDIR>./errors/datatype</WORKDIR>
<STATUS>pass</STATUS>
<TIME>0.199788093566895</TIME>
</MPITEST>
<MPITEST>
<NAME>type_get_true_extent_nullarg</NAME>
<NP>1</NP>
<WORKDIR>./errors/datatype</WORKDIR>
<STATUS>pass</STATUS>
<TIME>0.211565971374512</TIME>
</MPITEST>
<MPITEST>
<NAME>type_get_true_extent_x_nullarg</NAME>
<NP>1</NP>
<WORKDIR>./errors/datatype</WORKDIR>
<STATUS>pass</STATUS>
<TIME>0.207864999771118</TIME>
</MPITEST>
<MPITEST>
<NAME>type_lb_nullarg</NAME>
<NP>1</NP>
<WORKDIR>./errors/datatype</WORKDIR>
<STATUS>pass</STATUS>
<TIME>0.207226991653442</TIME>
</MPITEST>
<MPITEST>
<NAME>type_ub_nullarg</NAME>
<NP>1</NP>
<WORKDIR>./errors/datatype</WORKDIR>
<STATUS>pass</STATUS>
<TIME>0.208131074905396</TIME>
</MPITEST>
<MPITEST>
<NAME>type_size_x_nullarg</NAME>
<NP>1</NP>
<WORKDIR>./errors/datatype</WORKDIR>
<STATUS>pass</STATUS>
<TIME>0.207771062850952</TIME>
</MPITEST>
<MPITEST>
<NAME>type_vector_nullarg</NAME>
<NP>1</NP>
<WORKDIR>./errors/datatype</WORKDIR>
<STATUS>pass</STATUS>
<TIME>0.205089092254639</TIME>
</MPITEST>
<MPITEST>
<NAME>gerr</NAME>
<NP>1</NP>
<WORKDIR>./errors/group</WORKDIR>
<STATUS>pass</STATUS>
<TIME>0.207842826843262</TIME>
</MPITEST>
<MPITEST>
<NAME>group_difference_nullarg</NAME>
<NP>1</NP>
<WORKDIR>./errors/group</WORKDIR>
<STATUS>pass</STATUS>
<TIME>0.20973014831543</TIME>
</MPITEST>
<MPITEST>
<NAME>group_intersection_nullarg</NAME>
<NP>1</NP>
<WORKDIR>./errors/group</WORKDIR>
<STATUS>pass</STATUS>
<TIME>0.205434799194336</TIME>
</MPITEST>
<MPITEST>
<NAME>group_range_excl_nullarg</NAME>
<NP>1</NP>
<WORKDIR>./errors/group</WORKDIR>
<STATUS>pass</STATUS>
<TIME>0.208600044250488</TIME>
</MPITEST>
<MPITEST>
<NAME>group_range_incl_nullarg</NAME>
<NP>1</NP>
<WORKDIR>./errors/group</WORKDIR>
<STATUS>pass</STATUS>
<TIME>0.210855007171631</TIME>
</MPITEST>
<MPITEST>
<NAME>group_rank_nullarg</NAME>
<NP>1</NP>
<WORKDIR>./errors/group</WORKDIR>
<STATUS>pass</STATUS>
<TIME>0.202575922012329</TIME>
</MPITEST>
<MPITEST>
<NAME>group_size_nullarg</NAME>
<NP>1</NP>
<WORKDIR>./errors/group</WORKDIR>
<STATUS>pass</STATUS>
<TIME>0.199842929840088</TIME>
</MPITEST>
<MPITEST>
<NAME>group_translate_ranks_nullarg</NAME>
<NP>1</NP>
<WORKDIR>./errors/group</WORKDIR>
<STATUS>pass</STATUS>
<TIME>0.202847003936768</TIME>
</MPITEST>
<MPITEST>
<NAME>group_union_nullarg</NAME>
<NP>1</NP>
<WORKDIR>./errors/group</WORKDIR>
<STATUS>pass</STATUS>
<TIME>0.207154035568237</TIME>
</MPITEST>
<MPITEST>
<NAME>proberank</NAME>
<NP>1</NP>
<WORKDIR>./errors/pt2pt</WORKDIR>
<STATUS>pass</STATUS>
<TIME>0.210520029067993</TIME>
</MPITEST>
<MPITEST>
<NAME>truncmsg1</NAME>
<NP>2</NP>
<WORKDIR>./errors/pt2pt</WORKDIR>
<STATUS>pass</STATUS>
<TIME>0.20755410194397</TIME>
</MPITEST>
<MPITEST>
<NAME>truncmsg2</NAME>
<NP>2</NP>
<WORKDIR>./errors/pt2pt</WORKDIR>
<STATUS>pass</STATUS>
<TIME>0.227036952972412</TIME>
</MPITEST>
<MPITEST>
<NAME>errinstatts</NAME>
<NP>2</NP>
<WORKDIR>./errors/pt2pt</WORKDIR>
<STATUS>pass</STATUS>
<TIME>0.216609954833984</TIME>
</MPITEST>
<MPITEST>
<NAME>errinstatta</NAME>
<NP>2</NP>
<WORKDIR>./errors/pt2pt</WORKDIR>
<STATUS>pass</STATUS>
<TIME>0.221863985061646</TIME>
</MPITEST>
<MPITEST>
<NAME>errinstatws</NAME>
<NP>2</NP>
<WORKDIR>./errors/pt2pt</WORKDIR>
<STATUS>pass</STATUS>
<TIME>0.215184926986694</TIME>
</MPITEST>
<MPITEST>
<NAME>errinstatwa</NAME>
<NP>2</NP>
<WORKDIR>./errors/pt2pt</WORKDIR>
<STATUS>pass</STATUS>
<TIME>0.223655939102173</TIME>
</MPITEST>
<MPITEST>
<NAME>cartsmall</NAME>
<NP>4</NP>
<WORKDIR>./errors/topo</WORKDIR>
<STATUS>pass</STATUS>
<TIME>0.251558065414429</TIME>
</MPITEST>
<MPITEST>
<NAME>winerr</NAME>
<NP>2</NP>
<WORKDIR>./errors/rma</WORKDIR>
<STATUS>pass</STATUS>
<TIME>0.216119050979614</TIME>
</MPITEST>
<MPITEST>
<NAME>winerr2</NAME>
<NP>2</NP>
<WORKDIR>./errors/rma</WORKDIR>
<STATUS>pass</STATUS>
<TIME>0.213190078735352</TIME>
</MPITEST>
<MPITEST>
<NAME>cas_type_check</NAME>
<NP>2</NP>
<WORKDIR>./errors/rma</WORKDIR>
<STATUS>pass</STATUS>
<TIME>1.67330408096313</TIME>
</MPITEST>
<MPITEST>
<NAME>win_sync_unlock</NAME>
<NP>2</NP>
<WORKDIR>./errors/rma</WORKDIR>
<STATUS>pass</STATUS>
<TIME>0.217523813247681</TIME>
</MPITEST>
<MPITEST>
<NAME>win_sync_free_pt</NAME>
<NP>2</NP>
<WORKDIR>./errors/rma</WORKDIR>
<STATUS>pass</STATUS>
<TIME>0.204267978668213</TIME>
</MPITEST>
<MPITEST>
<NAME>win_sync_free_at</NAME>
<NP>2</NP>
<WORKDIR>./errors/rma</WORKDIR>
<STATUS>pass</STATUS>
<TIME>0.216842889785767</TIME>
</MPITEST>
<MPITEST>
<NAME>win_sync_complete</NAME>
<NP>2</NP>
<WORKDIR>./errors/rma</WORKDIR>
<STATUS>pass</STATUS>
<TIME>0.216759204864502</TIME>
</MPITEST>
<MPITEST>
<NAME>win_sync_lock_at</NAME>
<NP>2</NP>
<WORKDIR>./errors/rma</WORKDIR>
<STATUS>pass</STATUS>
<TIME>0.216263055801392</TIME>
</MPITEST>
<MPITEST>
<NAME>win_sync_lock_pt</NAME>
<NP>2</NP>
<WORKDIR>./errors/rma</WORKDIR>
<STATUS>pass</STATUS>
<TIME>0.222861051559448</TIME>
</MPITEST>
<MPITEST>
<NAME>win_sync_lock_fence</NAME>
<NP>2</NP>
<WORKDIR>./errors/rma</WORKDIR>
<STATUS>pass</STATUS>
<TIME>0.217540979385376</TIME>
</MPITEST>
<MPITEST>
<NAME>win_sync_nested</NAME>
<NP>2</NP>
<WORKDIR>./errors/rma</WORKDIR>
<STATUS>pass</STATUS>
<TIME>0.212726831436157</TIME>
</MPITEST>
<MPITEST>
<NAME>win_sync_op</NAME>
<NP>2</NP>
<WORKDIR>./errors/rma</WORKDIR>
<STATUS>pass</STATUS>
<TIME>0.21585488319397</TIME>
</MPITEST>
<MPITEST>
<NAME>badport</NAME>
<NP>2</NP>
<WORKDIR>./errors/spawn</WORKDIR>
<STATUS>pass</STATUS>
<TIME>0.215516805648804</TIME>
</MPITEST>
<MPITEST>
<NAME>unpub</NAME>
<NP>1</NP>
<WORKDIR>./errors/spawn</WORKDIR>
<STATUS>pass</STATUS>
<TIME>0.209325075149536</TIME>
</MPITEST>
<MPITEST>
<NAME>lookup_name</NAME>
<NP>1</NP>
<WORKDIR>./errors/spawn</WORKDIR>
<STATUS>pass</STATUS>
<TIME>0.220124006271362</TIME>
</MPITEST>
<MPITEST>
<NAME>fileerrret</NAME>
<NP>1</NP>
<WORKDIR>./errors/io</WORKDIR>
<STATUS>pass</STATUS>
<TIME>0.201844930648804</TIME>
</MPITEST>
<MPITEST>
<NAME>openerr</NAME>
<NP>1</NP>
<WORKDIR>./errors/io</WORKDIR>
<STATUS>pass</STATUS>
<TIME>0.205313920974731</TIME>
</MPITEST>
<MPITEST>
<NAME>file_errhdl</NAME>
<NP>1</NP>
<WORKDIR>./errors/io</WORKDIR>
<STATUS>pass</STATUS>
<TIME>0.201970815658569</TIME>
</MPITEST>
<MPITEST>
<NAME>uerrhandf</NAME>
<NP>1</NP>
<WORKDIR>./errors/f77/io</WORKDIR>
<STATUS>pass</STATUS>
<TIME>0.210967063903809</TIME>
</MPITEST>
<MPITEST>
<NAME>errgetx</NAME>
<NP>1</NP>
<WORKDIR>./errors/cxx/errhan</WORKDIR>
<STATUS>pass</STATUS>
<TIME>0.203310012817383</TIME>
</MPITEST>
<MPITEST>
<NAME>errsetx</NAME>
<NP>1</NP>
<WORKDIR>./errors/cxx/errhan</WORKDIR>
<STATUS>pass</STATUS>
<TIME>0.207320213317871</TIME>
</MPITEST>
<MPITEST>
<NAME>throwtest</NAME>
<NP>1</NP>
<WORKDIR>./errors/cxx/errhan</WORKDIR>
<STATUS>pass</STATUS>
<TIME>0.202867031097412</TIME>
</MPITEST>
<MPITEST>
<NAME>commerrx</NAME>
<NP>2</NP>
<WORKDIR>./errors/cxx/errhan</WORKDIR>
<STATUS>pass</STATUS>
<TIME>0.222961902618408</TIME>
</MPITEST>
<MPITEST>
<NAME>fileerrretx</NAME>
<NP>1</NP>
<WORKDIR>./errors/cxx/io</WORKDIR>
<STATUS>pass</STATUS>
<TIME>0.206835031509399</TIME>
</MPITEST>
<MPITEST>
<NAME>errgetfilex</NAME>
<NP>1</NP>
<WORKDIR>./errors/cxx/io</WORKDIR>
<STATUS>pass</STATUS>
<TIME>0.206406831741333</TIME>
</MPITEST>
<MPITEST>
<NAME>throwtestfilex</NAME>
<NP>1</NP>
<WORKDIR>./errors/cxx/io</WORKDIR>
<STATUS>pass</STATUS>
<TIME>0.199295043945312</TIME>
</MPITEST>
<MPITEST>
<NAME>uerrhandf90</NAME>
<NP>1</NP>
<WORKDIR>./errors/f90/io</WORKDIR>
<STATUS>pass</STATUS>
<TIME>0.203535795211792</TIME>
</MPITEST>
